[2023-11-19T13:43:13.074+0000] {processor.py:157} INFO - Started process (PID=52) to work on /home/airflow/.local/lib/python3.8/site-packages/airflow/example_dags/example_datasets.py
[2023-11-19T13:43:13.075+0000] {processor.py:829} INFO - Processing file /home/airflow/.local/lib/python3.8/site-packages/airflow/example_dags/example_datasets.py for tasks to queue
[2023-11-19T13:43:13.078+0000] {logging_mixin.py:154} INFO - [2023-11-19T13:43:13.078+0000] {dagbag.py:536} INFO - Filling up the DagBag from /home/airflow/.local/lib/python3.8/site-packages/airflow/example_dags/example_datasets.py
[2023-11-19T13:43:13.093+0000] {processor.py:839} INFO - DAG(s) dict_keys(['dataset_consumes_unknown_never_scheduled', 'dataset_consumes_1_never_scheduled', 'dataset_produces_1', 'dataset_produces_2', 'dataset_consumes_1_and_2', 'dataset_consumes_1']) retrieved from /home/airflow/.local/lib/python3.8/site-packages/airflow/example_dags/example_datasets.py
[2023-11-19T13:43:13.137+0000] {logging_mixin.py:154} INFO - [2023-11-19T13:43:13.137+0000] {dag.py:2941} INFO - Sync 6 DAGs
[2023-11-19T13:43:13.184+0000] {logging_mixin.py:154} INFO - [2023-11-19T13:43:13.183+0000] {dag.py:3722} INFO - Setting next_dagrun for dataset_consumes_1 to None, run_after=None
[2023-11-19T13:43:13.187+0000] {logging_mixin.py:154} INFO - [2023-11-19T13:43:13.186+0000] {dag.py:3722} INFO - Setting next_dagrun for dataset_consumes_1_and_2 to None, run_after=None
[2023-11-19T13:43:13.188+0000] {logging_mixin.py:154} INFO - [2023-11-19T13:43:13.188+0000] {dag.py:3722} INFO - Setting next_dagrun for dataset_consumes_1_never_scheduled to None, run_after=None
[2023-11-19T13:43:13.188+0000] {logging_mixin.py:154} INFO - [2023-11-19T13:43:13.188+0000] {dag.py:3722} INFO - Setting next_dagrun for dataset_consumes_unknown_never_scheduled to None, run_after=None
[2023-11-19T13:43:13.191+0000] {logging_mixin.py:154} INFO - [2023-11-19T13:43:13.191+0000] {dag.py:3722} INFO - Setting next_dagrun for dataset_produces_1 to 2023-11-18T00:00:00+00:00, run_after=2023-11-19T00:00:00+00:00
[2023-11-19T13:43:13.192+0000] {logging_mixin.py:154} INFO - [2023-11-19T13:43:13.192+0000] {dag.py:3722} INFO - Setting next_dagrun for dataset_produces_2 to None, run_after=None
[2023-11-19T13:43:13.235+0000] {processor.py:179} INFO - Processing /home/airflow/.local/lib/python3.8/site-packages/airflow/example_dags/example_datasets.py took 0.164 seconds
[2023-11-19T13:43:43.830+0000] {processor.py:157} INFO - Started process (PID=105) to work on /home/airflow/.local/lib/python3.8/site-packages/airflow/example_dags/example_datasets.py
[2023-11-19T13:43:43.832+0000] {processor.py:829} INFO - Processing file /home/airflow/.local/lib/python3.8/site-packages/airflow/example_dags/example_datasets.py for tasks to queue
[2023-11-19T13:43:43.835+0000] {logging_mixin.py:154} INFO - [2023-11-19T13:43:43.835+0000] {dagbag.py:536} INFO - Filling up the DagBag from /home/airflow/.local/lib/python3.8/site-packages/airflow/example_dags/example_datasets.py
[2023-11-19T13:43:43.849+0000] {processor.py:839} INFO - DAG(s) dict_keys(['dataset_consumes_unknown_never_scheduled', 'dataset_produces_1', 'dataset_consumes_1', 'dataset_consumes_1_and_2', 'dataset_produces_2', 'dataset_consumes_1_never_scheduled']) retrieved from /home/airflow/.local/lib/python3.8/site-packages/airflow/example_dags/example_datasets.py
[2023-11-19T13:43:43.899+0000] {logging_mixin.py:154} INFO - [2023-11-19T13:43:43.899+0000] {dag.py:2941} INFO - Sync 6 DAGs
[2023-11-19T13:43:43.922+0000] {logging_mixin.py:154} INFO - [2023-11-19T13:43:43.922+0000] {dag.py:3722} INFO - Setting next_dagrun for dataset_consumes_1 to None, run_after=None
[2023-11-19T13:43:43.925+0000] {logging_mixin.py:154} INFO - [2023-11-19T13:43:43.925+0000] {dag.py:3722} INFO - Setting next_dagrun for dataset_consumes_1_and_2 to None, run_after=None
[2023-11-19T13:43:43.926+0000] {logging_mixin.py:154} INFO - [2023-11-19T13:43:43.926+0000] {dag.py:3722} INFO - Setting next_dagrun for dataset_consumes_1_never_scheduled to None, run_after=None
[2023-11-19T13:43:43.927+0000] {logging_mixin.py:154} INFO - [2023-11-19T13:43:43.927+0000] {dag.py:3722} INFO - Setting next_dagrun for dataset_consumes_unknown_never_scheduled to None, run_after=None
[2023-11-19T13:43:43.929+0000] {logging_mixin.py:154} INFO - [2023-11-19T13:43:43.929+0000] {dag.py:3722} INFO - Setting next_dagrun for dataset_produces_1 to 2023-11-18T00:00:00+00:00, run_after=2023-11-19T00:00:00+00:00
[2023-11-19T13:43:43.930+0000] {logging_mixin.py:154} INFO - [2023-11-19T13:43:43.930+0000] {dag.py:3722} INFO - Setting next_dagrun for dataset_produces_2 to None, run_after=None
[2023-11-19T13:43:43.960+0000] {processor.py:179} INFO - Processing /home/airflow/.local/lib/python3.8/site-packages/airflow/example_dags/example_datasets.py took 0.135 seconds
[2023-11-19T13:44:14.676+0000] {processor.py:157} INFO - Started process (PID=159) to work on /home/airflow/.local/lib/python3.8/site-packages/airflow/example_dags/example_datasets.py
[2023-11-19T13:44:14.678+0000] {processor.py:829} INFO - Processing file /home/airflow/.local/lib/python3.8/site-packages/airflow/example_dags/example_datasets.py for tasks to queue
[2023-11-19T13:44:14.681+0000] {logging_mixin.py:154} INFO - [2023-11-19T13:44:14.680+0000] {dagbag.py:536} INFO - Filling up the DagBag from /home/airflow/.local/lib/python3.8/site-packages/airflow/example_dags/example_datasets.py
[2023-11-19T13:44:14.694+0000] {processor.py:839} INFO - DAG(s) dict_keys(['dataset_produces_1', 'dataset_consumes_1_never_scheduled', 'dataset_produces_2', 'dataset_consumes_1_and_2', 'dataset_consumes_1', 'dataset_consumes_unknown_never_scheduled']) retrieved from /home/airflow/.local/lib/python3.8/site-packages/airflow/example_dags/example_datasets.py
[2023-11-19T13:44:14.743+0000] {logging_mixin.py:154} INFO - [2023-11-19T13:44:14.743+0000] {dag.py:2941} INFO - Sync 6 DAGs
[2023-11-19T13:44:14.767+0000] {logging_mixin.py:154} INFO - [2023-11-19T13:44:14.767+0000] {dag.py:3722} INFO - Setting next_dagrun for dataset_consumes_1 to None, run_after=None
[2023-11-19T13:44:14.770+0000] {logging_mixin.py:154} INFO - [2023-11-19T13:44:14.770+0000] {dag.py:3722} INFO - Setting next_dagrun for dataset_consumes_1_and_2 to None, run_after=None
[2023-11-19T13:44:14.771+0000] {logging_mixin.py:154} INFO - [2023-11-19T13:44:14.771+0000] {dag.py:3722} INFO - Setting next_dagrun for dataset_consumes_1_never_scheduled to None, run_after=None
[2023-11-19T13:44:14.772+0000] {logging_mixin.py:154} INFO - [2023-11-19T13:44:14.772+0000] {dag.py:3722} INFO - Setting next_dagrun for dataset_consumes_unknown_never_scheduled to None, run_after=None
[2023-11-19T13:44:14.775+0000] {logging_mixin.py:154} INFO - [2023-11-19T13:44:14.775+0000] {dag.py:3722} INFO - Setting next_dagrun for dataset_produces_1 to 2023-11-18T00:00:00+00:00, run_after=2023-11-19T00:00:00+00:00
[2023-11-19T13:44:14.777+0000] {logging_mixin.py:154} INFO - [2023-11-19T13:44:14.776+0000] {dag.py:3722} INFO - Setting next_dagrun for dataset_produces_2 to None, run_after=None
[2023-11-19T13:44:14.820+0000] {processor.py:179} INFO - Processing /home/airflow/.local/lib/python3.8/site-packages/airflow/example_dags/example_datasets.py took 0.148 seconds
[2023-11-19T13:44:45.097+0000] {processor.py:157} INFO - Started process (PID=220) to work on /home/airflow/.local/lib/python3.8/site-packages/airflow/example_dags/example_datasets.py
[2023-11-19T13:44:45.099+0000] {processor.py:829} INFO - Processing file /home/airflow/.local/lib/python3.8/site-packages/airflow/example_dags/example_datasets.py for tasks to queue
[2023-11-19T13:44:45.103+0000] {logging_mixin.py:154} INFO - [2023-11-19T13:44:45.102+0000] {dagbag.py:536} INFO - Filling up the DagBag from /home/airflow/.local/lib/python3.8/site-packages/airflow/example_dags/example_datasets.py
[2023-11-19T13:44:45.120+0000] {processor.py:839} INFO - DAG(s) dict_keys(['dataset_consumes_1_never_scheduled', 'dataset_consumes_unknown_never_scheduled', 'dataset_produces_1', 'dataset_consumes_1_and_2', 'dataset_consumes_1', 'dataset_produces_2']) retrieved from /home/airflow/.local/lib/python3.8/site-packages/airflow/example_dags/example_datasets.py
[2023-11-19T13:44:45.168+0000] {logging_mixin.py:154} INFO - [2023-11-19T13:44:45.168+0000] {dag.py:2941} INFO - Sync 6 DAGs
[2023-11-19T13:44:45.193+0000] {logging_mixin.py:154} INFO - [2023-11-19T13:44:45.193+0000] {dag.py:3722} INFO - Setting next_dagrun for dataset_consumes_1 to None, run_after=None
[2023-11-19T13:44:45.196+0000] {logging_mixin.py:154} INFO - [2023-11-19T13:44:45.196+0000] {dag.py:3722} INFO - Setting next_dagrun for dataset_consumes_1_and_2 to None, run_after=None
[2023-11-19T13:44:45.197+0000] {logging_mixin.py:154} INFO - [2023-11-19T13:44:45.197+0000] {dag.py:3722} INFO - Setting next_dagrun for dataset_consumes_1_never_scheduled to None, run_after=None
[2023-11-19T13:44:45.198+0000] {logging_mixin.py:154} INFO - [2023-11-19T13:44:45.198+0000] {dag.py:3722} INFO - Setting next_dagrun for dataset_consumes_unknown_never_scheduled to None, run_after=None
[2023-11-19T13:44:45.201+0000] {logging_mixin.py:154} INFO - [2023-11-19T13:44:45.201+0000] {dag.py:3722} INFO - Setting next_dagrun for dataset_produces_1 to 2023-11-18T00:00:00+00:00, run_after=2023-11-19T00:00:00+00:00
[2023-11-19T13:44:45.202+0000] {logging_mixin.py:154} INFO - [2023-11-19T13:44:45.202+0000] {dag.py:3722} INFO - Setting next_dagrun for dataset_produces_2 to None, run_after=None
[2023-11-19T13:44:45.235+0000] {processor.py:179} INFO - Processing /home/airflow/.local/lib/python3.8/site-packages/airflow/example_dags/example_datasets.py took 0.144 seconds
[2023-11-19T13:45:15.450+0000] {processor.py:157} INFO - Started process (PID=274) to work on /home/airflow/.local/lib/python3.8/site-packages/airflow/example_dags/example_datasets.py
[2023-11-19T13:45:15.452+0000] {processor.py:829} INFO - Processing file /home/airflow/.local/lib/python3.8/site-packages/airflow/example_dags/example_datasets.py for tasks to queue
[2023-11-19T13:45:15.456+0000] {logging_mixin.py:154} INFO - [2023-11-19T13:45:15.455+0000] {dagbag.py:536} INFO - Filling up the DagBag from /home/airflow/.local/lib/python3.8/site-packages/airflow/example_dags/example_datasets.py
[2023-11-19T13:45:15.470+0000] {processor.py:839} INFO - DAG(s) dict_keys(['dataset_produces_1', 'dataset_consumes_1_never_scheduled', 'dataset_consumes_1', 'dataset_consumes_1_and_2', 'dataset_produces_2', 'dataset_consumes_unknown_never_scheduled']) retrieved from /home/airflow/.local/lib/python3.8/site-packages/airflow/example_dags/example_datasets.py
[2023-11-19T13:45:15.516+0000] {logging_mixin.py:154} INFO - [2023-11-19T13:45:15.516+0000] {dag.py:2941} INFO - Sync 6 DAGs
[2023-11-19T13:45:15.536+0000] {logging_mixin.py:154} INFO - [2023-11-19T13:45:15.536+0000] {dag.py:3722} INFO - Setting next_dagrun for dataset_consumes_1 to None, run_after=None
[2023-11-19T13:45:15.539+0000] {logging_mixin.py:154} INFO - [2023-11-19T13:45:15.538+0000] {dag.py:3722} INFO - Setting next_dagrun for dataset_consumes_1_and_2 to None, run_after=None
[2023-11-19T13:45:15.539+0000] {logging_mixin.py:154} INFO - [2023-11-19T13:45:15.539+0000] {dag.py:3722} INFO - Setting next_dagrun for dataset_consumes_1_never_scheduled to None, run_after=None
[2023-11-19T13:45:15.540+0000] {logging_mixin.py:154} INFO - [2023-11-19T13:45:15.540+0000] {dag.py:3722} INFO - Setting next_dagrun for dataset_consumes_unknown_never_scheduled to None, run_after=None
[2023-11-19T13:45:15.543+0000] {logging_mixin.py:154} INFO - [2023-11-19T13:45:15.543+0000] {dag.py:3722} INFO - Setting next_dagrun for dataset_produces_1 to 2023-11-18T00:00:00+00:00, run_after=2023-11-19T00:00:00+00:00
[2023-11-19T13:45:15.544+0000] {logging_mixin.py:154} INFO - [2023-11-19T13:45:15.543+0000] {dag.py:3722} INFO - Setting next_dagrun for dataset_produces_2 to None, run_after=None
[2023-11-19T13:45:15.574+0000] {processor.py:179} INFO - Processing /home/airflow/.local/lib/python3.8/site-packages/airflow/example_dags/example_datasets.py took 0.129 seconds
[2023-11-19T13:45:45.830+0000] {processor.py:157} INFO - Started process (PID=329) to work on /home/airflow/.local/lib/python3.8/site-packages/airflow/example_dags/example_datasets.py
[2023-11-19T13:45:45.833+0000] {processor.py:829} INFO - Processing file /home/airflow/.local/lib/python3.8/site-packages/airflow/example_dags/example_datasets.py for tasks to queue
[2023-11-19T13:45:45.836+0000] {logging_mixin.py:154} INFO - [2023-11-19T13:45:45.836+0000] {dagbag.py:536} INFO - Filling up the DagBag from /home/airflow/.local/lib/python3.8/site-packages/airflow/example_dags/example_datasets.py
[2023-11-19T13:45:45.851+0000] {processor.py:839} INFO - DAG(s) dict_keys(['dataset_produces_1', 'dataset_consumes_1_and_2', 'dataset_consumes_unknown_never_scheduled', 'dataset_produces_2', 'dataset_consumes_1_never_scheduled', 'dataset_consumes_1']) retrieved from /home/airflow/.local/lib/python3.8/site-packages/airflow/example_dags/example_datasets.py
[2023-11-19T13:45:45.885+0000] {logging_mixin.py:154} INFO - [2023-11-19T13:45:45.885+0000] {dag.py:2941} INFO - Sync 6 DAGs
[2023-11-19T13:45:45.904+0000] {logging_mixin.py:154} INFO - [2023-11-19T13:45:45.904+0000] {dag.py:3722} INFO - Setting next_dagrun for dataset_consumes_1 to None, run_after=None
[2023-11-19T13:45:45.907+0000] {logging_mixin.py:154} INFO - [2023-11-19T13:45:45.906+0000] {dag.py:3722} INFO - Setting next_dagrun for dataset_consumes_1_and_2 to None, run_after=None
[2023-11-19T13:45:45.907+0000] {logging_mixin.py:154} INFO - [2023-11-19T13:45:45.907+0000] {dag.py:3722} INFO - Setting next_dagrun for dataset_consumes_1_never_scheduled to None, run_after=None
[2023-11-19T13:45:45.908+0000] {logging_mixin.py:154} INFO - [2023-11-19T13:45:45.908+0000] {dag.py:3722} INFO - Setting next_dagrun for dataset_consumes_unknown_never_scheduled to None, run_after=None
[2023-11-19T13:45:45.910+0000] {logging_mixin.py:154} INFO - [2023-11-19T13:45:45.910+0000] {dag.py:3722} INFO - Setting next_dagrun for dataset_produces_1 to 2023-11-18T00:00:00+00:00, run_after=2023-11-19T00:00:00+00:00
[2023-11-19T13:45:45.911+0000] {logging_mixin.py:154} INFO - [2023-11-19T13:45:45.911+0000] {dag.py:3722} INFO - Setting next_dagrun for dataset_produces_2 to None, run_after=None
[2023-11-19T13:45:46.001+0000] {processor.py:179} INFO - Processing /home/airflow/.local/lib/python3.8/site-packages/airflow/example_dags/example_datasets.py took 0.176 seconds
[2023-11-19T13:46:16.246+0000] {processor.py:157} INFO - Started process (PID=383) to work on /home/airflow/.local/lib/python3.8/site-packages/airflow/example_dags/example_datasets.py
[2023-11-19T13:46:16.247+0000] {processor.py:829} INFO - Processing file /home/airflow/.local/lib/python3.8/site-packages/airflow/example_dags/example_datasets.py for tasks to queue
[2023-11-19T13:46:16.251+0000] {logging_mixin.py:154} INFO - [2023-11-19T13:46:16.251+0000] {dagbag.py:536} INFO - Filling up the DagBag from /home/airflow/.local/lib/python3.8/site-packages/airflow/example_dags/example_datasets.py
[2023-11-19T13:46:16.267+0000] {processor.py:839} INFO - DAG(s) dict_keys(['dataset_produces_1', 'dataset_consumes_1', 'dataset_consumes_unknown_never_scheduled', 'dataset_consumes_1_never_scheduled', 'dataset_consumes_1_and_2', 'dataset_produces_2']) retrieved from /home/airflow/.local/lib/python3.8/site-packages/airflow/example_dags/example_datasets.py
[2023-11-19T13:46:16.314+0000] {logging_mixin.py:154} INFO - [2023-11-19T13:46:16.313+0000] {dag.py:2941} INFO - Sync 6 DAGs
[2023-11-19T13:46:16.335+0000] {logging_mixin.py:154} INFO - [2023-11-19T13:46:16.335+0000] {dag.py:3722} INFO - Setting next_dagrun for dataset_consumes_1 to None, run_after=None
[2023-11-19T13:46:16.338+0000] {logging_mixin.py:154} INFO - [2023-11-19T13:46:16.338+0000] {dag.py:3722} INFO - Setting next_dagrun for dataset_consumes_1_and_2 to None, run_after=None
[2023-11-19T13:46:16.339+0000] {logging_mixin.py:154} INFO - [2023-11-19T13:46:16.339+0000] {dag.py:3722} INFO - Setting next_dagrun for dataset_consumes_1_never_scheduled to None, run_after=None
[2023-11-19T13:46:16.340+0000] {logging_mixin.py:154} INFO - [2023-11-19T13:46:16.340+0000] {dag.py:3722} INFO - Setting next_dagrun for dataset_consumes_unknown_never_scheduled to None, run_after=None
[2023-11-19T13:46:16.342+0000] {logging_mixin.py:154} INFO - [2023-11-19T13:46:16.342+0000] {dag.py:3722} INFO - Setting next_dagrun for dataset_produces_1 to 2023-11-18T00:00:00+00:00, run_after=2023-11-19T00:00:00+00:00
[2023-11-19T13:46:16.343+0000] {logging_mixin.py:154} INFO - [2023-11-19T13:46:16.343+0000] {dag.py:3722} INFO - Setting next_dagrun for dataset_produces_2 to None, run_after=None
[2023-11-19T13:46:16.376+0000] {processor.py:179} INFO - Processing /home/airflow/.local/lib/python3.8/site-packages/airflow/example_dags/example_datasets.py took 0.135 seconds
[2023-11-19T13:46:46.785+0000] {processor.py:157} INFO - Started process (PID=438) to work on /home/airflow/.local/lib/python3.8/site-packages/airflow/example_dags/example_datasets.py
[2023-11-19T13:46:46.786+0000] {processor.py:829} INFO - Processing file /home/airflow/.local/lib/python3.8/site-packages/airflow/example_dags/example_datasets.py for tasks to queue
[2023-11-19T13:46:46.788+0000] {logging_mixin.py:154} INFO - [2023-11-19T13:46:46.787+0000] {dagbag.py:536} INFO - Filling up the DagBag from /home/airflow/.local/lib/python3.8/site-packages/airflow/example_dags/example_datasets.py
[2023-11-19T13:46:46.796+0000] {processor.py:839} INFO - DAG(s) dict_keys(['dataset_consumes_1_never_scheduled', 'dataset_consumes_1_and_2', 'dataset_consumes_1', 'dataset_produces_2', 'dataset_produces_1', 'dataset_consumes_unknown_never_scheduled']) retrieved from /home/airflow/.local/lib/python3.8/site-packages/airflow/example_dags/example_datasets.py
[2023-11-19T13:46:46.837+0000] {logging_mixin.py:154} INFO - [2023-11-19T13:46:46.836+0000] {dag.py:2941} INFO - Sync 6 DAGs
[2023-11-19T13:46:46.865+0000] {logging_mixin.py:154} INFO - [2023-11-19T13:46:46.865+0000] {dag.py:3722} INFO - Setting next_dagrun for dataset_consumes_1 to None, run_after=None
[2023-11-19T13:46:46.868+0000] {logging_mixin.py:154} INFO - [2023-11-19T13:46:46.868+0000] {dag.py:3722} INFO - Setting next_dagrun for dataset_consumes_1_and_2 to None, run_after=None
[2023-11-19T13:46:46.870+0000] {logging_mixin.py:154} INFO - [2023-11-19T13:46:46.869+0000] {dag.py:3722} INFO - Setting next_dagrun for dataset_consumes_1_never_scheduled to None, run_after=None
[2023-11-19T13:46:46.871+0000] {logging_mixin.py:154} INFO - [2023-11-19T13:46:46.870+0000] {dag.py:3722} INFO - Setting next_dagrun for dataset_consumes_unknown_never_scheduled to None, run_after=None
[2023-11-19T13:46:46.874+0000] {logging_mixin.py:154} INFO - [2023-11-19T13:46:46.873+0000] {dag.py:3722} INFO - Setting next_dagrun for dataset_produces_1 to 2023-11-18T00:00:00+00:00, run_after=2023-11-19T00:00:00+00:00
[2023-11-19T13:46:46.876+0000] {logging_mixin.py:154} INFO - [2023-11-19T13:46:46.876+0000] {dag.py:3722} INFO - Setting next_dagrun for dataset_produces_2 to None, run_after=None
[2023-11-19T13:46:46.932+0000] {processor.py:179} INFO - Processing /home/airflow/.local/lib/python3.8/site-packages/airflow/example_dags/example_datasets.py took 0.150 seconds
[2023-11-19T13:47:17.187+0000] {processor.py:157} INFO - Started process (PID=492) to work on /home/airflow/.local/lib/python3.8/site-packages/airflow/example_dags/example_datasets.py
[2023-11-19T13:47:17.189+0000] {processor.py:829} INFO - Processing file /home/airflow/.local/lib/python3.8/site-packages/airflow/example_dags/example_datasets.py for tasks to queue
[2023-11-19T13:47:17.192+0000] {logging_mixin.py:154} INFO - [2023-11-19T13:47:17.191+0000] {dagbag.py:536} INFO - Filling up the DagBag from /home/airflow/.local/lib/python3.8/site-packages/airflow/example_dags/example_datasets.py
[2023-11-19T13:47:17.208+0000] {processor.py:839} INFO - DAG(s) dict_keys(['dataset_consumes_1_never_scheduled', 'dataset_consumes_unknown_never_scheduled', 'dataset_produces_2', 'dataset_consumes_1', 'dataset_consumes_1_and_2', 'dataset_produces_1']) retrieved from /home/airflow/.local/lib/python3.8/site-packages/airflow/example_dags/example_datasets.py
[2023-11-19T13:47:17.247+0000] {logging_mixin.py:154} INFO - [2023-11-19T13:47:17.247+0000] {dag.py:2941} INFO - Sync 6 DAGs
[2023-11-19T13:47:17.269+0000] {logging_mixin.py:154} INFO - [2023-11-19T13:47:17.269+0000] {dag.py:3722} INFO - Setting next_dagrun for dataset_consumes_1 to None, run_after=None
[2023-11-19T13:47:17.272+0000] {logging_mixin.py:154} INFO - [2023-11-19T13:47:17.272+0000] {dag.py:3722} INFO - Setting next_dagrun for dataset_consumes_1_and_2 to None, run_after=None
[2023-11-19T13:47:17.273+0000] {logging_mixin.py:154} INFO - [2023-11-19T13:47:17.273+0000] {dag.py:3722} INFO - Setting next_dagrun for dataset_consumes_1_never_scheduled to None, run_after=None
[2023-11-19T13:47:17.274+0000] {logging_mixin.py:154} INFO - [2023-11-19T13:47:17.274+0000] {dag.py:3722} INFO - Setting next_dagrun for dataset_consumes_unknown_never_scheduled to None, run_after=None
[2023-11-19T13:47:17.276+0000] {logging_mixin.py:154} INFO - [2023-11-19T13:47:17.276+0000] {dag.py:3722} INFO - Setting next_dagrun for dataset_produces_1 to 2023-11-18T00:00:00+00:00, run_after=2023-11-19T00:00:00+00:00
[2023-11-19T13:47:17.277+0000] {logging_mixin.py:154} INFO - [2023-11-19T13:47:17.277+0000] {dag.py:3722} INFO - Setting next_dagrun for dataset_produces_2 to None, run_after=None
[2023-11-19T13:47:17.308+0000] {processor.py:179} INFO - Processing /home/airflow/.local/lib/python3.8/site-packages/airflow/example_dags/example_datasets.py took 0.126 seconds
[2023-11-19T13:47:47.527+0000] {processor.py:157} INFO - Started process (PID=545) to work on /home/airflow/.local/lib/python3.8/site-packages/airflow/example_dags/example_datasets.py
[2023-11-19T13:47:47.537+0000] {processor.py:829} INFO - Processing file /home/airflow/.local/lib/python3.8/site-packages/airflow/example_dags/example_datasets.py for tasks to queue
[2023-11-19T13:47:47.539+0000] {logging_mixin.py:154} INFO - [2023-11-19T13:47:47.539+0000] {dagbag.py:536} INFO - Filling up the DagBag from /home/airflow/.local/lib/python3.8/site-packages/airflow/example_dags/example_datasets.py
[2023-11-19T13:47:47.553+0000] {processor.py:839} INFO - DAG(s) dict_keys(['dataset_produces_2', 'dataset_consumes_unknown_never_scheduled', 'dataset_produces_1', 'dataset_consumes_1_never_scheduled', 'dataset_consumes_1_and_2', 'dataset_consumes_1']) retrieved from /home/airflow/.local/lib/python3.8/site-packages/airflow/example_dags/example_datasets.py
[2023-11-19T13:47:47.591+0000] {logging_mixin.py:154} INFO - [2023-11-19T13:47:47.591+0000] {dag.py:2941} INFO - Sync 6 DAGs
[2023-11-19T13:47:47.613+0000] {logging_mixin.py:154} INFO - [2023-11-19T13:47:47.613+0000] {dag.py:3722} INFO - Setting next_dagrun for dataset_consumes_1 to None, run_after=None
[2023-11-19T13:47:47.616+0000] {logging_mixin.py:154} INFO - [2023-11-19T13:47:47.616+0000] {dag.py:3722} INFO - Setting next_dagrun for dataset_consumes_1_and_2 to None, run_after=None
[2023-11-19T13:47:47.617+0000] {logging_mixin.py:154} INFO - [2023-11-19T13:47:47.617+0000] {dag.py:3722} INFO - Setting next_dagrun for dataset_consumes_1_never_scheduled to None, run_after=None
[2023-11-19T13:47:47.617+0000] {logging_mixin.py:154} INFO - [2023-11-19T13:47:47.617+0000] {dag.py:3722} INFO - Setting next_dagrun for dataset_consumes_unknown_never_scheduled to None, run_after=None
[2023-11-19T13:47:47.620+0000] {logging_mixin.py:154} INFO - [2023-11-19T13:47:47.620+0000] {dag.py:3722} INFO - Setting next_dagrun for dataset_produces_1 to 2023-11-18T00:00:00+00:00, run_after=2023-11-19T00:00:00+00:00
[2023-11-19T13:47:47.621+0000] {logging_mixin.py:154} INFO - [2023-11-19T13:47:47.620+0000] {dag.py:3722} INFO - Setting next_dagrun for dataset_produces_2 to None, run_after=None
[2023-11-19T13:47:47.722+0000] {processor.py:179} INFO - Processing /home/airflow/.local/lib/python3.8/site-packages/airflow/example_dags/example_datasets.py took 0.198 seconds
[2023-11-19T13:48:17.849+0000] {processor.py:157} INFO - Started process (PID=599) to work on /home/airflow/.local/lib/python3.8/site-packages/airflow/example_dags/example_datasets.py
[2023-11-19T13:48:17.854+0000] {processor.py:829} INFO - Processing file /home/airflow/.local/lib/python3.8/site-packages/airflow/example_dags/example_datasets.py for tasks to queue
[2023-11-19T13:48:17.857+0000] {logging_mixin.py:154} INFO - [2023-11-19T13:48:17.856+0000] {dagbag.py:536} INFO - Filling up the DagBag from /home/airflow/.local/lib/python3.8/site-packages/airflow/example_dags/example_datasets.py
[2023-11-19T13:48:17.871+0000] {processor.py:839} INFO - DAG(s) dict_keys(['dataset_consumes_unknown_never_scheduled', 'dataset_consumes_1', 'dataset_produces_1', 'dataset_produces_2', 'dataset_consumes_1_never_scheduled', 'dataset_consumes_1_and_2']) retrieved from /home/airflow/.local/lib/python3.8/site-packages/airflow/example_dags/example_datasets.py
[2023-11-19T13:48:17.931+0000] {logging_mixin.py:154} INFO - [2023-11-19T13:48:17.931+0000] {dag.py:2941} INFO - Sync 6 DAGs
[2023-11-19T13:48:17.955+0000] {logging_mixin.py:154} INFO - [2023-11-19T13:48:17.955+0000] {dag.py:3722} INFO - Setting next_dagrun for dataset_consumes_1 to None, run_after=None
[2023-11-19T13:48:17.957+0000] {logging_mixin.py:154} INFO - [2023-11-19T13:48:17.957+0000] {dag.py:3722} INFO - Setting next_dagrun for dataset_consumes_1_and_2 to None, run_after=None
[2023-11-19T13:48:17.958+0000] {logging_mixin.py:154} INFO - [2023-11-19T13:48:17.958+0000] {dag.py:3722} INFO - Setting next_dagrun for dataset_consumes_1_never_scheduled to None, run_after=None
[2023-11-19T13:48:17.959+0000] {logging_mixin.py:154} INFO - [2023-11-19T13:48:17.959+0000] {dag.py:3722} INFO - Setting next_dagrun for dataset_consumes_unknown_never_scheduled to None, run_after=None
[2023-11-19T13:48:17.962+0000] {logging_mixin.py:154} INFO - [2023-11-19T13:48:17.962+0000] {dag.py:3722} INFO - Setting next_dagrun for dataset_produces_1 to 2023-11-18T00:00:00+00:00, run_after=2023-11-19T00:00:00+00:00
[2023-11-19T13:48:17.963+0000] {logging_mixin.py:154} INFO - [2023-11-19T13:48:17.962+0000] {dag.py:3722} INFO - Setting next_dagrun for dataset_produces_2 to None, run_after=None
[2023-11-19T13:48:17.993+0000] {processor.py:179} INFO - Processing /home/airflow/.local/lib/python3.8/site-packages/airflow/example_dags/example_datasets.py took 0.149 seconds
[2023-11-19T13:48:48.104+0000] {processor.py:157} INFO - Started process (PID=653) to work on /home/airflow/.local/lib/python3.8/site-packages/airflow/example_dags/example_datasets.py
[2023-11-19T13:48:48.105+0000] {processor.py:829} INFO - Processing file /home/airflow/.local/lib/python3.8/site-packages/airflow/example_dags/example_datasets.py for tasks to queue
[2023-11-19T13:48:48.108+0000] {logging_mixin.py:154} INFO - [2023-11-19T13:48:48.107+0000] {dagbag.py:536} INFO - Filling up the DagBag from /home/airflow/.local/lib/python3.8/site-packages/airflow/example_dags/example_datasets.py
[2023-11-19T13:48:48.123+0000] {processor.py:839} INFO - DAG(s) dict_keys(['dataset_produces_2', 'dataset_consumes_1', 'dataset_consumes_1_and_2', 'dataset_produces_1', 'dataset_consumes_unknown_never_scheduled', 'dataset_consumes_1_never_scheduled']) retrieved from /home/airflow/.local/lib/python3.8/site-packages/airflow/example_dags/example_datasets.py
[2023-11-19T13:48:48.170+0000] {logging_mixin.py:154} INFO - [2023-11-19T13:48:48.170+0000] {dag.py:2941} INFO - Sync 6 DAGs
[2023-11-19T13:48:48.191+0000] {logging_mixin.py:154} INFO - [2023-11-19T13:48:48.190+0000] {dag.py:3722} INFO - Setting next_dagrun for dataset_consumes_1 to None, run_after=None
[2023-11-19T13:48:48.193+0000] {logging_mixin.py:154} INFO - [2023-11-19T13:48:48.193+0000] {dag.py:3722} INFO - Setting next_dagrun for dataset_consumes_1_and_2 to None, run_after=None
[2023-11-19T13:48:48.194+0000] {logging_mixin.py:154} INFO - [2023-11-19T13:48:48.194+0000] {dag.py:3722} INFO - Setting next_dagrun for dataset_consumes_1_never_scheduled to None, run_after=None
[2023-11-19T13:48:48.195+0000] {logging_mixin.py:154} INFO - [2023-11-19T13:48:48.194+0000] {dag.py:3722} INFO - Setting next_dagrun for dataset_consumes_unknown_never_scheduled to None, run_after=None
[2023-11-19T13:48:48.197+0000] {logging_mixin.py:154} INFO - [2023-11-19T13:48:48.197+0000] {dag.py:3722} INFO - Setting next_dagrun for dataset_produces_1 to 2023-11-18T00:00:00+00:00, run_after=2023-11-19T00:00:00+00:00
[2023-11-19T13:48:48.198+0000] {logging_mixin.py:154} INFO - [2023-11-19T13:48:48.198+0000] {dag.py:3722} INFO - Setting next_dagrun for dataset_produces_2 to None, run_after=None
[2023-11-19T13:48:48.228+0000] {processor.py:179} INFO - Processing /home/airflow/.local/lib/python3.8/site-packages/airflow/example_dags/example_datasets.py took 0.128 seconds
[2023-11-19T13:49:18.615+0000] {processor.py:157} INFO - Started process (PID=707) to work on /home/airflow/.local/lib/python3.8/site-packages/airflow/example_dags/example_datasets.py
[2023-11-19T13:49:18.617+0000] {processor.py:829} INFO - Processing file /home/airflow/.local/lib/python3.8/site-packages/airflow/example_dags/example_datasets.py for tasks to queue
[2023-11-19T13:49:18.620+0000] {logging_mixin.py:154} INFO - [2023-11-19T13:49:18.620+0000] {dagbag.py:536} INFO - Filling up the DagBag from /home/airflow/.local/lib/python3.8/site-packages/airflow/example_dags/example_datasets.py
[2023-11-19T13:49:18.635+0000] {processor.py:839} INFO - DAG(s) dict_keys(['dataset_consumes_1', 'dataset_consumes_1_never_scheduled', 'dataset_produces_1', 'dataset_consumes_1_and_2', 'dataset_produces_2', 'dataset_consumes_unknown_never_scheduled']) retrieved from /home/airflow/.local/lib/python3.8/site-packages/airflow/example_dags/example_datasets.py
[2023-11-19T13:49:18.668+0000] {logging_mixin.py:154} INFO - [2023-11-19T13:49:18.668+0000] {dag.py:2941} INFO - Sync 6 DAGs
[2023-11-19T13:49:18.687+0000] {logging_mixin.py:154} INFO - [2023-11-19T13:49:18.687+0000] {dag.py:3722} INFO - Setting next_dagrun for dataset_consumes_1 to None, run_after=None
[2023-11-19T13:49:18.690+0000] {logging_mixin.py:154} INFO - [2023-11-19T13:49:18.690+0000] {dag.py:3722} INFO - Setting next_dagrun for dataset_consumes_1_and_2 to None, run_after=None
[2023-11-19T13:49:18.691+0000] {logging_mixin.py:154} INFO - [2023-11-19T13:49:18.690+0000] {dag.py:3722} INFO - Setting next_dagrun for dataset_consumes_1_never_scheduled to None, run_after=None
[2023-11-19T13:49:18.691+0000] {logging_mixin.py:154} INFO - [2023-11-19T13:49:18.691+0000] {dag.py:3722} INFO - Setting next_dagrun for dataset_consumes_unknown_never_scheduled to None, run_after=None
[2023-11-19T13:49:18.694+0000] {logging_mixin.py:154} INFO - [2023-11-19T13:49:18.694+0000] {dag.py:3722} INFO - Setting next_dagrun for dataset_produces_1 to 2023-11-18T00:00:00+00:00, run_after=2023-11-19T00:00:00+00:00
[2023-11-19T13:49:18.694+0000] {logging_mixin.py:154} INFO - [2023-11-19T13:49:18.694+0000] {dag.py:3722} INFO - Setting next_dagrun for dataset_produces_2 to None, run_after=None
[2023-11-19T13:49:18.722+0000] {processor.py:179} INFO - Processing /home/airflow/.local/lib/python3.8/site-packages/airflow/example_dags/example_datasets.py took 0.112 seconds
[2023-11-19T13:49:48.786+0000] {processor.py:157} INFO - Started process (PID=761) to work on /home/airflow/.local/lib/python3.8/site-packages/airflow/example_dags/example_datasets.py
[2023-11-19T13:49:48.787+0000] {processor.py:829} INFO - Processing file /home/airflow/.local/lib/python3.8/site-packages/airflow/example_dags/example_datasets.py for tasks to queue
[2023-11-19T13:49:48.788+0000] {logging_mixin.py:154} INFO - [2023-11-19T13:49:48.788+0000] {dagbag.py:536} INFO - Filling up the DagBag from /home/airflow/.local/lib/python3.8/site-packages/airflow/example_dags/example_datasets.py
[2023-11-19T13:49:48.797+0000] {processor.py:839} INFO - DAG(s) dict_keys(['dataset_consumes_unknown_never_scheduled', 'dataset_produces_2', 'dataset_consumes_1_never_scheduled', 'dataset_consumes_1', 'dataset_consumes_1_and_2', 'dataset_produces_1']) retrieved from /home/airflow/.local/lib/python3.8/site-packages/airflow/example_dags/example_datasets.py
[2023-11-19T13:49:48.832+0000] {logging_mixin.py:154} INFO - [2023-11-19T13:49:48.832+0000] {dag.py:2941} INFO - Sync 6 DAGs
[2023-11-19T13:49:48.856+0000] {logging_mixin.py:154} INFO - [2023-11-19T13:49:48.856+0000] {dag.py:3722} INFO - Setting next_dagrun for dataset_consumes_1 to None, run_after=None
[2023-11-19T13:49:48.859+0000] {logging_mixin.py:154} INFO - [2023-11-19T13:49:48.859+0000] {dag.py:3722} INFO - Setting next_dagrun for dataset_consumes_1_and_2 to None, run_after=None
[2023-11-19T13:49:48.860+0000] {logging_mixin.py:154} INFO - [2023-11-19T13:49:48.860+0000] {dag.py:3722} INFO - Setting next_dagrun for dataset_consumes_1_never_scheduled to None, run_after=None
[2023-11-19T13:49:48.862+0000] {logging_mixin.py:154} INFO - [2023-11-19T13:49:48.862+0000] {dag.py:3722} INFO - Setting next_dagrun for dataset_consumes_unknown_never_scheduled to None, run_after=None
[2023-11-19T13:49:48.865+0000] {logging_mixin.py:154} INFO - [2023-11-19T13:49:48.865+0000] {dag.py:3722} INFO - Setting next_dagrun for dataset_produces_1 to 2023-11-18T00:00:00+00:00, run_after=2023-11-19T00:00:00+00:00
[2023-11-19T13:49:48.866+0000] {logging_mixin.py:154} INFO - [2023-11-19T13:49:48.866+0000] {dag.py:3722} INFO - Setting next_dagrun for dataset_produces_2 to None, run_after=None
[2023-11-19T13:49:48.903+0000] {processor.py:179} INFO - Processing /home/airflow/.local/lib/python3.8/site-packages/airflow/example_dags/example_datasets.py took 0.120 seconds
