[2023-11-19T13:43:14.563+0000] {processor.py:157} INFO - Started process (PID=64) to work on /home/airflow/.local/lib/python3.8/site-packages/airflow/example_dags/example_latest_only.py
[2023-11-19T13:43:14.565+0000] {processor.py:829} INFO - Processing file /home/airflow/.local/lib/python3.8/site-packages/airflow/example_dags/example_latest_only.py for tasks to queue
[2023-11-19T13:43:14.568+0000] {logging_mixin.py:154} INFO - [2023-11-19T13:43:14.568+0000] {dagbag.py:536} INFO - Filling up the DagBag from /home/airflow/.local/lib/python3.8/site-packages/airflow/example_dags/example_latest_only.py
[2023-11-19T13:43:14.583+0000] {processor.py:839} INFO - DAG(s) dict_keys(['latest_only']) retrieved from /home/airflow/.local/lib/python3.8/site-packages/airflow/example_dags/example_latest_only.py
[2023-11-19T13:43:14.608+0000] {logging_mixin.py:154} INFO - [2023-11-19T13:43:14.608+0000] {dag.py:2941} INFO - Sync 1 DAGs
[2023-11-19T13:43:14.632+0000] {logging_mixin.py:154} INFO - [2023-11-19T13:43:14.632+0000] {dag.py:3722} INFO - Setting next_dagrun for latest_only to 2023-11-19T09:43:14.632292+00:00, run_after=2023-11-19T13:43:14.632292+00:00
[2023-11-19T13:43:14.669+0000] {processor.py:179} INFO - Processing /home/airflow/.local/lib/python3.8/site-packages/airflow/example_dags/example_latest_only.py took 0.113 seconds
[2023-11-19T13:43:45.544+0000] {processor.py:157} INFO - Started process (PID=118) to work on /home/airflow/.local/lib/python3.8/site-packages/airflow/example_dags/example_latest_only.py
[2023-11-19T13:43:45.545+0000] {processor.py:829} INFO - Processing file /home/airflow/.local/lib/python3.8/site-packages/airflow/example_dags/example_latest_only.py for tasks to queue
[2023-11-19T13:43:45.547+0000] {logging_mixin.py:154} INFO - [2023-11-19T13:43:45.547+0000] {dagbag.py:536} INFO - Filling up the DagBag from /home/airflow/.local/lib/python3.8/site-packages/airflow/example_dags/example_latest_only.py
[2023-11-19T13:43:45.554+0000] {processor.py:839} INFO - DAG(s) dict_keys(['latest_only']) retrieved from /home/airflow/.local/lib/python3.8/site-packages/airflow/example_dags/example_latest_only.py
[2023-11-19T13:43:45.576+0000] {logging_mixin.py:154} INFO - [2023-11-19T13:43:45.576+0000] {dag.py:2941} INFO - Sync 1 DAGs
[2023-11-19T13:43:45.598+0000] {logging_mixin.py:154} INFO - [2023-11-19T13:43:45.597+0000] {dag.py:3722} INFO - Setting next_dagrun for latest_only to 2023-11-19T09:43:45.597529+00:00, run_after=2023-11-19T13:43:45.597529+00:00
[2023-11-19T13:43:45.619+0000] {processor.py:179} INFO - Processing /home/airflow/.local/lib/python3.8/site-packages/airflow/example_dags/example_latest_only.py took 0.080 seconds
[2023-11-19T13:44:16.157+0000] {processor.py:157} INFO - Started process (PID=172) to work on /home/airflow/.local/lib/python3.8/site-packages/airflow/example_dags/example_latest_only.py
[2023-11-19T13:44:16.158+0000] {processor.py:829} INFO - Processing file /home/airflow/.local/lib/python3.8/site-packages/airflow/example_dags/example_latest_only.py for tasks to queue
[2023-11-19T13:44:16.160+0000] {logging_mixin.py:154} INFO - [2023-11-19T13:44:16.160+0000] {dagbag.py:536} INFO - Filling up the DagBag from /home/airflow/.local/lib/python3.8/site-packages/airflow/example_dags/example_latest_only.py
[2023-11-19T13:44:16.164+0000] {processor.py:839} INFO - DAG(s) dict_keys(['latest_only']) retrieved from /home/airflow/.local/lib/python3.8/site-packages/airflow/example_dags/example_latest_only.py
[2023-11-19T13:44:16.185+0000] {logging_mixin.py:154} INFO - [2023-11-19T13:44:16.184+0000] {dag.py:2941} INFO - Sync 1 DAGs
[2023-11-19T13:44:16.207+0000] {logging_mixin.py:154} INFO - [2023-11-19T13:44:16.207+0000] {dag.py:3722} INFO - Setting next_dagrun for latest_only to 2023-11-19T09:44:16.207129+00:00, run_after=2023-11-19T13:44:16.207129+00:00
[2023-11-19T13:44:16.235+0000] {processor.py:179} INFO - Processing /home/airflow/.local/lib/python3.8/site-packages/airflow/example_dags/example_latest_only.py took 0.081 seconds
[2023-11-19T13:44:46.797+0000] {processor.py:157} INFO - Started process (PID=226) to work on /home/airflow/.local/lib/python3.8/site-packages/airflow/example_dags/example_latest_only.py
[2023-11-19T13:44:46.798+0000] {processor.py:829} INFO - Processing file /home/airflow/.local/lib/python3.8/site-packages/airflow/example_dags/example_latest_only.py for tasks to queue
[2023-11-19T13:44:46.801+0000] {logging_mixin.py:154} INFO - [2023-11-19T13:44:46.801+0000] {dagbag.py:536} INFO - Filling up the DagBag from /home/airflow/.local/lib/python3.8/site-packages/airflow/example_dags/example_latest_only.py
[2023-11-19T13:44:46.808+0000] {processor.py:839} INFO - DAG(s) dict_keys(['latest_only']) retrieved from /home/airflow/.local/lib/python3.8/site-packages/airflow/example_dags/example_latest_only.py
[2023-11-19T13:44:46.834+0000] {logging_mixin.py:154} INFO - [2023-11-19T13:44:46.833+0000] {dag.py:2941} INFO - Sync 1 DAGs
[2023-11-19T13:44:46.856+0000] {logging_mixin.py:154} INFO - [2023-11-19T13:44:46.855+0000] {dag.py:3722} INFO - Setting next_dagrun for latest_only to 2023-11-19T09:44:46.855704+00:00, run_after=2023-11-19T13:44:46.855704+00:00
[2023-11-19T13:44:46.878+0000] {processor.py:179} INFO - Processing /home/airflow/.local/lib/python3.8/site-packages/airflow/example_dags/example_latest_only.py took 0.086 seconds
[2023-11-19T13:45:17.829+0000] {processor.py:157} INFO - Started process (PID=280) to work on /home/airflow/.local/lib/python3.8/site-packages/airflow/example_dags/example_latest_only.py
[2023-11-19T13:45:17.834+0000] {processor.py:829} INFO - Processing file /home/airflow/.local/lib/python3.8/site-packages/airflow/example_dags/example_latest_only.py for tasks to queue
[2023-11-19T13:45:17.837+0000] {logging_mixin.py:154} INFO - [2023-11-19T13:45:17.836+0000] {dagbag.py:536} INFO - Filling up the DagBag from /home/airflow/.local/lib/python3.8/site-packages/airflow/example_dags/example_latest_only.py
[2023-11-19T13:45:17.845+0000] {processor.py:839} INFO - DAG(s) dict_keys(['latest_only']) retrieved from /home/airflow/.local/lib/python3.8/site-packages/airflow/example_dags/example_latest_only.py
[2023-11-19T13:45:17.874+0000] {logging_mixin.py:154} INFO - [2023-11-19T13:45:17.874+0000] {dag.py:2941} INFO - Sync 1 DAGs
[2023-11-19T13:45:17.904+0000] {logging_mixin.py:154} INFO - [2023-11-19T13:45:17.903+0000] {dag.py:3722} INFO - Setting next_dagrun for latest_only to 2023-11-19T09:45:17.903662+00:00, run_after=2023-11-19T13:45:17.903662+00:00
[2023-11-19T13:45:17.927+0000] {processor.py:179} INFO - Processing /home/airflow/.local/lib/python3.8/site-packages/airflow/example_dags/example_latest_only.py took 0.103 seconds
[2023-11-19T13:45:48.390+0000] {processor.py:157} INFO - Started process (PID=335) to work on /home/airflow/.local/lib/python3.8/site-packages/airflow/example_dags/example_latest_only.py
[2023-11-19T13:45:48.391+0000] {processor.py:829} INFO - Processing file /home/airflow/.local/lib/python3.8/site-packages/airflow/example_dags/example_latest_only.py for tasks to queue
[2023-11-19T13:45:48.392+0000] {logging_mixin.py:154} INFO - [2023-11-19T13:45:48.392+0000] {dagbag.py:536} INFO - Filling up the DagBag from /home/airflow/.local/lib/python3.8/site-packages/airflow/example_dags/example_latest_only.py
[2023-11-19T13:45:48.396+0000] {processor.py:839} INFO - DAG(s) dict_keys(['latest_only']) retrieved from /home/airflow/.local/lib/python3.8/site-packages/airflow/example_dags/example_latest_only.py
[2023-11-19T13:45:48.417+0000] {logging_mixin.py:154} INFO - [2023-11-19T13:45:48.416+0000] {dag.py:2941} INFO - Sync 1 DAGs
[2023-11-19T13:45:48.437+0000] {logging_mixin.py:154} INFO - [2023-11-19T13:45:48.437+0000] {dag.py:3722} INFO - Setting next_dagrun for latest_only to 2023-11-19T09:45:48.436943+00:00, run_after=2023-11-19T13:45:48.436943+00:00
[2023-11-19T13:45:48.458+0000] {processor.py:179} INFO - Processing /home/airflow/.local/lib/python3.8/site-packages/airflow/example_dags/example_latest_only.py took 0.071 seconds
[2023-11-19T13:46:18.535+0000] {processor.py:157} INFO - Started process (PID=388) to work on /home/airflow/.local/lib/python3.8/site-packages/airflow/example_dags/example_latest_only.py
[2023-11-19T13:46:18.541+0000] {processor.py:829} INFO - Processing file /home/airflow/.local/lib/python3.8/site-packages/airflow/example_dags/example_latest_only.py for tasks to queue
[2023-11-19T13:46:18.544+0000] {logging_mixin.py:154} INFO - [2023-11-19T13:46:18.543+0000] {dagbag.py:536} INFO - Filling up the DagBag from /home/airflow/.local/lib/python3.8/site-packages/airflow/example_dags/example_latest_only.py
[2023-11-19T13:46:18.551+0000] {processor.py:839} INFO - DAG(s) dict_keys(['latest_only']) retrieved from /home/airflow/.local/lib/python3.8/site-packages/airflow/example_dags/example_latest_only.py
[2023-11-19T13:46:18.580+0000] {logging_mixin.py:154} INFO - [2023-11-19T13:46:18.579+0000] {dag.py:2941} INFO - Sync 1 DAGs
[2023-11-19T13:46:18.615+0000] {logging_mixin.py:154} INFO - [2023-11-19T13:46:18.614+0000] {dag.py:3722} INFO - Setting next_dagrun for latest_only to 2023-11-19T09:46:18.614426+00:00, run_after=2023-11-19T13:46:18.614426+00:00
[2023-11-19T13:46:18.676+0000] {processor.py:179} INFO - Processing /home/airflow/.local/lib/python3.8/site-packages/airflow/example_dags/example_latest_only.py took 0.146 seconds
[2023-11-19T13:46:49.148+0000] {processor.py:157} INFO - Started process (PID=443) to work on /home/airflow/.local/lib/python3.8/site-packages/airflow/example_dags/example_latest_only.py
[2023-11-19T13:46:49.149+0000] {processor.py:829} INFO - Processing file /home/airflow/.local/lib/python3.8/site-packages/airflow/example_dags/example_latest_only.py for tasks to queue
[2023-11-19T13:46:49.153+0000] {logging_mixin.py:154} INFO - [2023-11-19T13:46:49.152+0000] {dagbag.py:536} INFO - Filling up the DagBag from /home/airflow/.local/lib/python3.8/site-packages/airflow/example_dags/example_latest_only.py
[2023-11-19T13:46:49.161+0000] {processor.py:839} INFO - DAG(s) dict_keys(['latest_only']) retrieved from /home/airflow/.local/lib/python3.8/site-packages/airflow/example_dags/example_latest_only.py
[2023-11-19T13:46:49.186+0000] {logging_mixin.py:154} INFO - [2023-11-19T13:46:49.186+0000] {dag.py:2941} INFO - Sync 1 DAGs
[2023-11-19T13:46:49.207+0000] {logging_mixin.py:154} INFO - [2023-11-19T13:46:49.207+0000] {dag.py:3722} INFO - Setting next_dagrun for latest_only to 2023-11-19T09:46:49.207470+00:00, run_after=2023-11-19T13:46:49.207470+00:00
[2023-11-19T13:46:49.237+0000] {processor.py:179} INFO - Processing /home/airflow/.local/lib/python3.8/site-packages/airflow/example_dags/example_latest_only.py took 0.094 seconds
[2023-11-19T13:47:19.366+0000] {processor.py:157} INFO - Started process (PID=496) to work on /home/airflow/.local/lib/python3.8/site-packages/airflow/example_dags/example_latest_only.py
[2023-11-19T13:47:19.367+0000] {processor.py:829} INFO - Processing file /home/airflow/.local/lib/python3.8/site-packages/airflow/example_dags/example_latest_only.py for tasks to queue
[2023-11-19T13:47:19.370+0000] {logging_mixin.py:154} INFO - [2023-11-19T13:47:19.370+0000] {dagbag.py:536} INFO - Filling up the DagBag from /home/airflow/.local/lib/python3.8/site-packages/airflow/example_dags/example_latest_only.py
[2023-11-19T13:47:19.377+0000] {processor.py:839} INFO - DAG(s) dict_keys(['latest_only']) retrieved from /home/airflow/.local/lib/python3.8/site-packages/airflow/example_dags/example_latest_only.py
[2023-11-19T13:47:19.406+0000] {logging_mixin.py:154} INFO - [2023-11-19T13:47:19.406+0000] {dag.py:2941} INFO - Sync 1 DAGs
[2023-11-19T13:47:19.434+0000] {logging_mixin.py:154} INFO - [2023-11-19T13:47:19.434+0000] {dag.py:3722} INFO - Setting next_dagrun for latest_only to 2023-11-19T09:47:19.433885+00:00, run_after=2023-11-19T13:47:19.433885+00:00
[2023-11-19T13:47:19.462+0000] {processor.py:179} INFO - Processing /home/airflow/.local/lib/python3.8/site-packages/airflow/example_dags/example_latest_only.py took 0.101 seconds
[2023-11-19T13:47:50.022+0000] {processor.py:157} INFO - Started process (PID=550) to work on /home/airflow/.local/lib/python3.8/site-packages/airflow/example_dags/example_latest_only.py
[2023-11-19T13:47:50.024+0000] {processor.py:829} INFO - Processing file /home/airflow/.local/lib/python3.8/site-packages/airflow/example_dags/example_latest_only.py for tasks to queue
[2023-11-19T13:47:50.027+0000] {logging_mixin.py:154} INFO - [2023-11-19T13:47:50.026+0000] {dagbag.py:536} INFO - Filling up the DagBag from /home/airflow/.local/lib/python3.8/site-packages/airflow/example_dags/example_latest_only.py
[2023-11-19T13:47:50.034+0000] {processor.py:839} INFO - DAG(s) dict_keys(['latest_only']) retrieved from /home/airflow/.local/lib/python3.8/site-packages/airflow/example_dags/example_latest_only.py
[2023-11-19T13:47:50.062+0000] {logging_mixin.py:154} INFO - [2023-11-19T13:47:50.062+0000] {dag.py:2941} INFO - Sync 1 DAGs
[2023-11-19T13:47:50.088+0000] {logging_mixin.py:154} INFO - [2023-11-19T13:47:50.088+0000] {dag.py:3722} INFO - Setting next_dagrun for latest_only to 2023-11-19T09:47:50.088070+00:00, run_after=2023-11-19T13:47:50.088070+00:00
[2023-11-19T13:47:50.108+0000] {processor.py:179} INFO - Processing /home/airflow/.local/lib/python3.8/site-packages/airflow/example_dags/example_latest_only.py took 0.092 seconds
[2023-11-19T13:48:20.173+0000] {processor.py:157} INFO - Started process (PID=604) to work on /home/airflow/.local/lib/python3.8/site-packages/airflow/example_dags/example_latest_only.py
[2023-11-19T13:48:20.174+0000] {processor.py:829} INFO - Processing file /home/airflow/.local/lib/python3.8/site-packages/airflow/example_dags/example_latest_only.py for tasks to queue
[2023-11-19T13:48:20.177+0000] {logging_mixin.py:154} INFO - [2023-11-19T13:48:20.176+0000] {dagbag.py:536} INFO - Filling up the DagBag from /home/airflow/.local/lib/python3.8/site-packages/airflow/example_dags/example_latest_only.py
[2023-11-19T13:48:20.183+0000] {processor.py:839} INFO - DAG(s) dict_keys(['latest_only']) retrieved from /home/airflow/.local/lib/python3.8/site-packages/airflow/example_dags/example_latest_only.py
[2023-11-19T13:48:20.211+0000] {logging_mixin.py:154} INFO - [2023-11-19T13:48:20.210+0000] {dag.py:2941} INFO - Sync 1 DAGs
[2023-11-19T13:48:20.239+0000] {logging_mixin.py:154} INFO - [2023-11-19T13:48:20.239+0000] {dag.py:3722} INFO - Setting next_dagrun for latest_only to 2023-11-19T09:48:20.239415+00:00, run_after=2023-11-19T13:48:20.239415+00:00
[2023-11-19T13:48:20.265+0000] {processor.py:179} INFO - Processing /home/airflow/.local/lib/python3.8/site-packages/airflow/example_dags/example_latest_only.py took 0.097 seconds
[2023-11-19T13:48:50.432+0000] {processor.py:157} INFO - Started process (PID=658) to work on /home/airflow/.local/lib/python3.8/site-packages/airflow/example_dags/example_latest_only.py
[2023-11-19T13:48:50.433+0000] {processor.py:829} INFO - Processing file /home/airflow/.local/lib/python3.8/site-packages/airflow/example_dags/example_latest_only.py for tasks to queue
[2023-11-19T13:48:50.435+0000] {logging_mixin.py:154} INFO - [2023-11-19T13:48:50.435+0000] {dagbag.py:536} INFO - Filling up the DagBag from /home/airflow/.local/lib/python3.8/site-packages/airflow/example_dags/example_latest_only.py
[2023-11-19T13:48:50.439+0000] {processor.py:839} INFO - DAG(s) dict_keys(['latest_only']) retrieved from /home/airflow/.local/lib/python3.8/site-packages/airflow/example_dags/example_latest_only.py
[2023-11-19T13:48:50.463+0000] {logging_mixin.py:154} INFO - [2023-11-19T13:48:50.463+0000] {dag.py:2941} INFO - Sync 1 DAGs
[2023-11-19T13:48:50.490+0000] {logging_mixin.py:154} INFO - [2023-11-19T13:48:50.490+0000] {dag.py:3722} INFO - Setting next_dagrun for latest_only to 2023-11-19T09:48:50.490088+00:00, run_after=2023-11-19T13:48:50.490088+00:00
[2023-11-19T13:48:50.514+0000] {processor.py:179} INFO - Processing /home/airflow/.local/lib/python3.8/site-packages/airflow/example_dags/example_latest_only.py took 0.087 seconds
[2023-11-19T13:49:20.895+0000] {processor.py:157} INFO - Started process (PID=712) to work on /home/airflow/.local/lib/python3.8/site-packages/airflow/example_dags/example_latest_only.py
[2023-11-19T13:49:20.897+0000] {processor.py:829} INFO - Processing file /home/airflow/.local/lib/python3.8/site-packages/airflow/example_dags/example_latest_only.py for tasks to queue
[2023-11-19T13:49:20.899+0000] {logging_mixin.py:154} INFO - [2023-11-19T13:49:20.899+0000] {dagbag.py:536} INFO - Filling up the DagBag from /home/airflow/.local/lib/python3.8/site-packages/airflow/example_dags/example_latest_only.py
[2023-11-19T13:49:20.903+0000] {processor.py:839} INFO - DAG(s) dict_keys(['latest_only']) retrieved from /home/airflow/.local/lib/python3.8/site-packages/airflow/example_dags/example_latest_only.py
[2023-11-19T13:49:20.927+0000] {logging_mixin.py:154} INFO - [2023-11-19T13:49:20.927+0000] {dag.py:2941} INFO - Sync 1 DAGs
[2023-11-19T13:49:20.952+0000] {logging_mixin.py:154} INFO - [2023-11-19T13:49:20.952+0000] {dag.py:3722} INFO - Setting next_dagrun for latest_only to 2023-11-19T09:49:20.951931+00:00, run_after=2023-11-19T13:49:20.951931+00:00
[2023-11-19T13:49:20.975+0000] {processor.py:179} INFO - Processing /home/airflow/.local/lib/python3.8/site-packages/airflow/example_dags/example_latest_only.py took 0.084 seconds
