[2023-11-19T13:43:13.554+0000] {processor.py:157} INFO - Started process (PID=54) to work on /home/airflow/.local/lib/python3.8/site-packages/airflow/example_dags/example_dynamic_task_mapping_with_no_taskflow_operators.py
[2023-11-19T13:43:13.556+0000] {processor.py:829} INFO - Processing file /home/airflow/.local/lib/python3.8/site-packages/airflow/example_dags/example_dynamic_task_mapping_with_no_taskflow_operators.py for tasks to queue
[2023-11-19T13:43:13.559+0000] {logging_mixin.py:154} INFO - [2023-11-19T13:43:13.559+0000] {dagbag.py:536} INFO - Filling up the DagBag from /home/airflow/.local/lib/python3.8/site-packages/airflow/example_dags/example_dynamic_task_mapping_with_no_taskflow_operators.py
[2023-11-19T13:43:13.578+0000] {processor.py:839} INFO - DAG(s) dict_keys(['example_dynamic_task_mapping_with_no_taskflow_operators']) retrieved from /home/airflow/.local/lib/python3.8/site-packages/airflow/example_dags/example_dynamic_task_mapping_with_no_taskflow_operators.py
[2023-11-19T13:43:13.608+0000] {logging_mixin.py:154} INFO - [2023-11-19T13:43:13.608+0000] {dag.py:2941} INFO - Sync 1 DAGs
[2023-11-19T13:43:13.634+0000] {logging_mixin.py:154} INFO - [2023-11-19T13:43:13.634+0000] {dag.py:3722} INFO - Setting next_dagrun for example_dynamic_task_mapping_with_no_taskflow_operators to 2023-11-18T13:43:13.633810+00:00, run_after=2023-11-19T13:43:13.633810+00:00
[2023-11-19T13:43:13.752+0000] {processor.py:179} INFO - Processing /home/airflow/.local/lib/python3.8/site-packages/airflow/example_dags/example_dynamic_task_mapping_with_no_taskflow_operators.py took 0.205 seconds
[2023-11-19T13:43:43.985+0000] {processor.py:157} INFO - Started process (PID=107) to work on /home/airflow/.local/lib/python3.8/site-packages/airflow/example_dags/example_dynamic_task_mapping_with_no_taskflow_operators.py
[2023-11-19T13:43:43.986+0000] {processor.py:829} INFO - Processing file /home/airflow/.local/lib/python3.8/site-packages/airflow/example_dags/example_dynamic_task_mapping_with_no_taskflow_operators.py for tasks to queue
[2023-11-19T13:43:43.988+0000] {logging_mixin.py:154} INFO - [2023-11-19T13:43:43.988+0000] {dagbag.py:536} INFO - Filling up the DagBag from /home/airflow/.local/lib/python3.8/site-packages/airflow/example_dags/example_dynamic_task_mapping_with_no_taskflow_operators.py
[2023-11-19T13:43:43.993+0000] {processor.py:839} INFO - DAG(s) dict_keys(['example_dynamic_task_mapping_with_no_taskflow_operators']) retrieved from /home/airflow/.local/lib/python3.8/site-packages/airflow/example_dags/example_dynamic_task_mapping_with_no_taskflow_operators.py
[2023-11-19T13:43:44.018+0000] {logging_mixin.py:154} INFO - [2023-11-19T13:43:44.018+0000] {dag.py:2941} INFO - Sync 1 DAGs
[2023-11-19T13:43:44.050+0000] {logging_mixin.py:154} INFO - [2023-11-19T13:43:44.050+0000] {dag.py:3722} INFO - Setting next_dagrun for example_dynamic_task_mapping_with_no_taskflow_operators to 2023-11-18T13:43:44.049929+00:00, run_after=2023-11-19T13:43:44.049929+00:00
[2023-11-19T13:43:44.070+0000] {processor.py:179} INFO - Processing /home/airflow/.local/lib/python3.8/site-packages/airflow/example_dags/example_dynamic_task_mapping_with_no_taskflow_operators.py took 0.088 seconds
[2023-11-19T13:44:14.789+0000] {processor.py:157} INFO - Started process (PID=167) to work on /home/airflow/.local/lib/python3.8/site-packages/airflow/example_dags/example_dynamic_task_mapping_with_no_taskflow_operators.py
[2023-11-19T13:44:14.794+0000] {processor.py:829} INFO - Processing file /home/airflow/.local/lib/python3.8/site-packages/airflow/example_dags/example_dynamic_task_mapping_with_no_taskflow_operators.py for tasks to queue
[2023-11-19T13:44:14.796+0000] {logging_mixin.py:154} INFO - [2023-11-19T13:44:14.796+0000] {dagbag.py:536} INFO - Filling up the DagBag from /home/airflow/.local/lib/python3.8/site-packages/airflow/example_dags/example_dynamic_task_mapping_with_no_taskflow_operators.py
[2023-11-19T13:44:14.803+0000] {processor.py:839} INFO - DAG(s) dict_keys(['example_dynamic_task_mapping_with_no_taskflow_operators']) retrieved from /home/airflow/.local/lib/python3.8/site-packages/airflow/example_dags/example_dynamic_task_mapping_with_no_taskflow_operators.py
[2023-11-19T13:44:14.849+0000] {logging_mixin.py:154} INFO - [2023-11-19T13:44:14.849+0000] {dag.py:2941} INFO - Sync 1 DAGs
[2023-11-19T13:44:14.880+0000] {logging_mixin.py:154} INFO - [2023-11-19T13:44:14.879+0000] {dag.py:3722} INFO - Setting next_dagrun for example_dynamic_task_mapping_with_no_taskflow_operators to 2023-11-18T13:44:14.879686+00:00, run_after=2023-11-19T13:44:14.879686+00:00
[2023-11-19T13:44:14.912+0000] {processor.py:179} INFO - Processing /home/airflow/.local/lib/python3.8/site-packages/airflow/example_dags/example_dynamic_task_mapping_with_no_taskflow_operators.py took 0.126 seconds
[2023-11-19T13:44:45.276+0000] {processor.py:157} INFO - Started process (PID=222) to work on /home/airflow/.local/lib/python3.8/site-packages/airflow/example_dags/example_dynamic_task_mapping_with_no_taskflow_operators.py
[2023-11-19T13:44:45.277+0000] {processor.py:829} INFO - Processing file /home/airflow/.local/lib/python3.8/site-packages/airflow/example_dags/example_dynamic_task_mapping_with_no_taskflow_operators.py for tasks to queue
[2023-11-19T13:44:45.280+0000] {logging_mixin.py:154} INFO - [2023-11-19T13:44:45.280+0000] {dagbag.py:536} INFO - Filling up the DagBag from /home/airflow/.local/lib/python3.8/site-packages/airflow/example_dags/example_dynamic_task_mapping_with_no_taskflow_operators.py
[2023-11-19T13:44:45.290+0000] {processor.py:839} INFO - DAG(s) dict_keys(['example_dynamic_task_mapping_with_no_taskflow_operators']) retrieved from /home/airflow/.local/lib/python3.8/site-packages/airflow/example_dags/example_dynamic_task_mapping_with_no_taskflow_operators.py
[2023-11-19T13:44:45.317+0000] {logging_mixin.py:154} INFO - [2023-11-19T13:44:45.316+0000] {dag.py:2941} INFO - Sync 1 DAGs
[2023-11-19T13:44:45.341+0000] {logging_mixin.py:154} INFO - [2023-11-19T13:44:45.341+0000] {dag.py:3722} INFO - Setting next_dagrun for example_dynamic_task_mapping_with_no_taskflow_operators to 2023-11-18T13:44:45.340932+00:00, run_after=2023-11-19T13:44:45.340932+00:00
[2023-11-19T13:44:45.359+0000] {processor.py:179} INFO - Processing /home/airflow/.local/lib/python3.8/site-packages/airflow/example_dags/example_dynamic_task_mapping_with_no_taskflow_operators.py took 0.089 seconds
[2023-11-19T13:45:15.584+0000] {processor.py:157} INFO - Started process (PID=276) to work on /home/airflow/.local/lib/python3.8/site-packages/airflow/example_dags/example_dynamic_task_mapping_with_no_taskflow_operators.py
[2023-11-19T13:45:15.587+0000] {processor.py:829} INFO - Processing file /home/airflow/.local/lib/python3.8/site-packages/airflow/example_dags/example_dynamic_task_mapping_with_no_taskflow_operators.py for tasks to queue
[2023-11-19T13:45:15.589+0000] {logging_mixin.py:154} INFO - [2023-11-19T13:45:15.589+0000] {dagbag.py:536} INFO - Filling up the DagBag from /home/airflow/.local/lib/python3.8/site-packages/airflow/example_dags/example_dynamic_task_mapping_with_no_taskflow_operators.py
[2023-11-19T13:45:15.594+0000] {processor.py:839} INFO - DAG(s) dict_keys(['example_dynamic_task_mapping_with_no_taskflow_operators']) retrieved from /home/airflow/.local/lib/python3.8/site-packages/airflow/example_dags/example_dynamic_task_mapping_with_no_taskflow_operators.py
[2023-11-19T13:45:15.612+0000] {logging_mixin.py:154} INFO - [2023-11-19T13:45:15.612+0000] {dag.py:2941} INFO - Sync 1 DAGs
[2023-11-19T13:45:15.632+0000] {logging_mixin.py:154} INFO - [2023-11-19T13:45:15.632+0000] {dag.py:3722} INFO - Setting next_dagrun for example_dynamic_task_mapping_with_no_taskflow_operators to 2023-11-18T13:45:15.632266+00:00, run_after=2023-11-19T13:45:15.632266+00:00
[2023-11-19T13:45:15.653+0000] {processor.py:179} INFO - Processing /home/airflow/.local/lib/python3.8/site-packages/airflow/example_dags/example_dynamic_task_mapping_with_no_taskflow_operators.py took 0.072 seconds
[2023-11-19T13:45:46.040+0000] {processor.py:157} INFO - Started process (PID=331) to work on /home/airflow/.local/lib/python3.8/site-packages/airflow/example_dags/example_dynamic_task_mapping_with_no_taskflow_operators.py
[2023-11-19T13:45:46.048+0000] {processor.py:829} INFO - Processing file /home/airflow/.local/lib/python3.8/site-packages/airflow/example_dags/example_dynamic_task_mapping_with_no_taskflow_operators.py for tasks to queue
[2023-11-19T13:45:46.051+0000] {logging_mixin.py:154} INFO - [2023-11-19T13:45:46.050+0000] {dagbag.py:536} INFO - Filling up the DagBag from /home/airflow/.local/lib/python3.8/site-packages/airflow/example_dags/example_dynamic_task_mapping_with_no_taskflow_operators.py
[2023-11-19T13:45:46.060+0000] {processor.py:839} INFO - DAG(s) dict_keys(['example_dynamic_task_mapping_with_no_taskflow_operators']) retrieved from /home/airflow/.local/lib/python3.8/site-packages/airflow/example_dags/example_dynamic_task_mapping_with_no_taskflow_operators.py
[2023-11-19T13:45:46.088+0000] {logging_mixin.py:154} INFO - [2023-11-19T13:45:46.087+0000] {dag.py:2941} INFO - Sync 1 DAGs
[2023-11-19T13:45:46.119+0000] {logging_mixin.py:154} INFO - [2023-11-19T13:45:46.119+0000] {dag.py:3722} INFO - Setting next_dagrun for example_dynamic_task_mapping_with_no_taskflow_operators to 2023-11-18T13:45:46.119204+00:00, run_after=2023-11-19T13:45:46.119204+00:00
[2023-11-19T13:45:46.201+0000] {processor.py:179} INFO - Processing /home/airflow/.local/lib/python3.8/site-packages/airflow/example_dags/example_dynamic_task_mapping_with_no_taskflow_operators.py took 0.165 seconds
[2023-11-19T13:46:16.387+0000] {processor.py:157} INFO - Started process (PID=385) to work on /home/airflow/.local/lib/python3.8/site-packages/airflow/example_dags/example_dynamic_task_mapping_with_no_taskflow_operators.py
[2023-11-19T13:46:16.389+0000] {processor.py:829} INFO - Processing file /home/airflow/.local/lib/python3.8/site-packages/airflow/example_dags/example_dynamic_task_mapping_with_no_taskflow_operators.py for tasks to queue
[2023-11-19T13:46:16.392+0000] {logging_mixin.py:154} INFO - [2023-11-19T13:46:16.392+0000] {dagbag.py:536} INFO - Filling up the DagBag from /home/airflow/.local/lib/python3.8/site-packages/airflow/example_dags/example_dynamic_task_mapping_with_no_taskflow_operators.py
[2023-11-19T13:46:16.401+0000] {processor.py:839} INFO - DAG(s) dict_keys(['example_dynamic_task_mapping_with_no_taskflow_operators']) retrieved from /home/airflow/.local/lib/python3.8/site-packages/airflow/example_dags/example_dynamic_task_mapping_with_no_taskflow_operators.py
[2023-11-19T13:46:16.428+0000] {logging_mixin.py:154} INFO - [2023-11-19T13:46:16.427+0000] {dag.py:2941} INFO - Sync 1 DAGs
[2023-11-19T13:46:16.457+0000] {logging_mixin.py:154} INFO - [2023-11-19T13:46:16.457+0000] {dag.py:3722} INFO - Setting next_dagrun for example_dynamic_task_mapping_with_no_taskflow_operators to 2023-11-18T13:46:16.457193+00:00, run_after=2023-11-19T13:46:16.457193+00:00
[2023-11-19T13:46:16.480+0000] {processor.py:179} INFO - Processing /home/airflow/.local/lib/python3.8/site-packages/airflow/example_dags/example_dynamic_task_mapping_with_no_taskflow_operators.py took 0.098 seconds
[2023-11-19T13:46:46.801+0000] {processor.py:157} INFO - Started process (PID=439) to work on /home/airflow/.local/lib/python3.8/site-packages/airflow/example_dags/example_dynamic_task_mapping_with_no_taskflow_operators.py
[2023-11-19T13:46:46.802+0000] {processor.py:829} INFO - Processing file /home/airflow/.local/lib/python3.8/site-packages/airflow/example_dags/example_dynamic_task_mapping_with_no_taskflow_operators.py for tasks to queue
[2023-11-19T13:46:46.804+0000] {logging_mixin.py:154} INFO - [2023-11-19T13:46:46.804+0000] {dagbag.py:536} INFO - Filling up the DagBag from /home/airflow/.local/lib/python3.8/site-packages/airflow/example_dags/example_dynamic_task_mapping_with_no_taskflow_operators.py
[2023-11-19T13:46:46.810+0000] {processor.py:839} INFO - DAG(s) dict_keys(['example_dynamic_task_mapping_with_no_taskflow_operators']) retrieved from /home/airflow/.local/lib/python3.8/site-packages/airflow/example_dags/example_dynamic_task_mapping_with_no_taskflow_operators.py
[2023-11-19T13:46:46.830+0000] {logging_mixin.py:154} INFO - [2023-11-19T13:46:46.830+0000] {dag.py:2941} INFO - Sync 1 DAGs
[2023-11-19T13:46:46.853+0000] {logging_mixin.py:154} INFO - [2023-11-19T13:46:46.853+0000] {dag.py:3722} INFO - Setting next_dagrun for example_dynamic_task_mapping_with_no_taskflow_operators to 2023-11-18T13:46:46.853304+00:00, run_after=2023-11-19T13:46:46.853304+00:00
[2023-11-19T13:46:46.878+0000] {processor.py:179} INFO - Processing /home/airflow/.local/lib/python3.8/site-packages/airflow/example_dags/example_dynamic_task_mapping_with_no_taskflow_operators.py took 0.081 seconds
[2023-11-19T13:47:17.191+0000] {processor.py:157} INFO - Started process (PID=493) to work on /home/airflow/.local/lib/python3.8/site-packages/airflow/example_dags/example_dynamic_task_mapping_with_no_taskflow_operators.py
[2023-11-19T13:47:17.192+0000] {processor.py:829} INFO - Processing file /home/airflow/.local/lib/python3.8/site-packages/airflow/example_dags/example_dynamic_task_mapping_with_no_taskflow_operators.py for tasks to queue
[2023-11-19T13:47:17.194+0000] {logging_mixin.py:154} INFO - [2023-11-19T13:47:17.194+0000] {dagbag.py:536} INFO - Filling up the DagBag from /home/airflow/.local/lib/python3.8/site-packages/airflow/example_dags/example_dynamic_task_mapping_with_no_taskflow_operators.py
[2023-11-19T13:47:17.200+0000] {processor.py:839} INFO - DAG(s) dict_keys(['example_dynamic_task_mapping_with_no_taskflow_operators']) retrieved from /home/airflow/.local/lib/python3.8/site-packages/airflow/example_dags/example_dynamic_task_mapping_with_no_taskflow_operators.py
[2023-11-19T13:47:17.219+0000] {logging_mixin.py:154} INFO - [2023-11-19T13:47:17.219+0000] {dag.py:2941} INFO - Sync 1 DAGs
[2023-11-19T13:47:17.240+0000] {logging_mixin.py:154} INFO - [2023-11-19T13:47:17.240+0000] {dag.py:3722} INFO - Setting next_dagrun for example_dynamic_task_mapping_with_no_taskflow_operators to 2023-11-18T13:47:17.240021+00:00, run_after=2023-11-19T13:47:17.240021+00:00
[2023-11-19T13:47:17.261+0000] {processor.py:179} INFO - Processing /home/airflow/.local/lib/python3.8/site-packages/airflow/example_dags/example_dynamic_task_mapping_with_no_taskflow_operators.py took 0.073 seconds
[2023-11-19T13:47:47.765+0000] {processor.py:157} INFO - Started process (PID=547) to work on /home/airflow/.local/lib/python3.8/site-packages/airflow/example_dags/example_dynamic_task_mapping_with_no_taskflow_operators.py
[2023-11-19T13:47:47.804+0000] {processor.py:829} INFO - Processing file /home/airflow/.local/lib/python3.8/site-packages/airflow/example_dags/example_dynamic_task_mapping_with_no_taskflow_operators.py for tasks to queue
[2023-11-19T13:47:47.806+0000] {logging_mixin.py:154} INFO - [2023-11-19T13:47:47.806+0000] {dagbag.py:536} INFO - Filling up the DagBag from /home/airflow/.local/lib/python3.8/site-packages/airflow/example_dags/example_dynamic_task_mapping_with_no_taskflow_operators.py
[2023-11-19T13:47:47.814+0000] {processor.py:839} INFO - DAG(s) dict_keys(['example_dynamic_task_mapping_with_no_taskflow_operators']) retrieved from /home/airflow/.local/lib/python3.8/site-packages/airflow/example_dags/example_dynamic_task_mapping_with_no_taskflow_operators.py
[2023-11-19T13:47:47.843+0000] {logging_mixin.py:154} INFO - [2023-11-19T13:47:47.842+0000] {dag.py:2941} INFO - Sync 1 DAGs
[2023-11-19T13:47:47.875+0000] {logging_mixin.py:154} INFO - [2023-11-19T13:47:47.875+0000] {dag.py:3722} INFO - Setting next_dagrun for example_dynamic_task_mapping_with_no_taskflow_operators to 2023-11-18T13:47:47.874837+00:00, run_after=2023-11-19T13:47:47.874837+00:00
[2023-11-19T13:47:47.958+0000] {processor.py:179} INFO - Processing /home/airflow/.local/lib/python3.8/site-packages/airflow/example_dags/example_dynamic_task_mapping_with_no_taskflow_operators.py took 0.197 seconds
[2023-11-19T13:48:18.035+0000] {processor.py:157} INFO - Started process (PID=601) to work on /home/airflow/.local/lib/python3.8/site-packages/airflow/example_dags/example_dynamic_task_mapping_with_no_taskflow_operators.py
[2023-11-19T13:48:18.036+0000] {processor.py:829} INFO - Processing file /home/airflow/.local/lib/python3.8/site-packages/airflow/example_dags/example_dynamic_task_mapping_with_no_taskflow_operators.py for tasks to queue
[2023-11-19T13:48:18.039+0000] {logging_mixin.py:154} INFO - [2023-11-19T13:48:18.038+0000] {dagbag.py:536} INFO - Filling up the DagBag from /home/airflow/.local/lib/python3.8/site-packages/airflow/example_dags/example_dynamic_task_mapping_with_no_taskflow_operators.py
[2023-11-19T13:48:18.044+0000] {processor.py:839} INFO - DAG(s) dict_keys(['example_dynamic_task_mapping_with_no_taskflow_operators']) retrieved from /home/airflow/.local/lib/python3.8/site-packages/airflow/example_dags/example_dynamic_task_mapping_with_no_taskflow_operators.py
[2023-11-19T13:48:18.062+0000] {logging_mixin.py:154} INFO - [2023-11-19T13:48:18.062+0000] {dag.py:2941} INFO - Sync 1 DAGs
[2023-11-19T13:48:18.082+0000] {logging_mixin.py:154} INFO - [2023-11-19T13:48:18.082+0000] {dag.py:3722} INFO - Setting next_dagrun for example_dynamic_task_mapping_with_no_taskflow_operators to 2023-11-18T13:48:18.082253+00:00, run_after=2023-11-19T13:48:18.082253+00:00
[2023-11-19T13:48:18.104+0000] {processor.py:179} INFO - Processing /home/airflow/.local/lib/python3.8/site-packages/airflow/example_dags/example_dynamic_task_mapping_with_no_taskflow_operators.py took 0.072 seconds
[2023-11-19T13:48:48.275+0000] {processor.py:157} INFO - Started process (PID=655) to work on /home/airflow/.local/lib/python3.8/site-packages/airflow/example_dags/example_dynamic_task_mapping_with_no_taskflow_operators.py
[2023-11-19T13:48:48.277+0000] {processor.py:829} INFO - Processing file /home/airflow/.local/lib/python3.8/site-packages/airflow/example_dags/example_dynamic_task_mapping_with_no_taskflow_operators.py for tasks to queue
[2023-11-19T13:48:48.279+0000] {logging_mixin.py:154} INFO - [2023-11-19T13:48:48.279+0000] {dagbag.py:536} INFO - Filling up the DagBag from /home/airflow/.local/lib/python3.8/site-packages/airflow/example_dags/example_dynamic_task_mapping_with_no_taskflow_operators.py
[2023-11-19T13:48:48.289+0000] {processor.py:839} INFO - DAG(s) dict_keys(['example_dynamic_task_mapping_with_no_taskflow_operators']) retrieved from /home/airflow/.local/lib/python3.8/site-packages/airflow/example_dags/example_dynamic_task_mapping_with_no_taskflow_operators.py
[2023-11-19T13:48:48.317+0000] {logging_mixin.py:154} INFO - [2023-11-19T13:48:48.317+0000] {dag.py:2941} INFO - Sync 1 DAGs
[2023-11-19T13:48:48.343+0000] {logging_mixin.py:154} INFO - [2023-11-19T13:48:48.343+0000] {dag.py:3722} INFO - Setting next_dagrun for example_dynamic_task_mapping_with_no_taskflow_operators to 2023-11-18T13:48:48.342885+00:00, run_after=2023-11-19T13:48:48.342885+00:00
[2023-11-19T13:48:48.375+0000] {processor.py:179} INFO - Processing /home/airflow/.local/lib/python3.8/site-packages/airflow/example_dags/example_dynamic_task_mapping_with_no_taskflow_operators.py took 0.103 seconds
[2023-11-19T13:49:18.759+0000] {processor.py:157} INFO - Started process (PID=709) to work on /home/airflow/.local/lib/python3.8/site-packages/airflow/example_dags/example_dynamic_task_mapping_with_no_taskflow_operators.py
[2023-11-19T13:49:18.760+0000] {processor.py:829} INFO - Processing file /home/airflow/.local/lib/python3.8/site-packages/airflow/example_dags/example_dynamic_task_mapping_with_no_taskflow_operators.py for tasks to queue
[2023-11-19T13:49:18.761+0000] {logging_mixin.py:154} INFO - [2023-11-19T13:49:18.761+0000] {dagbag.py:536} INFO - Filling up the DagBag from /home/airflow/.local/lib/python3.8/site-packages/airflow/example_dags/example_dynamic_task_mapping_with_no_taskflow_operators.py
[2023-11-19T13:49:18.767+0000] {processor.py:839} INFO - DAG(s) dict_keys(['example_dynamic_task_mapping_with_no_taskflow_operators']) retrieved from /home/airflow/.local/lib/python3.8/site-packages/airflow/example_dags/example_dynamic_task_mapping_with_no_taskflow_operators.py
[2023-11-19T13:49:18.784+0000] {logging_mixin.py:154} INFO - [2023-11-19T13:49:18.784+0000] {dag.py:2941} INFO - Sync 1 DAGs
[2023-11-19T13:49:18.806+0000] {logging_mixin.py:154} INFO - [2023-11-19T13:49:18.806+0000] {dag.py:3722} INFO - Setting next_dagrun for example_dynamic_task_mapping_with_no_taskflow_operators to 2023-11-18T13:49:18.805909+00:00, run_after=2023-11-19T13:49:18.805909+00:00
[2023-11-19T13:49:18.826+0000] {processor.py:179} INFO - Processing /home/airflow/.local/lib/python3.8/site-packages/airflow/example_dags/example_dynamic_task_mapping_with_no_taskflow_operators.py took 0.070 seconds
[2023-11-19T13:49:48.861+0000] {processor.py:157} INFO - Started process (PID=762) to work on /home/airflow/.local/lib/python3.8/site-packages/airflow/example_dags/example_dynamic_task_mapping_with_no_taskflow_operators.py
[2023-11-19T13:49:48.864+0000] {processor.py:829} INFO - Processing file /home/airflow/.local/lib/python3.8/site-packages/airflow/example_dags/example_dynamic_task_mapping_with_no_taskflow_operators.py for tasks to queue
[2023-11-19T13:49:48.866+0000] {logging_mixin.py:154} INFO - [2023-11-19T13:49:48.866+0000] {dagbag.py:536} INFO - Filling up the DagBag from /home/airflow/.local/lib/python3.8/site-packages/airflow/example_dags/example_dynamic_task_mapping_with_no_taskflow_operators.py
[2023-11-19T13:49:48.876+0000] {processor.py:839} INFO - DAG(s) dict_keys(['example_dynamic_task_mapping_with_no_taskflow_operators']) retrieved from /home/airflow/.local/lib/python3.8/site-packages/airflow/example_dags/example_dynamic_task_mapping_with_no_taskflow_operators.py
[2023-11-19T13:49:48.900+0000] {logging_mixin.py:154} INFO - [2023-11-19T13:49:48.899+0000] {dag.py:2941} INFO - Sync 1 DAGs
[2023-11-19T13:49:48.922+0000] {logging_mixin.py:154} INFO - [2023-11-19T13:49:48.922+0000] {dag.py:3722} INFO - Setting next_dagrun for example_dynamic_task_mapping_with_no_taskflow_operators to 2023-11-18T13:49:48.921967+00:00, run_after=2023-11-19T13:49:48.921967+00:00
[2023-11-19T13:49:48.948+0000] {processor.py:179} INFO - Processing /home/airflow/.local/lib/python3.8/site-packages/airflow/example_dags/example_dynamic_task_mapping_with_no_taskflow_operators.py took 0.090 seconds
