[2023-11-19T13:43:14.712+0000] {processor.py:157} INFO - Started process (PID=65) to work on /home/airflow/.local/lib/python3.8/site-packages/airflow/example_dags/example_latest_only_with_trigger.py
[2023-11-19T13:43:14.714+0000] {processor.py:829} INFO - Processing file /home/airflow/.local/lib/python3.8/site-packages/airflow/example_dags/example_latest_only_with_trigger.py for tasks to queue
[2023-11-19T13:43:14.718+0000] {logging_mixin.py:154} INFO - [2023-11-19T13:43:14.718+0000] {dagbag.py:536} INFO - Filling up the DagBag from /home/airflow/.local/lib/python3.8/site-packages/airflow/example_dags/example_latest_only_with_trigger.py
[2023-11-19T13:43:14.754+0000] {processor.py:839} INFO - DAG(s) dict_keys(['latest_only_with_trigger']) retrieved from /home/airflow/.local/lib/python3.8/site-packages/airflow/example_dags/example_latest_only_with_trigger.py
[2023-11-19T13:43:14.788+0000] {logging_mixin.py:154} INFO - [2023-11-19T13:43:14.788+0000] {dag.py:2941} INFO - Sync 1 DAGs
[2023-11-19T13:43:14.892+0000] {logging_mixin.py:154} INFO - [2023-11-19T13:43:14.892+0000] {dag.py:3722} INFO - Setting next_dagrun for latest_only_with_trigger to 2023-11-19T09:43:14.892086+00:00, run_after=2023-11-19T13:43:14.892086+00:00
[2023-11-19T13:43:15.003+0000] {processor.py:179} INFO - Processing /home/airflow/.local/lib/python3.8/site-packages/airflow/example_dags/example_latest_only_with_trigger.py took 0.297 seconds
[2023-11-19T13:43:45.591+0000] {processor.py:157} INFO - Started process (PID=119) to work on /home/airflow/.local/lib/python3.8/site-packages/airflow/example_dags/example_latest_only_with_trigger.py
[2023-11-19T13:43:45.592+0000] {processor.py:829} INFO - Processing file /home/airflow/.local/lib/python3.8/site-packages/airflow/example_dags/example_latest_only_with_trigger.py for tasks to queue
[2023-11-19T13:43:45.595+0000] {logging_mixin.py:154} INFO - [2023-11-19T13:43:45.594+0000] {dagbag.py:536} INFO - Filling up the DagBag from /home/airflow/.local/lib/python3.8/site-packages/airflow/example_dags/example_latest_only_with_trigger.py
[2023-11-19T13:43:45.602+0000] {processor.py:839} INFO - DAG(s) dict_keys(['latest_only_with_trigger']) retrieved from /home/airflow/.local/lib/python3.8/site-packages/airflow/example_dags/example_latest_only_with_trigger.py
[2023-11-19T13:43:45.634+0000] {logging_mixin.py:154} INFO - [2023-11-19T13:43:45.634+0000] {dag.py:2941} INFO - Sync 1 DAGs
[2023-11-19T13:43:45.662+0000] {logging_mixin.py:154} INFO - [2023-11-19T13:43:45.661+0000] {dag.py:3722} INFO - Setting next_dagrun for latest_only_with_trigger to 2023-11-19T09:43:45.661583+00:00, run_after=2023-11-19T13:43:45.661583+00:00
[2023-11-19T13:43:45.684+0000] {processor.py:179} INFO - Processing /home/airflow/.local/lib/python3.8/site-packages/airflow/example_dags/example_latest_only_with_trigger.py took 0.098 seconds
[2023-11-19T13:44:16.229+0000] {processor.py:157} INFO - Started process (PID=173) to work on /home/airflow/.local/lib/python3.8/site-packages/airflow/example_dags/example_latest_only_with_trigger.py
[2023-11-19T13:44:16.231+0000] {processor.py:829} INFO - Processing file /home/airflow/.local/lib/python3.8/site-packages/airflow/example_dags/example_latest_only_with_trigger.py for tasks to queue
[2023-11-19T13:44:16.233+0000] {logging_mixin.py:154} INFO - [2023-11-19T13:44:16.232+0000] {dagbag.py:536} INFO - Filling up the DagBag from /home/airflow/.local/lib/python3.8/site-packages/airflow/example_dags/example_latest_only_with_trigger.py
[2023-11-19T13:44:16.238+0000] {processor.py:839} INFO - DAG(s) dict_keys(['latest_only_with_trigger']) retrieved from /home/airflow/.local/lib/python3.8/site-packages/airflow/example_dags/example_latest_only_with_trigger.py
[2023-11-19T13:44:16.257+0000] {logging_mixin.py:154} INFO - [2023-11-19T13:44:16.257+0000] {dag.py:2941} INFO - Sync 1 DAGs
[2023-11-19T13:44:16.280+0000] {logging_mixin.py:154} INFO - [2023-11-19T13:44:16.280+0000] {dag.py:3722} INFO - Setting next_dagrun for latest_only_with_trigger to 2023-11-19T09:44:16.279809+00:00, run_after=2023-11-19T13:44:16.279809+00:00
[2023-11-19T13:44:16.302+0000] {processor.py:179} INFO - Processing /home/airflow/.local/lib/python3.8/site-packages/airflow/example_dags/example_latest_only_with_trigger.py took 0.076 seconds
[2023-11-19T13:44:46.912+0000] {processor.py:157} INFO - Started process (PID=227) to work on /home/airflow/.local/lib/python3.8/site-packages/airflow/example_dags/example_latest_only_with_trigger.py
[2023-11-19T13:44:46.915+0000] {processor.py:829} INFO - Processing file /home/airflow/.local/lib/python3.8/site-packages/airflow/example_dags/example_latest_only_with_trigger.py for tasks to queue
[2023-11-19T13:44:46.918+0000] {logging_mixin.py:154} INFO - [2023-11-19T13:44:46.918+0000] {dagbag.py:536} INFO - Filling up the DagBag from /home/airflow/.local/lib/python3.8/site-packages/airflow/example_dags/example_latest_only_with_trigger.py
[2023-11-19T13:44:46.926+0000] {processor.py:839} INFO - DAG(s) dict_keys(['latest_only_with_trigger']) retrieved from /home/airflow/.local/lib/python3.8/site-packages/airflow/example_dags/example_latest_only_with_trigger.py
[2023-11-19T13:44:46.956+0000] {logging_mixin.py:154} INFO - [2023-11-19T13:44:46.955+0000] {dag.py:2941} INFO - Sync 1 DAGs
[2023-11-19T13:44:46.984+0000] {logging_mixin.py:154} INFO - [2023-11-19T13:44:46.984+0000] {dag.py:3722} INFO - Setting next_dagrun for latest_only_with_trigger to 2023-11-19T09:44:46.983899+00:00, run_after=2023-11-19T13:44:46.983899+00:00
[2023-11-19T13:44:47.008+0000] {processor.py:179} INFO - Processing /home/airflow/.local/lib/python3.8/site-packages/airflow/example_dags/example_latest_only_with_trigger.py took 0.100 seconds
[2023-11-19T13:45:17.960+0000] {processor.py:157} INFO - Started process (PID=281) to work on /home/airflow/.local/lib/python3.8/site-packages/airflow/example_dags/example_latest_only_with_trigger.py
[2023-11-19T13:45:17.960+0000] {processor.py:829} INFO - Processing file /home/airflow/.local/lib/python3.8/site-packages/airflow/example_dags/example_latest_only_with_trigger.py for tasks to queue
[2023-11-19T13:45:17.962+0000] {logging_mixin.py:154} INFO - [2023-11-19T13:45:17.962+0000] {dagbag.py:536} INFO - Filling up the DagBag from /home/airflow/.local/lib/python3.8/site-packages/airflow/example_dags/example_latest_only_with_trigger.py
[2023-11-19T13:45:17.967+0000] {processor.py:839} INFO - DAG(s) dict_keys(['latest_only_with_trigger']) retrieved from /home/airflow/.local/lib/python3.8/site-packages/airflow/example_dags/example_latest_only_with_trigger.py
[2023-11-19T13:45:17.998+0000] {logging_mixin.py:154} INFO - [2023-11-19T13:45:17.998+0000] {dag.py:2941} INFO - Sync 1 DAGs
[2023-11-19T13:45:18.031+0000] {logging_mixin.py:154} INFO - [2023-11-19T13:45:18.031+0000] {dag.py:3722} INFO - Setting next_dagrun for latest_only_with_trigger to 2023-11-19T09:45:18.030724+00:00, run_after=2023-11-19T13:45:18.030724+00:00
[2023-11-19T13:45:18.065+0000] {processor.py:179} INFO - Processing /home/airflow/.local/lib/python3.8/site-packages/airflow/example_dags/example_latest_only_with_trigger.py took 0.108 seconds
[2023-11-19T13:45:48.489+0000] {processor.py:157} INFO - Started process (PID=336) to work on /home/airflow/.local/lib/python3.8/site-packages/airflow/example_dags/example_latest_only_with_trigger.py
[2023-11-19T13:45:48.491+0000] {processor.py:829} INFO - Processing file /home/airflow/.local/lib/python3.8/site-packages/airflow/example_dags/example_latest_only_with_trigger.py for tasks to queue
[2023-11-19T13:45:48.493+0000] {logging_mixin.py:154} INFO - [2023-11-19T13:45:48.493+0000] {dagbag.py:536} INFO - Filling up the DagBag from /home/airflow/.local/lib/python3.8/site-packages/airflow/example_dags/example_latest_only_with_trigger.py
[2023-11-19T13:45:48.498+0000] {processor.py:839} INFO - DAG(s) dict_keys(['latest_only_with_trigger']) retrieved from /home/airflow/.local/lib/python3.8/site-packages/airflow/example_dags/example_latest_only_with_trigger.py
[2023-11-19T13:45:48.519+0000] {logging_mixin.py:154} INFO - [2023-11-19T13:45:48.519+0000] {dag.py:2941} INFO - Sync 1 DAGs
[2023-11-19T13:45:48.539+0000] {logging_mixin.py:154} INFO - [2023-11-19T13:45:48.539+0000] {dag.py:3722} INFO - Setting next_dagrun for latest_only_with_trigger to 2023-11-19T09:45:48.539596+00:00, run_after=2023-11-19T13:45:48.539596+00:00
[2023-11-19T13:45:48.559+0000] {processor.py:179} INFO - Processing /home/airflow/.local/lib/python3.8/site-packages/airflow/example_dags/example_latest_only_with_trigger.py took 0.073 seconds
[2023-11-19T13:46:18.952+0000] {processor.py:157} INFO - Started process (PID=390) to work on /home/airflow/.local/lib/python3.8/site-packages/airflow/example_dags/example_latest_only_with_trigger.py
[2023-11-19T13:46:18.953+0000] {processor.py:829} INFO - Processing file /home/airflow/.local/lib/python3.8/site-packages/airflow/example_dags/example_latest_only_with_trigger.py for tasks to queue
[2023-11-19T13:46:18.956+0000] {logging_mixin.py:154} INFO - [2023-11-19T13:46:18.956+0000] {dagbag.py:536} INFO - Filling up the DagBag from /home/airflow/.local/lib/python3.8/site-packages/airflow/example_dags/example_latest_only_with_trigger.py
[2023-11-19T13:46:18.965+0000] {processor.py:839} INFO - DAG(s) dict_keys(['latest_only_with_trigger']) retrieved from /home/airflow/.local/lib/python3.8/site-packages/airflow/example_dags/example_latest_only_with_trigger.py
[2023-11-19T13:46:18.996+0000] {logging_mixin.py:154} INFO - [2023-11-19T13:46:18.995+0000] {dag.py:2941} INFO - Sync 1 DAGs
[2023-11-19T13:46:19.022+0000] {logging_mixin.py:154} INFO - [2023-11-19T13:46:19.022+0000] {dag.py:3722} INFO - Setting next_dagrun for latest_only_with_trigger to 2023-11-19T09:46:19.022112+00:00, run_after=2023-11-19T13:46:19.022112+00:00
[2023-11-19T13:46:19.042+0000] {processor.py:179} INFO - Processing /home/airflow/.local/lib/python3.8/site-packages/airflow/example_dags/example_latest_only_with_trigger.py took 0.096 seconds
[2023-11-19T13:46:49.280+0000] {processor.py:157} INFO - Started process (PID=444) to work on /home/airflow/.local/lib/python3.8/site-packages/airflow/example_dags/example_latest_only_with_trigger.py
[2023-11-19T13:46:49.281+0000] {processor.py:829} INFO - Processing file /home/airflow/.local/lib/python3.8/site-packages/airflow/example_dags/example_latest_only_with_trigger.py for tasks to queue
[2023-11-19T13:46:49.284+0000] {logging_mixin.py:154} INFO - [2023-11-19T13:46:49.284+0000] {dagbag.py:536} INFO - Filling up the DagBag from /home/airflow/.local/lib/python3.8/site-packages/airflow/example_dags/example_latest_only_with_trigger.py
[2023-11-19T13:46:49.293+0000] {processor.py:839} INFO - DAG(s) dict_keys(['latest_only_with_trigger']) retrieved from /home/airflow/.local/lib/python3.8/site-packages/airflow/example_dags/example_latest_only_with_trigger.py
[2023-11-19T13:46:49.325+0000] {logging_mixin.py:154} INFO - [2023-11-19T13:46:49.324+0000] {dag.py:2941} INFO - Sync 1 DAGs
[2023-11-19T13:46:49.348+0000] {logging_mixin.py:154} INFO - [2023-11-19T13:46:49.347+0000] {dag.py:3722} INFO - Setting next_dagrun for latest_only_with_trigger to 2023-11-19T09:46:49.347692+00:00, run_after=2023-11-19T13:46:49.347692+00:00
[2023-11-19T13:46:49.557+0000] {processor.py:179} INFO - Processing /home/airflow/.local/lib/python3.8/site-packages/airflow/example_dags/example_latest_only_with_trigger.py took 0.283 seconds
[2023-11-19T13:47:20.504+0000] {processor.py:157} INFO - Started process (PID=498) to work on /home/airflow/.local/lib/python3.8/site-packages/airflow/example_dags/example_latest_only_with_trigger.py
[2023-11-19T13:47:20.506+0000] {processor.py:829} INFO - Processing file /home/airflow/.local/lib/python3.8/site-packages/airflow/example_dags/example_latest_only_with_trigger.py for tasks to queue
[2023-11-19T13:47:20.509+0000] {logging_mixin.py:154} INFO - [2023-11-19T13:47:20.508+0000] {dagbag.py:536} INFO - Filling up the DagBag from /home/airflow/.local/lib/python3.8/site-packages/airflow/example_dags/example_latest_only_with_trigger.py
[2023-11-19T13:47:20.517+0000] {processor.py:839} INFO - DAG(s) dict_keys(['latest_only_with_trigger']) retrieved from /home/airflow/.local/lib/python3.8/site-packages/airflow/example_dags/example_latest_only_with_trigger.py
[2023-11-19T13:47:20.547+0000] {logging_mixin.py:154} INFO - [2023-11-19T13:47:20.547+0000] {dag.py:2941} INFO - Sync 1 DAGs
[2023-11-19T13:47:20.574+0000] {logging_mixin.py:154} INFO - [2023-11-19T13:47:20.573+0000] {dag.py:3722} INFO - Setting next_dagrun for latest_only_with_trigger to 2023-11-19T09:47:20.573631+00:00, run_after=2023-11-19T13:47:20.573631+00:00
[2023-11-19T13:47:20.594+0000] {processor.py:179} INFO - Processing /home/airflow/.local/lib/python3.8/site-packages/airflow/example_dags/example_latest_only_with_trigger.py took 0.094 seconds
[2023-11-19T13:47:51.137+0000] {processor.py:157} INFO - Started process (PID=552) to work on /home/airflow/.local/lib/python3.8/site-packages/airflow/example_dags/example_latest_only_with_trigger.py
[2023-11-19T13:47:51.142+0000] {processor.py:829} INFO - Processing file /home/airflow/.local/lib/python3.8/site-packages/airflow/example_dags/example_latest_only_with_trigger.py for tasks to queue
[2023-11-19T13:47:51.144+0000] {logging_mixin.py:154} INFO - [2023-11-19T13:47:51.144+0000] {dagbag.py:536} INFO - Filling up the DagBag from /home/airflow/.local/lib/python3.8/site-packages/airflow/example_dags/example_latest_only_with_trigger.py
[2023-11-19T13:47:51.152+0000] {processor.py:839} INFO - DAG(s) dict_keys(['latest_only_with_trigger']) retrieved from /home/airflow/.local/lib/python3.8/site-packages/airflow/example_dags/example_latest_only_with_trigger.py
[2023-11-19T13:47:51.181+0000] {logging_mixin.py:154} INFO - [2023-11-19T13:47:51.181+0000] {dag.py:2941} INFO - Sync 1 DAGs
[2023-11-19T13:47:51.200+0000] {logging_mixin.py:154} INFO - [2023-11-19T13:47:51.200+0000] {dag.py:3722} INFO - Setting next_dagrun for latest_only_with_trigger to 2023-11-19T09:47:51.200340+00:00, run_after=2023-11-19T13:47:51.200340+00:00
[2023-11-19T13:47:51.227+0000] {processor.py:179} INFO - Processing /home/airflow/.local/lib/python3.8/site-packages/airflow/example_dags/example_latest_only_with_trigger.py took 0.094 seconds
[2023-11-19T13:48:21.304+0000] {processor.py:157} INFO - Started process (PID=605) to work on /home/airflow/.local/lib/python3.8/site-packages/airflow/example_dags/example_latest_only_with_trigger.py
[2023-11-19T13:48:21.305+0000] {processor.py:829} INFO - Processing file /home/airflow/.local/lib/python3.8/site-packages/airflow/example_dags/example_latest_only_with_trigger.py for tasks to queue
[2023-11-19T13:48:21.308+0000] {logging_mixin.py:154} INFO - [2023-11-19T13:48:21.308+0000] {dagbag.py:536} INFO - Filling up the DagBag from /home/airflow/.local/lib/python3.8/site-packages/airflow/example_dags/example_latest_only_with_trigger.py
[2023-11-19T13:48:21.317+0000] {processor.py:839} INFO - DAG(s) dict_keys(['latest_only_with_trigger']) retrieved from /home/airflow/.local/lib/python3.8/site-packages/airflow/example_dags/example_latest_only_with_trigger.py
[2023-11-19T13:48:21.348+0000] {logging_mixin.py:154} INFO - [2023-11-19T13:48:21.348+0000] {dag.py:2941} INFO - Sync 1 DAGs
[2023-11-19T13:48:21.377+0000] {logging_mixin.py:154} INFO - [2023-11-19T13:48:21.377+0000] {dag.py:3722} INFO - Setting next_dagrun for latest_only_with_trigger to 2023-11-19T09:48:21.376997+00:00, run_after=2023-11-19T13:48:21.376997+00:00
[2023-11-19T13:48:21.403+0000] {processor.py:179} INFO - Processing /home/airflow/.local/lib/python3.8/site-packages/airflow/example_dags/example_latest_only_with_trigger.py took 0.104 seconds
[2023-11-19T13:48:51.549+0000] {processor.py:157} INFO - Started process (PID=659) to work on /home/airflow/.local/lib/python3.8/site-packages/airflow/example_dags/example_latest_only_with_trigger.py
[2023-11-19T13:48:51.553+0000] {processor.py:829} INFO - Processing file /home/airflow/.local/lib/python3.8/site-packages/airflow/example_dags/example_latest_only_with_trigger.py for tasks to queue
[2023-11-19T13:48:51.557+0000] {logging_mixin.py:154} INFO - [2023-11-19T13:48:51.557+0000] {dagbag.py:536} INFO - Filling up the DagBag from /home/airflow/.local/lib/python3.8/site-packages/airflow/example_dags/example_latest_only_with_trigger.py
[2023-11-19T13:48:51.568+0000] {processor.py:839} INFO - DAG(s) dict_keys(['latest_only_with_trigger']) retrieved from /home/airflow/.local/lib/python3.8/site-packages/airflow/example_dags/example_latest_only_with_trigger.py
[2023-11-19T13:48:51.602+0000] {logging_mixin.py:154} INFO - [2023-11-19T13:48:51.602+0000] {dag.py:2941} INFO - Sync 1 DAGs
[2023-11-19T13:48:51.623+0000] {logging_mixin.py:154} INFO - [2023-11-19T13:48:51.622+0000] {dag.py:3722} INFO - Setting next_dagrun for latest_only_with_trigger to 2023-11-19T09:48:51.622578+00:00, run_after=2023-11-19T13:48:51.622578+00:00
[2023-11-19T13:48:51.645+0000] {processor.py:179} INFO - Processing /home/airflow/.local/lib/python3.8/site-packages/airflow/example_dags/example_latest_only_with_trigger.py took 0.101 seconds
[2023-11-19T13:49:22.014+0000] {processor.py:157} INFO - Started process (PID=713) to work on /home/airflow/.local/lib/python3.8/site-packages/airflow/example_dags/example_latest_only_with_trigger.py
[2023-11-19T13:49:22.015+0000] {processor.py:829} INFO - Processing file /home/airflow/.local/lib/python3.8/site-packages/airflow/example_dags/example_latest_only_with_trigger.py for tasks to queue
[2023-11-19T13:49:22.018+0000] {logging_mixin.py:154} INFO - [2023-11-19T13:49:22.018+0000] {dagbag.py:536} INFO - Filling up the DagBag from /home/airflow/.local/lib/python3.8/site-packages/airflow/example_dags/example_latest_only_with_trigger.py
[2023-11-19T13:49:22.026+0000] {processor.py:839} INFO - DAG(s) dict_keys(['latest_only_with_trigger']) retrieved from /home/airflow/.local/lib/python3.8/site-packages/airflow/example_dags/example_latest_only_with_trigger.py
[2023-11-19T13:49:22.049+0000] {logging_mixin.py:154} INFO - [2023-11-19T13:49:22.049+0000] {dag.py:2941} INFO - Sync 1 DAGs
[2023-11-19T13:49:22.069+0000] {logging_mixin.py:154} INFO - [2023-11-19T13:49:22.069+0000] {dag.py:3722} INFO - Setting next_dagrun for latest_only_with_trigger to 2023-11-19T09:49:22.069150+00:00, run_after=2023-11-19T13:49:22.069150+00:00
[2023-11-19T13:49:22.091+0000] {processor.py:179} INFO - Processing /home/airflow/.local/lib/python3.8/site-packages/airflow/example_dags/example_latest_only_with_trigger.py took 0.082 seconds
