[2023-11-19T13:43:18.369+0000] {processor.py:157} INFO - Started process (PID=79) to work on /home/airflow/.local/lib/python3.8/site-packages/airflow/example_dags/example_sla_dag.py
[2023-11-19T13:43:18.370+0000] {processor.py:829} INFO - Processing file /home/airflow/.local/lib/python3.8/site-packages/airflow/example_dags/example_sla_dag.py for tasks to queue
[2023-11-19T13:43:18.373+0000] {logging_mixin.py:154} INFO - [2023-11-19T13:43:18.372+0000] {dagbag.py:536} INFO - Filling up the DagBag from /home/airflow/.local/lib/python3.8/site-packages/airflow/example_dags/example_sla_dag.py
[2023-11-19T13:43:18.390+0000] {processor.py:839} INFO - DAG(s) dict_keys(['example_sla_dag']) retrieved from /home/airflow/.local/lib/python3.8/site-packages/airflow/example_dags/example_sla_dag.py
[2023-11-19T13:43:18.411+0000] {logging_mixin.py:154} INFO - [2023-11-19T13:43:18.411+0000] {dag.py:2941} INFO - Sync 1 DAGs
[2023-11-19T13:43:18.440+0000] {logging_mixin.py:154} INFO - [2023-11-19T13:43:18.440+0000] {dag.py:3722} INFO - Setting next_dagrun for example_sla_dag to 2023-11-19T13:40:00+00:00, run_after=2023-11-19T13:42:00+00:00
[2023-11-19T13:43:18.574+0000] {processor.py:179} INFO - Processing /home/airflow/.local/lib/python3.8/site-packages/airflow/example_dags/example_sla_dag.py took 0.211 seconds
[2023-11-19T13:43:49.539+0000] {processor.py:157} INFO - Started process (PID=133) to work on /home/airflow/.local/lib/python3.8/site-packages/airflow/example_dags/example_sla_dag.py
[2023-11-19T13:43:49.540+0000] {processor.py:829} INFO - Processing file /home/airflow/.local/lib/python3.8/site-packages/airflow/example_dags/example_sla_dag.py for tasks to queue
[2023-11-19T13:43:49.543+0000] {logging_mixin.py:154} INFO - [2023-11-19T13:43:49.543+0000] {dagbag.py:536} INFO - Filling up the DagBag from /home/airflow/.local/lib/python3.8/site-packages/airflow/example_dags/example_sla_dag.py
[2023-11-19T13:43:49.557+0000] {processor.py:839} INFO - DAG(s) dict_keys(['example_sla_dag']) retrieved from /home/airflow/.local/lib/python3.8/site-packages/airflow/example_dags/example_sla_dag.py
[2023-11-19T13:43:49.581+0000] {logging_mixin.py:154} INFO - [2023-11-19T13:43:49.581+0000] {dag.py:2941} INFO - Sync 1 DAGs
[2023-11-19T13:43:49.614+0000] {logging_mixin.py:154} INFO - [2023-11-19T13:43:49.614+0000] {dag.py:3722} INFO - Setting next_dagrun for example_sla_dag to 2023-11-19T13:40:00+00:00, run_after=2023-11-19T13:42:00+00:00
[2023-11-19T13:43:49.639+0000] {processor.py:179} INFO - Processing /home/airflow/.local/lib/python3.8/site-packages/airflow/example_dags/example_sla_dag.py took 0.106 seconds
[2023-11-19T13:44:20.045+0000] {processor.py:157} INFO - Started process (PID=187) to work on /home/airflow/.local/lib/python3.8/site-packages/airflow/example_dags/example_sla_dag.py
[2023-11-19T13:44:20.046+0000] {processor.py:829} INFO - Processing file /home/airflow/.local/lib/python3.8/site-packages/airflow/example_dags/example_sla_dag.py for tasks to queue
[2023-11-19T13:44:20.048+0000] {logging_mixin.py:154} INFO - [2023-11-19T13:44:20.047+0000] {dagbag.py:536} INFO - Filling up the DagBag from /home/airflow/.local/lib/python3.8/site-packages/airflow/example_dags/example_sla_dag.py
[2023-11-19T13:44:20.056+0000] {processor.py:839} INFO - DAG(s) dict_keys(['example_sla_dag']) retrieved from /home/airflow/.local/lib/python3.8/site-packages/airflow/example_dags/example_sla_dag.py
[2023-11-19T13:44:20.078+0000] {logging_mixin.py:154} INFO - [2023-11-19T13:44:20.078+0000] {dag.py:2941} INFO - Sync 1 DAGs
[2023-11-19T13:44:20.102+0000] {logging_mixin.py:154} INFO - [2023-11-19T13:44:20.102+0000] {dag.py:3722} INFO - Setting next_dagrun for example_sla_dag to 2023-11-19T13:42:00+00:00, run_after=2023-11-19T13:44:00+00:00
[2023-11-19T13:44:20.122+0000] {processor.py:179} INFO - Processing /home/airflow/.local/lib/python3.8/site-packages/airflow/example_dags/example_sla_dag.py took 0.080 seconds
[2023-11-19T13:44:50.850+0000] {processor.py:157} INFO - Started process (PID=241) to work on /home/airflow/.local/lib/python3.8/site-packages/airflow/example_dags/example_sla_dag.py
[2023-11-19T13:44:50.851+0000] {processor.py:829} INFO - Processing file /home/airflow/.local/lib/python3.8/site-packages/airflow/example_dags/example_sla_dag.py for tasks to queue
[2023-11-19T13:44:50.855+0000] {logging_mixin.py:154} INFO - [2023-11-19T13:44:50.854+0000] {dagbag.py:536} INFO - Filling up the DagBag from /home/airflow/.local/lib/python3.8/site-packages/airflow/example_dags/example_sla_dag.py
[2023-11-19T13:44:50.866+0000] {processor.py:839} INFO - DAG(s) dict_keys(['example_sla_dag']) retrieved from /home/airflow/.local/lib/python3.8/site-packages/airflow/example_dags/example_sla_dag.py
[2023-11-19T13:44:50.887+0000] {logging_mixin.py:154} INFO - [2023-11-19T13:44:50.887+0000] {dag.py:2941} INFO - Sync 1 DAGs
[2023-11-19T13:44:50.911+0000] {logging_mixin.py:154} INFO - [2023-11-19T13:44:50.911+0000] {dag.py:3722} INFO - Setting next_dagrun for example_sla_dag to 2023-11-19T13:42:00+00:00, run_after=2023-11-19T13:44:00+00:00
[2023-11-19T13:44:50.934+0000] {processor.py:179} INFO - Processing /home/airflow/.local/lib/python3.8/site-packages/airflow/example_dags/example_sla_dag.py took 0.089 seconds
[2023-11-19T13:45:21.236+0000] {processor.py:157} INFO - Started process (PID=295) to work on /home/airflow/.local/lib/python3.8/site-packages/airflow/example_dags/example_sla_dag.py
[2023-11-19T13:45:21.237+0000] {processor.py:829} INFO - Processing file /home/airflow/.local/lib/python3.8/site-packages/airflow/example_dags/example_sla_dag.py for tasks to queue
[2023-11-19T13:45:21.240+0000] {logging_mixin.py:154} INFO - [2023-11-19T13:45:21.240+0000] {dagbag.py:536} INFO - Filling up the DagBag from /home/airflow/.local/lib/python3.8/site-packages/airflow/example_dags/example_sla_dag.py
[2023-11-19T13:45:21.252+0000] {processor.py:839} INFO - DAG(s) dict_keys(['example_sla_dag']) retrieved from /home/airflow/.local/lib/python3.8/site-packages/airflow/example_dags/example_sla_dag.py
[2023-11-19T13:45:21.283+0000] {logging_mixin.py:154} INFO - [2023-11-19T13:45:21.283+0000] {dag.py:2941} INFO - Sync 1 DAGs
[2023-11-19T13:45:21.313+0000] {logging_mixin.py:154} INFO - [2023-11-19T13:45:21.313+0000] {dag.py:3722} INFO - Setting next_dagrun for example_sla_dag to 2023-11-19T13:42:00+00:00, run_after=2023-11-19T13:44:00+00:00
[2023-11-19T13:45:21.333+0000] {processor.py:179} INFO - Processing /home/airflow/.local/lib/python3.8/site-packages/airflow/example_dags/example_sla_dag.py took 0.102 seconds
[2023-11-19T13:45:51.456+0000] {processor.py:157} INFO - Started process (PID=350) to work on /home/airflow/.local/lib/python3.8/site-packages/airflow/example_dags/example_sla_dag.py
[2023-11-19T13:45:51.458+0000] {processor.py:829} INFO - Processing file /home/airflow/.local/lib/python3.8/site-packages/airflow/example_dags/example_sla_dag.py for tasks to queue
[2023-11-19T13:45:51.461+0000] {logging_mixin.py:154} INFO - [2023-11-19T13:45:51.461+0000] {dagbag.py:536} INFO - Filling up the DagBag from /home/airflow/.local/lib/python3.8/site-packages/airflow/example_dags/example_sla_dag.py
[2023-11-19T13:45:51.473+0000] {processor.py:839} INFO - DAG(s) dict_keys(['example_sla_dag']) retrieved from /home/airflow/.local/lib/python3.8/site-packages/airflow/example_dags/example_sla_dag.py
[2023-11-19T13:45:51.494+0000] {logging_mixin.py:154} INFO - [2023-11-19T13:45:51.494+0000] {dag.py:2941} INFO - Sync 1 DAGs
[2023-11-19T13:45:51.518+0000] {logging_mixin.py:154} INFO - [2023-11-19T13:45:51.518+0000] {dag.py:3722} INFO - Setting next_dagrun for example_sla_dag to 2023-11-19T13:42:00+00:00, run_after=2023-11-19T13:44:00+00:00
[2023-11-19T13:45:51.540+0000] {processor.py:179} INFO - Processing /home/airflow/.local/lib/python3.8/site-packages/airflow/example_dags/example_sla_dag.py took 0.089 seconds
[2023-11-19T13:46:21.968+0000] {processor.py:157} INFO - Started process (PID=404) to work on /home/airflow/.local/lib/python3.8/site-packages/airflow/example_dags/example_sla_dag.py
[2023-11-19T13:46:21.969+0000] {processor.py:829} INFO - Processing file /home/airflow/.local/lib/python3.8/site-packages/airflow/example_dags/example_sla_dag.py for tasks to queue
[2023-11-19T13:46:21.972+0000] {logging_mixin.py:154} INFO - [2023-11-19T13:46:21.972+0000] {dagbag.py:536} INFO - Filling up the DagBag from /home/airflow/.local/lib/python3.8/site-packages/airflow/example_dags/example_sla_dag.py
[2023-11-19T13:46:21.984+0000] {processor.py:839} INFO - DAG(s) dict_keys(['example_sla_dag']) retrieved from /home/airflow/.local/lib/python3.8/site-packages/airflow/example_dags/example_sla_dag.py
[2023-11-19T13:46:22.008+0000] {logging_mixin.py:154} INFO - [2023-11-19T13:46:22.007+0000] {dag.py:2941} INFO - Sync 1 DAGs
[2023-11-19T13:46:22.035+0000] {logging_mixin.py:154} INFO - [2023-11-19T13:46:22.034+0000] {dag.py:3722} INFO - Setting next_dagrun for example_sla_dag to 2023-11-19T13:44:00+00:00, run_after=2023-11-19T13:46:00+00:00
[2023-11-19T13:46:22.060+0000] {processor.py:179} INFO - Processing /home/airflow/.local/lib/python3.8/site-packages/airflow/example_dags/example_sla_dag.py took 0.097 seconds
[2023-11-19T13:46:52.462+0000] {processor.py:157} INFO - Started process (PID=458) to work on /home/airflow/.local/lib/python3.8/site-packages/airflow/example_dags/example_sla_dag.py
[2023-11-19T13:46:52.465+0000] {processor.py:829} INFO - Processing file /home/airflow/.local/lib/python3.8/site-packages/airflow/example_dags/example_sla_dag.py for tasks to queue
[2023-11-19T13:46:52.467+0000] {logging_mixin.py:154} INFO - [2023-11-19T13:46:52.467+0000] {dagbag.py:536} INFO - Filling up the DagBag from /home/airflow/.local/lib/python3.8/site-packages/airflow/example_dags/example_sla_dag.py
[2023-11-19T13:46:52.475+0000] {processor.py:839} INFO - DAG(s) dict_keys(['example_sla_dag']) retrieved from /home/airflow/.local/lib/python3.8/site-packages/airflow/example_dags/example_sla_dag.py
[2023-11-19T13:46:52.496+0000] {logging_mixin.py:154} INFO - [2023-11-19T13:46:52.496+0000] {dag.py:2941} INFO - Sync 1 DAGs
[2023-11-19T13:46:52.520+0000] {logging_mixin.py:154} INFO - [2023-11-19T13:46:52.520+0000] {dag.py:3722} INFO - Setting next_dagrun for example_sla_dag to 2023-11-19T13:44:00+00:00, run_after=2023-11-19T13:46:00+00:00
[2023-11-19T13:46:52.542+0000] {processor.py:179} INFO - Processing /home/airflow/.local/lib/python3.8/site-packages/airflow/example_dags/example_sla_dag.py took 0.083 seconds
[2023-11-19T13:47:22.737+0000] {processor.py:157} INFO - Started process (PID=512) to work on /home/airflow/.local/lib/python3.8/site-packages/airflow/example_dags/example_sla_dag.py
[2023-11-19T13:47:22.740+0000] {processor.py:829} INFO - Processing file /home/airflow/.local/lib/python3.8/site-packages/airflow/example_dags/example_sla_dag.py for tasks to queue
[2023-11-19T13:47:22.744+0000] {logging_mixin.py:154} INFO - [2023-11-19T13:47:22.744+0000] {dagbag.py:536} INFO - Filling up the DagBag from /home/airflow/.local/lib/python3.8/site-packages/airflow/example_dags/example_sla_dag.py
[2023-11-19T13:47:22.756+0000] {processor.py:839} INFO - DAG(s) dict_keys(['example_sla_dag']) retrieved from /home/airflow/.local/lib/python3.8/site-packages/airflow/example_dags/example_sla_dag.py
[2023-11-19T13:47:22.778+0000] {logging_mixin.py:154} INFO - [2023-11-19T13:47:22.777+0000] {dag.py:2941} INFO - Sync 1 DAGs
[2023-11-19T13:47:22.802+0000] {logging_mixin.py:154} INFO - [2023-11-19T13:47:22.802+0000] {dag.py:3722} INFO - Setting next_dagrun for example_sla_dag to 2023-11-19T13:44:00+00:00, run_after=2023-11-19T13:46:00+00:00
[2023-11-19T13:47:22.823+0000] {processor.py:179} INFO - Processing /home/airflow/.local/lib/python3.8/site-packages/airflow/example_dags/example_sla_dag.py took 0.091 seconds
[2023-11-19T13:47:53.143+0000] {processor.py:157} INFO - Started process (PID=566) to work on /home/airflow/.local/lib/python3.8/site-packages/airflow/example_dags/example_sla_dag.py
[2023-11-19T13:47:53.146+0000] {processor.py:829} INFO - Processing file /home/airflow/.local/lib/python3.8/site-packages/airflow/example_dags/example_sla_dag.py for tasks to queue
[2023-11-19T13:47:53.149+0000] {logging_mixin.py:154} INFO - [2023-11-19T13:47:53.149+0000] {dagbag.py:536} INFO - Filling up the DagBag from /home/airflow/.local/lib/python3.8/site-packages/airflow/example_dags/example_sla_dag.py
[2023-11-19T13:47:53.161+0000] {processor.py:839} INFO - DAG(s) dict_keys(['example_sla_dag']) retrieved from /home/airflow/.local/lib/python3.8/site-packages/airflow/example_dags/example_sla_dag.py
[2023-11-19T13:47:53.187+0000] {logging_mixin.py:154} INFO - [2023-11-19T13:47:53.187+0000] {dag.py:2941} INFO - Sync 1 DAGs
[2023-11-19T13:47:53.216+0000] {logging_mixin.py:154} INFO - [2023-11-19T13:47:53.216+0000] {dag.py:3722} INFO - Setting next_dagrun for example_sla_dag to 2023-11-19T13:44:00+00:00, run_after=2023-11-19T13:46:00+00:00
[2023-11-19T13:47:53.237+0000] {processor.py:179} INFO - Processing /home/airflow/.local/lib/python3.8/site-packages/airflow/example_dags/example_sla_dag.py took 0.099 seconds
[2023-11-19T13:48:23.602+0000] {processor.py:157} INFO - Started process (PID=620) to work on /home/airflow/.local/lib/python3.8/site-packages/airflow/example_dags/example_sla_dag.py
[2023-11-19T13:48:23.604+0000] {processor.py:829} INFO - Processing file /home/airflow/.local/lib/python3.8/site-packages/airflow/example_dags/example_sla_dag.py for tasks to queue
[2023-11-19T13:48:23.607+0000] {logging_mixin.py:154} INFO - [2023-11-19T13:48:23.606+0000] {dagbag.py:536} INFO - Filling up the DagBag from /home/airflow/.local/lib/python3.8/site-packages/airflow/example_dags/example_sla_dag.py
[2023-11-19T13:48:23.619+0000] {processor.py:839} INFO - DAG(s) dict_keys(['example_sla_dag']) retrieved from /home/airflow/.local/lib/python3.8/site-packages/airflow/example_dags/example_sla_dag.py
[2023-11-19T13:48:23.644+0000] {logging_mixin.py:154} INFO - [2023-11-19T13:48:23.644+0000] {dag.py:2941} INFO - Sync 1 DAGs
[2023-11-19T13:48:23.675+0000] {logging_mixin.py:154} INFO - [2023-11-19T13:48:23.675+0000] {dag.py:3722} INFO - Setting next_dagrun for example_sla_dag to 2023-11-19T13:46:00+00:00, run_after=2023-11-19T13:48:00+00:00
[2023-11-19T13:48:23.704+0000] {processor.py:179} INFO - Processing /home/airflow/.local/lib/python3.8/site-packages/airflow/example_dags/example_sla_dag.py took 0.107 seconds
[2023-11-19T13:48:54.620+0000] {processor.py:157} INFO - Started process (PID=674) to work on /home/airflow/.local/lib/python3.8/site-packages/airflow/example_dags/example_sla_dag.py
[2023-11-19T13:48:54.621+0000] {processor.py:829} INFO - Processing file /home/airflow/.local/lib/python3.8/site-packages/airflow/example_dags/example_sla_dag.py for tasks to queue
[2023-11-19T13:48:54.624+0000] {logging_mixin.py:154} INFO - [2023-11-19T13:48:54.624+0000] {dagbag.py:536} INFO - Filling up the DagBag from /home/airflow/.local/lib/python3.8/site-packages/airflow/example_dags/example_sla_dag.py
[2023-11-19T13:48:54.633+0000] {processor.py:839} INFO - DAG(s) dict_keys(['example_sla_dag']) retrieved from /home/airflow/.local/lib/python3.8/site-packages/airflow/example_dags/example_sla_dag.py
[2023-11-19T13:48:54.653+0000] {logging_mixin.py:154} INFO - [2023-11-19T13:48:54.653+0000] {dag.py:2941} INFO - Sync 1 DAGs
[2023-11-19T13:48:54.677+0000] {logging_mixin.py:154} INFO - [2023-11-19T13:48:54.677+0000] {dag.py:3722} INFO - Setting next_dagrun for example_sla_dag to 2023-11-19T13:46:00+00:00, run_after=2023-11-19T13:48:00+00:00
[2023-11-19T13:48:54.699+0000] {processor.py:179} INFO - Processing /home/airflow/.local/lib/python3.8/site-packages/airflow/example_dags/example_sla_dag.py took 0.083 seconds
[2023-11-19T13:49:25.153+0000] {processor.py:157} INFO - Started process (PID=728) to work on /home/airflow/.local/lib/python3.8/site-packages/airflow/example_dags/example_sla_dag.py
[2023-11-19T13:49:25.154+0000] {processor.py:829} INFO - Processing file /home/airflow/.local/lib/python3.8/site-packages/airflow/example_dags/example_sla_dag.py for tasks to queue
[2023-11-19T13:49:25.156+0000] {logging_mixin.py:154} INFO - [2023-11-19T13:49:25.156+0000] {dagbag.py:536} INFO - Filling up the DagBag from /home/airflow/.local/lib/python3.8/site-packages/airflow/example_dags/example_sla_dag.py
[2023-11-19T13:49:25.165+0000] {processor.py:839} INFO - DAG(s) dict_keys(['example_sla_dag']) retrieved from /home/airflow/.local/lib/python3.8/site-packages/airflow/example_dags/example_sla_dag.py
[2023-11-19T13:49:25.189+0000] {logging_mixin.py:154} INFO - [2023-11-19T13:49:25.188+0000] {dag.py:2941} INFO - Sync 1 DAGs
[2023-11-19T13:49:25.265+0000] {logging_mixin.py:154} INFO - [2023-11-19T13:49:25.265+0000] {dag.py:3722} INFO - Setting next_dagrun for example_sla_dag to 2023-11-19T13:46:00+00:00, run_after=2023-11-19T13:48:00+00:00
[2023-11-19T13:49:25.288+0000] {processor.py:179} INFO - Processing /home/airflow/.local/lib/python3.8/site-packages/airflow/example_dags/example_sla_dag.py took 0.137 seconds
