[2023-11-19T13:43:13.818+0000] {processor.py:157} INFO - Started process (PID=61) to work on /home/airflow/.local/lib/python3.8/site-packages/airflow/example_dags/example_external_task_marker_dag.py
[2023-11-19T13:43:13.820+0000] {processor.py:829} INFO - Processing file /home/airflow/.local/lib/python3.8/site-packages/airflow/example_dags/example_external_task_marker_dag.py for tasks to queue
[2023-11-19T13:43:13.824+0000] {logging_mixin.py:154} INFO - [2023-11-19T13:43:13.824+0000] {dagbag.py:536} INFO - Filling up the DagBag from /home/airflow/.local/lib/python3.8/site-packages/airflow/example_dags/example_external_task_marker_dag.py
[2023-11-19T13:43:13.846+0000] {processor.py:839} INFO - DAG(s) dict_keys(['example_external_task_marker_child', 'example_external_task_marker_parent']) retrieved from /home/airflow/.local/lib/python3.8/site-packages/airflow/example_dags/example_external_task_marker_dag.py
[2023-11-19T13:43:13.879+0000] {logging_mixin.py:154} INFO - [2023-11-19T13:43:13.879+0000] {dag.py:2941} INFO - Sync 2 DAGs
[2023-11-19T13:43:13.893+0000] {logging_mixin.py:154} INFO - [2023-11-19T13:43:13.893+0000] {dag.py:3722} INFO - Setting next_dagrun for example_external_task_marker_child to None, run_after=None
[2023-11-19T13:43:13.897+0000] {logging_mixin.py:154} INFO - [2023-11-19T13:43:13.897+0000] {dag.py:3722} INFO - Setting next_dagrun for example_external_task_marker_parent to None, run_after=None
[2023-11-19T13:43:13.949+0000] {processor.py:179} INFO - Processing /home/airflow/.local/lib/python3.8/site-packages/airflow/example_dags/example_external_task_marker_dag.py took 0.138 seconds
[2023-11-19T13:43:44.052+0000] {processor.py:157} INFO - Started process (PID=108) to work on /home/airflow/.local/lib/python3.8/site-packages/airflow/example_dags/example_external_task_marker_dag.py
[2023-11-19T13:43:44.053+0000] {processor.py:829} INFO - Processing file /home/airflow/.local/lib/python3.8/site-packages/airflow/example_dags/example_external_task_marker_dag.py for tasks to queue
[2023-11-19T13:43:44.055+0000] {logging_mixin.py:154} INFO - [2023-11-19T13:43:44.055+0000] {dagbag.py:536} INFO - Filling up the DagBag from /home/airflow/.local/lib/python3.8/site-packages/airflow/example_dags/example_external_task_marker_dag.py
[2023-11-19T13:43:44.062+0000] {processor.py:839} INFO - DAG(s) dict_keys(['example_external_task_marker_parent', 'example_external_task_marker_child']) retrieved from /home/airflow/.local/lib/python3.8/site-packages/airflow/example_dags/example_external_task_marker_dag.py
[2023-11-19T13:43:44.125+0000] {logging_mixin.py:154} INFO - [2023-11-19T13:43:44.125+0000] {dag.py:2941} INFO - Sync 2 DAGs
[2023-11-19T13:43:44.146+0000] {logging_mixin.py:154} INFO - [2023-11-19T13:43:44.146+0000] {dag.py:3722} INFO - Setting next_dagrun for example_external_task_marker_child to None, run_after=None
[2023-11-19T13:43:44.151+0000] {logging_mixin.py:154} INFO - [2023-11-19T13:43:44.151+0000] {dag.py:3722} INFO - Setting next_dagrun for example_external_task_marker_parent to None, run_after=None
[2023-11-19T13:43:44.176+0000] {processor.py:179} INFO - Processing /home/airflow/.local/lib/python3.8/site-packages/airflow/example_dags/example_external_task_marker_dag.py took 0.129 seconds
[2023-11-19T13:44:14.867+0000] {processor.py:157} INFO - Started process (PID=169) to work on /home/airflow/.local/lib/python3.8/site-packages/airflow/example_dags/example_external_task_marker_dag.py
[2023-11-19T13:44:14.871+0000] {processor.py:829} INFO - Processing file /home/airflow/.local/lib/python3.8/site-packages/airflow/example_dags/example_external_task_marker_dag.py for tasks to queue
[2023-11-19T13:44:14.873+0000] {logging_mixin.py:154} INFO - [2023-11-19T13:44:14.873+0000] {dagbag.py:536} INFO - Filling up the DagBag from /home/airflow/.local/lib/python3.8/site-packages/airflow/example_dags/example_external_task_marker_dag.py
[2023-11-19T13:44:14.879+0000] {processor.py:839} INFO - DAG(s) dict_keys(['example_external_task_marker_parent', 'example_external_task_marker_child']) retrieved from /home/airflow/.local/lib/python3.8/site-packages/airflow/example_dags/example_external_task_marker_dag.py
[2023-11-19T13:44:14.905+0000] {logging_mixin.py:154} INFO - [2023-11-19T13:44:14.904+0000] {dag.py:2941} INFO - Sync 2 DAGs
[2023-11-19T13:44:14.918+0000] {logging_mixin.py:154} INFO - [2023-11-19T13:44:14.918+0000] {dag.py:3722} INFO - Setting next_dagrun for example_external_task_marker_child to None, run_after=None
[2023-11-19T13:44:14.922+0000] {logging_mixin.py:154} INFO - [2023-11-19T13:44:14.921+0000] {dag.py:3722} INFO - Setting next_dagrun for example_external_task_marker_parent to None, run_after=None
[2023-11-19T13:44:14.951+0000] {processor.py:179} INFO - Processing /home/airflow/.local/lib/python3.8/site-packages/airflow/example_dags/example_external_task_marker_dag.py took 0.087 seconds
[2023-11-19T13:44:45.315+0000] {processor.py:157} INFO - Started process (PID=223) to work on /home/airflow/.local/lib/python3.8/site-packages/airflow/example_dags/example_external_task_marker_dag.py
[2023-11-19T13:44:45.316+0000] {processor.py:829} INFO - Processing file /home/airflow/.local/lib/python3.8/site-packages/airflow/example_dags/example_external_task_marker_dag.py for tasks to queue
[2023-11-19T13:44:45.318+0000] {logging_mixin.py:154} INFO - [2023-11-19T13:44:45.318+0000] {dagbag.py:536} INFO - Filling up the DagBag from /home/airflow/.local/lib/python3.8/site-packages/airflow/example_dags/example_external_task_marker_dag.py
[2023-11-19T13:44:45.324+0000] {processor.py:839} INFO - DAG(s) dict_keys(['example_external_task_marker_child', 'example_external_task_marker_parent']) retrieved from /home/airflow/.local/lib/python3.8/site-packages/airflow/example_dags/example_external_task_marker_dag.py
[2023-11-19T13:44:45.357+0000] {logging_mixin.py:154} INFO - [2023-11-19T13:44:45.356+0000] {dag.py:2941} INFO - Sync 2 DAGs
[2023-11-19T13:44:45.372+0000] {logging_mixin.py:154} INFO - [2023-11-19T13:44:45.372+0000] {dag.py:3722} INFO - Setting next_dagrun for example_external_task_marker_child to None, run_after=None
[2023-11-19T13:44:45.375+0000] {logging_mixin.py:154} INFO - [2023-11-19T13:44:45.375+0000] {dag.py:3722} INFO - Setting next_dagrun for example_external_task_marker_parent to None, run_after=None
[2023-11-19T13:44:45.396+0000] {processor.py:179} INFO - Processing /home/airflow/.local/lib/python3.8/site-packages/airflow/example_dags/example_external_task_marker_dag.py took 0.085 seconds
[2023-11-19T13:45:15.611+0000] {processor.py:157} INFO - Started process (PID=277) to work on /home/airflow/.local/lib/python3.8/site-packages/airflow/example_dags/example_external_task_marker_dag.py
[2023-11-19T13:45:15.612+0000] {processor.py:829} INFO - Processing file /home/airflow/.local/lib/python3.8/site-packages/airflow/example_dags/example_external_task_marker_dag.py for tasks to queue
[2023-11-19T13:45:15.613+0000] {logging_mixin.py:154} INFO - [2023-11-19T13:45:15.613+0000] {dagbag.py:536} INFO - Filling up the DagBag from /home/airflow/.local/lib/python3.8/site-packages/airflow/example_dags/example_external_task_marker_dag.py
[2023-11-19T13:45:15.618+0000] {processor.py:839} INFO - DAG(s) dict_keys(['example_external_task_marker_parent', 'example_external_task_marker_child']) retrieved from /home/airflow/.local/lib/python3.8/site-packages/airflow/example_dags/example_external_task_marker_dag.py
[2023-11-19T13:45:15.639+0000] {logging_mixin.py:154} INFO - [2023-11-19T13:45:15.638+0000] {dag.py:2941} INFO - Sync 2 DAGs
[2023-11-19T13:45:15.649+0000] {logging_mixin.py:154} INFO - [2023-11-19T13:45:15.649+0000] {dag.py:3722} INFO - Setting next_dagrun for example_external_task_marker_child to None, run_after=None
[2023-11-19T13:45:15.652+0000] {logging_mixin.py:154} INFO - [2023-11-19T13:45:15.652+0000] {dag.py:3722} INFO - Setting next_dagrun for example_external_task_marker_parent to None, run_after=None
[2023-11-19T13:45:15.671+0000] {processor.py:179} INFO - Processing /home/airflow/.local/lib/python3.8/site-packages/airflow/example_dags/example_external_task_marker_dag.py took 0.063 seconds
[2023-11-19T13:45:46.129+0000] {processor.py:157} INFO - Started process (PID=332) to work on /home/airflow/.local/lib/python3.8/site-packages/airflow/example_dags/example_external_task_marker_dag.py
[2023-11-19T13:45:46.134+0000] {processor.py:829} INFO - Processing file /home/airflow/.local/lib/python3.8/site-packages/airflow/example_dags/example_external_task_marker_dag.py for tasks to queue
[2023-11-19T13:45:46.136+0000] {logging_mixin.py:154} INFO - [2023-11-19T13:45:46.136+0000] {dagbag.py:536} INFO - Filling up the DagBag from /home/airflow/.local/lib/python3.8/site-packages/airflow/example_dags/example_external_task_marker_dag.py
[2023-11-19T13:45:46.141+0000] {processor.py:839} INFO - DAG(s) dict_keys(['example_external_task_marker_parent', 'example_external_task_marker_child']) retrieved from /home/airflow/.local/lib/python3.8/site-packages/airflow/example_dags/example_external_task_marker_dag.py
[2023-11-19T13:45:46.168+0000] {logging_mixin.py:154} INFO - [2023-11-19T13:45:46.167+0000] {dag.py:2941} INFO - Sync 2 DAGs
[2023-11-19T13:45:46.180+0000] {logging_mixin.py:154} INFO - [2023-11-19T13:45:46.180+0000] {dag.py:3722} INFO - Setting next_dagrun for example_external_task_marker_child to None, run_after=None
[2023-11-19T13:45:46.183+0000] {logging_mixin.py:154} INFO - [2023-11-19T13:45:46.183+0000] {dag.py:3722} INFO - Setting next_dagrun for example_external_task_marker_parent to None, run_after=None
[2023-11-19T13:45:46.292+0000] {processor.py:179} INFO - Processing /home/airflow/.local/lib/python3.8/site-packages/airflow/example_dags/example_external_task_marker_dag.py took 0.167 seconds
[2023-11-19T13:46:16.415+0000] {processor.py:157} INFO - Started process (PID=386) to work on /home/airflow/.local/lib/python3.8/site-packages/airflow/example_dags/example_external_task_marker_dag.py
[2023-11-19T13:46:16.417+0000] {processor.py:829} INFO - Processing file /home/airflow/.local/lib/python3.8/site-packages/airflow/example_dags/example_external_task_marker_dag.py for tasks to queue
[2023-11-19T13:46:16.420+0000] {logging_mixin.py:154} INFO - [2023-11-19T13:46:16.420+0000] {dagbag.py:536} INFO - Filling up the DagBag from /home/airflow/.local/lib/python3.8/site-packages/airflow/example_dags/example_external_task_marker_dag.py
[2023-11-19T13:46:16.430+0000] {processor.py:839} INFO - DAG(s) dict_keys(['example_external_task_marker_parent', 'example_external_task_marker_child']) retrieved from /home/airflow/.local/lib/python3.8/site-packages/airflow/example_dags/example_external_task_marker_dag.py
[2023-11-19T13:46:16.464+0000] {logging_mixin.py:154} INFO - [2023-11-19T13:46:16.464+0000] {dag.py:2941} INFO - Sync 2 DAGs
[2023-11-19T13:46:16.475+0000] {logging_mixin.py:154} INFO - [2023-11-19T13:46:16.475+0000] {dag.py:3722} INFO - Setting next_dagrun for example_external_task_marker_child to None, run_after=None
[2023-11-19T13:46:16.478+0000] {logging_mixin.py:154} INFO - [2023-11-19T13:46:16.478+0000] {dag.py:3722} INFO - Setting next_dagrun for example_external_task_marker_parent to None, run_after=None
[2023-11-19T13:46:16.502+0000] {processor.py:179} INFO - Processing /home/airflow/.local/lib/python3.8/site-packages/airflow/example_dags/example_external_task_marker_dag.py took 0.092 seconds
[2023-11-19T13:46:46.918+0000] {processor.py:157} INFO - Started process (PID=440) to work on /home/airflow/.local/lib/python3.8/site-packages/airflow/example_dags/example_external_task_marker_dag.py
[2023-11-19T13:46:46.919+0000] {processor.py:829} INFO - Processing file /home/airflow/.local/lib/python3.8/site-packages/airflow/example_dags/example_external_task_marker_dag.py for tasks to queue
[2023-11-19T13:46:46.922+0000] {logging_mixin.py:154} INFO - [2023-11-19T13:46:46.922+0000] {dagbag.py:536} INFO - Filling up the DagBag from /home/airflow/.local/lib/python3.8/site-packages/airflow/example_dags/example_external_task_marker_dag.py
[2023-11-19T13:46:46.929+0000] {processor.py:839} INFO - DAG(s) dict_keys(['example_external_task_marker_parent', 'example_external_task_marker_child']) retrieved from /home/airflow/.local/lib/python3.8/site-packages/airflow/example_dags/example_external_task_marker_dag.py
[2023-11-19T13:46:46.955+0000] {logging_mixin.py:154} INFO - [2023-11-19T13:46:46.955+0000] {dag.py:2941} INFO - Sync 2 DAGs
[2023-11-19T13:46:46.969+0000] {logging_mixin.py:154} INFO - [2023-11-19T13:46:46.969+0000] {dag.py:3722} INFO - Setting next_dagrun for example_external_task_marker_child to None, run_after=None
[2023-11-19T13:46:46.973+0000] {logging_mixin.py:154} INFO - [2023-11-19T13:46:46.973+0000] {dag.py:3722} INFO - Setting next_dagrun for example_external_task_marker_parent to None, run_after=None
[2023-11-19T13:46:46.997+0000] {processor.py:179} INFO - Processing /home/airflow/.local/lib/python3.8/site-packages/airflow/example_dags/example_external_task_marker_dag.py took 0.084 seconds
[2023-11-19T13:47:17.293+0000] {processor.py:157} INFO - Started process (PID=494) to work on /home/airflow/.local/lib/python3.8/site-packages/airflow/example_dags/example_external_task_marker_dag.py
[2023-11-19T13:47:17.294+0000] {processor.py:829} INFO - Processing file /home/airflow/.local/lib/python3.8/site-packages/airflow/example_dags/example_external_task_marker_dag.py for tasks to queue
[2023-11-19T13:47:17.296+0000] {logging_mixin.py:154} INFO - [2023-11-19T13:47:17.296+0000] {dagbag.py:536} INFO - Filling up the DagBag from /home/airflow/.local/lib/python3.8/site-packages/airflow/example_dags/example_external_task_marker_dag.py
[2023-11-19T13:47:17.301+0000] {processor.py:839} INFO - DAG(s) dict_keys(['example_external_task_marker_parent', 'example_external_task_marker_child']) retrieved from /home/airflow/.local/lib/python3.8/site-packages/airflow/example_dags/example_external_task_marker_dag.py
[2023-11-19T13:47:17.326+0000] {logging_mixin.py:154} INFO - [2023-11-19T13:47:17.326+0000] {dag.py:2941} INFO - Sync 2 DAGs
[2023-11-19T13:47:17.339+0000] {logging_mixin.py:154} INFO - [2023-11-19T13:47:17.339+0000] {dag.py:3722} INFO - Setting next_dagrun for example_external_task_marker_child to None, run_after=None
[2023-11-19T13:47:17.342+0000] {logging_mixin.py:154} INFO - [2023-11-19T13:47:17.342+0000] {dag.py:3722} INFO - Setting next_dagrun for example_external_task_marker_parent to None, run_after=None
[2023-11-19T13:47:17.362+0000] {processor.py:179} INFO - Processing /home/airflow/.local/lib/python3.8/site-packages/airflow/example_dags/example_external_task_marker_dag.py took 0.073 seconds
[2023-11-19T13:47:47.882+0000] {processor.py:157} INFO - Started process (PID=548) to work on /home/airflow/.local/lib/python3.8/site-packages/airflow/example_dags/example_external_task_marker_dag.py
[2023-11-19T13:47:47.899+0000] {processor.py:829} INFO - Processing file /home/airflow/.local/lib/python3.8/site-packages/airflow/example_dags/example_external_task_marker_dag.py for tasks to queue
[2023-11-19T13:47:47.901+0000] {logging_mixin.py:154} INFO - [2023-11-19T13:47:47.901+0000] {dagbag.py:536} INFO - Filling up the DagBag from /home/airflow/.local/lib/python3.8/site-packages/airflow/example_dags/example_external_task_marker_dag.py
[2023-11-19T13:47:47.908+0000] {processor.py:839} INFO - DAG(s) dict_keys(['example_external_task_marker_parent', 'example_external_task_marker_child']) retrieved from /home/airflow/.local/lib/python3.8/site-packages/airflow/example_dags/example_external_task_marker_dag.py
[2023-11-19T13:47:47.940+0000] {logging_mixin.py:154} INFO - [2023-11-19T13:47:47.940+0000] {dag.py:2941} INFO - Sync 2 DAGs
[2023-11-19T13:47:47.960+0000] {logging_mixin.py:154} INFO - [2023-11-19T13:47:47.960+0000] {dag.py:3722} INFO - Setting next_dagrun for example_external_task_marker_child to None, run_after=None
[2023-11-19T13:47:47.964+0000] {logging_mixin.py:154} INFO - [2023-11-19T13:47:47.964+0000] {dag.py:3722} INFO - Setting next_dagrun for example_external_task_marker_parent to None, run_after=None
[2023-11-19T13:47:48.012+0000] {processor.py:179} INFO - Processing /home/airflow/.local/lib/python3.8/site-packages/airflow/example_dags/example_external_task_marker_dag.py took 0.135 seconds
[2023-11-19T13:48:18.135+0000] {processor.py:157} INFO - Started process (PID=602) to work on /home/airflow/.local/lib/python3.8/site-packages/airflow/example_dags/example_external_task_marker_dag.py
[2023-11-19T13:48:18.136+0000] {processor.py:829} INFO - Processing file /home/airflow/.local/lib/python3.8/site-packages/airflow/example_dags/example_external_task_marker_dag.py for tasks to queue
[2023-11-19T13:48:18.137+0000] {logging_mixin.py:154} INFO - [2023-11-19T13:48:18.137+0000] {dagbag.py:536} INFO - Filling up the DagBag from /home/airflow/.local/lib/python3.8/site-packages/airflow/example_dags/example_external_task_marker_dag.py
[2023-11-19T13:48:18.143+0000] {processor.py:839} INFO - DAG(s) dict_keys(['example_external_task_marker_child', 'example_external_task_marker_parent']) retrieved from /home/airflow/.local/lib/python3.8/site-packages/airflow/example_dags/example_external_task_marker_dag.py
[2023-11-19T13:48:18.166+0000] {logging_mixin.py:154} INFO - [2023-11-19T13:48:18.165+0000] {dag.py:2941} INFO - Sync 2 DAGs
[2023-11-19T13:48:18.180+0000] {logging_mixin.py:154} INFO - [2023-11-19T13:48:18.179+0000] {dag.py:3722} INFO - Setting next_dagrun for example_external_task_marker_child to None, run_after=None
[2023-11-19T13:48:18.183+0000] {logging_mixin.py:154} INFO - [2023-11-19T13:48:18.182+0000] {dag.py:3722} INFO - Setting next_dagrun for example_external_task_marker_parent to None, run_after=None
[2023-11-19T13:48:18.208+0000] {processor.py:179} INFO - Processing /home/airflow/.local/lib/python3.8/site-packages/airflow/example_dags/example_external_task_marker_dag.py took 0.077 seconds
[2023-11-19T13:48:48.387+0000] {processor.py:157} INFO - Started process (PID=656) to work on /home/airflow/.local/lib/python3.8/site-packages/airflow/example_dags/example_external_task_marker_dag.py
[2023-11-19T13:48:48.390+0000] {processor.py:829} INFO - Processing file /home/airflow/.local/lib/python3.8/site-packages/airflow/example_dags/example_external_task_marker_dag.py for tasks to queue
[2023-11-19T13:48:48.391+0000] {logging_mixin.py:154} INFO - [2023-11-19T13:48:48.391+0000] {dagbag.py:536} INFO - Filling up the DagBag from /home/airflow/.local/lib/python3.8/site-packages/airflow/example_dags/example_external_task_marker_dag.py
[2023-11-19T13:48:48.398+0000] {processor.py:839} INFO - DAG(s) dict_keys(['example_external_task_marker_parent', 'example_external_task_marker_child']) retrieved from /home/airflow/.local/lib/python3.8/site-packages/airflow/example_dags/example_external_task_marker_dag.py
[2023-11-19T13:48:48.423+0000] {logging_mixin.py:154} INFO - [2023-11-19T13:48:48.423+0000] {dag.py:2941} INFO - Sync 2 DAGs
[2023-11-19T13:48:48.436+0000] {logging_mixin.py:154} INFO - [2023-11-19T13:48:48.436+0000] {dag.py:3722} INFO - Setting next_dagrun for example_external_task_marker_child to None, run_after=None
[2023-11-19T13:48:48.439+0000] {logging_mixin.py:154} INFO - [2023-11-19T13:48:48.439+0000] {dag.py:3722} INFO - Setting next_dagrun for example_external_task_marker_parent to None, run_after=None
[2023-11-19T13:48:48.473+0000] {processor.py:179} INFO - Processing /home/airflow/.local/lib/python3.8/site-packages/airflow/example_dags/example_external_task_marker_dag.py took 0.088 seconds
[2023-11-19T13:49:18.858+0000] {processor.py:157} INFO - Started process (PID=710) to work on /home/airflow/.local/lib/python3.8/site-packages/airflow/example_dags/example_external_task_marker_dag.py
[2023-11-19T13:49:18.860+0000] {processor.py:829} INFO - Processing file /home/airflow/.local/lib/python3.8/site-packages/airflow/example_dags/example_external_task_marker_dag.py for tasks to queue
[2023-11-19T13:49:18.862+0000] {logging_mixin.py:154} INFO - [2023-11-19T13:49:18.862+0000] {dagbag.py:536} INFO - Filling up the DagBag from /home/airflow/.local/lib/python3.8/site-packages/airflow/example_dags/example_external_task_marker_dag.py
[2023-11-19T13:49:18.867+0000] {processor.py:839} INFO - DAG(s) dict_keys(['example_external_task_marker_parent', 'example_external_task_marker_child']) retrieved from /home/airflow/.local/lib/python3.8/site-packages/airflow/example_dags/example_external_task_marker_dag.py
[2023-11-19T13:49:18.889+0000] {logging_mixin.py:154} INFO - [2023-11-19T13:49:18.889+0000] {dag.py:2941} INFO - Sync 2 DAGs
[2023-11-19T13:49:18.902+0000] {logging_mixin.py:154} INFO - [2023-11-19T13:49:18.902+0000] {dag.py:3722} INFO - Setting next_dagrun for example_external_task_marker_child to None, run_after=None
[2023-11-19T13:49:18.905+0000] {logging_mixin.py:154} INFO - [2023-11-19T13:49:18.905+0000] {dag.py:3722} INFO - Setting next_dagrun for example_external_task_marker_parent to None, run_after=None
[2023-11-19T13:49:18.925+0000] {processor.py:179} INFO - Processing /home/airflow/.local/lib/python3.8/site-packages/airflow/example_dags/example_external_task_marker_dag.py took 0.070 seconds
[2023-11-19T13:49:48.979+0000] {processor.py:157} INFO - Started process (PID=764) to work on /home/airflow/.local/lib/python3.8/site-packages/airflow/example_dags/example_external_task_marker_dag.py
[2023-11-19T13:49:48.981+0000] {processor.py:829} INFO - Processing file /home/airflow/.local/lib/python3.8/site-packages/airflow/example_dags/example_external_task_marker_dag.py for tasks to queue
[2023-11-19T13:49:48.983+0000] {logging_mixin.py:154} INFO - [2023-11-19T13:49:48.983+0000] {dagbag.py:536} INFO - Filling up the DagBag from /home/airflow/.local/lib/python3.8/site-packages/airflow/example_dags/example_external_task_marker_dag.py
[2023-11-19T13:49:48.988+0000] {processor.py:839} INFO - DAG(s) dict_keys(['example_external_task_marker_child', 'example_external_task_marker_parent']) retrieved from /home/airflow/.local/lib/python3.8/site-packages/airflow/example_dags/example_external_task_marker_dag.py
[2023-11-19T13:49:49.012+0000] {logging_mixin.py:154} INFO - [2023-11-19T13:49:49.012+0000] {dag.py:2941} INFO - Sync 2 DAGs
[2023-11-19T13:49:49.025+0000] {logging_mixin.py:154} INFO - [2023-11-19T13:49:49.024+0000] {dag.py:3722} INFO - Setting next_dagrun for example_external_task_marker_child to None, run_after=None
[2023-11-19T13:49:49.028+0000] {logging_mixin.py:154} INFO - [2023-11-19T13:49:49.028+0000] {dag.py:3722} INFO - Setting next_dagrun for example_external_task_marker_parent to None, run_after=None
[2023-11-19T13:49:49.048+0000] {processor.py:179} INFO - Processing /home/airflow/.local/lib/python3.8/site-packages/airflow/example_dags/example_external_task_marker_dag.py took 0.073 seconds
