[2023-11-19T13:43:15.889+0000] {processor.py:157} INFO - Started process (PID=71) to work on /home/airflow/.local/lib/python3.8/site-packages/airflow/example_dags/example_python_operator.py
[2023-11-19T13:43:15.890+0000] {processor.py:829} INFO - Processing file /home/airflow/.local/lib/python3.8/site-packages/airflow/example_dags/example_python_operator.py for tasks to queue
[2023-11-19T13:43:15.893+0000] {logging_mixin.py:154} INFO - [2023-11-19T13:43:15.893+0000] {dagbag.py:536} INFO - Filling up the DagBag from /home/airflow/.local/lib/python3.8/site-packages/airflow/example_dags/example_python_operator.py
[2023-11-19T13:43:15.915+0000] {processor.py:839} INFO - DAG(s) dict_keys(['example_python_operator']) retrieved from /home/airflow/.local/lib/python3.8/site-packages/airflow/example_dags/example_python_operator.py
[2023-11-19T13:43:16.019+0000] {logging_mixin.py:154} INFO - [2023-11-19T13:43:16.019+0000] {dag.py:2941} INFO - Sync 1 DAGs
[2023-11-19T13:43:16.029+0000] {logging_mixin.py:154} INFO - [2023-11-19T13:43:16.029+0000] {dag.py:3722} INFO - Setting next_dagrun for example_python_operator to None, run_after=None
[2023-11-19T13:43:17.332+0000] {processor.py:179} INFO - Processing /home/airflow/.local/lib/python3.8/site-packages/airflow/example_dags/example_python_operator.py took 1.448 seconds
[2023-11-19T13:43:47.941+0000] {processor.py:157} INFO - Started process (PID=125) to work on /home/airflow/.local/lib/python3.8/site-packages/airflow/example_dags/example_python_operator.py
[2023-11-19T13:43:47.942+0000] {processor.py:829} INFO - Processing file /home/airflow/.local/lib/python3.8/site-packages/airflow/example_dags/example_python_operator.py for tasks to queue
[2023-11-19T13:43:47.945+0000] {logging_mixin.py:154} INFO - [2023-11-19T13:43:47.945+0000] {dagbag.py:536} INFO - Filling up the DagBag from /home/airflow/.local/lib/python3.8/site-packages/airflow/example_dags/example_python_operator.py
[2023-11-19T13:43:47.960+0000] {processor.py:839} INFO - DAG(s) dict_keys(['example_python_operator']) retrieved from /home/airflow/.local/lib/python3.8/site-packages/airflow/example_dags/example_python_operator.py
[2023-11-19T13:43:47.993+0000] {logging_mixin.py:154} INFO - [2023-11-19T13:43:47.992+0000] {dag.py:2941} INFO - Sync 1 DAGs
[2023-11-19T13:43:48.004+0000] {logging_mixin.py:154} INFO - [2023-11-19T13:43:48.003+0000] {dag.py:3722} INFO - Setting next_dagrun for example_python_operator to None, run_after=None
[2023-11-19T13:43:48.023+0000] {processor.py:179} INFO - Processing /home/airflow/.local/lib/python3.8/site-packages/airflow/example_dags/example_python_operator.py took 0.087 seconds
[2023-11-19T13:44:18.573+0000] {processor.py:157} INFO - Started process (PID=179) to work on /home/airflow/.local/lib/python3.8/site-packages/airflow/example_dags/example_python_operator.py
[2023-11-19T13:44:18.574+0000] {processor.py:829} INFO - Processing file /home/airflow/.local/lib/python3.8/site-packages/airflow/example_dags/example_python_operator.py for tasks to queue
[2023-11-19T13:44:18.577+0000] {logging_mixin.py:154} INFO - [2023-11-19T13:44:18.577+0000] {dagbag.py:536} INFO - Filling up the DagBag from /home/airflow/.local/lib/python3.8/site-packages/airflow/example_dags/example_python_operator.py
[2023-11-19T13:44:18.592+0000] {processor.py:839} INFO - DAG(s) dict_keys(['example_python_operator']) retrieved from /home/airflow/.local/lib/python3.8/site-packages/airflow/example_dags/example_python_operator.py
[2023-11-19T13:44:18.624+0000] {logging_mixin.py:154} INFO - [2023-11-19T13:44:18.624+0000] {dag.py:2941} INFO - Sync 1 DAGs
[2023-11-19T13:44:18.635+0000] {logging_mixin.py:154} INFO - [2023-11-19T13:44:18.635+0000] {dag.py:3722} INFO - Setting next_dagrun for example_python_operator to None, run_after=None
[2023-11-19T13:44:18.657+0000] {processor.py:179} INFO - Processing /home/airflow/.local/lib/python3.8/site-packages/airflow/example_dags/example_python_operator.py took 0.089 seconds
[2023-11-19T13:44:49.335+0000] {processor.py:157} INFO - Started process (PID=233) to work on /home/airflow/.local/lib/python3.8/site-packages/airflow/example_dags/example_python_operator.py
[2023-11-19T13:44:49.336+0000] {processor.py:829} INFO - Processing file /home/airflow/.local/lib/python3.8/site-packages/airflow/example_dags/example_python_operator.py for tasks to queue
[2023-11-19T13:44:49.339+0000] {logging_mixin.py:154} INFO - [2023-11-19T13:44:49.339+0000] {dagbag.py:536} INFO - Filling up the DagBag from /home/airflow/.local/lib/python3.8/site-packages/airflow/example_dags/example_python_operator.py
[2023-11-19T13:44:49.350+0000] {processor.py:839} INFO - DAG(s) dict_keys(['example_python_operator']) retrieved from /home/airflow/.local/lib/python3.8/site-packages/airflow/example_dags/example_python_operator.py
[2023-11-19T13:44:49.376+0000] {logging_mixin.py:154} INFO - [2023-11-19T13:44:49.376+0000] {dag.py:2941} INFO - Sync 1 DAGs
[2023-11-19T13:44:49.390+0000] {logging_mixin.py:154} INFO - [2023-11-19T13:44:49.390+0000] {dag.py:3722} INFO - Setting next_dagrun for example_python_operator to None, run_after=None
[2023-11-19T13:44:49.414+0000] {processor.py:179} INFO - Processing /home/airflow/.local/lib/python3.8/site-packages/airflow/example_dags/example_python_operator.py took 0.081 seconds
[2023-11-19T13:45:19.536+0000] {processor.py:157} INFO - Started process (PID=287) to work on /home/airflow/.local/lib/python3.8/site-packages/airflow/example_dags/example_python_operator.py
[2023-11-19T13:45:19.537+0000] {processor.py:829} INFO - Processing file /home/airflow/.local/lib/python3.8/site-packages/airflow/example_dags/example_python_operator.py for tasks to queue
[2023-11-19T13:45:19.539+0000] {logging_mixin.py:154} INFO - [2023-11-19T13:45:19.539+0000] {dagbag.py:536} INFO - Filling up the DagBag from /home/airflow/.local/lib/python3.8/site-packages/airflow/example_dags/example_python_operator.py
[2023-11-19T13:45:19.550+0000] {processor.py:839} INFO - DAG(s) dict_keys(['example_python_operator']) retrieved from /home/airflow/.local/lib/python3.8/site-packages/airflow/example_dags/example_python_operator.py
[2023-11-19T13:45:19.572+0000] {logging_mixin.py:154} INFO - [2023-11-19T13:45:19.572+0000] {dag.py:2941} INFO - Sync 1 DAGs
[2023-11-19T13:45:19.584+0000] {logging_mixin.py:154} INFO - [2023-11-19T13:45:19.583+0000] {dag.py:3722} INFO - Setting next_dagrun for example_python_operator to None, run_after=None
[2023-11-19T13:45:19.605+0000] {processor.py:179} INFO - Processing /home/airflow/.local/lib/python3.8/site-packages/airflow/example_dags/example_python_operator.py took 0.072 seconds
[2023-11-19T13:45:49.888+0000] {processor.py:157} INFO - Started process (PID=342) to work on /home/airflow/.local/lib/python3.8/site-packages/airflow/example_dags/example_python_operator.py
[2023-11-19T13:45:49.889+0000] {processor.py:829} INFO - Processing file /home/airflow/.local/lib/python3.8/site-packages/airflow/example_dags/example_python_operator.py for tasks to queue
[2023-11-19T13:45:49.893+0000] {logging_mixin.py:154} INFO - [2023-11-19T13:45:49.892+0000] {dagbag.py:536} INFO - Filling up the DagBag from /home/airflow/.local/lib/python3.8/site-packages/airflow/example_dags/example_python_operator.py
[2023-11-19T13:45:49.909+0000] {processor.py:839} INFO - DAG(s) dict_keys(['example_python_operator']) retrieved from /home/airflow/.local/lib/python3.8/site-packages/airflow/example_dags/example_python_operator.py
[2023-11-19T13:45:49.943+0000] {logging_mixin.py:154} INFO - [2023-11-19T13:45:49.943+0000] {dag.py:2941} INFO - Sync 1 DAGs
[2023-11-19T13:45:49.957+0000] {logging_mixin.py:154} INFO - [2023-11-19T13:45:49.957+0000] {dag.py:3722} INFO - Setting next_dagrun for example_python_operator to None, run_after=None
[2023-11-19T13:45:49.978+0000] {processor.py:179} INFO - Processing /home/airflow/.local/lib/python3.8/site-packages/airflow/example_dags/example_python_operator.py took 0.095 seconds
[2023-11-19T13:46:20.381+0000] {processor.py:157} INFO - Started process (PID=396) to work on /home/airflow/.local/lib/python3.8/site-packages/airflow/example_dags/example_python_operator.py
[2023-11-19T13:46:20.382+0000] {processor.py:829} INFO - Processing file /home/airflow/.local/lib/python3.8/site-packages/airflow/example_dags/example_python_operator.py for tasks to queue
[2023-11-19T13:46:20.385+0000] {logging_mixin.py:154} INFO - [2023-11-19T13:46:20.384+0000] {dagbag.py:536} INFO - Filling up the DagBag from /home/airflow/.local/lib/python3.8/site-packages/airflow/example_dags/example_python_operator.py
[2023-11-19T13:46:20.399+0000] {processor.py:839} INFO - DAG(s) dict_keys(['example_python_operator']) retrieved from /home/airflow/.local/lib/python3.8/site-packages/airflow/example_dags/example_python_operator.py
[2023-11-19T13:46:20.431+0000] {logging_mixin.py:154} INFO - [2023-11-19T13:46:20.431+0000] {dag.py:2941} INFO - Sync 1 DAGs
[2023-11-19T13:46:20.444+0000] {logging_mixin.py:154} INFO - [2023-11-19T13:46:20.444+0000] {dag.py:3722} INFO - Setting next_dagrun for example_python_operator to None, run_after=None
[2023-11-19T13:46:20.472+0000] {processor.py:179} INFO - Processing /home/airflow/.local/lib/python3.8/site-packages/airflow/example_dags/example_python_operator.py took 0.095 seconds
[2023-11-19T13:46:50.903+0000] {processor.py:157} INFO - Started process (PID=450) to work on /home/airflow/.local/lib/python3.8/site-packages/airflow/example_dags/example_python_operator.py
[2023-11-19T13:46:50.904+0000] {processor.py:829} INFO - Processing file /home/airflow/.local/lib/python3.8/site-packages/airflow/example_dags/example_python_operator.py for tasks to queue
[2023-11-19T13:46:50.906+0000] {logging_mixin.py:154} INFO - [2023-11-19T13:46:50.905+0000] {dagbag.py:536} INFO - Filling up the DagBag from /home/airflow/.local/lib/python3.8/site-packages/airflow/example_dags/example_python_operator.py
[2023-11-19T13:46:50.914+0000] {processor.py:839} INFO - DAG(s) dict_keys(['example_python_operator']) retrieved from /home/airflow/.local/lib/python3.8/site-packages/airflow/example_dags/example_python_operator.py
[2023-11-19T13:46:50.936+0000] {logging_mixin.py:154} INFO - [2023-11-19T13:46:50.936+0000] {dag.py:2941} INFO - Sync 1 DAGs
[2023-11-19T13:46:50.947+0000] {logging_mixin.py:154} INFO - [2023-11-19T13:46:50.947+0000] {dag.py:3722} INFO - Setting next_dagrun for example_python_operator to None, run_after=None
[2023-11-19T13:46:50.968+0000] {processor.py:179} INFO - Processing /home/airflow/.local/lib/python3.8/site-packages/airflow/example_dags/example_python_operator.py took 0.068 seconds
[2023-11-19T13:47:21.199+0000] {processor.py:157} INFO - Started process (PID=504) to work on /home/airflow/.local/lib/python3.8/site-packages/airflow/example_dags/example_python_operator.py
[2023-11-19T13:47:21.200+0000] {processor.py:829} INFO - Processing file /home/airflow/.local/lib/python3.8/site-packages/airflow/example_dags/example_python_operator.py for tasks to queue
[2023-11-19T13:47:21.202+0000] {logging_mixin.py:154} INFO - [2023-11-19T13:47:21.202+0000] {dagbag.py:536} INFO - Filling up the DagBag from /home/airflow/.local/lib/python3.8/site-packages/airflow/example_dags/example_python_operator.py
[2023-11-19T13:47:21.211+0000] {processor.py:839} INFO - DAG(s) dict_keys(['example_python_operator']) retrieved from /home/airflow/.local/lib/python3.8/site-packages/airflow/example_dags/example_python_operator.py
[2023-11-19T13:47:21.244+0000] {logging_mixin.py:154} INFO - [2023-11-19T13:47:21.244+0000] {dag.py:2941} INFO - Sync 1 DAGs
[2023-11-19T13:47:21.258+0000] {logging_mixin.py:154} INFO - [2023-11-19T13:47:21.258+0000] {dag.py:3722} INFO - Setting next_dagrun for example_python_operator to None, run_after=None
[2023-11-19T13:47:21.284+0000] {processor.py:179} INFO - Processing /home/airflow/.local/lib/python3.8/site-packages/airflow/example_dags/example_python_operator.py took 0.088 seconds
[2023-11-19T13:47:51.694+0000] {processor.py:157} INFO - Started process (PID=558) to work on /home/airflow/.local/lib/python3.8/site-packages/airflow/example_dags/example_python_operator.py
[2023-11-19T13:47:51.696+0000] {processor.py:829} INFO - Processing file /home/airflow/.local/lib/python3.8/site-packages/airflow/example_dags/example_python_operator.py for tasks to queue
[2023-11-19T13:47:51.697+0000] {logging_mixin.py:154} INFO - [2023-11-19T13:47:51.697+0000] {dagbag.py:536} INFO - Filling up the DagBag from /home/airflow/.local/lib/python3.8/site-packages/airflow/example_dags/example_python_operator.py
[2023-11-19T13:47:51.706+0000] {processor.py:839} INFO - DAG(s) dict_keys(['example_python_operator']) retrieved from /home/airflow/.local/lib/python3.8/site-packages/airflow/example_dags/example_python_operator.py
[2023-11-19T13:47:51.728+0000] {logging_mixin.py:154} INFO - [2023-11-19T13:47:51.728+0000] {dag.py:2941} INFO - Sync 1 DAGs
[2023-11-19T13:47:51.740+0000] {logging_mixin.py:154} INFO - [2023-11-19T13:47:51.739+0000] {dag.py:3722} INFO - Setting next_dagrun for example_python_operator to None, run_after=None
[2023-11-19T13:47:51.760+0000] {processor.py:179} INFO - Processing /home/airflow/.local/lib/python3.8/site-packages/airflow/example_dags/example_python_operator.py took 0.069 seconds
[2023-11-19T13:48:22.129+0000] {processor.py:157} INFO - Started process (PID=612) to work on /home/airflow/.local/lib/python3.8/site-packages/airflow/example_dags/example_python_operator.py
[2023-11-19T13:48:22.131+0000] {processor.py:829} INFO - Processing file /home/airflow/.local/lib/python3.8/site-packages/airflow/example_dags/example_python_operator.py for tasks to queue
[2023-11-19T13:48:22.133+0000] {logging_mixin.py:154} INFO - [2023-11-19T13:48:22.133+0000] {dagbag.py:536} INFO - Filling up the DagBag from /home/airflow/.local/lib/python3.8/site-packages/airflow/example_dags/example_python_operator.py
[2023-11-19T13:48:22.149+0000] {processor.py:839} INFO - DAG(s) dict_keys(['example_python_operator']) retrieved from /home/airflow/.local/lib/python3.8/site-packages/airflow/example_dags/example_python_operator.py
[2023-11-19T13:48:22.185+0000] {logging_mixin.py:154} INFO - [2023-11-19T13:48:22.185+0000] {dag.py:2941} INFO - Sync 1 DAGs
[2023-11-19T13:48:22.197+0000] {logging_mixin.py:154} INFO - [2023-11-19T13:48:22.196+0000] {dag.py:3722} INFO - Setting next_dagrun for example_python_operator to None, run_after=None
[2023-11-19T13:48:22.220+0000] {processor.py:179} INFO - Processing /home/airflow/.local/lib/python3.8/site-packages/airflow/example_dags/example_python_operator.py took 0.094 seconds
[2023-11-19T13:48:53.138+0000] {processor.py:157} INFO - Started process (PID=666) to work on /home/airflow/.local/lib/python3.8/site-packages/airflow/example_dags/example_python_operator.py
[2023-11-19T13:48:53.141+0000] {processor.py:829} INFO - Processing file /home/airflow/.local/lib/python3.8/site-packages/airflow/example_dags/example_python_operator.py for tasks to queue
[2023-11-19T13:48:53.143+0000] {logging_mixin.py:154} INFO - [2023-11-19T13:48:53.142+0000] {dagbag.py:536} INFO - Filling up the DagBag from /home/airflow/.local/lib/python3.8/site-packages/airflow/example_dags/example_python_operator.py
[2023-11-19T13:48:53.151+0000] {processor.py:839} INFO - DAG(s) dict_keys(['example_python_operator']) retrieved from /home/airflow/.local/lib/python3.8/site-packages/airflow/example_dags/example_python_operator.py
[2023-11-19T13:48:53.185+0000] {logging_mixin.py:154} INFO - [2023-11-19T13:48:53.184+0000] {dag.py:2941} INFO - Sync 1 DAGs
[2023-11-19T13:48:53.201+0000] {logging_mixin.py:154} INFO - [2023-11-19T13:48:53.201+0000] {dag.py:3722} INFO - Setting next_dagrun for example_python_operator to None, run_after=None
[2023-11-19T13:48:53.223+0000] {processor.py:179} INFO - Processing /home/airflow/.local/lib/python3.8/site-packages/airflow/example_dags/example_python_operator.py took 0.088 seconds
[2023-11-19T13:49:23.594+0000] {processor.py:157} INFO - Started process (PID=720) to work on /home/airflow/.local/lib/python3.8/site-packages/airflow/example_dags/example_python_operator.py
[2023-11-19T13:49:23.595+0000] {processor.py:829} INFO - Processing file /home/airflow/.local/lib/python3.8/site-packages/airflow/example_dags/example_python_operator.py for tasks to queue
[2023-11-19T13:49:23.597+0000] {logging_mixin.py:154} INFO - [2023-11-19T13:49:23.597+0000] {dagbag.py:536} INFO - Filling up the DagBag from /home/airflow/.local/lib/python3.8/site-packages/airflow/example_dags/example_python_operator.py
[2023-11-19T13:49:23.605+0000] {processor.py:839} INFO - DAG(s) dict_keys(['example_python_operator']) retrieved from /home/airflow/.local/lib/python3.8/site-packages/airflow/example_dags/example_python_operator.py
[2023-11-19T13:49:23.637+0000] {logging_mixin.py:154} INFO - [2023-11-19T13:49:23.637+0000] {dag.py:2941} INFO - Sync 1 DAGs
[2023-11-19T13:49:23.654+0000] {logging_mixin.py:154} INFO - [2023-11-19T13:49:23.654+0000] {dag.py:3722} INFO - Setting next_dagrun for example_python_operator to None, run_after=None
[2023-11-19T13:49:23.676+0000] {processor.py:179} INFO - Processing /home/airflow/.local/lib/python3.8/site-packages/airflow/example_dags/example_python_operator.py took 0.085 seconds
