[2023-11-19T13:43:12.885+0000] {processor.py:157} INFO - Started process (PID=50) to work on /home/airflow/.local/lib/python3.8/site-packages/airflow/example_dags/example_complex.py
[2023-11-19T13:43:12.886+0000] {processor.py:829} INFO - Processing file /home/airflow/.local/lib/python3.8/site-packages/airflow/example_dags/example_complex.py for tasks to queue
[2023-11-19T13:43:12.888+0000] {logging_mixin.py:154} INFO - [2023-11-19T13:43:12.888+0000] {dagbag.py:536} INFO - Filling up the DagBag from /home/airflow/.local/lib/python3.8/site-packages/airflow/example_dags/example_complex.py
[2023-11-19T13:43:12.901+0000] {processor.py:839} INFO - DAG(s) dict_keys(['example_complex']) retrieved from /home/airflow/.local/lib/python3.8/site-packages/airflow/example_dags/example_complex.py
[2023-11-19T13:43:12.936+0000] {logging_mixin.py:154} INFO - [2023-11-19T13:43:12.936+0000] {dag.py:2941} INFO - Sync 1 DAGs
[2023-11-19T13:43:12.949+0000] {logging_mixin.py:154} INFO - [2023-11-19T13:43:12.949+0000] {dag.py:3722} INFO - Setting next_dagrun for example_complex to None, run_after=None
[2023-11-19T13:43:13.032+0000] {processor.py:179} INFO - Processing /home/airflow/.local/lib/python3.8/site-packages/airflow/example_dags/example_complex.py took 0.149 seconds
[2023-11-19T13:43:43.812+0000] {processor.py:157} INFO - Started process (PID=104) to work on /home/airflow/.local/lib/python3.8/site-packages/airflow/example_dags/example_complex.py
[2023-11-19T13:43:43.813+0000] {processor.py:829} INFO - Processing file /home/airflow/.local/lib/python3.8/site-packages/airflow/example_dags/example_complex.py for tasks to queue
[2023-11-19T13:43:43.816+0000] {logging_mixin.py:154} INFO - [2023-11-19T13:43:43.815+0000] {dagbag.py:536} INFO - Filling up the DagBag from /home/airflow/.local/lib/python3.8/site-packages/airflow/example_dags/example_complex.py
[2023-11-19T13:43:43.833+0000] {processor.py:839} INFO - DAG(s) dict_keys(['example_complex']) retrieved from /home/airflow/.local/lib/python3.8/site-packages/airflow/example_dags/example_complex.py
[2023-11-19T13:43:43.866+0000] {logging_mixin.py:154} INFO - [2023-11-19T13:43:43.866+0000] {dag.py:2941} INFO - Sync 1 DAGs
[2023-11-19T13:43:43.877+0000] {logging_mixin.py:154} INFO - [2023-11-19T13:43:43.877+0000] {dag.py:3722} INFO - Setting next_dagrun for example_complex to None, run_after=None
[2023-11-19T13:43:43.902+0000] {processor.py:179} INFO - Processing /home/airflow/.local/lib/python3.8/site-packages/airflow/example_dags/example_complex.py took 0.094 seconds
[2023-11-19T13:44:14.567+0000] {processor.py:157} INFO - Started process (PID=158) to work on /home/airflow/.local/lib/python3.8/site-packages/airflow/example_dags/example_complex.py
[2023-11-19T13:44:14.572+0000] {processor.py:829} INFO - Processing file /home/airflow/.local/lib/python3.8/site-packages/airflow/example_dags/example_complex.py for tasks to queue
[2023-11-19T13:44:14.574+0000] {logging_mixin.py:154} INFO - [2023-11-19T13:44:14.574+0000] {dagbag.py:536} INFO - Filling up the DagBag from /home/airflow/.local/lib/python3.8/site-packages/airflow/example_dags/example_complex.py
[2023-11-19T13:44:14.585+0000] {processor.py:839} INFO - DAG(s) dict_keys(['example_complex']) retrieved from /home/airflow/.local/lib/python3.8/site-packages/airflow/example_dags/example_complex.py
[2023-11-19T13:44:14.614+0000] {logging_mixin.py:154} INFO - [2023-11-19T13:44:14.614+0000] {dag.py:2941} INFO - Sync 1 DAGs
[2023-11-19T13:44:14.626+0000] {logging_mixin.py:154} INFO - [2023-11-19T13:44:14.626+0000] {dag.py:3722} INFO - Setting next_dagrun for example_complex to None, run_after=None
[2023-11-19T13:44:14.647+0000] {processor.py:179} INFO - Processing /home/airflow/.local/lib/python3.8/site-packages/airflow/example_dags/example_complex.py took 0.083 seconds
[2023-11-19T13:44:45.063+0000] {processor.py:157} INFO - Started process (PID=219) to work on /home/airflow/.local/lib/python3.8/site-packages/airflow/example_dags/example_complex.py
[2023-11-19T13:44:45.064+0000] {processor.py:829} INFO - Processing file /home/airflow/.local/lib/python3.8/site-packages/airflow/example_dags/example_complex.py for tasks to queue
[2023-11-19T13:44:45.066+0000] {logging_mixin.py:154} INFO - [2023-11-19T13:44:45.066+0000] {dagbag.py:536} INFO - Filling up the DagBag from /home/airflow/.local/lib/python3.8/site-packages/airflow/example_dags/example_complex.py
[2023-11-19T13:44:45.076+0000] {processor.py:839} INFO - DAG(s) dict_keys(['example_complex']) retrieved from /home/airflow/.local/lib/python3.8/site-packages/airflow/example_dags/example_complex.py
[2023-11-19T13:44:45.124+0000] {logging_mixin.py:154} INFO - [2023-11-19T13:44:45.124+0000] {dag.py:2941} INFO - Sync 1 DAGs
[2023-11-19T13:44:45.137+0000] {logging_mixin.py:154} INFO - [2023-11-19T13:44:45.137+0000] {dag.py:3722} INFO - Setting next_dagrun for example_complex to None, run_after=None
[2023-11-19T13:44:45.164+0000] {processor.py:179} INFO - Processing /home/airflow/.local/lib/python3.8/site-packages/airflow/example_dags/example_complex.py took 0.104 seconds
[2023-11-19T13:45:15.320+0000] {processor.py:157} INFO - Started process (PID=273) to work on /home/airflow/.local/lib/python3.8/site-packages/airflow/example_dags/example_complex.py
[2023-11-19T13:45:15.322+0000] {processor.py:829} INFO - Processing file /home/airflow/.local/lib/python3.8/site-packages/airflow/example_dags/example_complex.py for tasks to queue
[2023-11-19T13:45:15.325+0000] {logging_mixin.py:154} INFO - [2023-11-19T13:45:15.325+0000] {dagbag.py:536} INFO - Filling up the DagBag from /home/airflow/.local/lib/python3.8/site-packages/airflow/example_dags/example_complex.py
[2023-11-19T13:45:15.351+0000] {processor.py:839} INFO - DAG(s) dict_keys(['example_complex']) retrieved from /home/airflow/.local/lib/python3.8/site-packages/airflow/example_dags/example_complex.py
[2023-11-19T13:45:15.383+0000] {logging_mixin.py:154} INFO - [2023-11-19T13:45:15.383+0000] {dag.py:2941} INFO - Sync 1 DAGs
[2023-11-19T13:45:15.394+0000] {logging_mixin.py:154} INFO - [2023-11-19T13:45:15.394+0000] {dag.py:3722} INFO - Setting next_dagrun for example_complex to None, run_after=None
[2023-11-19T13:45:15.416+0000] {processor.py:179} INFO - Processing /home/airflow/.local/lib/python3.8/site-packages/airflow/example_dags/example_complex.py took 0.101 seconds
[2023-11-19T13:45:45.677+0000] {processor.py:157} INFO - Started process (PID=328) to work on /home/airflow/.local/lib/python3.8/site-packages/airflow/example_dags/example_complex.py
[2023-11-19T13:45:45.679+0000] {processor.py:829} INFO - Processing file /home/airflow/.local/lib/python3.8/site-packages/airflow/example_dags/example_complex.py for tasks to queue
[2023-11-19T13:45:45.682+0000] {logging_mixin.py:154} INFO - [2023-11-19T13:45:45.681+0000] {dagbag.py:536} INFO - Filling up the DagBag from /home/airflow/.local/lib/python3.8/site-packages/airflow/example_dags/example_complex.py
[2023-11-19T13:45:45.701+0000] {processor.py:839} INFO - DAG(s) dict_keys(['example_complex']) retrieved from /home/airflow/.local/lib/python3.8/site-packages/airflow/example_dags/example_complex.py
[2023-11-19T13:45:45.732+0000] {logging_mixin.py:154} INFO - [2023-11-19T13:45:45.732+0000] {dag.py:2941} INFO - Sync 1 DAGs
[2023-11-19T13:45:45.743+0000] {logging_mixin.py:154} INFO - [2023-11-19T13:45:45.743+0000] {dag.py:3722} INFO - Setting next_dagrun for example_complex to None, run_after=None
[2023-11-19T13:45:45.796+0000] {processor.py:179} INFO - Processing /home/airflow/.local/lib/python3.8/site-packages/airflow/example_dags/example_complex.py took 0.125 seconds
[2023-11-19T13:46:16.130+0000] {processor.py:157} INFO - Started process (PID=382) to work on /home/airflow/.local/lib/python3.8/site-packages/airflow/example_dags/example_complex.py
[2023-11-19T13:46:16.130+0000] {processor.py:829} INFO - Processing file /home/airflow/.local/lib/python3.8/site-packages/airflow/example_dags/example_complex.py for tasks to queue
[2023-11-19T13:46:16.132+0000] {logging_mixin.py:154} INFO - [2023-11-19T13:46:16.132+0000] {dagbag.py:536} INFO - Filling up the DagBag from /home/airflow/.local/lib/python3.8/site-packages/airflow/example_dags/example_complex.py
[2023-11-19T13:46:16.143+0000] {processor.py:839} INFO - DAG(s) dict_keys(['example_complex']) retrieved from /home/airflow/.local/lib/python3.8/site-packages/airflow/example_dags/example_complex.py
[2023-11-19T13:46:16.174+0000] {logging_mixin.py:154} INFO - [2023-11-19T13:46:16.174+0000] {dag.py:2941} INFO - Sync 1 DAGs
[2023-11-19T13:46:16.186+0000] {logging_mixin.py:154} INFO - [2023-11-19T13:46:16.186+0000] {dag.py:3722} INFO - Setting next_dagrun for example_complex to None, run_after=None
[2023-11-19T13:46:16.210+0000] {processor.py:179} INFO - Processing /home/airflow/.local/lib/python3.8/site-packages/airflow/example_dags/example_complex.py took 0.083 seconds
[2023-11-19T13:46:46.543+0000] {processor.py:157} INFO - Started process (PID=436) to work on /home/airflow/.local/lib/python3.8/site-packages/airflow/example_dags/example_complex.py
[2023-11-19T13:46:46.543+0000] {processor.py:829} INFO - Processing file /home/airflow/.local/lib/python3.8/site-packages/airflow/example_dags/example_complex.py for tasks to queue
[2023-11-19T13:46:46.545+0000] {logging_mixin.py:154} INFO - [2023-11-19T13:46:46.545+0000] {dagbag.py:536} INFO - Filling up the DagBag from /home/airflow/.local/lib/python3.8/site-packages/airflow/example_dags/example_complex.py
[2023-11-19T13:46:46.555+0000] {processor.py:839} INFO - DAG(s) dict_keys(['example_complex']) retrieved from /home/airflow/.local/lib/python3.8/site-packages/airflow/example_dags/example_complex.py
[2023-11-19T13:46:46.588+0000] {logging_mixin.py:154} INFO - [2023-11-19T13:46:46.587+0000] {dag.py:2941} INFO - Sync 1 DAGs
[2023-11-19T13:46:46.601+0000] {logging_mixin.py:154} INFO - [2023-11-19T13:46:46.601+0000] {dag.py:3722} INFO - Setting next_dagrun for example_complex to None, run_after=None
[2023-11-19T13:46:46.624+0000] {processor.py:179} INFO - Processing /home/airflow/.local/lib/python3.8/site-packages/airflow/example_dags/example_complex.py took 0.084 seconds
[2023-11-19T13:47:16.971+0000] {processor.py:157} INFO - Started process (PID=490) to work on /home/airflow/.local/lib/python3.8/site-packages/airflow/example_dags/example_complex.py
[2023-11-19T13:47:16.972+0000] {processor.py:829} INFO - Processing file /home/airflow/.local/lib/python3.8/site-packages/airflow/example_dags/example_complex.py for tasks to queue
[2023-11-19T13:47:16.975+0000] {logging_mixin.py:154} INFO - [2023-11-19T13:47:16.975+0000] {dagbag.py:536} INFO - Filling up the DagBag from /home/airflow/.local/lib/python3.8/site-packages/airflow/example_dags/example_complex.py
[2023-11-19T13:47:16.995+0000] {processor.py:839} INFO - DAG(s) dict_keys(['example_complex']) retrieved from /home/airflow/.local/lib/python3.8/site-packages/airflow/example_dags/example_complex.py
[2023-11-19T13:47:17.025+0000] {logging_mixin.py:154} INFO - [2023-11-19T13:47:17.025+0000] {dag.py:2941} INFO - Sync 1 DAGs
[2023-11-19T13:47:17.036+0000] {logging_mixin.py:154} INFO - [2023-11-19T13:47:17.035+0000] {dag.py:3722} INFO - Setting next_dagrun for example_complex to None, run_after=None
[2023-11-19T13:47:17.056+0000] {processor.py:179} INFO - Processing /home/airflow/.local/lib/python3.8/site-packages/airflow/example_dags/example_complex.py took 0.090 seconds
[2023-11-19T13:47:47.505+0000] {processor.py:157} INFO - Started process (PID=544) to work on /home/airflow/.local/lib/python3.8/site-packages/airflow/example_dags/example_complex.py
[2023-11-19T13:47:47.510+0000] {processor.py:829} INFO - Processing file /home/airflow/.local/lib/python3.8/site-packages/airflow/example_dags/example_complex.py for tasks to queue
[2023-11-19T13:47:47.513+0000] {logging_mixin.py:154} INFO - [2023-11-19T13:47:47.513+0000] {dagbag.py:536} INFO - Filling up the DagBag from /home/airflow/.local/lib/python3.8/site-packages/airflow/example_dags/example_complex.py
[2023-11-19T13:47:47.531+0000] {processor.py:839} INFO - DAG(s) dict_keys(['example_complex']) retrieved from /home/airflow/.local/lib/python3.8/site-packages/airflow/example_dags/example_complex.py
[2023-11-19T13:47:47.578+0000] {logging_mixin.py:154} INFO - [2023-11-19T13:47:47.578+0000] {dag.py:2941} INFO - Sync 1 DAGs
[2023-11-19T13:47:47.590+0000] {logging_mixin.py:154} INFO - [2023-11-19T13:47:47.590+0000] {dag.py:3722} INFO - Setting next_dagrun for example_complex to None, run_after=None
[2023-11-19T13:47:47.638+0000] {processor.py:179} INFO - Processing /home/airflow/.local/lib/python3.8/site-packages/airflow/example_dags/example_complex.py took 0.138 seconds
[2023-11-19T13:48:17.724+0000] {processor.py:157} INFO - Started process (PID=598) to work on /home/airflow/.local/lib/python3.8/site-packages/airflow/example_dags/example_complex.py
[2023-11-19T13:48:17.724+0000] {processor.py:829} INFO - Processing file /home/airflow/.local/lib/python3.8/site-packages/airflow/example_dags/example_complex.py for tasks to queue
[2023-11-19T13:48:17.726+0000] {logging_mixin.py:154} INFO - [2023-11-19T13:48:17.726+0000] {dagbag.py:536} INFO - Filling up the DagBag from /home/airflow/.local/lib/python3.8/site-packages/airflow/example_dags/example_complex.py
[2023-11-19T13:48:17.737+0000] {processor.py:839} INFO - DAG(s) dict_keys(['example_complex']) retrieved from /home/airflow/.local/lib/python3.8/site-packages/airflow/example_dags/example_complex.py
[2023-11-19T13:48:17.782+0000] {logging_mixin.py:154} INFO - [2023-11-19T13:48:17.782+0000] {dag.py:2941} INFO - Sync 1 DAGs
[2023-11-19T13:48:17.793+0000] {logging_mixin.py:154} INFO - [2023-11-19T13:48:17.792+0000] {dag.py:3722} INFO - Setting next_dagrun for example_complex to None, run_after=None
[2023-11-19T13:48:17.815+0000] {processor.py:179} INFO - Processing /home/airflow/.local/lib/python3.8/site-packages/airflow/example_dags/example_complex.py took 0.094 seconds
[2023-11-19T13:48:47.946+0000] {processor.py:157} INFO - Started process (PID=652) to work on /home/airflow/.local/lib/python3.8/site-packages/airflow/example_dags/example_complex.py
[2023-11-19T13:48:47.947+0000] {processor.py:829} INFO - Processing file /home/airflow/.local/lib/python3.8/site-packages/airflow/example_dags/example_complex.py for tasks to queue
[2023-11-19T13:48:47.949+0000] {logging_mixin.py:154} INFO - [2023-11-19T13:48:47.949+0000] {dagbag.py:536} INFO - Filling up the DagBag from /home/airflow/.local/lib/python3.8/site-packages/airflow/example_dags/example_complex.py
[2023-11-19T13:48:47.962+0000] {processor.py:839} INFO - DAG(s) dict_keys(['example_complex']) retrieved from /home/airflow/.local/lib/python3.8/site-packages/airflow/example_dags/example_complex.py
[2023-11-19T13:48:47.990+0000] {logging_mixin.py:154} INFO - [2023-11-19T13:48:47.990+0000] {dag.py:2941} INFO - Sync 1 DAGs
[2023-11-19T13:48:48.002+0000] {logging_mixin.py:154} INFO - [2023-11-19T13:48:48.002+0000] {dag.py:3722} INFO - Setting next_dagrun for example_complex to None, run_after=None
[2023-11-19T13:48:48.064+0000] {processor.py:179} INFO - Processing /home/airflow/.local/lib/python3.8/site-packages/airflow/example_dags/example_complex.py took 0.121 seconds
[2023-11-19T13:49:18.507+0000] {processor.py:157} INFO - Started process (PID=706) to work on /home/airflow/.local/lib/python3.8/site-packages/airflow/example_dags/example_complex.py
[2023-11-19T13:49:18.510+0000] {processor.py:829} INFO - Processing file /home/airflow/.local/lib/python3.8/site-packages/airflow/example_dags/example_complex.py for tasks to queue
[2023-11-19T13:49:18.512+0000] {logging_mixin.py:154} INFO - [2023-11-19T13:49:18.512+0000] {dagbag.py:536} INFO - Filling up the DagBag from /home/airflow/.local/lib/python3.8/site-packages/airflow/example_dags/example_complex.py
[2023-11-19T13:49:18.523+0000] {processor.py:839} INFO - DAG(s) dict_keys(['example_complex']) retrieved from /home/airflow/.local/lib/python3.8/site-packages/airflow/example_dags/example_complex.py
[2023-11-19T13:49:18.554+0000] {logging_mixin.py:154} INFO - [2023-11-19T13:49:18.554+0000] {dag.py:2941} INFO - Sync 1 DAGs
[2023-11-19T13:49:18.566+0000] {logging_mixin.py:154} INFO - [2023-11-19T13:49:18.566+0000] {dag.py:3722} INFO - Setting next_dagrun for example_complex to None, run_after=None
[2023-11-19T13:49:18.586+0000] {processor.py:179} INFO - Processing /home/airflow/.local/lib/python3.8/site-packages/airflow/example_dags/example_complex.py took 0.083 seconds
[2023-11-19T13:49:48.750+0000] {processor.py:157} INFO - Started process (PID=760) to work on /home/airflow/.local/lib/python3.8/site-packages/airflow/example_dags/example_complex.py
[2023-11-19T13:49:48.752+0000] {processor.py:829} INFO - Processing file /home/airflow/.local/lib/python3.8/site-packages/airflow/example_dags/example_complex.py for tasks to queue
[2023-11-19T13:49:48.753+0000] {logging_mixin.py:154} INFO - [2023-11-19T13:49:48.753+0000] {dagbag.py:536} INFO - Filling up the DagBag from /home/airflow/.local/lib/python3.8/site-packages/airflow/example_dags/example_complex.py
[2023-11-19T13:49:48.765+0000] {processor.py:839} INFO - DAG(s) dict_keys(['example_complex']) retrieved from /home/airflow/.local/lib/python3.8/site-packages/airflow/example_dags/example_complex.py
[2023-11-19T13:49:48.796+0000] {logging_mixin.py:154} INFO - [2023-11-19T13:49:48.796+0000] {dag.py:2941} INFO - Sync 1 DAGs
[2023-11-19T13:49:48.811+0000] {logging_mixin.py:154} INFO - [2023-11-19T13:49:48.811+0000] {dag.py:3722} INFO - Setting next_dagrun for example_complex to None, run_after=None
[2023-11-19T13:49:48.832+0000] {processor.py:179} INFO - Processing /home/airflow/.local/lib/python3.8/site-packages/airflow/example_dags/example_complex.py took 0.085 seconds
