[2023-11-19T13:43:15.044+0000] {processor.py:157} INFO - Started process (PID=67) to work on /home/airflow/.local/lib/python3.8/site-packages/airflow/example_dags/example_nested_branch_dag.py
[2023-11-19T13:43:15.045+0000] {processor.py:829} INFO - Processing file /home/airflow/.local/lib/python3.8/site-packages/airflow/example_dags/example_nested_branch_dag.py for tasks to queue
[2023-11-19T13:43:15.047+0000] {logging_mixin.py:154} INFO - [2023-11-19T13:43:15.046+0000] {dagbag.py:536} INFO - Filling up the DagBag from /home/airflow/.local/lib/python3.8/site-packages/airflow/example_dags/example_nested_branch_dag.py
[2023-11-19T13:43:15.059+0000] {processor.py:839} INFO - DAG(s) dict_keys(['example_nested_branch_dag']) retrieved from /home/airflow/.local/lib/python3.8/site-packages/airflow/example_dags/example_nested_branch_dag.py
[2023-11-19T13:43:15.083+0000] {logging_mixin.py:154} INFO - [2023-11-19T13:43:15.083+0000] {dag.py:2941} INFO - Sync 1 DAGs
[2023-11-19T13:43:15.106+0000] {logging_mixin.py:154} INFO - [2023-11-19T13:43:15.106+0000] {dag.py:3722} INFO - Setting next_dagrun for example_nested_branch_dag to 2023-11-18T00:00:00+00:00, run_after=2023-11-19T00:00:00+00:00
[2023-11-19T13:43:15.510+0000] {processor.py:179} INFO - Processing /home/airflow/.local/lib/python3.8/site-packages/airflow/example_dags/example_nested_branch_dag.py took 0.470 seconds
[2023-11-19T13:43:45.722+0000] {processor.py:157} INFO - Started process (PID=121) to work on /home/airflow/.local/lib/python3.8/site-packages/airflow/example_dags/example_nested_branch_dag.py
[2023-11-19T13:43:45.723+0000] {processor.py:829} INFO - Processing file /home/airflow/.local/lib/python3.8/site-packages/airflow/example_dags/example_nested_branch_dag.py for tasks to queue
[2023-11-19T13:43:45.726+0000] {logging_mixin.py:154} INFO - [2023-11-19T13:43:45.726+0000] {dagbag.py:536} INFO - Filling up the DagBag from /home/airflow/.local/lib/python3.8/site-packages/airflow/example_dags/example_nested_branch_dag.py
[2023-11-19T13:43:45.742+0000] {processor.py:839} INFO - DAG(s) dict_keys(['example_nested_branch_dag']) retrieved from /home/airflow/.local/lib/python3.8/site-packages/airflow/example_dags/example_nested_branch_dag.py
[2023-11-19T13:43:45.775+0000] {logging_mixin.py:154} INFO - [2023-11-19T13:43:45.775+0000] {dag.py:2941} INFO - Sync 1 DAGs
[2023-11-19T13:43:45.800+0000] {logging_mixin.py:154} INFO - [2023-11-19T13:43:45.800+0000] {dag.py:3722} INFO - Setting next_dagrun for example_nested_branch_dag to 2023-11-18T00:00:00+00:00, run_after=2023-11-19T00:00:00+00:00
[2023-11-19T13:43:45.819+0000] {processor.py:179} INFO - Processing /home/airflow/.local/lib/python3.8/site-packages/airflow/example_dags/example_nested_branch_dag.py took 0.103 seconds
[2023-11-19T13:44:16.331+0000] {processor.py:157} INFO - Started process (PID=175) to work on /home/airflow/.local/lib/python3.8/site-packages/airflow/example_dags/example_nested_branch_dag.py
[2023-11-19T13:44:16.333+0000] {processor.py:829} INFO - Processing file /home/airflow/.local/lib/python3.8/site-packages/airflow/example_dags/example_nested_branch_dag.py for tasks to queue
[2023-11-19T13:44:16.335+0000] {logging_mixin.py:154} INFO - [2023-11-19T13:44:16.335+0000] {dagbag.py:536} INFO - Filling up the DagBag from /home/airflow/.local/lib/python3.8/site-packages/airflow/example_dags/example_nested_branch_dag.py
[2023-11-19T13:44:16.343+0000] {processor.py:839} INFO - DAG(s) dict_keys(['example_nested_branch_dag']) retrieved from /home/airflow/.local/lib/python3.8/site-packages/airflow/example_dags/example_nested_branch_dag.py
[2023-11-19T13:44:16.366+0000] {logging_mixin.py:154} INFO - [2023-11-19T13:44:16.365+0000] {dag.py:2941} INFO - Sync 1 DAGs
[2023-11-19T13:44:16.387+0000] {logging_mixin.py:154} INFO - [2023-11-19T13:44:16.387+0000] {dag.py:3722} INFO - Setting next_dagrun for example_nested_branch_dag to 2023-11-18T00:00:00+00:00, run_after=2023-11-19T00:00:00+00:00
[2023-11-19T13:44:16.411+0000] {processor.py:179} INFO - Processing /home/airflow/.local/lib/python3.8/site-packages/airflow/example_dags/example_nested_branch_dag.py took 0.083 seconds
[2023-11-19T13:44:47.055+0000] {processor.py:157} INFO - Started process (PID=229) to work on /home/airflow/.local/lib/python3.8/site-packages/airflow/example_dags/example_nested_branch_dag.py
[2023-11-19T13:44:47.056+0000] {processor.py:829} INFO - Processing file /home/airflow/.local/lib/python3.8/site-packages/airflow/example_dags/example_nested_branch_dag.py for tasks to queue
[2023-11-19T13:44:47.058+0000] {logging_mixin.py:154} INFO - [2023-11-19T13:44:47.058+0000] {dagbag.py:536} INFO - Filling up the DagBag from /home/airflow/.local/lib/python3.8/site-packages/airflow/example_dags/example_nested_branch_dag.py
[2023-11-19T13:44:47.069+0000] {processor.py:839} INFO - DAG(s) dict_keys(['example_nested_branch_dag']) retrieved from /home/airflow/.local/lib/python3.8/site-packages/airflow/example_dags/example_nested_branch_dag.py
[2023-11-19T13:44:47.093+0000] {logging_mixin.py:154} INFO - [2023-11-19T13:44:47.093+0000] {dag.py:2941} INFO - Sync 1 DAGs
[2023-11-19T13:44:47.118+0000] {logging_mixin.py:154} INFO - [2023-11-19T13:44:47.118+0000] {dag.py:3722} INFO - Setting next_dagrun for example_nested_branch_dag to 2023-11-18T00:00:00+00:00, run_after=2023-11-19T00:00:00+00:00
[2023-11-19T13:44:47.146+0000] {processor.py:179} INFO - Processing /home/airflow/.local/lib/python3.8/site-packages/airflow/example_dags/example_nested_branch_dag.py took 0.094 seconds
[2023-11-19T13:45:18.215+0000] {processor.py:157} INFO - Started process (PID=283) to work on /home/airflow/.local/lib/python3.8/site-packages/airflow/example_dags/example_nested_branch_dag.py
[2023-11-19T13:45:18.216+0000] {processor.py:829} INFO - Processing file /home/airflow/.local/lib/python3.8/site-packages/airflow/example_dags/example_nested_branch_dag.py for tasks to queue
[2023-11-19T13:45:18.219+0000] {logging_mixin.py:154} INFO - [2023-11-19T13:45:18.218+0000] {dagbag.py:536} INFO - Filling up the DagBag from /home/airflow/.local/lib/python3.8/site-packages/airflow/example_dags/example_nested_branch_dag.py
[2023-11-19T13:45:18.233+0000] {processor.py:839} INFO - DAG(s) dict_keys(['example_nested_branch_dag']) retrieved from /home/airflow/.local/lib/python3.8/site-packages/airflow/example_dags/example_nested_branch_dag.py
[2023-11-19T13:45:18.257+0000] {logging_mixin.py:154} INFO - [2023-11-19T13:45:18.257+0000] {dag.py:2941} INFO - Sync 1 DAGs
[2023-11-19T13:45:18.279+0000] {logging_mixin.py:154} INFO - [2023-11-19T13:45:18.278+0000] {dag.py:3722} INFO - Setting next_dagrun for example_nested_branch_dag to 2023-11-18T00:00:00+00:00, run_after=2023-11-19T00:00:00+00:00
[2023-11-19T13:45:18.309+0000] {processor.py:179} INFO - Processing /home/airflow/.local/lib/python3.8/site-packages/airflow/example_dags/example_nested_branch_dag.py took 0.099 seconds
[2023-11-19T13:45:48.634+0000] {processor.py:157} INFO - Started process (PID=338) to work on /home/airflow/.local/lib/python3.8/site-packages/airflow/example_dags/example_nested_branch_dag.py
[2023-11-19T13:45:48.637+0000] {processor.py:829} INFO - Processing file /home/airflow/.local/lib/python3.8/site-packages/airflow/example_dags/example_nested_branch_dag.py for tasks to queue
[2023-11-19T13:45:48.639+0000] {logging_mixin.py:154} INFO - [2023-11-19T13:45:48.638+0000] {dagbag.py:536} INFO - Filling up the DagBag from /home/airflow/.local/lib/python3.8/site-packages/airflow/example_dags/example_nested_branch_dag.py
[2023-11-19T13:45:48.647+0000] {processor.py:839} INFO - DAG(s) dict_keys(['example_nested_branch_dag']) retrieved from /home/airflow/.local/lib/python3.8/site-packages/airflow/example_dags/example_nested_branch_dag.py
[2023-11-19T13:45:48.669+0000] {logging_mixin.py:154} INFO - [2023-11-19T13:45:48.668+0000] {dag.py:2941} INFO - Sync 1 DAGs
[2023-11-19T13:45:48.692+0000] {logging_mixin.py:154} INFO - [2023-11-19T13:45:48.691+0000] {dag.py:3722} INFO - Setting next_dagrun for example_nested_branch_dag to 2023-11-18T00:00:00+00:00, run_after=2023-11-19T00:00:00+00:00
[2023-11-19T13:45:48.713+0000] {processor.py:179} INFO - Processing /home/airflow/.local/lib/python3.8/site-packages/airflow/example_dags/example_nested_branch_dag.py took 0.082 seconds
[2023-11-19T13:46:19.078+0000] {processor.py:157} INFO - Started process (PID=392) to work on /home/airflow/.local/lib/python3.8/site-packages/airflow/example_dags/example_nested_branch_dag.py
[2023-11-19T13:46:19.080+0000] {processor.py:829} INFO - Processing file /home/airflow/.local/lib/python3.8/site-packages/airflow/example_dags/example_nested_branch_dag.py for tasks to queue
[2023-11-19T13:46:19.083+0000] {logging_mixin.py:154} INFO - [2023-11-19T13:46:19.082+0000] {dagbag.py:536} INFO - Filling up the DagBag from /home/airflow/.local/lib/python3.8/site-packages/airflow/example_dags/example_nested_branch_dag.py
[2023-11-19T13:46:19.097+0000] {processor.py:839} INFO - DAG(s) dict_keys(['example_nested_branch_dag']) retrieved from /home/airflow/.local/lib/python3.8/site-packages/airflow/example_dags/example_nested_branch_dag.py
[2023-11-19T13:46:19.129+0000] {logging_mixin.py:154} INFO - [2023-11-19T13:46:19.129+0000] {dag.py:2941} INFO - Sync 1 DAGs
[2023-11-19T13:46:19.155+0000] {logging_mixin.py:154} INFO - [2023-11-19T13:46:19.154+0000] {dag.py:3722} INFO - Setting next_dagrun for example_nested_branch_dag to 2023-11-18T00:00:00+00:00, run_after=2023-11-19T00:00:00+00:00
[2023-11-19T13:46:19.174+0000] {processor.py:179} INFO - Processing /home/airflow/.local/lib/python3.8/site-packages/airflow/example_dags/example_nested_branch_dag.py took 0.101 seconds
[2023-11-19T13:46:49.604+0000] {processor.py:157} INFO - Started process (PID=446) to work on /home/airflow/.local/lib/python3.8/site-packages/airflow/example_dags/example_nested_branch_dag.py
[2023-11-19T13:46:49.605+0000] {processor.py:829} INFO - Processing file /home/airflow/.local/lib/python3.8/site-packages/airflow/example_dags/example_nested_branch_dag.py for tasks to queue
[2023-11-19T13:46:49.609+0000] {logging_mixin.py:154} INFO - [2023-11-19T13:46:49.608+0000] {dagbag.py:536} INFO - Filling up the DagBag from /home/airflow/.local/lib/python3.8/site-packages/airflow/example_dags/example_nested_branch_dag.py
[2023-11-19T13:46:49.627+0000] {processor.py:839} INFO - DAG(s) dict_keys(['example_nested_branch_dag']) retrieved from /home/airflow/.local/lib/python3.8/site-packages/airflow/example_dags/example_nested_branch_dag.py
[2023-11-19T13:46:49.657+0000] {logging_mixin.py:154} INFO - [2023-11-19T13:46:49.657+0000] {dag.py:2941} INFO - Sync 1 DAGs
[2023-11-19T13:46:49.683+0000] {logging_mixin.py:154} INFO - [2023-11-19T13:46:49.683+0000] {dag.py:3722} INFO - Setting next_dagrun for example_nested_branch_dag to 2023-11-18T00:00:00+00:00, run_after=2023-11-19T00:00:00+00:00
[2023-11-19T13:46:49.707+0000] {processor.py:179} INFO - Processing /home/airflow/.local/lib/python3.8/site-packages/airflow/example_dags/example_nested_branch_dag.py took 0.110 seconds
[2023-11-19T13:47:20.774+0000] {processor.py:157} INFO - Started process (PID=500) to work on /home/airflow/.local/lib/python3.8/site-packages/airflow/example_dags/example_nested_branch_dag.py
[2023-11-19T13:47:20.775+0000] {processor.py:829} INFO - Processing file /home/airflow/.local/lib/python3.8/site-packages/airflow/example_dags/example_nested_branch_dag.py for tasks to queue
[2023-11-19T13:47:20.779+0000] {logging_mixin.py:154} INFO - [2023-11-19T13:47:20.778+0000] {dagbag.py:536} INFO - Filling up the DagBag from /home/airflow/.local/lib/python3.8/site-packages/airflow/example_dags/example_nested_branch_dag.py
[2023-11-19T13:47:20.794+0000] {processor.py:839} INFO - DAG(s) dict_keys(['example_nested_branch_dag']) retrieved from /home/airflow/.local/lib/python3.8/site-packages/airflow/example_dags/example_nested_branch_dag.py
[2023-11-19T13:47:20.826+0000] {logging_mixin.py:154} INFO - [2023-11-19T13:47:20.826+0000] {dag.py:2941} INFO - Sync 1 DAGs
[2023-11-19T13:47:20.851+0000] {logging_mixin.py:154} INFO - [2023-11-19T13:47:20.851+0000] {dag.py:3722} INFO - Setting next_dagrun for example_nested_branch_dag to 2023-11-18T00:00:00+00:00, run_after=2023-11-19T00:00:00+00:00
[2023-11-19T13:47:20.875+0000] {processor.py:179} INFO - Processing /home/airflow/.local/lib/python3.8/site-packages/airflow/example_dags/example_nested_branch_dag.py took 0.106 seconds
[2023-11-19T13:47:51.373+0000] {processor.py:157} INFO - Started process (PID=554) to work on /home/airflow/.local/lib/python3.8/site-packages/airflow/example_dags/example_nested_branch_dag.py
[2023-11-19T13:47:51.375+0000] {processor.py:829} INFO - Processing file /home/airflow/.local/lib/python3.8/site-packages/airflow/example_dags/example_nested_branch_dag.py for tasks to queue
[2023-11-19T13:47:51.378+0000] {logging_mixin.py:154} INFO - [2023-11-19T13:47:51.378+0000] {dagbag.py:536} INFO - Filling up the DagBag from /home/airflow/.local/lib/python3.8/site-packages/airflow/example_dags/example_nested_branch_dag.py
[2023-11-19T13:47:51.395+0000] {processor.py:839} INFO - DAG(s) dict_keys(['example_nested_branch_dag']) retrieved from /home/airflow/.local/lib/python3.8/site-packages/airflow/example_dags/example_nested_branch_dag.py
[2023-11-19T13:47:51.429+0000] {logging_mixin.py:154} INFO - [2023-11-19T13:47:51.429+0000] {dag.py:2941} INFO - Sync 1 DAGs
[2023-11-19T13:47:51.454+0000] {logging_mixin.py:154} INFO - [2023-11-19T13:47:51.454+0000] {dag.py:3722} INFO - Setting next_dagrun for example_nested_branch_dag to 2023-11-18T00:00:00+00:00, run_after=2023-11-19T00:00:00+00:00
[2023-11-19T13:47:51.473+0000] {processor.py:179} INFO - Processing /home/airflow/.local/lib/python3.8/site-packages/airflow/example_dags/example_nested_branch_dag.py took 0.105 seconds
[2023-11-19T13:48:21.692+0000] {processor.py:157} INFO - Started process (PID=608) to work on /home/airflow/.local/lib/python3.8/site-packages/airflow/example_dags/example_nested_branch_dag.py
[2023-11-19T13:48:21.693+0000] {processor.py:829} INFO - Processing file /home/airflow/.local/lib/python3.8/site-packages/airflow/example_dags/example_nested_branch_dag.py for tasks to queue
[2023-11-19T13:48:21.697+0000] {logging_mixin.py:154} INFO - [2023-11-19T13:48:21.696+0000] {dagbag.py:536} INFO - Filling up the DagBag from /home/airflow/.local/lib/python3.8/site-packages/airflow/example_dags/example_nested_branch_dag.py
[2023-11-19T13:48:21.712+0000] {processor.py:839} INFO - DAG(s) dict_keys(['example_nested_branch_dag']) retrieved from /home/airflow/.local/lib/python3.8/site-packages/airflow/example_dags/example_nested_branch_dag.py
[2023-11-19T13:48:21.738+0000] {logging_mixin.py:154} INFO - [2023-11-19T13:48:21.738+0000] {dag.py:2941} INFO - Sync 1 DAGs
[2023-11-19T13:48:21.763+0000] {logging_mixin.py:154} INFO - [2023-11-19T13:48:21.762+0000] {dag.py:3722} INFO - Setting next_dagrun for example_nested_branch_dag to 2023-11-18T00:00:00+00:00, run_after=2023-11-19T00:00:00+00:00
[2023-11-19T13:48:21.791+0000] {processor.py:179} INFO - Processing /home/airflow/.local/lib/python3.8/site-packages/airflow/example_dags/example_nested_branch_dag.py took 0.104 seconds
[2023-11-19T13:48:52.707+0000] {processor.py:157} INFO - Started process (PID=662) to work on /home/airflow/.local/lib/python3.8/site-packages/airflow/example_dags/example_nested_branch_dag.py
[2023-11-19T13:48:52.708+0000] {processor.py:829} INFO - Processing file /home/airflow/.local/lib/python3.8/site-packages/airflow/example_dags/example_nested_branch_dag.py for tasks to queue
[2023-11-19T13:48:52.711+0000] {logging_mixin.py:154} INFO - [2023-11-19T13:48:52.711+0000] {dagbag.py:536} INFO - Filling up the DagBag from /home/airflow/.local/lib/python3.8/site-packages/airflow/example_dags/example_nested_branch_dag.py
[2023-11-19T13:48:52.725+0000] {processor.py:839} INFO - DAG(s) dict_keys(['example_nested_branch_dag']) retrieved from /home/airflow/.local/lib/python3.8/site-packages/airflow/example_dags/example_nested_branch_dag.py
[2023-11-19T13:48:52.756+0000] {logging_mixin.py:154} INFO - [2023-11-19T13:48:52.756+0000] {dag.py:2941} INFO - Sync 1 DAGs
[2023-11-19T13:48:52.781+0000] {logging_mixin.py:154} INFO - [2023-11-19T13:48:52.781+0000] {dag.py:3722} INFO - Setting next_dagrun for example_nested_branch_dag to 2023-11-18T00:00:00+00:00, run_after=2023-11-19T00:00:00+00:00
[2023-11-19T13:48:52.801+0000] {processor.py:179} INFO - Processing /home/airflow/.local/lib/python3.8/site-packages/airflow/example_dags/example_nested_branch_dag.py took 0.098 seconds
[2023-11-19T13:49:23.142+0000] {processor.py:157} INFO - Started process (PID=716) to work on /home/airflow/.local/lib/python3.8/site-packages/airflow/example_dags/example_nested_branch_dag.py
[2023-11-19T13:49:23.144+0000] {processor.py:829} INFO - Processing file /home/airflow/.local/lib/python3.8/site-packages/airflow/example_dags/example_nested_branch_dag.py for tasks to queue
[2023-11-19T13:49:23.147+0000] {logging_mixin.py:154} INFO - [2023-11-19T13:49:23.146+0000] {dagbag.py:536} INFO - Filling up the DagBag from /home/airflow/.local/lib/python3.8/site-packages/airflow/example_dags/example_nested_branch_dag.py
[2023-11-19T13:49:23.162+0000] {processor.py:839} INFO - DAG(s) dict_keys(['example_nested_branch_dag']) retrieved from /home/airflow/.local/lib/python3.8/site-packages/airflow/example_dags/example_nested_branch_dag.py
[2023-11-19T13:49:23.197+0000] {logging_mixin.py:154} INFO - [2023-11-19T13:49:23.197+0000] {dag.py:2941} INFO - Sync 1 DAGs
[2023-11-19T13:49:23.223+0000] {logging_mixin.py:154} INFO - [2023-11-19T13:49:23.223+0000] {dag.py:3722} INFO - Setting next_dagrun for example_nested_branch_dag to 2023-11-18T00:00:00+00:00, run_after=2023-11-19T00:00:00+00:00
[2023-11-19T13:49:23.243+0000] {processor.py:179} INFO - Processing /home/airflow/.local/lib/python3.8/site-packages/airflow/example_dags/example_nested_branch_dag.py took 0.105 seconds
