[2023-11-19T13:43:12.607+0000] {processor.py:157} INFO - Started process (PID=47) to work on /home/airflow/.local/lib/python3.8/site-packages/airflow/example_dags/example_branch_operator.py
[2023-11-19T13:43:12.608+0000] {processor.py:829} INFO - Processing file /home/airflow/.local/lib/python3.8/site-packages/airflow/example_dags/example_branch_operator.py for tasks to queue
[2023-11-19T13:43:12.611+0000] {logging_mixin.py:154} INFO - [2023-11-19T13:43:12.610+0000] {dagbag.py:536} INFO - Filling up the DagBag from /home/airflow/.local/lib/python3.8/site-packages/airflow/example_dags/example_branch_operator.py
[2023-11-19T13:43:12.625+0000] {processor.py:839} INFO - DAG(s) dict_keys(['example_branch_operator']) retrieved from /home/airflow/.local/lib/python3.8/site-packages/airflow/example_dags/example_branch_operator.py
[2023-11-19T13:43:12.665+0000] {logging_mixin.py:154} INFO - [2023-11-19T13:43:12.665+0000] {dag.py:2941} INFO - Sync 1 DAGs
[2023-11-19T13:43:12.689+0000] {logging_mixin.py:154} INFO - [2023-11-19T13:43:12.689+0000] {dag.py:3722} INFO - Setting next_dagrun for example_branch_operator to 2023-11-18T00:00:00+00:00, run_after=2023-11-19T00:00:00+00:00
[2023-11-19T13:43:12.742+0000] {processor.py:179} INFO - Processing /home/airflow/.local/lib/python3.8/site-packages/airflow/example_dags/example_branch_operator.py took 0.140 seconds
[2023-11-19T13:43:42.928+0000] {processor.py:157} INFO - Started process (PID=101) to work on /home/airflow/.local/lib/python3.8/site-packages/airflow/example_dags/example_branch_operator.py
[2023-11-19T13:43:42.930+0000] {processor.py:829} INFO - Processing file /home/airflow/.local/lib/python3.8/site-packages/airflow/example_dags/example_branch_operator.py for tasks to queue
[2023-11-19T13:43:42.933+0000] {logging_mixin.py:154} INFO - [2023-11-19T13:43:42.932+0000] {dagbag.py:536} INFO - Filling up the DagBag from /home/airflow/.local/lib/python3.8/site-packages/airflow/example_dags/example_branch_operator.py
[2023-11-19T13:43:42.948+0000] {processor.py:839} INFO - DAG(s) dict_keys(['example_branch_operator']) retrieved from /home/airflow/.local/lib/python3.8/site-packages/airflow/example_dags/example_branch_operator.py
[2023-11-19T13:43:42.981+0000] {logging_mixin.py:154} INFO - [2023-11-19T13:43:42.981+0000] {dag.py:2941} INFO - Sync 1 DAGs
[2023-11-19T13:43:43.001+0000] {logging_mixin.py:154} INFO - [2023-11-19T13:43:43.000+0000] {dag.py:3722} INFO - Setting next_dagrun for example_branch_operator to 2023-11-18T00:00:00+00:00, run_after=2023-11-19T00:00:00+00:00
[2023-11-19T13:43:43.059+0000] {processor.py:179} INFO - Processing /home/airflow/.local/lib/python3.8/site-packages/airflow/example_dags/example_branch_operator.py took 0.136 seconds
[2023-11-19T13:44:13.250+0000] {processor.py:157} INFO - Started process (PID=155) to work on /home/airflow/.local/lib/python3.8/site-packages/airflow/example_dags/example_branch_operator.py
[2023-11-19T13:44:13.251+0000] {processor.py:829} INFO - Processing file /home/airflow/.local/lib/python3.8/site-packages/airflow/example_dags/example_branch_operator.py for tasks to queue
[2023-11-19T13:44:13.252+0000] {logging_mixin.py:154} INFO - [2023-11-19T13:44:13.252+0000] {dagbag.py:536} INFO - Filling up the DagBag from /home/airflow/.local/lib/python3.8/site-packages/airflow/example_dags/example_branch_operator.py
[2023-11-19T13:44:13.261+0000] {processor.py:839} INFO - DAG(s) dict_keys(['example_branch_operator']) retrieved from /home/airflow/.local/lib/python3.8/site-packages/airflow/example_dags/example_branch_operator.py
[2023-11-19T13:44:13.302+0000] {logging_mixin.py:154} INFO - [2023-11-19T13:44:13.302+0000] {dag.py:2941} INFO - Sync 1 DAGs
[2023-11-19T13:44:13.331+0000] {logging_mixin.py:154} INFO - [2023-11-19T13:44:13.331+0000] {dag.py:3722} INFO - Setting next_dagrun for example_branch_operator to 2023-11-18T00:00:00+00:00, run_after=2023-11-19T00:00:00+00:00
[2023-11-19T13:44:13.372+0000] {processor.py:179} INFO - Processing /home/airflow/.local/lib/python3.8/site-packages/airflow/example_dags/example_branch_operator.py took 0.125 seconds
[2023-11-19T13:44:43.818+0000] {processor.py:157} INFO - Started process (PID=209) to work on /home/airflow/.local/lib/python3.8/site-packages/airflow/example_dags/example_branch_operator.py
[2023-11-19T13:44:43.823+0000] {processor.py:829} INFO - Processing file /home/airflow/.local/lib/python3.8/site-packages/airflow/example_dags/example_branch_operator.py for tasks to queue
[2023-11-19T13:44:43.826+0000] {logging_mixin.py:154} INFO - [2023-11-19T13:44:43.825+0000] {dagbag.py:536} INFO - Filling up the DagBag from /home/airflow/.local/lib/python3.8/site-packages/airflow/example_dags/example_branch_operator.py
[2023-11-19T13:44:43.840+0000] {processor.py:839} INFO - DAG(s) dict_keys(['example_branch_operator']) retrieved from /home/airflow/.local/lib/python3.8/site-packages/airflow/example_dags/example_branch_operator.py
[2023-11-19T13:44:43.873+0000] {logging_mixin.py:154} INFO - [2023-11-19T13:44:43.873+0000] {dag.py:2941} INFO - Sync 1 DAGs
[2023-11-19T13:44:43.908+0000] {logging_mixin.py:154} INFO - [2023-11-19T13:44:43.907+0000] {dag.py:3722} INFO - Setting next_dagrun for example_branch_operator to 2023-11-18T00:00:00+00:00, run_after=2023-11-19T00:00:00+00:00
[2023-11-19T13:44:43.936+0000] {processor.py:179} INFO - Processing /home/airflow/.local/lib/python3.8/site-packages/airflow/example_dags/example_branch_operator.py took 0.123 seconds
[2023-11-19T13:45:14.135+0000] {processor.py:157} INFO - Started process (PID=263) to work on /home/airflow/.local/lib/python3.8/site-packages/airflow/example_dags/example_branch_operator.py
[2023-11-19T13:45:14.142+0000] {processor.py:829} INFO - Processing file /home/airflow/.local/lib/python3.8/site-packages/airflow/example_dags/example_branch_operator.py for tasks to queue
[2023-11-19T13:45:14.145+0000] {logging_mixin.py:154} INFO - [2023-11-19T13:45:14.145+0000] {dagbag.py:536} INFO - Filling up the DagBag from /home/airflow/.local/lib/python3.8/site-packages/airflow/example_dags/example_branch_operator.py
[2023-11-19T13:45:14.156+0000] {processor.py:839} INFO - DAG(s) dict_keys(['example_branch_operator']) retrieved from /home/airflow/.local/lib/python3.8/site-packages/airflow/example_dags/example_branch_operator.py
[2023-11-19T13:45:14.180+0000] {logging_mixin.py:154} INFO - [2023-11-19T13:45:14.179+0000] {dag.py:2941} INFO - Sync 1 DAGs
[2023-11-19T13:45:14.200+0000] {logging_mixin.py:154} INFO - [2023-11-19T13:45:14.200+0000] {dag.py:3722} INFO - Setting next_dagrun for example_branch_operator to 2023-11-18T00:00:00+00:00, run_after=2023-11-19T00:00:00+00:00
[2023-11-19T13:45:14.223+0000] {processor.py:179} INFO - Processing /home/airflow/.local/lib/python3.8/site-packages/airflow/example_dags/example_branch_operator.py took 0.092 seconds
[2023-11-19T13:45:44.435+0000] {processor.py:157} INFO - Started process (PID=317) to work on /home/airflow/.local/lib/python3.8/site-packages/airflow/example_dags/example_branch_operator.py
[2023-11-19T13:45:44.439+0000] {processor.py:829} INFO - Processing file /home/airflow/.local/lib/python3.8/site-packages/airflow/example_dags/example_branch_operator.py for tasks to queue
[2023-11-19T13:45:44.442+0000] {logging_mixin.py:154} INFO - [2023-11-19T13:45:44.442+0000] {dagbag.py:536} INFO - Filling up the DagBag from /home/airflow/.local/lib/python3.8/site-packages/airflow/example_dags/example_branch_operator.py
[2023-11-19T13:45:44.457+0000] {processor.py:839} INFO - DAG(s) dict_keys(['example_branch_operator']) retrieved from /home/airflow/.local/lib/python3.8/site-packages/airflow/example_dags/example_branch_operator.py
[2023-11-19T13:45:44.482+0000] {logging_mixin.py:154} INFO - [2023-11-19T13:45:44.482+0000] {dag.py:2941} INFO - Sync 1 DAGs
[2023-11-19T13:45:44.507+0000] {logging_mixin.py:154} INFO - [2023-11-19T13:45:44.506+0000] {dag.py:3722} INFO - Setting next_dagrun for example_branch_operator to 2023-11-18T00:00:00+00:00, run_after=2023-11-19T00:00:00+00:00
[2023-11-19T13:45:44.528+0000] {processor.py:179} INFO - Processing /home/airflow/.local/lib/python3.8/site-packages/airflow/example_dags/example_branch_operator.py took 0.098 seconds
[2023-11-19T13:46:14.874+0000] {processor.py:157} INFO - Started process (PID=372) to work on /home/airflow/.local/lib/python3.8/site-packages/airflow/example_dags/example_branch_operator.py
[2023-11-19T13:46:14.876+0000] {processor.py:829} INFO - Processing file /home/airflow/.local/lib/python3.8/site-packages/airflow/example_dags/example_branch_operator.py for tasks to queue
[2023-11-19T13:46:14.880+0000] {logging_mixin.py:154} INFO - [2023-11-19T13:46:14.880+0000] {dagbag.py:536} INFO - Filling up the DagBag from /home/airflow/.local/lib/python3.8/site-packages/airflow/example_dags/example_branch_operator.py
[2023-11-19T13:46:14.894+0000] {processor.py:839} INFO - DAG(s) dict_keys(['example_branch_operator']) retrieved from /home/airflow/.local/lib/python3.8/site-packages/airflow/example_dags/example_branch_operator.py
[2023-11-19T13:46:14.927+0000] {logging_mixin.py:154} INFO - [2023-11-19T13:46:14.927+0000] {dag.py:2941} INFO - Sync 1 DAGs
[2023-11-19T13:46:14.951+0000] {logging_mixin.py:154} INFO - [2023-11-19T13:46:14.951+0000] {dag.py:3722} INFO - Setting next_dagrun for example_branch_operator to 2023-11-18T00:00:00+00:00, run_after=2023-11-19T00:00:00+00:00
[2023-11-19T13:46:14.973+0000] {processor.py:179} INFO - Processing /home/airflow/.local/lib/python3.8/site-packages/airflow/example_dags/example_branch_operator.py took 0.105 seconds
[2023-11-19T13:46:45.353+0000] {processor.py:157} INFO - Started process (PID=426) to work on /home/airflow/.local/lib/python3.8/site-packages/airflow/example_dags/example_branch_operator.py
[2023-11-19T13:46:45.354+0000] {processor.py:829} INFO - Processing file /home/airflow/.local/lib/python3.8/site-packages/airflow/example_dags/example_branch_operator.py for tasks to queue
[2023-11-19T13:46:45.357+0000] {logging_mixin.py:154} INFO - [2023-11-19T13:46:45.357+0000] {dagbag.py:536} INFO - Filling up the DagBag from /home/airflow/.local/lib/python3.8/site-packages/airflow/example_dags/example_branch_operator.py
[2023-11-19T13:46:45.371+0000] {processor.py:839} INFO - DAG(s) dict_keys(['example_branch_operator']) retrieved from /home/airflow/.local/lib/python3.8/site-packages/airflow/example_dags/example_branch_operator.py
[2023-11-19T13:46:45.391+0000] {logging_mixin.py:154} INFO - [2023-11-19T13:46:45.391+0000] {dag.py:2941} INFO - Sync 1 DAGs
[2023-11-19T13:46:45.410+0000] {logging_mixin.py:154} INFO - [2023-11-19T13:46:45.410+0000] {dag.py:3722} INFO - Setting next_dagrun for example_branch_operator to 2023-11-18T00:00:00+00:00, run_after=2023-11-19T00:00:00+00:00
[2023-11-19T13:46:45.465+0000] {processor.py:179} INFO - Processing /home/airflow/.local/lib/python3.8/site-packages/airflow/example_dags/example_branch_operator.py took 0.117 seconds
[2023-11-19T13:47:15.772+0000] {processor.py:157} INFO - Started process (PID=486) to work on /home/airflow/.local/lib/python3.8/site-packages/airflow/example_dags/example_branch_operator.py
[2023-11-19T13:47:15.775+0000] {processor.py:829} INFO - Processing file /home/airflow/.local/lib/python3.8/site-packages/airflow/example_dags/example_branch_operator.py for tasks to queue
[2023-11-19T13:47:15.778+0000] {logging_mixin.py:154} INFO - [2023-11-19T13:47:15.777+0000] {dagbag.py:536} INFO - Filling up the DagBag from /home/airflow/.local/lib/python3.8/site-packages/airflow/example_dags/example_branch_operator.py
[2023-11-19T13:47:15.787+0000] {processor.py:839} INFO - DAG(s) dict_keys(['example_branch_operator']) retrieved from /home/airflow/.local/lib/python3.8/site-packages/airflow/example_dags/example_branch_operator.py
[2023-11-19T13:47:15.809+0000] {logging_mixin.py:154} INFO - [2023-11-19T13:47:15.809+0000] {dag.py:2941} INFO - Sync 1 DAGs
[2023-11-19T13:47:15.831+0000] {logging_mixin.py:154} INFO - [2023-11-19T13:47:15.830+0000] {dag.py:3722} INFO - Setting next_dagrun for example_branch_operator to 2023-11-18T00:00:00+00:00, run_after=2023-11-19T00:00:00+00:00
[2023-11-19T13:47:15.853+0000] {processor.py:179} INFO - Processing /home/airflow/.local/lib/python3.8/site-packages/airflow/example_dags/example_branch_operator.py took 0.087 seconds
[2023-11-19T13:47:46.197+0000] {processor.py:157} INFO - Started process (PID=541) to work on /home/airflow/.local/lib/python3.8/site-packages/airflow/example_dags/example_branch_operator.py
[2023-11-19T13:47:46.208+0000] {processor.py:829} INFO - Processing file /home/airflow/.local/lib/python3.8/site-packages/airflow/example_dags/example_branch_operator.py for tasks to queue
[2023-11-19T13:47:46.210+0000] {logging_mixin.py:154} INFO - [2023-11-19T13:47:46.210+0000] {dagbag.py:536} INFO - Filling up the DagBag from /home/airflow/.local/lib/python3.8/site-packages/airflow/example_dags/example_branch_operator.py
[2023-11-19T13:47:46.225+0000] {processor.py:839} INFO - DAG(s) dict_keys(['example_branch_operator']) retrieved from /home/airflow/.local/lib/python3.8/site-packages/airflow/example_dags/example_branch_operator.py
[2023-11-19T13:47:46.249+0000] {logging_mixin.py:154} INFO - [2023-11-19T13:47:46.249+0000] {dag.py:2941} INFO - Sync 1 DAGs
[2023-11-19T13:47:46.272+0000] {logging_mixin.py:154} INFO - [2023-11-19T13:47:46.272+0000] {dag.py:3722} INFO - Setting next_dagrun for example_branch_operator to 2023-11-18T00:00:00+00:00, run_after=2023-11-19T00:00:00+00:00
[2023-11-19T13:47:46.328+0000] {processor.py:179} INFO - Processing /home/airflow/.local/lib/python3.8/site-packages/airflow/example_dags/example_branch_operator.py took 0.137 seconds
[2023-11-19T13:48:16.472+0000] {processor.py:157} INFO - Started process (PID=595) to work on /home/airflow/.local/lib/python3.8/site-packages/airflow/example_dags/example_branch_operator.py
[2023-11-19T13:48:16.475+0000] {processor.py:829} INFO - Processing file /home/airflow/.local/lib/python3.8/site-packages/airflow/example_dags/example_branch_operator.py for tasks to queue
[2023-11-19T13:48:16.477+0000] {logging_mixin.py:154} INFO - [2023-11-19T13:48:16.477+0000] {dagbag.py:536} INFO - Filling up the DagBag from /home/airflow/.local/lib/python3.8/site-packages/airflow/example_dags/example_branch_operator.py
[2023-11-19T13:48:16.485+0000] {processor.py:839} INFO - DAG(s) dict_keys(['example_branch_operator']) retrieved from /home/airflow/.local/lib/python3.8/site-packages/airflow/example_dags/example_branch_operator.py
[2023-11-19T13:48:16.510+0000] {logging_mixin.py:154} INFO - [2023-11-19T13:48:16.510+0000] {dag.py:2941} INFO - Sync 1 DAGs
[2023-11-19T13:48:16.534+0000] {logging_mixin.py:154} INFO - [2023-11-19T13:48:16.534+0000] {dag.py:3722} INFO - Setting next_dagrun for example_branch_operator to 2023-11-18T00:00:00+00:00, run_after=2023-11-19T00:00:00+00:00
[2023-11-19T13:48:16.555+0000] {processor.py:179} INFO - Processing /home/airflow/.local/lib/python3.8/site-packages/airflow/example_dags/example_branch_operator.py took 0.086 seconds
[2023-11-19T13:48:46.799+0000] {processor.py:157} INFO - Started process (PID=649) to work on /home/airflow/.local/lib/python3.8/site-packages/airflow/example_dags/example_branch_operator.py
[2023-11-19T13:48:46.802+0000] {processor.py:829} INFO - Processing file /home/airflow/.local/lib/python3.8/site-packages/airflow/example_dags/example_branch_operator.py for tasks to queue
[2023-11-19T13:48:46.805+0000] {logging_mixin.py:154} INFO - [2023-11-19T13:48:46.805+0000] {dagbag.py:536} INFO - Filling up the DagBag from /home/airflow/.local/lib/python3.8/site-packages/airflow/example_dags/example_branch_operator.py
[2023-11-19T13:48:46.818+0000] {processor.py:839} INFO - DAG(s) dict_keys(['example_branch_operator']) retrieved from /home/airflow/.local/lib/python3.8/site-packages/airflow/example_dags/example_branch_operator.py
[2023-11-19T13:48:46.841+0000] {logging_mixin.py:154} INFO - [2023-11-19T13:48:46.840+0000] {dag.py:2941} INFO - Sync 1 DAGs
[2023-11-19T13:48:46.861+0000] {logging_mixin.py:154} INFO - [2023-11-19T13:48:46.861+0000] {dag.py:3722} INFO - Setting next_dagrun for example_branch_operator to 2023-11-18T00:00:00+00:00, run_after=2023-11-19T00:00:00+00:00
[2023-11-19T13:48:46.880+0000] {processor.py:179} INFO - Processing /home/airflow/.local/lib/python3.8/site-packages/airflow/example_dags/example_branch_operator.py took 0.086 seconds
[2023-11-19T13:49:17.358+0000] {processor.py:157} INFO - Started process (PID=703) to work on /home/airflow/.local/lib/python3.8/site-packages/airflow/example_dags/example_branch_operator.py
[2023-11-19T13:49:17.359+0000] {processor.py:829} INFO - Processing file /home/airflow/.local/lib/python3.8/site-packages/airflow/example_dags/example_branch_operator.py for tasks to queue
[2023-11-19T13:49:17.361+0000] {logging_mixin.py:154} INFO - [2023-11-19T13:49:17.361+0000] {dagbag.py:536} INFO - Filling up the DagBag from /home/airflow/.local/lib/python3.8/site-packages/airflow/example_dags/example_branch_operator.py
[2023-11-19T13:49:17.369+0000] {processor.py:839} INFO - DAG(s) dict_keys(['example_branch_operator']) retrieved from /home/airflow/.local/lib/python3.8/site-packages/airflow/example_dags/example_branch_operator.py
[2023-11-19T13:49:17.397+0000] {logging_mixin.py:154} INFO - [2023-11-19T13:49:17.397+0000] {dag.py:2941} INFO - Sync 1 DAGs
[2023-11-19T13:49:17.426+0000] {logging_mixin.py:154} INFO - [2023-11-19T13:49:17.426+0000] {dag.py:3722} INFO - Setting next_dagrun for example_branch_operator to 2023-11-18T00:00:00+00:00, run_after=2023-11-19T00:00:00+00:00
[2023-11-19T13:49:17.451+0000] {processor.py:179} INFO - Processing /home/airflow/.local/lib/python3.8/site-packages/airflow/example_dags/example_branch_operator.py took 0.096 seconds
[2023-11-19T13:49:47.612+0000] {processor.py:157} INFO - Started process (PID=757) to work on /home/airflow/.local/lib/python3.8/site-packages/airflow/example_dags/example_branch_operator.py
[2023-11-19T13:49:47.613+0000] {processor.py:829} INFO - Processing file /home/airflow/.local/lib/python3.8/site-packages/airflow/example_dags/example_branch_operator.py for tasks to queue
[2023-11-19T13:49:47.615+0000] {logging_mixin.py:154} INFO - [2023-11-19T13:49:47.614+0000] {dagbag.py:536} INFO - Filling up the DagBag from /home/airflow/.local/lib/python3.8/site-packages/airflow/example_dags/example_branch_operator.py
[2023-11-19T13:49:47.623+0000] {processor.py:839} INFO - DAG(s) dict_keys(['example_branch_operator']) retrieved from /home/airflow/.local/lib/python3.8/site-packages/airflow/example_dags/example_branch_operator.py
[2023-11-19T13:49:47.646+0000] {logging_mixin.py:154} INFO - [2023-11-19T13:49:47.646+0000] {dag.py:2941} INFO - Sync 1 DAGs
[2023-11-19T13:49:47.669+0000] {logging_mixin.py:154} INFO - [2023-11-19T13:49:47.669+0000] {dag.py:3722} INFO - Setting next_dagrun for example_branch_operator to 2023-11-18T00:00:00+00:00, run_after=2023-11-19T00:00:00+00:00
[2023-11-19T13:49:47.691+0000] {processor.py:179} INFO - Processing /home/airflow/.local/lib/python3.8/site-packages/airflow/example_dags/example_branch_operator.py took 0.083 seconds
