[2023-11-19T13:43:19.390+0000] {processor.py:157} INFO - Started process (PID=87) to work on /home/airflow/.local/lib/python3.8/site-packages/airflow/example_dags/example_xcomargs.py
[2023-11-19T13:43:19.391+0000] {processor.py:829} INFO - Processing file /home/airflow/.local/lib/python3.8/site-packages/airflow/example_dags/example_xcomargs.py for tasks to queue
[2023-11-19T13:43:19.394+0000] {logging_mixin.py:154} INFO - [2023-11-19T13:43:19.394+0000] {dagbag.py:536} INFO - Filling up the DagBag from /home/airflow/.local/lib/python3.8/site-packages/airflow/example_dags/example_xcomargs.py
[2023-11-19T13:43:19.407+0000] {processor.py:839} INFO - DAG(s) dict_keys(['example_xcom_args_with_operators', 'example_xcom_args']) retrieved from /home/airflow/.local/lib/python3.8/site-packages/airflow/example_dags/example_xcomargs.py
[2023-11-19T13:43:19.432+0000] {logging_mixin.py:154} INFO - [2023-11-19T13:43:19.432+0000] {dag.py:2941} INFO - Sync 2 DAGs
[2023-11-19T13:43:19.445+0000] {logging_mixin.py:154} INFO - [2023-11-19T13:43:19.445+0000] {dag.py:3722} INFO - Setting next_dagrun for example_xcom_args to None, run_after=None
[2023-11-19T13:43:19.448+0000] {logging_mixin.py:154} INFO - [2023-11-19T13:43:19.448+0000] {dag.py:3722} INFO - Setting next_dagrun for example_xcom_args_with_operators to None, run_after=None
[2023-11-19T13:43:19.531+0000] {processor.py:179} INFO - Processing /home/airflow/.local/lib/python3.8/site-packages/airflow/example_dags/example_xcomargs.py took 0.146 seconds
[2023-11-19T13:43:49.995+0000] {processor.py:157} INFO - Started process (PID=141) to work on /home/airflow/.local/lib/python3.8/site-packages/airflow/example_dags/example_xcomargs.py
[2023-11-19T13:43:49.996+0000] {processor.py:829} INFO - Processing file /home/airflow/.local/lib/python3.8/site-packages/airflow/example_dags/example_xcomargs.py for tasks to queue
[2023-11-19T13:43:49.999+0000] {logging_mixin.py:154} INFO - [2023-11-19T13:43:49.999+0000] {dagbag.py:536} INFO - Filling up the DagBag from /home/airflow/.local/lib/python3.8/site-packages/airflow/example_dags/example_xcomargs.py
[2023-11-19T13:43:50.012+0000] {processor.py:839} INFO - DAG(s) dict_keys(['example_xcom_args', 'example_xcom_args_with_operators']) retrieved from /home/airflow/.local/lib/python3.8/site-packages/airflow/example_dags/example_xcomargs.py
[2023-11-19T13:43:50.043+0000] {logging_mixin.py:154} INFO - [2023-11-19T13:43:50.043+0000] {dag.py:2941} INFO - Sync 2 DAGs
[2023-11-19T13:43:50.055+0000] {logging_mixin.py:154} INFO - [2023-11-19T13:43:50.055+0000] {dag.py:3722} INFO - Setting next_dagrun for example_xcom_args to None, run_after=None
[2023-11-19T13:43:50.059+0000] {logging_mixin.py:154} INFO - [2023-11-19T13:43:50.058+0000] {dag.py:3722} INFO - Setting next_dagrun for example_xcom_args_with_operators to None, run_after=None
[2023-11-19T13:43:50.080+0000] {processor.py:179} INFO - Processing /home/airflow/.local/lib/python3.8/site-packages/airflow/example_dags/example_xcomargs.py took 0.091 seconds
[2023-11-19T13:44:20.576+0000] {processor.py:157} INFO - Started process (PID=195) to work on /home/airflow/.local/lib/python3.8/site-packages/airflow/example_dags/example_xcomargs.py
[2023-11-19T13:44:20.579+0000] {processor.py:829} INFO - Processing file /home/airflow/.local/lib/python3.8/site-packages/airflow/example_dags/example_xcomargs.py for tasks to queue
[2023-11-19T13:44:20.581+0000] {logging_mixin.py:154} INFO - [2023-11-19T13:44:20.581+0000] {dagbag.py:536} INFO - Filling up the DagBag from /home/airflow/.local/lib/python3.8/site-packages/airflow/example_dags/example_xcomargs.py
[2023-11-19T13:44:20.589+0000] {processor.py:839} INFO - DAG(s) dict_keys(['example_xcom_args', 'example_xcom_args_with_operators']) retrieved from /home/airflow/.local/lib/python3.8/site-packages/airflow/example_dags/example_xcomargs.py
[2023-11-19T13:44:20.621+0000] {logging_mixin.py:154} INFO - [2023-11-19T13:44:20.621+0000] {dag.py:2941} INFO - Sync 2 DAGs
[2023-11-19T13:44:20.635+0000] {logging_mixin.py:154} INFO - [2023-11-19T13:44:20.635+0000] {dag.py:3722} INFO - Setting next_dagrun for example_xcom_args to None, run_after=None
[2023-11-19T13:44:20.638+0000] {logging_mixin.py:154} INFO - [2023-11-19T13:44:20.638+0000] {dag.py:3722} INFO - Setting next_dagrun for example_xcom_args_with_operators to None, run_after=None
[2023-11-19T13:44:20.660+0000] {processor.py:179} INFO - Processing /home/airflow/.local/lib/python3.8/site-packages/airflow/example_dags/example_xcomargs.py took 0.090 seconds
[2023-11-19T13:44:51.307+0000] {processor.py:157} INFO - Started process (PID=249) to work on /home/airflow/.local/lib/python3.8/site-packages/airflow/example_dags/example_xcomargs.py
[2023-11-19T13:44:51.309+0000] {processor.py:829} INFO - Processing file /home/airflow/.local/lib/python3.8/site-packages/airflow/example_dags/example_xcomargs.py for tasks to queue
[2023-11-19T13:44:51.312+0000] {logging_mixin.py:154} INFO - [2023-11-19T13:44:51.312+0000] {dagbag.py:536} INFO - Filling up the DagBag from /home/airflow/.local/lib/python3.8/site-packages/airflow/example_dags/example_xcomargs.py
[2023-11-19T13:44:51.323+0000] {processor.py:839} INFO - DAG(s) dict_keys(['example_xcom_args_with_operators', 'example_xcom_args']) retrieved from /home/airflow/.local/lib/python3.8/site-packages/airflow/example_dags/example_xcomargs.py
[2023-11-19T13:44:51.359+0000] {logging_mixin.py:154} INFO - [2023-11-19T13:44:51.359+0000] {dag.py:2941} INFO - Sync 2 DAGs
[2023-11-19T13:44:51.373+0000] {logging_mixin.py:154} INFO - [2023-11-19T13:44:51.373+0000] {dag.py:3722} INFO - Setting next_dagrun for example_xcom_args to None, run_after=None
[2023-11-19T13:44:51.376+0000] {logging_mixin.py:154} INFO - [2023-11-19T13:44:51.376+0000] {dag.py:3722} INFO - Setting next_dagrun for example_xcom_args_with_operators to None, run_after=None
[2023-11-19T13:44:51.395+0000] {processor.py:179} INFO - Processing /home/airflow/.local/lib/python3.8/site-packages/airflow/example_dags/example_xcomargs.py took 0.094 seconds
[2023-11-19T13:45:21.696+0000] {processor.py:157} INFO - Started process (PID=303) to work on /home/airflow/.local/lib/python3.8/site-packages/airflow/example_dags/example_xcomargs.py
[2023-11-19T13:45:21.697+0000] {processor.py:829} INFO - Processing file /home/airflow/.local/lib/python3.8/site-packages/airflow/example_dags/example_xcomargs.py for tasks to queue
[2023-11-19T13:45:21.700+0000] {logging_mixin.py:154} INFO - [2023-11-19T13:45:21.700+0000] {dagbag.py:536} INFO - Filling up the DagBag from /home/airflow/.local/lib/python3.8/site-packages/airflow/example_dags/example_xcomargs.py
[2023-11-19T13:45:21.711+0000] {processor.py:839} INFO - DAG(s) dict_keys(['example_xcom_args_with_operators', 'example_xcom_args']) retrieved from /home/airflow/.local/lib/python3.8/site-packages/airflow/example_dags/example_xcomargs.py
[2023-11-19T13:45:21.744+0000] {logging_mixin.py:154} INFO - [2023-11-19T13:45:21.744+0000] {dag.py:2941} INFO - Sync 2 DAGs
[2023-11-19T13:45:21.762+0000] {logging_mixin.py:154} INFO - [2023-11-19T13:45:21.761+0000] {dag.py:3722} INFO - Setting next_dagrun for example_xcom_args to None, run_after=None
[2023-11-19T13:45:21.764+0000] {logging_mixin.py:154} INFO - [2023-11-19T13:45:21.764+0000] {dag.py:3722} INFO - Setting next_dagrun for example_xcom_args_with_operators to None, run_after=None
[2023-11-19T13:45:21.784+0000] {processor.py:179} INFO - Processing /home/airflow/.local/lib/python3.8/site-packages/airflow/example_dags/example_xcomargs.py took 0.093 seconds
[2023-11-19T13:45:51.933+0000] {processor.py:157} INFO - Started process (PID=358) to work on /home/airflow/.local/lib/python3.8/site-packages/airflow/example_dags/example_xcomargs.py
[2023-11-19T13:45:51.936+0000] {processor.py:829} INFO - Processing file /home/airflow/.local/lib/python3.8/site-packages/airflow/example_dags/example_xcomargs.py for tasks to queue
[2023-11-19T13:45:51.938+0000] {logging_mixin.py:154} INFO - [2023-11-19T13:45:51.938+0000] {dagbag.py:536} INFO - Filling up the DagBag from /home/airflow/.local/lib/python3.8/site-packages/airflow/example_dags/example_xcomargs.py
[2023-11-19T13:45:51.945+0000] {processor.py:839} INFO - DAG(s) dict_keys(['example_xcom_args_with_operators', 'example_xcom_args']) retrieved from /home/airflow/.local/lib/python3.8/site-packages/airflow/example_dags/example_xcomargs.py
[2023-11-19T13:45:51.969+0000] {logging_mixin.py:154} INFO - [2023-11-19T13:45:51.968+0000] {dag.py:2941} INFO - Sync 2 DAGs
[2023-11-19T13:45:51.981+0000] {logging_mixin.py:154} INFO - [2023-11-19T13:45:51.980+0000] {dag.py:3722} INFO - Setting next_dagrun for example_xcom_args to None, run_after=None
[2023-11-19T13:45:51.983+0000] {logging_mixin.py:154} INFO - [2023-11-19T13:45:51.983+0000] {dag.py:3722} INFO - Setting next_dagrun for example_xcom_args_with_operators to None, run_after=None
[2023-11-19T13:45:52.002+0000] {processor.py:179} INFO - Processing /home/airflow/.local/lib/python3.8/site-packages/airflow/example_dags/example_xcomargs.py took 0.074 seconds
[2023-11-19T13:46:22.422+0000] {processor.py:157} INFO - Started process (PID=412) to work on /home/airflow/.local/lib/python3.8/site-packages/airflow/example_dags/example_xcomargs.py
[2023-11-19T13:46:22.424+0000] {processor.py:829} INFO - Processing file /home/airflow/.local/lib/python3.8/site-packages/airflow/example_dags/example_xcomargs.py for tasks to queue
[2023-11-19T13:46:22.426+0000] {logging_mixin.py:154} INFO - [2023-11-19T13:46:22.426+0000] {dagbag.py:536} INFO - Filling up the DagBag from /home/airflow/.local/lib/python3.8/site-packages/airflow/example_dags/example_xcomargs.py
[2023-11-19T13:46:22.433+0000] {processor.py:839} INFO - DAG(s) dict_keys(['example_xcom_args_with_operators', 'example_xcom_args']) retrieved from /home/airflow/.local/lib/python3.8/site-packages/airflow/example_dags/example_xcomargs.py
[2023-11-19T13:46:22.458+0000] {logging_mixin.py:154} INFO - [2023-11-19T13:46:22.458+0000] {dag.py:2941} INFO - Sync 2 DAGs
[2023-11-19T13:46:22.472+0000] {logging_mixin.py:154} INFO - [2023-11-19T13:46:22.472+0000] {dag.py:3722} INFO - Setting next_dagrun for example_xcom_args to None, run_after=None
[2023-11-19T13:46:22.475+0000] {logging_mixin.py:154} INFO - [2023-11-19T13:46:22.475+0000] {dag.py:3722} INFO - Setting next_dagrun for example_xcom_args_with_operators to None, run_after=None
[2023-11-19T13:46:22.502+0000] {processor.py:179} INFO - Processing /home/airflow/.local/lib/python3.8/site-packages/airflow/example_dags/example_xcomargs.py took 0.083 seconds
[2023-11-19T13:46:52.947+0000] {processor.py:157} INFO - Started process (PID=466) to work on /home/airflow/.local/lib/python3.8/site-packages/airflow/example_dags/example_xcomargs.py
[2023-11-19T13:46:52.948+0000] {processor.py:829} INFO - Processing file /home/airflow/.local/lib/python3.8/site-packages/airflow/example_dags/example_xcomargs.py for tasks to queue
[2023-11-19T13:46:52.951+0000] {logging_mixin.py:154} INFO - [2023-11-19T13:46:52.951+0000] {dagbag.py:536} INFO - Filling up the DagBag from /home/airflow/.local/lib/python3.8/site-packages/airflow/example_dags/example_xcomargs.py
[2023-11-19T13:46:52.962+0000] {processor.py:839} INFO - DAG(s) dict_keys(['example_xcom_args_with_operators', 'example_xcom_args']) retrieved from /home/airflow/.local/lib/python3.8/site-packages/airflow/example_dags/example_xcomargs.py
[2023-11-19T13:46:52.996+0000] {logging_mixin.py:154} INFO - [2023-11-19T13:46:52.995+0000] {dag.py:2941} INFO - Sync 2 DAGs
[2023-11-19T13:46:53.014+0000] {logging_mixin.py:154} INFO - [2023-11-19T13:46:53.014+0000] {dag.py:3722} INFO - Setting next_dagrun for example_xcom_args to None, run_after=None
[2023-11-19T13:46:53.017+0000] {logging_mixin.py:154} INFO - [2023-11-19T13:46:53.017+0000] {dag.py:3722} INFO - Setting next_dagrun for example_xcom_args_with_operators to None, run_after=None
[2023-11-19T13:46:53.038+0000] {processor.py:179} INFO - Processing /home/airflow/.local/lib/python3.8/site-packages/airflow/example_dags/example_xcomargs.py took 0.096 seconds
[2023-11-19T13:47:23.267+0000] {processor.py:157} INFO - Started process (PID=520) to work on /home/airflow/.local/lib/python3.8/site-packages/airflow/example_dags/example_xcomargs.py
[2023-11-19T13:47:23.268+0000] {processor.py:829} INFO - Processing file /home/airflow/.local/lib/python3.8/site-packages/airflow/example_dags/example_xcomargs.py for tasks to queue
[2023-11-19T13:47:23.272+0000] {logging_mixin.py:154} INFO - [2023-11-19T13:47:23.271+0000] {dagbag.py:536} INFO - Filling up the DagBag from /home/airflow/.local/lib/python3.8/site-packages/airflow/example_dags/example_xcomargs.py
[2023-11-19T13:47:23.284+0000] {processor.py:839} INFO - DAG(s) dict_keys(['example_xcom_args_with_operators', 'example_xcom_args']) retrieved from /home/airflow/.local/lib/python3.8/site-packages/airflow/example_dags/example_xcomargs.py
[2023-11-19T13:47:23.309+0000] {logging_mixin.py:154} INFO - [2023-11-19T13:47:23.309+0000] {dag.py:2941} INFO - Sync 2 DAGs
[2023-11-19T13:47:23.322+0000] {logging_mixin.py:154} INFO - [2023-11-19T13:47:23.322+0000] {dag.py:3722} INFO - Setting next_dagrun for example_xcom_args to None, run_after=None
[2023-11-19T13:47:23.325+0000] {logging_mixin.py:154} INFO - [2023-11-19T13:47:23.325+0000] {dag.py:3722} INFO - Setting next_dagrun for example_xcom_args_with_operators to None, run_after=None
[2023-11-19T13:47:23.345+0000] {processor.py:179} INFO - Processing /home/airflow/.local/lib/python3.8/site-packages/airflow/example_dags/example_xcomargs.py took 0.084 seconds
[2023-11-19T13:47:53.630+0000] {processor.py:157} INFO - Started process (PID=574) to work on /home/airflow/.local/lib/python3.8/site-packages/airflow/example_dags/example_xcomargs.py
[2023-11-19T13:47:53.631+0000] {processor.py:829} INFO - Processing file /home/airflow/.local/lib/python3.8/site-packages/airflow/example_dags/example_xcomargs.py for tasks to queue
[2023-11-19T13:47:53.635+0000] {logging_mixin.py:154} INFO - [2023-11-19T13:47:53.634+0000] {dagbag.py:536} INFO - Filling up the DagBag from /home/airflow/.local/lib/python3.8/site-packages/airflow/example_dags/example_xcomargs.py
[2023-11-19T13:47:53.647+0000] {processor.py:839} INFO - DAG(s) dict_keys(['example_xcom_args', 'example_xcom_args_with_operators']) retrieved from /home/airflow/.local/lib/python3.8/site-packages/airflow/example_dags/example_xcomargs.py
[2023-11-19T13:47:53.672+0000] {logging_mixin.py:154} INFO - [2023-11-19T13:47:53.672+0000] {dag.py:2941} INFO - Sync 2 DAGs
[2023-11-19T13:47:53.687+0000] {logging_mixin.py:154} INFO - [2023-11-19T13:47:53.687+0000] {dag.py:3722} INFO - Setting next_dagrun for example_xcom_args to None, run_after=None
[2023-11-19T13:47:53.690+0000] {logging_mixin.py:154} INFO - [2023-11-19T13:47:53.690+0000] {dag.py:3722} INFO - Setting next_dagrun for example_xcom_args_with_operators to None, run_after=None
[2023-11-19T13:47:53.717+0000] {processor.py:179} INFO - Processing /home/airflow/.local/lib/python3.8/site-packages/airflow/example_dags/example_xcomargs.py took 0.092 seconds
[2023-11-19T13:48:24.066+0000] {processor.py:157} INFO - Started process (PID=628) to work on /home/airflow/.local/lib/python3.8/site-packages/airflow/example_dags/example_xcomargs.py
[2023-11-19T13:48:24.067+0000] {processor.py:829} INFO - Processing file /home/airflow/.local/lib/python3.8/site-packages/airflow/example_dags/example_xcomargs.py for tasks to queue
[2023-11-19T13:48:24.070+0000] {logging_mixin.py:154} INFO - [2023-11-19T13:48:24.069+0000] {dagbag.py:536} INFO - Filling up the DagBag from /home/airflow/.local/lib/python3.8/site-packages/airflow/example_dags/example_xcomargs.py
[2023-11-19T13:48:24.078+0000] {processor.py:839} INFO - DAG(s) dict_keys(['example_xcom_args', 'example_xcom_args_with_operators']) retrieved from /home/airflow/.local/lib/python3.8/site-packages/airflow/example_dags/example_xcomargs.py
[2023-11-19T13:48:24.113+0000] {logging_mixin.py:154} INFO - [2023-11-19T13:48:24.112+0000] {dag.py:2941} INFO - Sync 2 DAGs
[2023-11-19T13:48:24.129+0000] {logging_mixin.py:154} INFO - [2023-11-19T13:48:24.129+0000] {dag.py:3722} INFO - Setting next_dagrun for example_xcom_args to None, run_after=None
[2023-11-19T13:48:24.132+0000] {logging_mixin.py:154} INFO - [2023-11-19T13:48:24.132+0000] {dag.py:3722} INFO - Setting next_dagrun for example_xcom_args_with_operators to None, run_after=None
[2023-11-19T13:48:24.158+0000] {processor.py:179} INFO - Processing /home/airflow/.local/lib/python3.8/site-packages/airflow/example_dags/example_xcomargs.py took 0.095 seconds
[2023-11-19T13:48:55.172+0000] {processor.py:157} INFO - Started process (PID=682) to work on /home/airflow/.local/lib/python3.8/site-packages/airflow/example_dags/example_xcomargs.py
[2023-11-19T13:48:55.174+0000] {processor.py:829} INFO - Processing file /home/airflow/.local/lib/python3.8/site-packages/airflow/example_dags/example_xcomargs.py for tasks to queue
[2023-11-19T13:48:55.177+0000] {logging_mixin.py:154} INFO - [2023-11-19T13:48:55.177+0000] {dagbag.py:536} INFO - Filling up the DagBag from /home/airflow/.local/lib/python3.8/site-packages/airflow/example_dags/example_xcomargs.py
[2023-11-19T13:48:55.190+0000] {processor.py:839} INFO - DAG(s) dict_keys(['example_xcom_args', 'example_xcom_args_with_operators']) retrieved from /home/airflow/.local/lib/python3.8/site-packages/airflow/example_dags/example_xcomargs.py
[2023-11-19T13:48:55.225+0000] {logging_mixin.py:154} INFO - [2023-11-19T13:48:55.225+0000] {dag.py:2941} INFO - Sync 2 DAGs
[2023-11-19T13:48:55.243+0000] {logging_mixin.py:154} INFO - [2023-11-19T13:48:55.242+0000] {dag.py:3722} INFO - Setting next_dagrun for example_xcom_args to None, run_after=None
[2023-11-19T13:48:55.245+0000] {logging_mixin.py:154} INFO - [2023-11-19T13:48:55.245+0000] {dag.py:3722} INFO - Setting next_dagrun for example_xcom_args_with_operators to None, run_after=None
[2023-11-19T13:48:55.273+0000] {processor.py:179} INFO - Processing /home/airflow/.local/lib/python3.8/site-packages/airflow/example_dags/example_xcomargs.py took 0.106 seconds
[2023-11-19T13:49:25.670+0000] {processor.py:157} INFO - Started process (PID=736) to work on /home/airflow/.local/lib/python3.8/site-packages/airflow/example_dags/example_xcomargs.py
[2023-11-19T13:49:25.672+0000] {processor.py:829} INFO - Processing file /home/airflow/.local/lib/python3.8/site-packages/airflow/example_dags/example_xcomargs.py for tasks to queue
[2023-11-19T13:49:25.674+0000] {logging_mixin.py:154} INFO - [2023-11-19T13:49:25.673+0000] {dagbag.py:536} INFO - Filling up the DagBag from /home/airflow/.local/lib/python3.8/site-packages/airflow/example_dags/example_xcomargs.py
[2023-11-19T13:49:25.680+0000] {processor.py:839} INFO - DAG(s) dict_keys(['example_xcom_args', 'example_xcom_args_with_operators']) retrieved from /home/airflow/.local/lib/python3.8/site-packages/airflow/example_dags/example_xcomargs.py
[2023-11-19T13:49:25.705+0000] {logging_mixin.py:154} INFO - [2023-11-19T13:49:25.704+0000] {dag.py:2941} INFO - Sync 2 DAGs
[2023-11-19T13:49:25.718+0000] {logging_mixin.py:154} INFO - [2023-11-19T13:49:25.718+0000] {dag.py:3722} INFO - Setting next_dagrun for example_xcom_args to None, run_after=None
[2023-11-19T13:49:25.721+0000] {logging_mixin.py:154} INFO - [2023-11-19T13:49:25.721+0000] {dag.py:3722} INFO - Setting next_dagrun for example_xcom_args_with_operators to None, run_after=None
[2023-11-19T13:49:25.786+0000] {processor.py:179} INFO - Processing /home/airflow/.local/lib/python3.8/site-packages/airflow/example_dags/example_xcomargs.py took 0.119 seconds
