[2023-11-19T13:43:12.775+0000] {processor.py:157} INFO - Started process (PID=49) to work on /home/airflow/.local/lib/python3.8/site-packages/airflow/example_dags/example_branch_python_dop_operator_3.py
[2023-11-19T13:43:12.776+0000] {processor.py:829} INFO - Processing file /home/airflow/.local/lib/python3.8/site-packages/airflow/example_dags/example_branch_python_dop_operator_3.py for tasks to queue
[2023-11-19T13:43:12.777+0000] {logging_mixin.py:154} INFO - [2023-11-19T13:43:12.777+0000] {dagbag.py:536} INFO - Filling up the DagBag from /home/airflow/.local/lib/python3.8/site-packages/airflow/example_dags/example_branch_python_dop_operator_3.py
[2023-11-19T13:43:12.790+0000] {processor.py:839} INFO - DAG(s) dict_keys(['example_branch_dop_operator_v3']) retrieved from /home/airflow/.local/lib/python3.8/site-packages/airflow/example_dags/example_branch_python_dop_operator_3.py
[2023-11-19T13:43:12.823+0000] {logging_mixin.py:154} INFO - [2023-11-19T13:43:12.823+0000] {dag.py:2941} INFO - Sync 1 DAGs
[2023-11-19T13:43:12.855+0000] {logging_mixin.py:154} INFO - [2023-11-19T13:43:12.855+0000] {dag.py:3722} INFO - Setting next_dagrun for example_branch_dop_operator_v3 to 2023-11-19T13:42:00+00:00, run_after=2023-11-19T13:43:00+00:00
[2023-11-19T13:43:12.878+0000] {processor.py:179} INFO - Processing /home/airflow/.local/lib/python3.8/site-packages/airflow/example_dags/example_branch_python_dop_operator_3.py took 0.107 seconds
[2023-11-19T13:43:43.085+0000] {processor.py:157} INFO - Started process (PID=103) to work on /home/airflow/.local/lib/python3.8/site-packages/airflow/example_dags/example_branch_python_dop_operator_3.py
[2023-11-19T13:43:43.085+0000] {processor.py:829} INFO - Processing file /home/airflow/.local/lib/python3.8/site-packages/airflow/example_dags/example_branch_python_dop_operator_3.py for tasks to queue
[2023-11-19T13:43:43.087+0000] {logging_mixin.py:154} INFO - [2023-11-19T13:43:43.087+0000] {dagbag.py:536} INFO - Filling up the DagBag from /home/airflow/.local/lib/python3.8/site-packages/airflow/example_dags/example_branch_python_dop_operator_3.py
[2023-11-19T13:43:43.095+0000] {processor.py:839} INFO - DAG(s) dict_keys(['example_branch_dop_operator_v3']) retrieved from /home/airflow/.local/lib/python3.8/site-packages/airflow/example_dags/example_branch_python_dop_operator_3.py
[2023-11-19T13:43:43.112+0000] {logging_mixin.py:154} INFO - [2023-11-19T13:43:43.111+0000] {dag.py:2941} INFO - Sync 1 DAGs
[2023-11-19T13:43:43.134+0000] {logging_mixin.py:154} INFO - [2023-11-19T13:43:43.134+0000] {dag.py:3722} INFO - Setting next_dagrun for example_branch_dop_operator_v3 to 2023-11-19T13:42:00+00:00, run_after=2023-11-19T13:43:00+00:00
[2023-11-19T13:43:43.789+0000] {processor.py:179} INFO - Processing /home/airflow/.local/lib/python3.8/site-packages/airflow/example_dags/example_branch_python_dop_operator_3.py took 0.707 seconds
[2023-11-19T13:44:14.393+0000] {processor.py:157} INFO - Started process (PID=157) to work on /home/airflow/.local/lib/python3.8/site-packages/airflow/example_dags/example_branch_python_dop_operator_3.py
[2023-11-19T13:44:14.438+0000] {processor.py:829} INFO - Processing file /home/airflow/.local/lib/python3.8/site-packages/airflow/example_dags/example_branch_python_dop_operator_3.py for tasks to queue
[2023-11-19T13:44:14.442+0000] {logging_mixin.py:154} INFO - [2023-11-19T13:44:14.442+0000] {dagbag.py:536} INFO - Filling up the DagBag from /home/airflow/.local/lib/python3.8/site-packages/airflow/example_dags/example_branch_python_dop_operator_3.py
[2023-11-19T13:44:14.463+0000] {processor.py:839} INFO - DAG(s) dict_keys(['example_branch_dop_operator_v3']) retrieved from /home/airflow/.local/lib/python3.8/site-packages/airflow/example_dags/example_branch_python_dop_operator_3.py
[2023-11-19T13:44:14.487+0000] {logging_mixin.py:154} INFO - [2023-11-19T13:44:14.487+0000] {dag.py:2941} INFO - Sync 1 DAGs
[2023-11-19T13:44:14.515+0000] {logging_mixin.py:154} INFO - [2023-11-19T13:44:14.515+0000] {dag.py:3722} INFO - Setting next_dagrun for example_branch_dop_operator_v3 to 2023-11-19T13:43:00+00:00, run_after=2023-11-19T13:44:00+00:00
[2023-11-19T13:44:14.537+0000] {processor.py:179} INFO - Processing /home/airflow/.local/lib/python3.8/site-packages/airflow/example_dags/example_branch_python_dop_operator_3.py took 0.149 seconds
[2023-11-19T13:44:44.929+0000] {processor.py:157} INFO - Started process (PID=217) to work on /home/airflow/.local/lib/python3.8/site-packages/airflow/example_dags/example_branch_python_dop_operator_3.py
[2023-11-19T13:44:44.930+0000] {processor.py:829} INFO - Processing file /home/airflow/.local/lib/python3.8/site-packages/airflow/example_dags/example_branch_python_dop_operator_3.py for tasks to queue
[2023-11-19T13:44:44.932+0000] {logging_mixin.py:154} INFO - [2023-11-19T13:44:44.931+0000] {dagbag.py:536} INFO - Filling up the DagBag from /home/airflow/.local/lib/python3.8/site-packages/airflow/example_dags/example_branch_python_dop_operator_3.py
[2023-11-19T13:44:44.940+0000] {processor.py:839} INFO - DAG(s) dict_keys(['example_branch_dop_operator_v3']) retrieved from /home/airflow/.local/lib/python3.8/site-packages/airflow/example_dags/example_branch_python_dop_operator_3.py
[2023-11-19T13:44:44.988+0000] {logging_mixin.py:154} INFO - [2023-11-19T13:44:44.988+0000] {dag.py:2941} INFO - Sync 1 DAGs
[2023-11-19T13:44:45.017+0000] {logging_mixin.py:154} INFO - [2023-11-19T13:44:45.016+0000] {dag.py:3722} INFO - Setting next_dagrun for example_branch_dop_operator_v3 to 2023-11-19T13:43:00+00:00, run_after=2023-11-19T13:44:00+00:00
[2023-11-19T13:44:45.038+0000] {processor.py:179} INFO - Processing /home/airflow/.local/lib/python3.8/site-packages/airflow/example_dags/example_branch_python_dop_operator_3.py took 0.112 seconds
[2023-11-19T13:45:15.200+0000] {processor.py:157} INFO - Started process (PID=272) to work on /home/airflow/.local/lib/python3.8/site-packages/airflow/example_dags/example_branch_python_dop_operator_3.py
[2023-11-19T13:45:15.201+0000] {processor.py:829} INFO - Processing file /home/airflow/.local/lib/python3.8/site-packages/airflow/example_dags/example_branch_python_dop_operator_3.py for tasks to queue
[2023-11-19T13:45:15.203+0000] {logging_mixin.py:154} INFO - [2023-11-19T13:45:15.203+0000] {dagbag.py:536} INFO - Filling up the DagBag from /home/airflow/.local/lib/python3.8/site-packages/airflow/example_dags/example_branch_python_dop_operator_3.py
[2023-11-19T13:45:15.210+0000] {processor.py:839} INFO - DAG(s) dict_keys(['example_branch_dop_operator_v3']) retrieved from /home/airflow/.local/lib/python3.8/site-packages/airflow/example_dags/example_branch_python_dop_operator_3.py
[2023-11-19T13:45:15.228+0000] {logging_mixin.py:154} INFO - [2023-11-19T13:45:15.227+0000] {dag.py:2941} INFO - Sync 1 DAGs
[2023-11-19T13:45:15.257+0000] {logging_mixin.py:154} INFO - [2023-11-19T13:45:15.257+0000] {dag.py:3722} INFO - Setting next_dagrun for example_branch_dop_operator_v3 to 2023-11-19T13:44:00+00:00, run_after=2023-11-19T13:45:00+00:00
[2023-11-19T13:45:15.281+0000] {processor.py:179} INFO - Processing /home/airflow/.local/lib/python3.8/site-packages/airflow/example_dags/example_branch_python_dop_operator_3.py took 0.084 seconds
[2023-11-19T13:45:45.560+0000] {processor.py:157} INFO - Started process (PID=327) to work on /home/airflow/.local/lib/python3.8/site-packages/airflow/example_dags/example_branch_python_dop_operator_3.py
[2023-11-19T13:45:45.561+0000] {processor.py:829} INFO - Processing file /home/airflow/.local/lib/python3.8/site-packages/airflow/example_dags/example_branch_python_dop_operator_3.py for tasks to queue
[2023-11-19T13:45:45.564+0000] {logging_mixin.py:154} INFO - [2023-11-19T13:45:45.564+0000] {dagbag.py:536} INFO - Filling up the DagBag from /home/airflow/.local/lib/python3.8/site-packages/airflow/example_dags/example_branch_python_dop_operator_3.py
[2023-11-19T13:45:45.578+0000] {processor.py:839} INFO - DAG(s) dict_keys(['example_branch_dop_operator_v3']) retrieved from /home/airflow/.local/lib/python3.8/site-packages/airflow/example_dags/example_branch_python_dop_operator_3.py
[2023-11-19T13:45:45.604+0000] {logging_mixin.py:154} INFO - [2023-11-19T13:45:45.604+0000] {dag.py:2941} INFO - Sync 1 DAGs
[2023-11-19T13:45:45.636+0000] {logging_mixin.py:154} INFO - [2023-11-19T13:45:45.636+0000] {dag.py:3722} INFO - Setting next_dagrun for example_branch_dop_operator_v3 to 2023-11-19T13:44:00+00:00, run_after=2023-11-19T13:45:00+00:00
[2023-11-19T13:45:45.656+0000] {processor.py:179} INFO - Processing /home/airflow/.local/lib/python3.8/site-packages/airflow/example_dags/example_branch_python_dop_operator_3.py took 0.100 seconds
[2023-11-19T13:46:16.016+0000] {processor.py:157} INFO - Started process (PID=381) to work on /home/airflow/.local/lib/python3.8/site-packages/airflow/example_dags/example_branch_python_dop_operator_3.py
[2023-11-19T13:46:16.018+0000] {processor.py:829} INFO - Processing file /home/airflow/.local/lib/python3.8/site-packages/airflow/example_dags/example_branch_python_dop_operator_3.py for tasks to queue
[2023-11-19T13:46:16.021+0000] {logging_mixin.py:154} INFO - [2023-11-19T13:46:16.021+0000] {dagbag.py:536} INFO - Filling up the DagBag from /home/airflow/.local/lib/python3.8/site-packages/airflow/example_dags/example_branch_python_dop_operator_3.py
[2023-11-19T13:46:16.034+0000] {processor.py:839} INFO - DAG(s) dict_keys(['example_branch_dop_operator_v3']) retrieved from /home/airflow/.local/lib/python3.8/site-packages/airflow/example_dags/example_branch_python_dop_operator_3.py
[2023-11-19T13:46:16.061+0000] {logging_mixin.py:154} INFO - [2023-11-19T13:46:16.061+0000] {dag.py:2941} INFO - Sync 1 DAGs
[2023-11-19T13:46:16.089+0000] {logging_mixin.py:154} INFO - [2023-11-19T13:46:16.088+0000] {dag.py:3722} INFO - Setting next_dagrun for example_branch_dop_operator_v3 to 2023-11-19T13:45:00+00:00, run_after=2023-11-19T13:46:00+00:00
[2023-11-19T13:46:16.110+0000] {processor.py:179} INFO - Processing /home/airflow/.local/lib/python3.8/site-packages/airflow/example_dags/example_branch_python_dop_operator_3.py took 0.098 seconds
[2023-11-19T13:46:46.413+0000] {processor.py:157} INFO - Started process (PID=435) to work on /home/airflow/.local/lib/python3.8/site-packages/airflow/example_dags/example_branch_python_dop_operator_3.py
[2023-11-19T13:46:46.415+0000] {processor.py:829} INFO - Processing file /home/airflow/.local/lib/python3.8/site-packages/airflow/example_dags/example_branch_python_dop_operator_3.py for tasks to queue
[2023-11-19T13:46:46.419+0000] {logging_mixin.py:154} INFO - [2023-11-19T13:46:46.418+0000] {dagbag.py:536} INFO - Filling up the DagBag from /home/airflow/.local/lib/python3.8/site-packages/airflow/example_dags/example_branch_python_dop_operator_3.py
[2023-11-19T13:46:46.432+0000] {processor.py:839} INFO - DAG(s) dict_keys(['example_branch_dop_operator_v3']) retrieved from /home/airflow/.local/lib/python3.8/site-packages/airflow/example_dags/example_branch_python_dop_operator_3.py
[2023-11-19T13:46:46.460+0000] {logging_mixin.py:154} INFO - [2023-11-19T13:46:46.460+0000] {dag.py:2941} INFO - Sync 1 DAGs
[2023-11-19T13:46:46.491+0000] {logging_mixin.py:154} INFO - [2023-11-19T13:46:46.490+0000] {dag.py:3722} INFO - Setting next_dagrun for example_branch_dop_operator_v3 to 2023-11-19T13:45:00+00:00, run_after=2023-11-19T13:46:00+00:00
[2023-11-19T13:46:46.525+0000] {processor.py:179} INFO - Processing /home/airflow/.local/lib/python3.8/site-packages/airflow/example_dags/example_branch_python_dop_operator_3.py took 0.116 seconds
[2023-11-19T13:47:16.842+0000] {processor.py:157} INFO - Started process (PID=489) to work on /home/airflow/.local/lib/python3.8/site-packages/airflow/example_dags/example_branch_python_dop_operator_3.py
[2023-11-19T13:47:16.846+0000] {processor.py:829} INFO - Processing file /home/airflow/.local/lib/python3.8/site-packages/airflow/example_dags/example_branch_python_dop_operator_3.py for tasks to queue
[2023-11-19T13:47:16.850+0000] {logging_mixin.py:154} INFO - [2023-11-19T13:47:16.849+0000] {dagbag.py:536} INFO - Filling up the DagBag from /home/airflow/.local/lib/python3.8/site-packages/airflow/example_dags/example_branch_python_dop_operator_3.py
[2023-11-19T13:47:16.862+0000] {processor.py:839} INFO - DAG(s) dict_keys(['example_branch_dop_operator_v3']) retrieved from /home/airflow/.local/lib/python3.8/site-packages/airflow/example_dags/example_branch_python_dop_operator_3.py
[2023-11-19T13:47:16.886+0000] {logging_mixin.py:154} INFO - [2023-11-19T13:47:16.886+0000] {dag.py:2941} INFO - Sync 1 DAGs
[2023-11-19T13:47:16.913+0000] {logging_mixin.py:154} INFO - [2023-11-19T13:47:16.913+0000] {dag.py:3722} INFO - Setting next_dagrun for example_branch_dop_operator_v3 to 2023-11-19T13:46:00+00:00, run_after=2023-11-19T13:47:00+00:00
[2023-11-19T13:47:16.942+0000] {processor.py:179} INFO - Processing /home/airflow/.local/lib/python3.8/site-packages/airflow/example_dags/example_branch_python_dop_operator_3.py took 0.105 seconds
[2023-11-19T13:47:47.383+0000] {processor.py:157} INFO - Started process (PID=543) to work on /home/airflow/.local/lib/python3.8/site-packages/airflow/example_dags/example_branch_python_dop_operator_3.py
[2023-11-19T13:47:47.384+0000] {processor.py:829} INFO - Processing file /home/airflow/.local/lib/python3.8/site-packages/airflow/example_dags/example_branch_python_dop_operator_3.py for tasks to queue
[2023-11-19T13:47:47.387+0000] {logging_mixin.py:154} INFO - [2023-11-19T13:47:47.386+0000] {dagbag.py:536} INFO - Filling up the DagBag from /home/airflow/.local/lib/python3.8/site-packages/airflow/example_dags/example_branch_python_dop_operator_3.py
[2023-11-19T13:47:47.397+0000] {processor.py:839} INFO - DAG(s) dict_keys(['example_branch_dop_operator_v3']) retrieved from /home/airflow/.local/lib/python3.8/site-packages/airflow/example_dags/example_branch_python_dop_operator_3.py
[2023-11-19T13:47:47.418+0000] {logging_mixin.py:154} INFO - [2023-11-19T13:47:47.417+0000] {dag.py:2941} INFO - Sync 1 DAGs
[2023-11-19T13:47:47.443+0000] {logging_mixin.py:154} INFO - [2023-11-19T13:47:47.443+0000] {dag.py:3722} INFO - Setting next_dagrun for example_branch_dop_operator_v3 to 2023-11-19T13:46:00+00:00, run_after=2023-11-19T13:47:00+00:00
[2023-11-19T13:47:47.470+0000] {processor.py:179} INFO - Processing /home/airflow/.local/lib/python3.8/site-packages/airflow/example_dags/example_branch_python_dop_operator_3.py took 0.091 seconds
[2023-11-19T13:48:17.607+0000] {processor.py:157} INFO - Started process (PID=597) to work on /home/airflow/.local/lib/python3.8/site-packages/airflow/example_dags/example_branch_python_dop_operator_3.py
[2023-11-19T13:48:17.609+0000] {processor.py:829} INFO - Processing file /home/airflow/.local/lib/python3.8/site-packages/airflow/example_dags/example_branch_python_dop_operator_3.py for tasks to queue
[2023-11-19T13:48:17.611+0000] {logging_mixin.py:154} INFO - [2023-11-19T13:48:17.611+0000] {dagbag.py:536} INFO - Filling up the DagBag from /home/airflow/.local/lib/python3.8/site-packages/airflow/example_dags/example_branch_python_dop_operator_3.py
[2023-11-19T13:48:17.624+0000] {processor.py:839} INFO - DAG(s) dict_keys(['example_branch_dop_operator_v3']) retrieved from /home/airflow/.local/lib/python3.8/site-packages/airflow/example_dags/example_branch_python_dop_operator_3.py
[2023-11-19T13:48:17.644+0000] {logging_mixin.py:154} INFO - [2023-11-19T13:48:17.644+0000] {dag.py:2941} INFO - Sync 1 DAGs
[2023-11-19T13:48:17.671+0000] {logging_mixin.py:154} INFO - [2023-11-19T13:48:17.671+0000] {dag.py:3722} INFO - Setting next_dagrun for example_branch_dop_operator_v3 to 2023-11-19T13:47:00+00:00, run_after=2023-11-19T13:48:00+00:00
[2023-11-19T13:48:17.693+0000] {processor.py:179} INFO - Processing /home/airflow/.local/lib/python3.8/site-packages/airflow/example_dags/example_branch_python_dop_operator_3.py took 0.090 seconds
[2023-11-19T13:48:47.843+0000] {processor.py:157} INFO - Started process (PID=651) to work on /home/airflow/.local/lib/python3.8/site-packages/airflow/example_dags/example_branch_python_dop_operator_3.py
[2023-11-19T13:48:47.845+0000] {processor.py:829} INFO - Processing file /home/airflow/.local/lib/python3.8/site-packages/airflow/example_dags/example_branch_python_dop_operator_3.py for tasks to queue
[2023-11-19T13:48:47.847+0000] {logging_mixin.py:154} INFO - [2023-11-19T13:48:47.847+0000] {dagbag.py:536} INFO - Filling up the DagBag from /home/airflow/.local/lib/python3.8/site-packages/airflow/example_dags/example_branch_python_dop_operator_3.py
[2023-11-19T13:48:47.855+0000] {processor.py:839} INFO - DAG(s) dict_keys(['example_branch_dop_operator_v3']) retrieved from /home/airflow/.local/lib/python3.8/site-packages/airflow/example_dags/example_branch_python_dop_operator_3.py
[2023-11-19T13:48:47.873+0000] {logging_mixin.py:154} INFO - [2023-11-19T13:48:47.873+0000] {dag.py:2941} INFO - Sync 1 DAGs
[2023-11-19T13:48:47.899+0000] {logging_mixin.py:154} INFO - [2023-11-19T13:48:47.898+0000] {dag.py:3722} INFO - Setting next_dagrun for example_branch_dop_operator_v3 to 2023-11-19T13:47:00+00:00, run_after=2023-11-19T13:48:00+00:00
[2023-11-19T13:48:47.920+0000] {processor.py:179} INFO - Processing /home/airflow/.local/lib/python3.8/site-packages/airflow/example_dags/example_branch_python_dop_operator_3.py took 0.081 seconds
[2023-11-19T13:49:18.389+0000] {processor.py:157} INFO - Started process (PID=705) to work on /home/airflow/.local/lib/python3.8/site-packages/airflow/example_dags/example_branch_python_dop_operator_3.py
[2023-11-19T13:49:18.391+0000] {processor.py:829} INFO - Processing file /home/airflow/.local/lib/python3.8/site-packages/airflow/example_dags/example_branch_python_dop_operator_3.py for tasks to queue
[2023-11-19T13:49:18.394+0000] {logging_mixin.py:154} INFO - [2023-11-19T13:49:18.393+0000] {dagbag.py:536} INFO - Filling up the DagBag from /home/airflow/.local/lib/python3.8/site-packages/airflow/example_dags/example_branch_python_dop_operator_3.py
[2023-11-19T13:49:18.403+0000] {processor.py:839} INFO - DAG(s) dict_keys(['example_branch_dop_operator_v3']) retrieved from /home/airflow/.local/lib/python3.8/site-packages/airflow/example_dags/example_branch_python_dop_operator_3.py
[2023-11-19T13:49:18.424+0000] {logging_mixin.py:154} INFO - [2023-11-19T13:49:18.424+0000] {dag.py:2941} INFO - Sync 1 DAGs
[2023-11-19T13:49:18.451+0000] {logging_mixin.py:154} INFO - [2023-11-19T13:49:18.451+0000] {dag.py:3722} INFO - Setting next_dagrun for example_branch_dop_operator_v3 to 2023-11-19T13:48:00+00:00, run_after=2023-11-19T13:49:00+00:00
[2023-11-19T13:49:18.473+0000] {processor.py:179} INFO - Processing /home/airflow/.local/lib/python3.8/site-packages/airflow/example_dags/example_branch_python_dop_operator_3.py took 0.088 seconds
[2023-11-19T13:49:48.643+0000] {processor.py:157} INFO - Started process (PID=759) to work on /home/airflow/.local/lib/python3.8/site-packages/airflow/example_dags/example_branch_python_dop_operator_3.py
[2023-11-19T13:49:48.645+0000] {processor.py:829} INFO - Processing file /home/airflow/.local/lib/python3.8/site-packages/airflow/example_dags/example_branch_python_dop_operator_3.py for tasks to queue
[2023-11-19T13:49:48.648+0000] {logging_mixin.py:154} INFO - [2023-11-19T13:49:48.647+0000] {dagbag.py:536} INFO - Filling up the DagBag from /home/airflow/.local/lib/python3.8/site-packages/airflow/example_dags/example_branch_python_dop_operator_3.py
[2023-11-19T13:49:48.661+0000] {processor.py:839} INFO - DAG(s) dict_keys(['example_branch_dop_operator_v3']) retrieved from /home/airflow/.local/lib/python3.8/site-packages/airflow/example_dags/example_branch_python_dop_operator_3.py
[2023-11-19T13:49:48.690+0000] {logging_mixin.py:154} INFO - [2023-11-19T13:49:48.690+0000] {dag.py:2941} INFO - Sync 1 DAGs
[2023-11-19T13:49:48.725+0000] {logging_mixin.py:154} INFO - [2023-11-19T13:49:48.725+0000] {dag.py:3722} INFO - Setting next_dagrun for example_branch_dop_operator_v3 to 2023-11-19T13:48:00+00:00, run_after=2023-11-19T13:49:00+00:00
[2023-11-19T13:49:48.749+0000] {processor.py:179} INFO - Processing /home/airflow/.local/lib/python3.8/site-packages/airflow/example_dags/example_branch_python_dop_operator_3.py took 0.110 seconds
