[2023-11-19T13:43:12.916+0000] {processor.py:157} INFO - Started process (PID=51) to work on /home/airflow/.local/lib/python3.8/site-packages/airflow/example_dags/example_dag_decorator.py
[2023-11-19T13:43:12.917+0000] {processor.py:829} INFO - Processing file /home/airflow/.local/lib/python3.8/site-packages/airflow/example_dags/example_dag_decorator.py for tasks to queue
[2023-11-19T13:43:12.920+0000] {logging_mixin.py:154} INFO - [2023-11-19T13:43:12.920+0000] {dagbag.py:536} INFO - Filling up the DagBag from /home/airflow/.local/lib/python3.8/site-packages/airflow/example_dags/example_dag_decorator.py
[2023-11-19T13:43:13.271+0000] {processor.py:839} INFO - DAG(s) dict_keys(['example_dag_decorator']) retrieved from /home/airflow/.local/lib/python3.8/site-packages/airflow/example_dags/example_dag_decorator.py
[2023-11-19T13:43:13.936+0000] {logging_mixin.py:154} INFO - [2023-11-19T13:43:13.936+0000] {dag.py:2941} INFO - Sync 1 DAGs
[2023-11-19T13:43:14.118+0000] {logging_mixin.py:154} INFO - [2023-11-19T13:43:14.118+0000] {dag.py:3722} INFO - Setting next_dagrun for example_dag_decorator to None, run_after=None
[2023-11-19T13:43:14.509+0000] {processor.py:179} INFO - Processing /home/airflow/.local/lib/python3.8/site-packages/airflow/example_dags/example_dag_decorator.py took 1.598 seconds
[2023-11-19T13:43:45.139+0000] {processor.py:157} INFO - Started process (PID=116) to work on /home/airflow/.local/lib/python3.8/site-packages/airflow/example_dags/example_dag_decorator.py
[2023-11-19T13:43:45.140+0000] {processor.py:829} INFO - Processing file /home/airflow/.local/lib/python3.8/site-packages/airflow/example_dags/example_dag_decorator.py for tasks to queue
[2023-11-19T13:43:45.143+0000] {logging_mixin.py:154} INFO - [2023-11-19T13:43:45.142+0000] {dagbag.py:536} INFO - Filling up the DagBag from /home/airflow/.local/lib/python3.8/site-packages/airflow/example_dags/example_dag_decorator.py
[2023-11-19T13:43:45.225+0000] {processor.py:839} INFO - DAG(s) dict_keys(['example_dag_decorator']) retrieved from /home/airflow/.local/lib/python3.8/site-packages/airflow/example_dags/example_dag_decorator.py
[2023-11-19T13:43:45.502+0000] {logging_mixin.py:154} INFO - [2023-11-19T13:43:45.502+0000] {dag.py:2941} INFO - Sync 1 DAGs
[2023-11-19T13:43:45.518+0000] {logging_mixin.py:154} INFO - [2023-11-19T13:43:45.518+0000] {dag.py:3722} INFO - Setting next_dagrun for example_dag_decorator to None, run_after=None
[2023-11-19T13:43:45.549+0000] {processor.py:179} INFO - Processing /home/airflow/.local/lib/python3.8/site-packages/airflow/example_dags/example_dag_decorator.py took 0.415 seconds
[2023-11-19T13:44:15.956+0000] {processor.py:157} INFO - Started process (PID=170) to work on /home/airflow/.local/lib/python3.8/site-packages/airflow/example_dags/example_dag_decorator.py
[2023-11-19T13:44:15.960+0000] {processor.py:829} INFO - Processing file /home/airflow/.local/lib/python3.8/site-packages/airflow/example_dags/example_dag_decorator.py for tasks to queue
[2023-11-19T13:44:15.961+0000] {logging_mixin.py:154} INFO - [2023-11-19T13:44:15.961+0000] {dagbag.py:536} INFO - Filling up the DagBag from /home/airflow/.local/lib/python3.8/site-packages/airflow/example_dags/example_dag_decorator.py
[2023-11-19T13:44:16.048+0000] {processor.py:839} INFO - DAG(s) dict_keys(['example_dag_decorator']) retrieved from /home/airflow/.local/lib/python3.8/site-packages/airflow/example_dags/example_dag_decorator.py
[2023-11-19T13:44:16.156+0000] {logging_mixin.py:154} INFO - [2023-11-19T13:44:16.156+0000] {dag.py:2941} INFO - Sync 1 DAGs
[2023-11-19T13:44:16.168+0000] {logging_mixin.py:154} INFO - [2023-11-19T13:44:16.167+0000] {dag.py:3722} INFO - Setting next_dagrun for example_dag_decorator to None, run_after=None
[2023-11-19T13:44:16.191+0000] {processor.py:179} INFO - Processing /home/airflow/.local/lib/python3.8/site-packages/airflow/example_dags/example_dag_decorator.py took 0.238 seconds
[2023-11-19T13:44:46.397+0000] {processor.py:157} INFO - Started process (PID=224) to work on /home/airflow/.local/lib/python3.8/site-packages/airflow/example_dags/example_dag_decorator.py
[2023-11-19T13:44:46.404+0000] {processor.py:829} INFO - Processing file /home/airflow/.local/lib/python3.8/site-packages/airflow/example_dags/example_dag_decorator.py for tasks to queue
[2023-11-19T13:44:46.407+0000] {logging_mixin.py:154} INFO - [2023-11-19T13:44:46.406+0000] {dagbag.py:536} INFO - Filling up the DagBag from /home/airflow/.local/lib/python3.8/site-packages/airflow/example_dags/example_dag_decorator.py
[2023-11-19T13:44:46.491+0000] {processor.py:839} INFO - DAG(s) dict_keys(['example_dag_decorator']) retrieved from /home/airflow/.local/lib/python3.8/site-packages/airflow/example_dags/example_dag_decorator.py
[2023-11-19T13:44:46.703+0000] {logging_mixin.py:154} INFO - [2023-11-19T13:44:46.703+0000] {dag.py:2941} INFO - Sync 1 DAGs
[2023-11-19T13:44:46.712+0000] {logging_mixin.py:154} INFO - [2023-11-19T13:44:46.712+0000] {dag.py:3722} INFO - Setting next_dagrun for example_dag_decorator to None, run_after=None
[2023-11-19T13:44:46.761+0000] {processor.py:179} INFO - Processing /home/airflow/.local/lib/python3.8/site-packages/airflow/example_dags/example_dag_decorator.py took 0.368 seconds
[2023-11-19T13:45:17.704+0000] {processor.py:157} INFO - Started process (PID=278) to work on /home/airflow/.local/lib/python3.8/site-packages/airflow/example_dags/example_dag_decorator.py
[2023-11-19T13:45:17.706+0000] {processor.py:829} INFO - Processing file /home/airflow/.local/lib/python3.8/site-packages/airflow/example_dags/example_dag_decorator.py for tasks to queue
[2023-11-19T13:45:17.709+0000] {logging_mixin.py:154} INFO - [2023-11-19T13:45:17.708+0000] {dagbag.py:536} INFO - Filling up the DagBag from /home/airflow/.local/lib/python3.8/site-packages/airflow/example_dags/example_dag_decorator.py
[2023-11-19T13:45:17.789+0000] {processor.py:839} INFO - DAG(s) dict_keys(['example_dag_decorator']) retrieved from /home/airflow/.local/lib/python3.8/site-packages/airflow/example_dags/example_dag_decorator.py
[2023-11-19T13:45:18.021+0000] {logging_mixin.py:154} INFO - [2023-11-19T13:45:18.021+0000] {dag.py:2941} INFO - Sync 1 DAGs
[2023-11-19T13:45:18.031+0000] {logging_mixin.py:154} INFO - [2023-11-19T13:45:18.031+0000] {dag.py:3722} INFO - Setting next_dagrun for example_dag_decorator to None, run_after=None
[2023-11-19T13:45:18.051+0000] {processor.py:179} INFO - Processing /home/airflow/.local/lib/python3.8/site-packages/airflow/example_dags/example_dag_decorator.py took 0.352 seconds
[2023-11-19T13:45:48.246+0000] {processor.py:157} INFO - Started process (PID=333) to work on /home/airflow/.local/lib/python3.8/site-packages/airflow/example_dags/example_dag_decorator.py
[2023-11-19T13:45:48.248+0000] {processor.py:829} INFO - Processing file /home/airflow/.local/lib/python3.8/site-packages/airflow/example_dags/example_dag_decorator.py for tasks to queue
[2023-11-19T13:45:48.251+0000] {logging_mixin.py:154} INFO - [2023-11-19T13:45:48.250+0000] {dagbag.py:536} INFO - Filling up the DagBag from /home/airflow/.local/lib/python3.8/site-packages/airflow/example_dags/example_dag_decorator.py
[2023-11-19T13:45:48.331+0000] {processor.py:839} INFO - DAG(s) dict_keys(['example_dag_decorator']) retrieved from /home/airflow/.local/lib/python3.8/site-packages/airflow/example_dags/example_dag_decorator.py
[2023-11-19T13:45:48.425+0000] {logging_mixin.py:154} INFO - [2023-11-19T13:45:48.425+0000] {dag.py:2941} INFO - Sync 1 DAGs
[2023-11-19T13:45:48.436+0000] {logging_mixin.py:154} INFO - [2023-11-19T13:45:48.435+0000] {dag.py:3722} INFO - Setting next_dagrun for example_dag_decorator to None, run_after=None
[2023-11-19T13:45:48.596+0000] {processor.py:179} INFO - Processing /home/airflow/.local/lib/python3.8/site-packages/airflow/example_dags/example_dag_decorator.py took 0.354 seconds
[2023-11-19T13:46:18.703+0000] {processor.py:157} INFO - Started process (PID=389) to work on /home/airflow/.local/lib/python3.8/site-packages/airflow/example_dags/example_dag_decorator.py
[2023-11-19T13:46:18.705+0000] {processor.py:829} INFO - Processing file /home/airflow/.local/lib/python3.8/site-packages/airflow/example_dags/example_dag_decorator.py for tasks to queue
[2023-11-19T13:46:18.707+0000] {logging_mixin.py:154} INFO - [2023-11-19T13:46:18.707+0000] {dagbag.py:536} INFO - Filling up the DagBag from /home/airflow/.local/lib/python3.8/site-packages/airflow/example_dags/example_dag_decorator.py
[2023-11-19T13:46:18.797+0000] {processor.py:839} INFO - DAG(s) dict_keys(['example_dag_decorator']) retrieved from /home/airflow/.local/lib/python3.8/site-packages/airflow/example_dags/example_dag_decorator.py
[2023-11-19T13:46:18.886+0000] {logging_mixin.py:154} INFO - [2023-11-19T13:46:18.886+0000] {dag.py:2941} INFO - Sync 1 DAGs
[2023-11-19T13:46:18.896+0000] {logging_mixin.py:154} INFO - [2023-11-19T13:46:18.896+0000] {dag.py:3722} INFO - Setting next_dagrun for example_dag_decorator to None, run_after=None
[2023-11-19T13:46:18.918+0000] {processor.py:179} INFO - Processing /home/airflow/.local/lib/python3.8/site-packages/airflow/example_dags/example_dag_decorator.py took 0.219 seconds
[2023-11-19T13:46:48.982+0000] {processor.py:157} INFO - Started process (PID=441) to work on /home/airflow/.local/lib/python3.8/site-packages/airflow/example_dags/example_dag_decorator.py
[2023-11-19T13:46:48.983+0000] {processor.py:829} INFO - Processing file /home/airflow/.local/lib/python3.8/site-packages/airflow/example_dags/example_dag_decorator.py for tasks to queue
[2023-11-19T13:46:48.985+0000] {logging_mixin.py:154} INFO - [2023-11-19T13:46:48.985+0000] {dagbag.py:536} INFO - Filling up the DagBag from /home/airflow/.local/lib/python3.8/site-packages/airflow/example_dags/example_dag_decorator.py
[2023-11-19T13:46:49.062+0000] {processor.py:839} INFO - DAG(s) dict_keys(['example_dag_decorator']) retrieved from /home/airflow/.local/lib/python3.8/site-packages/airflow/example_dags/example_dag_decorator.py
[2023-11-19T13:46:49.288+0000] {logging_mixin.py:154} INFO - [2023-11-19T13:46:49.288+0000] {dag.py:2941} INFO - Sync 1 DAGs
[2023-11-19T13:46:49.298+0000] {logging_mixin.py:154} INFO - [2023-11-19T13:46:49.297+0000] {dag.py:3722} INFO - Setting next_dagrun for example_dag_decorator to None, run_after=None
[2023-11-19T13:46:49.541+0000] {processor.py:179} INFO - Processing /home/airflow/.local/lib/python3.8/site-packages/airflow/example_dags/example_dag_decorator.py took 0.564 seconds
[2023-11-19T13:47:20.493+0000] {processor.py:157} INFO - Started process (PID=497) to work on /home/airflow/.local/lib/python3.8/site-packages/airflow/example_dags/example_dag_decorator.py
[2023-11-19T13:47:20.494+0000] {processor.py:829} INFO - Processing file /home/airflow/.local/lib/python3.8/site-packages/airflow/example_dags/example_dag_decorator.py for tasks to queue
[2023-11-19T13:47:20.497+0000] {logging_mixin.py:154} INFO - [2023-11-19T13:47:20.497+0000] {dagbag.py:536} INFO - Filling up the DagBag from /home/airflow/.local/lib/python3.8/site-packages/airflow/example_dags/example_dag_decorator.py
[2023-11-19T13:47:20.575+0000] {processor.py:839} INFO - DAG(s) dict_keys(['example_dag_decorator']) retrieved from /home/airflow/.local/lib/python3.8/site-packages/airflow/example_dags/example_dag_decorator.py
[2023-11-19T13:47:20.816+0000] {logging_mixin.py:154} INFO - [2023-11-19T13:47:20.816+0000] {dag.py:2941} INFO - Sync 1 DAGs
[2023-11-19T13:47:20.826+0000] {logging_mixin.py:154} INFO - [2023-11-19T13:47:20.825+0000] {dag.py:3722} INFO - Setting next_dagrun for example_dag_decorator to None, run_after=None
[2023-11-19T13:47:20.851+0000] {processor.py:179} INFO - Processing /home/airflow/.local/lib/python3.8/site-packages/airflow/example_dags/example_dag_decorator.py took 0.364 seconds
[2023-11-19T13:47:51.124+0000] {processor.py:157} INFO - Started process (PID=551) to work on /home/airflow/.local/lib/python3.8/site-packages/airflow/example_dags/example_dag_decorator.py
[2023-11-19T13:47:51.130+0000] {processor.py:829} INFO - Processing file /home/airflow/.local/lib/python3.8/site-packages/airflow/example_dags/example_dag_decorator.py for tasks to queue
[2023-11-19T13:47:51.132+0000] {logging_mixin.py:154} INFO - [2023-11-19T13:47:51.132+0000] {dagbag.py:536} INFO - Filling up the DagBag from /home/airflow/.local/lib/python3.8/site-packages/airflow/example_dags/example_dag_decorator.py
[2023-11-19T13:47:51.212+0000] {processor.py:839} INFO - DAG(s) dict_keys(['example_dag_decorator']) retrieved from /home/airflow/.local/lib/python3.8/site-packages/airflow/example_dags/example_dag_decorator.py
[2023-11-19T13:47:51.471+0000] {logging_mixin.py:154} INFO - [2023-11-19T13:47:51.471+0000] {dag.py:2941} INFO - Sync 1 DAGs
[2023-11-19T13:47:51.480+0000] {logging_mixin.py:154} INFO - [2023-11-19T13:47:51.480+0000] {dag.py:3722} INFO - Setting next_dagrun for example_dag_decorator to None, run_after=None
[2023-11-19T13:47:51.502+0000] {processor.py:179} INFO - Processing /home/airflow/.local/lib/python3.8/site-packages/airflow/example_dags/example_dag_decorator.py took 0.382 seconds
[2023-11-19T13:48:21.673+0000] {processor.py:157} INFO - Started process (PID=607) to work on /home/airflow/.local/lib/python3.8/site-packages/airflow/example_dags/example_dag_decorator.py
[2023-11-19T13:48:21.674+0000] {processor.py:829} INFO - Processing file /home/airflow/.local/lib/python3.8/site-packages/airflow/example_dags/example_dag_decorator.py for tasks to queue
[2023-11-19T13:48:21.676+0000] {logging_mixin.py:154} INFO - [2023-11-19T13:48:21.676+0000] {dagbag.py:536} INFO - Filling up the DagBag from /home/airflow/.local/lib/python3.8/site-packages/airflow/example_dags/example_dag_decorator.py
[2023-11-19T13:48:21.745+0000] {processor.py:839} INFO - DAG(s) dict_keys(['example_dag_decorator']) retrieved from /home/airflow/.local/lib/python3.8/site-packages/airflow/example_dags/example_dag_decorator.py
[2023-11-19T13:48:21.974+0000] {logging_mixin.py:154} INFO - [2023-11-19T13:48:21.973+0000] {dag.py:2941} INFO - Sync 1 DAGs
[2023-11-19T13:48:21.984+0000] {logging_mixin.py:154} INFO - [2023-11-19T13:48:21.984+0000] {dag.py:3722} INFO - Setting next_dagrun for example_dag_decorator to None, run_after=None
[2023-11-19T13:48:22.005+0000] {processor.py:179} INFO - Processing /home/airflow/.local/lib/python3.8/site-packages/airflow/example_dags/example_dag_decorator.py took 0.335 seconds
[2023-11-19T13:48:52.692+0000] {processor.py:157} INFO - Started process (PID=661) to work on /home/airflow/.local/lib/python3.8/site-packages/airflow/example_dags/example_dag_decorator.py
[2023-11-19T13:48:52.693+0000] {processor.py:829} INFO - Processing file /home/airflow/.local/lib/python3.8/site-packages/airflow/example_dags/example_dag_decorator.py for tasks to queue
[2023-11-19T13:48:52.697+0000] {logging_mixin.py:154} INFO - [2023-11-19T13:48:52.696+0000] {dagbag.py:536} INFO - Filling up the DagBag from /home/airflow/.local/lib/python3.8/site-packages/airflow/example_dags/example_dag_decorator.py
[2023-11-19T13:48:52.777+0000] {processor.py:839} INFO - DAG(s) dict_keys(['example_dag_decorator']) retrieved from /home/airflow/.local/lib/python3.8/site-packages/airflow/example_dags/example_dag_decorator.py
[2023-11-19T13:48:52.995+0000] {logging_mixin.py:154} INFO - [2023-11-19T13:48:52.995+0000] {dag.py:2941} INFO - Sync 1 DAGs
[2023-11-19T13:48:53.003+0000] {logging_mixin.py:154} INFO - [2023-11-19T13:48:53.003+0000] {dag.py:3722} INFO - Setting next_dagrun for example_dag_decorator to None, run_after=None
[2023-11-19T13:48:53.023+0000] {processor.py:179} INFO - Processing /home/airflow/.local/lib/python3.8/site-packages/airflow/example_dags/example_dag_decorator.py took 0.335 seconds
[2023-11-19T13:49:23.129+0000] {processor.py:157} INFO - Started process (PID=715) to work on /home/airflow/.local/lib/python3.8/site-packages/airflow/example_dags/example_dag_decorator.py
[2023-11-19T13:49:23.131+0000] {processor.py:829} INFO - Processing file /home/airflow/.local/lib/python3.8/site-packages/airflow/example_dags/example_dag_decorator.py for tasks to queue
[2023-11-19T13:49:23.134+0000] {logging_mixin.py:154} INFO - [2023-11-19T13:49:23.134+0000] {dagbag.py:536} INFO - Filling up the DagBag from /home/airflow/.local/lib/python3.8/site-packages/airflow/example_dags/example_dag_decorator.py
[2023-11-19T13:49:23.218+0000] {processor.py:839} INFO - DAG(s) dict_keys(['example_dag_decorator']) retrieved from /home/airflow/.local/lib/python3.8/site-packages/airflow/example_dags/example_dag_decorator.py
[2023-11-19T13:49:23.458+0000] {logging_mixin.py:154} INFO - [2023-11-19T13:49:23.458+0000] {dag.py:2941} INFO - Sync 1 DAGs
[2023-11-19T13:49:23.468+0000] {logging_mixin.py:154} INFO - [2023-11-19T13:49:23.468+0000] {dag.py:3722} INFO - Setting next_dagrun for example_dag_decorator to None, run_after=None
[2023-11-19T13:49:23.492+0000] {processor.py:179} INFO - Processing /home/airflow/.local/lib/python3.8/site-packages/airflow/example_dags/example_dag_decorator.py took 0.368 seconds
