[2023-11-19T13:43:17.617+0000] {processor.py:157} INFO - Started process (PID=73) to work on /home/airflow/.local/lib/python3.8/site-packages/airflow/example_dags/example_sensors.py
[2023-11-19T13:43:17.618+0000] {processor.py:829} INFO - Processing file /home/airflow/.local/lib/python3.8/site-packages/airflow/example_dags/example_sensors.py for tasks to queue
[2023-11-19T13:43:17.621+0000] {logging_mixin.py:154} INFO - [2023-11-19T13:43:17.621+0000] {dagbag.py:536} INFO - Filling up the DagBag from /home/airflow/.local/lib/python3.8/site-packages/airflow/example_dags/example_sensors.py
[2023-11-19T13:43:17.641+0000] {processor.py:839} INFO - DAG(s) dict_keys(['example_sensors']) retrieved from /home/airflow/.local/lib/python3.8/site-packages/airflow/example_dags/example_sensors.py
[2023-11-19T13:43:17.682+0000] {logging_mixin.py:154} INFO - [2023-11-19T13:43:17.682+0000] {dag.py:2941} INFO - Sync 1 DAGs
[2023-11-19T13:43:17.693+0000] {logging_mixin.py:154} INFO - [2023-11-19T13:43:17.693+0000] {dag.py:3722} INFO - Setting next_dagrun for example_sensors to None, run_after=None
[2023-11-19T13:43:17.780+0000] {processor.py:179} INFO - Processing /home/airflow/.local/lib/python3.8/site-packages/airflow/example_dags/example_sensors.py took 0.168 seconds
[2023-11-19T13:43:48.159+0000] {processor.py:157} INFO - Started process (PID=127) to work on /home/airflow/.local/lib/python3.8/site-packages/airflow/example_dags/example_sensors.py
[2023-11-19T13:43:48.160+0000] {processor.py:829} INFO - Processing file /home/airflow/.local/lib/python3.8/site-packages/airflow/example_dags/example_sensors.py for tasks to queue
[2023-11-19T13:43:48.163+0000] {logging_mixin.py:154} INFO - [2023-11-19T13:43:48.163+0000] {dagbag.py:536} INFO - Filling up the DagBag from /home/airflow/.local/lib/python3.8/site-packages/airflow/example_dags/example_sensors.py
[2023-11-19T13:43:48.178+0000] {processor.py:839} INFO - DAG(s) dict_keys(['example_sensors']) retrieved from /home/airflow/.local/lib/python3.8/site-packages/airflow/example_dags/example_sensors.py
[2023-11-19T13:43:48.215+0000] {logging_mixin.py:154} INFO - [2023-11-19T13:43:48.215+0000] {dag.py:2941} INFO - Sync 1 DAGs
[2023-11-19T13:43:48.226+0000] {logging_mixin.py:154} INFO - [2023-11-19T13:43:48.226+0000] {dag.py:3722} INFO - Setting next_dagrun for example_sensors to None, run_after=None
[2023-11-19T13:43:48.248+0000] {processor.py:179} INFO - Processing /home/airflow/.local/lib/python3.8/site-packages/airflow/example_dags/example_sensors.py took 0.094 seconds
[2023-11-19T13:44:18.701+0000] {processor.py:157} INFO - Started process (PID=181) to work on /home/airflow/.local/lib/python3.8/site-packages/airflow/example_dags/example_sensors.py
[2023-11-19T13:44:18.702+0000] {processor.py:829} INFO - Processing file /home/airflow/.local/lib/python3.8/site-packages/airflow/example_dags/example_sensors.py for tasks to queue
[2023-11-19T13:44:18.704+0000] {logging_mixin.py:154} INFO - [2023-11-19T13:44:18.703+0000] {dagbag.py:536} INFO - Filling up the DagBag from /home/airflow/.local/lib/python3.8/site-packages/airflow/example_dags/example_sensors.py
[2023-11-19T13:44:18.712+0000] {processor.py:839} INFO - DAG(s) dict_keys(['example_sensors']) retrieved from /home/airflow/.local/lib/python3.8/site-packages/airflow/example_dags/example_sensors.py
[2023-11-19T13:44:18.734+0000] {logging_mixin.py:154} INFO - [2023-11-19T13:44:18.734+0000] {dag.py:2941} INFO - Sync 1 DAGs
[2023-11-19T13:44:18.745+0000] {logging_mixin.py:154} INFO - [2023-11-19T13:44:18.745+0000] {dag.py:3722} INFO - Setting next_dagrun for example_sensors to None, run_after=None
[2023-11-19T13:44:18.771+0000] {processor.py:179} INFO - Processing /home/airflow/.local/lib/python3.8/site-packages/airflow/example_dags/example_sensors.py took 0.073 seconds
[2023-11-19T13:44:49.467+0000] {processor.py:157} INFO - Started process (PID=235) to work on /home/airflow/.local/lib/python3.8/site-packages/airflow/example_dags/example_sensors.py
[2023-11-19T13:44:49.468+0000] {processor.py:829} INFO - Processing file /home/airflow/.local/lib/python3.8/site-packages/airflow/example_dags/example_sensors.py for tasks to queue
[2023-11-19T13:44:49.471+0000] {logging_mixin.py:154} INFO - [2023-11-19T13:44:49.471+0000] {dagbag.py:536} INFO - Filling up the DagBag from /home/airflow/.local/lib/python3.8/site-packages/airflow/example_dags/example_sensors.py
[2023-11-19T13:44:49.487+0000] {processor.py:839} INFO - DAG(s) dict_keys(['example_sensors']) retrieved from /home/airflow/.local/lib/python3.8/site-packages/airflow/example_dags/example_sensors.py
[2023-11-19T13:44:49.524+0000] {logging_mixin.py:154} INFO - [2023-11-19T13:44:49.523+0000] {dag.py:2941} INFO - Sync 1 DAGs
[2023-11-19T13:44:49.535+0000] {logging_mixin.py:154} INFO - [2023-11-19T13:44:49.535+0000] {dag.py:3722} INFO - Setting next_dagrun for example_sensors to None, run_after=None
[2023-11-19T13:44:49.568+0000] {processor.py:179} INFO - Processing /home/airflow/.local/lib/python3.8/site-packages/airflow/example_dags/example_sensors.py took 0.106 seconds
[2023-11-19T13:45:19.744+0000] {processor.py:157} INFO - Started process (PID=289) to work on /home/airflow/.local/lib/python3.8/site-packages/airflow/example_dags/example_sensors.py
[2023-11-19T13:45:19.746+0000] {processor.py:829} INFO - Processing file /home/airflow/.local/lib/python3.8/site-packages/airflow/example_dags/example_sensors.py for tasks to queue
[2023-11-19T13:45:19.749+0000] {logging_mixin.py:154} INFO - [2023-11-19T13:45:19.749+0000] {dagbag.py:536} INFO - Filling up the DagBag from /home/airflow/.local/lib/python3.8/site-packages/airflow/example_dags/example_sensors.py
[2023-11-19T13:45:19.767+0000] {processor.py:839} INFO - DAG(s) dict_keys(['example_sensors']) retrieved from /home/airflow/.local/lib/python3.8/site-packages/airflow/example_dags/example_sensors.py
[2023-11-19T13:45:19.796+0000] {logging_mixin.py:154} INFO - [2023-11-19T13:45:19.796+0000] {dag.py:2941} INFO - Sync 1 DAGs
[2023-11-19T13:45:19.807+0000] {logging_mixin.py:154} INFO - [2023-11-19T13:45:19.807+0000] {dag.py:3722} INFO - Setting next_dagrun for example_sensors to None, run_after=None
[2023-11-19T13:45:19.826+0000] {processor.py:179} INFO - Processing /home/airflow/.local/lib/python3.8/site-packages/airflow/example_dags/example_sensors.py took 0.088 seconds
[2023-11-19T13:45:50.017+0000] {processor.py:157} INFO - Started process (PID=344) to work on /home/airflow/.local/lib/python3.8/site-packages/airflow/example_dags/example_sensors.py
[2023-11-19T13:45:50.018+0000] {processor.py:829} INFO - Processing file /home/airflow/.local/lib/python3.8/site-packages/airflow/example_dags/example_sensors.py for tasks to queue
[2023-11-19T13:45:50.021+0000] {logging_mixin.py:154} INFO - [2023-11-19T13:45:50.020+0000] {dagbag.py:536} INFO - Filling up the DagBag from /home/airflow/.local/lib/python3.8/site-packages/airflow/example_dags/example_sensors.py
[2023-11-19T13:45:50.036+0000] {processor.py:839} INFO - DAG(s) dict_keys(['example_sensors']) retrieved from /home/airflow/.local/lib/python3.8/site-packages/airflow/example_dags/example_sensors.py
[2023-11-19T13:45:50.063+0000] {logging_mixin.py:154} INFO - [2023-11-19T13:45:50.063+0000] {dag.py:2941} INFO - Sync 1 DAGs
[2023-11-19T13:45:50.075+0000] {logging_mixin.py:154} INFO - [2023-11-19T13:45:50.075+0000] {dag.py:3722} INFO - Setting next_dagrun for example_sensors to None, run_after=None
[2023-11-19T13:45:50.102+0000] {processor.py:179} INFO - Processing /home/airflow/.local/lib/python3.8/site-packages/airflow/example_dags/example_sensors.py took 0.090 seconds
[2023-11-19T13:46:20.583+0000] {processor.py:157} INFO - Started process (PID=398) to work on /home/airflow/.local/lib/python3.8/site-packages/airflow/example_dags/example_sensors.py
[2023-11-19T13:46:20.587+0000] {processor.py:829} INFO - Processing file /home/airflow/.local/lib/python3.8/site-packages/airflow/example_dags/example_sensors.py for tasks to queue
[2023-11-19T13:46:20.590+0000] {logging_mixin.py:154} INFO - [2023-11-19T13:46:20.589+0000] {dagbag.py:536} INFO - Filling up the DagBag from /home/airflow/.local/lib/python3.8/site-packages/airflow/example_dags/example_sensors.py
[2023-11-19T13:46:20.603+0000] {processor.py:839} INFO - DAG(s) dict_keys(['example_sensors']) retrieved from /home/airflow/.local/lib/python3.8/site-packages/airflow/example_dags/example_sensors.py
[2023-11-19T13:46:20.640+0000] {logging_mixin.py:154} INFO - [2023-11-19T13:46:20.640+0000] {dag.py:2941} INFO - Sync 1 DAGs
[2023-11-19T13:46:20.655+0000] {logging_mixin.py:154} INFO - [2023-11-19T13:46:20.655+0000] {dag.py:3722} INFO - Setting next_dagrun for example_sensors to None, run_after=None
[2023-11-19T13:46:20.676+0000] {processor.py:179} INFO - Processing /home/airflow/.local/lib/python3.8/site-packages/airflow/example_dags/example_sensors.py took 0.098 seconds
[2023-11-19T13:46:51.122+0000] {processor.py:157} INFO - Started process (PID=452) to work on /home/airflow/.local/lib/python3.8/site-packages/airflow/example_dags/example_sensors.py
[2023-11-19T13:46:51.124+0000] {processor.py:829} INFO - Processing file /home/airflow/.local/lib/python3.8/site-packages/airflow/example_dags/example_sensors.py for tasks to queue
[2023-11-19T13:46:51.127+0000] {logging_mixin.py:154} INFO - [2023-11-19T13:46:51.127+0000] {dagbag.py:536} INFO - Filling up the DagBag from /home/airflow/.local/lib/python3.8/site-packages/airflow/example_dags/example_sensors.py
[2023-11-19T13:46:51.147+0000] {processor.py:839} INFO - DAG(s) dict_keys(['example_sensors']) retrieved from /home/airflow/.local/lib/python3.8/site-packages/airflow/example_dags/example_sensors.py
[2023-11-19T13:46:51.182+0000] {logging_mixin.py:154} INFO - [2023-11-19T13:46:51.182+0000] {dag.py:2941} INFO - Sync 1 DAGs
[2023-11-19T13:46:51.198+0000] {logging_mixin.py:154} INFO - [2023-11-19T13:46:51.197+0000] {dag.py:3722} INFO - Setting next_dagrun for example_sensors to None, run_after=None
[2023-11-19T13:46:51.220+0000] {processor.py:179} INFO - Processing /home/airflow/.local/lib/python3.8/site-packages/airflow/example_dags/example_sensors.py took 0.103 seconds
[2023-11-19T13:47:21.407+0000] {processor.py:157} INFO - Started process (PID=506) to work on /home/airflow/.local/lib/python3.8/site-packages/airflow/example_dags/example_sensors.py
[2023-11-19T13:47:21.410+0000] {processor.py:829} INFO - Processing file /home/airflow/.local/lib/python3.8/site-packages/airflow/example_dags/example_sensors.py for tasks to queue
[2023-11-19T13:47:21.412+0000] {logging_mixin.py:154} INFO - [2023-11-19T13:47:21.412+0000] {dagbag.py:536} INFO - Filling up the DagBag from /home/airflow/.local/lib/python3.8/site-packages/airflow/example_dags/example_sensors.py
[2023-11-19T13:47:21.420+0000] {processor.py:839} INFO - DAG(s) dict_keys(['example_sensors']) retrieved from /home/airflow/.local/lib/python3.8/site-packages/airflow/example_dags/example_sensors.py
[2023-11-19T13:47:21.445+0000] {logging_mixin.py:154} INFO - [2023-11-19T13:47:21.444+0000] {dag.py:2941} INFO - Sync 1 DAGs
[2023-11-19T13:47:21.457+0000] {logging_mixin.py:154} INFO - [2023-11-19T13:47:21.457+0000] {dag.py:3722} INFO - Setting next_dagrun for example_sensors to None, run_after=None
[2023-11-19T13:47:21.480+0000] {processor.py:179} INFO - Processing /home/airflow/.local/lib/python3.8/site-packages/airflow/example_dags/example_sensors.py took 0.076 seconds
[2023-11-19T13:47:51.798+0000] {processor.py:157} INFO - Started process (PID=560) to work on /home/airflow/.local/lib/python3.8/site-packages/airflow/example_dags/example_sensors.py
[2023-11-19T13:47:51.800+0000] {processor.py:829} INFO - Processing file /home/airflow/.local/lib/python3.8/site-packages/airflow/example_dags/example_sensors.py for tasks to queue
[2023-11-19T13:47:51.803+0000] {logging_mixin.py:154} INFO - [2023-11-19T13:47:51.803+0000] {dagbag.py:536} INFO - Filling up the DagBag from /home/airflow/.local/lib/python3.8/site-packages/airflow/example_dags/example_sensors.py
[2023-11-19T13:47:51.817+0000] {processor.py:839} INFO - DAG(s) dict_keys(['example_sensors']) retrieved from /home/airflow/.local/lib/python3.8/site-packages/airflow/example_dags/example_sensors.py
[2023-11-19T13:47:51.854+0000] {logging_mixin.py:154} INFO - [2023-11-19T13:47:51.854+0000] {dag.py:2941} INFO - Sync 1 DAGs
[2023-11-19T13:47:51.869+0000] {logging_mixin.py:154} INFO - [2023-11-19T13:47:51.869+0000] {dag.py:3722} INFO - Setting next_dagrun for example_sensors to None, run_after=None
[2023-11-19T13:47:51.889+0000] {processor.py:179} INFO - Processing /home/airflow/.local/lib/python3.8/site-packages/airflow/example_dags/example_sensors.py took 0.096 seconds
[2023-11-19T13:48:22.252+0000] {processor.py:157} INFO - Started process (PID=614) to work on /home/airflow/.local/lib/python3.8/site-packages/airflow/example_dags/example_sensors.py
[2023-11-19T13:48:22.253+0000] {processor.py:829} INFO - Processing file /home/airflow/.local/lib/python3.8/site-packages/airflow/example_dags/example_sensors.py for tasks to queue
[2023-11-19T13:48:22.256+0000] {logging_mixin.py:154} INFO - [2023-11-19T13:48:22.256+0000] {dagbag.py:536} INFO - Filling up the DagBag from /home/airflow/.local/lib/python3.8/site-packages/airflow/example_dags/example_sensors.py
[2023-11-19T13:48:22.272+0000] {processor.py:839} INFO - DAG(s) dict_keys(['example_sensors']) retrieved from /home/airflow/.local/lib/python3.8/site-packages/airflow/example_dags/example_sensors.py
[2023-11-19T13:48:22.303+0000] {logging_mixin.py:154} INFO - [2023-11-19T13:48:22.303+0000] {dag.py:2941} INFO - Sync 1 DAGs
[2023-11-19T13:48:22.315+0000] {logging_mixin.py:154} INFO - [2023-11-19T13:48:22.315+0000] {dag.py:3722} INFO - Setting next_dagrun for example_sensors to None, run_after=None
[2023-11-19T13:48:22.337+0000] {processor.py:179} INFO - Processing /home/airflow/.local/lib/python3.8/site-packages/airflow/example_dags/example_sensors.py took 0.091 seconds
[2023-11-19T13:48:53.252+0000] {processor.py:157} INFO - Started process (PID=668) to work on /home/airflow/.local/lib/python3.8/site-packages/airflow/example_dags/example_sensors.py
[2023-11-19T13:48:53.255+0000] {processor.py:829} INFO - Processing file /home/airflow/.local/lib/python3.8/site-packages/airflow/example_dags/example_sensors.py for tasks to queue
[2023-11-19T13:48:53.257+0000] {logging_mixin.py:154} INFO - [2023-11-19T13:48:53.257+0000] {dagbag.py:536} INFO - Filling up the DagBag from /home/airflow/.local/lib/python3.8/site-packages/airflow/example_dags/example_sensors.py
[2023-11-19T13:48:53.271+0000] {processor.py:839} INFO - DAG(s) dict_keys(['example_sensors']) retrieved from /home/airflow/.local/lib/python3.8/site-packages/airflow/example_dags/example_sensors.py
[2023-11-19T13:48:53.298+0000] {logging_mixin.py:154} INFO - [2023-11-19T13:48:53.298+0000] {dag.py:2941} INFO - Sync 1 DAGs
[2023-11-19T13:48:53.311+0000] {logging_mixin.py:154} INFO - [2023-11-19T13:48:53.311+0000] {dag.py:3722} INFO - Setting next_dagrun for example_sensors to None, run_after=None
[2023-11-19T13:48:53.336+0000] {processor.py:179} INFO - Processing /home/airflow/.local/lib/python3.8/site-packages/airflow/example_dags/example_sensors.py took 0.088 seconds
[2023-11-19T13:49:23.704+0000] {processor.py:157} INFO - Started process (PID=722) to work on /home/airflow/.local/lib/python3.8/site-packages/airflow/example_dags/example_sensors.py
[2023-11-19T13:49:23.710+0000] {processor.py:829} INFO - Processing file /home/airflow/.local/lib/python3.8/site-packages/airflow/example_dags/example_sensors.py for tasks to queue
[2023-11-19T13:49:23.713+0000] {logging_mixin.py:154} INFO - [2023-11-19T13:49:23.713+0000] {dagbag.py:536} INFO - Filling up the DagBag from /home/airflow/.local/lib/python3.8/site-packages/airflow/example_dags/example_sensors.py
[2023-11-19T13:49:23.730+0000] {processor.py:839} INFO - DAG(s) dict_keys(['example_sensors']) retrieved from /home/airflow/.local/lib/python3.8/site-packages/airflow/example_dags/example_sensors.py
[2023-11-19T13:49:23.764+0000] {logging_mixin.py:154} INFO - [2023-11-19T13:49:23.763+0000] {dag.py:2941} INFO - Sync 1 DAGs
[2023-11-19T13:49:23.779+0000] {logging_mixin.py:154} INFO - [2023-11-19T13:49:23.779+0000] {dag.py:3722} INFO - Setting next_dagrun for example_sensors to None, run_after=None
[2023-11-19T13:49:23.812+0000] {processor.py:179} INFO - Processing /home/airflow/.local/lib/python3.8/site-packages/airflow/example_dags/example_sensors.py took 0.111 seconds
