[2023-11-19T13:43:18.633+0000] {processor.py:157} INFO - Started process (PID=81) to work on /home/airflow/.local/lib/python3.8/site-packages/airflow/example_dags/example_task_group.py
[2023-11-19T13:43:18.634+0000] {processor.py:829} INFO - Processing file /home/airflow/.local/lib/python3.8/site-packages/airflow/example_dags/example_task_group.py for tasks to queue
[2023-11-19T13:43:18.638+0000] {logging_mixin.py:154} INFO - [2023-11-19T13:43:18.638+0000] {dagbag.py:536} INFO - Filling up the DagBag from /home/airflow/.local/lib/python3.8/site-packages/airflow/example_dags/example_task_group.py
[2023-11-19T13:43:18.650+0000] {processor.py:839} INFO - DAG(s) dict_keys(['example_task_group']) retrieved from /home/airflow/.local/lib/python3.8/site-packages/airflow/example_dags/example_task_group.py
[2023-11-19T13:43:18.683+0000] {logging_mixin.py:154} INFO - [2023-11-19T13:43:18.683+0000] {dag.py:2941} INFO - Sync 1 DAGs
[2023-11-19T13:43:18.704+0000] {logging_mixin.py:154} INFO - [2023-11-19T13:43:18.704+0000] {dag.py:3722} INFO - Setting next_dagrun for example_task_group to 2023-11-18T13:43:18.703988+00:00, run_after=2023-11-19T13:43:18.703988+00:00
[2023-11-19T13:43:18.787+0000] {processor.py:179} INFO - Processing /home/airflow/.local/lib/python3.8/site-packages/airflow/example_dags/example_task_group.py took 0.159 seconds
[2023-11-19T13:43:49.669+0000] {processor.py:157} INFO - Started process (PID=135) to work on /home/airflow/.local/lib/python3.8/site-packages/airflow/example_dags/example_task_group.py
[2023-11-19T13:43:49.669+0000] {processor.py:829} INFO - Processing file /home/airflow/.local/lib/python3.8/site-packages/airflow/example_dags/example_task_group.py for tasks to queue
[2023-11-19T13:43:49.671+0000] {logging_mixin.py:154} INFO - [2023-11-19T13:43:49.671+0000] {dagbag.py:536} INFO - Filling up the DagBag from /home/airflow/.local/lib/python3.8/site-packages/airflow/example_dags/example_task_group.py
[2023-11-19T13:43:49.678+0000] {processor.py:839} INFO - DAG(s) dict_keys(['example_task_group']) retrieved from /home/airflow/.local/lib/python3.8/site-packages/airflow/example_dags/example_task_group.py
[2023-11-19T13:43:49.709+0000] {logging_mixin.py:154} INFO - [2023-11-19T13:43:49.709+0000] {dag.py:2941} INFO - Sync 1 DAGs
[2023-11-19T13:43:49.735+0000] {logging_mixin.py:154} INFO - [2023-11-19T13:43:49.735+0000] {dag.py:3722} INFO - Setting next_dagrun for example_task_group to 2023-11-18T13:43:49.735347+00:00, run_after=2023-11-19T13:43:49.735347+00:00
[2023-11-19T13:43:49.757+0000] {processor.py:179} INFO - Processing /home/airflow/.local/lib/python3.8/site-packages/airflow/example_dags/example_task_group.py took 0.091 seconds
[2023-11-19T13:44:20.201+0000] {processor.py:157} INFO - Started process (PID=189) to work on /home/airflow/.local/lib/python3.8/site-packages/airflow/example_dags/example_task_group.py
[2023-11-19T13:44:20.204+0000] {processor.py:829} INFO - Processing file /home/airflow/.local/lib/python3.8/site-packages/airflow/example_dags/example_task_group.py for tasks to queue
[2023-11-19T13:44:20.206+0000] {logging_mixin.py:154} INFO - [2023-11-19T13:44:20.206+0000] {dagbag.py:536} INFO - Filling up the DagBag from /home/airflow/.local/lib/python3.8/site-packages/airflow/example_dags/example_task_group.py
[2023-11-19T13:44:20.212+0000] {processor.py:839} INFO - DAG(s) dict_keys(['example_task_group']) retrieved from /home/airflow/.local/lib/python3.8/site-packages/airflow/example_dags/example_task_group.py
[2023-11-19T13:44:20.234+0000] {logging_mixin.py:154} INFO - [2023-11-19T13:44:20.234+0000] {dag.py:2941} INFO - Sync 1 DAGs
[2023-11-19T13:44:20.257+0000] {logging_mixin.py:154} INFO - [2023-11-19T13:44:20.257+0000] {dag.py:3722} INFO - Setting next_dagrun for example_task_group to 2023-11-18T13:44:20.256877+00:00, run_after=2023-11-19T13:44:20.256877+00:00
[2023-11-19T13:44:20.289+0000] {processor.py:179} INFO - Processing /home/airflow/.local/lib/python3.8/site-packages/airflow/example_dags/example_task_group.py took 0.091 seconds
[2023-11-19T13:44:50.963+0000] {processor.py:157} INFO - Started process (PID=243) to work on /home/airflow/.local/lib/python3.8/site-packages/airflow/example_dags/example_task_group.py
[2023-11-19T13:44:50.968+0000] {processor.py:829} INFO - Processing file /home/airflow/.local/lib/python3.8/site-packages/airflow/example_dags/example_task_group.py for tasks to queue
[2023-11-19T13:44:50.970+0000] {logging_mixin.py:154} INFO - [2023-11-19T13:44:50.970+0000] {dagbag.py:536} INFO - Filling up the DagBag from /home/airflow/.local/lib/python3.8/site-packages/airflow/example_dags/example_task_group.py
[2023-11-19T13:44:50.976+0000] {processor.py:839} INFO - DAG(s) dict_keys(['example_task_group']) retrieved from /home/airflow/.local/lib/python3.8/site-packages/airflow/example_dags/example_task_group.py
[2023-11-19T13:44:51.011+0000] {logging_mixin.py:154} INFO - [2023-11-19T13:44:51.010+0000] {dag.py:2941} INFO - Sync 1 DAGs
[2023-11-19T13:44:51.045+0000] {logging_mixin.py:154} INFO - [2023-11-19T13:44:51.045+0000] {dag.py:3722} INFO - Setting next_dagrun for example_task_group to 2023-11-18T13:44:51.044965+00:00, run_after=2023-11-19T13:44:51.044965+00:00
[2023-11-19T13:44:51.067+0000] {processor.py:179} INFO - Processing /home/airflow/.local/lib/python3.8/site-packages/airflow/example_dags/example_task_group.py took 0.107 seconds
[2023-11-19T13:45:21.367+0000] {processor.py:157} INFO - Started process (PID=297) to work on /home/airflow/.local/lib/python3.8/site-packages/airflow/example_dags/example_task_group.py
[2023-11-19T13:45:21.368+0000] {processor.py:829} INFO - Processing file /home/airflow/.local/lib/python3.8/site-packages/airflow/example_dags/example_task_group.py for tasks to queue
[2023-11-19T13:45:21.372+0000] {logging_mixin.py:154} INFO - [2023-11-19T13:45:21.372+0000] {dagbag.py:536} INFO - Filling up the DagBag from /home/airflow/.local/lib/python3.8/site-packages/airflow/example_dags/example_task_group.py
[2023-11-19T13:45:21.381+0000] {processor.py:839} INFO - DAG(s) dict_keys(['example_task_group']) retrieved from /home/airflow/.local/lib/python3.8/site-packages/airflow/example_dags/example_task_group.py
[2023-11-19T13:45:21.411+0000] {logging_mixin.py:154} INFO - [2023-11-19T13:45:21.411+0000] {dag.py:2941} INFO - Sync 1 DAGs
[2023-11-19T13:45:21.436+0000] {logging_mixin.py:154} INFO - [2023-11-19T13:45:21.436+0000] {dag.py:3722} INFO - Setting next_dagrun for example_task_group to 2023-11-18T13:45:21.436467+00:00, run_after=2023-11-19T13:45:21.436467+00:00
[2023-11-19T13:45:21.456+0000] {processor.py:179} INFO - Processing /home/airflow/.local/lib/python3.8/site-packages/airflow/example_dags/example_task_group.py took 0.094 seconds
[2023-11-19T13:45:51.577+0000] {processor.py:157} INFO - Started process (PID=352) to work on /home/airflow/.local/lib/python3.8/site-packages/airflow/example_dags/example_task_group.py
[2023-11-19T13:45:51.580+0000] {processor.py:829} INFO - Processing file /home/airflow/.local/lib/python3.8/site-packages/airflow/example_dags/example_task_group.py for tasks to queue
[2023-11-19T13:45:51.584+0000] {logging_mixin.py:154} INFO - [2023-11-19T13:45:51.583+0000] {dagbag.py:536} INFO - Filling up the DagBag from /home/airflow/.local/lib/python3.8/site-packages/airflow/example_dags/example_task_group.py
[2023-11-19T13:45:51.593+0000] {processor.py:839} INFO - DAG(s) dict_keys(['example_task_group']) retrieved from /home/airflow/.local/lib/python3.8/site-packages/airflow/example_dags/example_task_group.py
[2023-11-19T13:45:51.623+0000] {logging_mixin.py:154} INFO - [2023-11-19T13:45:51.623+0000] {dag.py:2941} INFO - Sync 1 DAGs
[2023-11-19T13:45:51.649+0000] {logging_mixin.py:154} INFO - [2023-11-19T13:45:51.649+0000] {dag.py:3722} INFO - Setting next_dagrun for example_task_group to 2023-11-18T13:45:51.649444+00:00, run_after=2023-11-19T13:45:51.649444+00:00
[2023-11-19T13:45:51.670+0000] {processor.py:179} INFO - Processing /home/airflow/.local/lib/python3.8/site-packages/airflow/example_dags/example_task_group.py took 0.097 seconds
[2023-11-19T13:46:22.088+0000] {processor.py:157} INFO - Started process (PID=406) to work on /home/airflow/.local/lib/python3.8/site-packages/airflow/example_dags/example_task_group.py
[2023-11-19T13:46:22.088+0000] {processor.py:829} INFO - Processing file /home/airflow/.local/lib/python3.8/site-packages/airflow/example_dags/example_task_group.py for tasks to queue
[2023-11-19T13:46:22.091+0000] {logging_mixin.py:154} INFO - [2023-11-19T13:46:22.090+0000] {dagbag.py:536} INFO - Filling up the DagBag from /home/airflow/.local/lib/python3.8/site-packages/airflow/example_dags/example_task_group.py
[2023-11-19T13:46:22.096+0000] {processor.py:839} INFO - DAG(s) dict_keys(['example_task_group']) retrieved from /home/airflow/.local/lib/python3.8/site-packages/airflow/example_dags/example_task_group.py
[2023-11-19T13:46:22.120+0000] {logging_mixin.py:154} INFO - [2023-11-19T13:46:22.120+0000] {dag.py:2941} INFO - Sync 1 DAGs
[2023-11-19T13:46:22.141+0000] {logging_mixin.py:154} INFO - [2023-11-19T13:46:22.141+0000] {dag.py:3722} INFO - Setting next_dagrun for example_task_group to 2023-11-18T13:46:22.140940+00:00, run_after=2023-11-19T13:46:22.140940+00:00
[2023-11-19T13:46:22.162+0000] {processor.py:179} INFO - Processing /home/airflow/.local/lib/python3.8/site-packages/airflow/example_dags/example_task_group.py took 0.077 seconds
[2023-11-19T13:46:52.598+0000] {processor.py:157} INFO - Started process (PID=460) to work on /home/airflow/.local/lib/python3.8/site-packages/airflow/example_dags/example_task_group.py
[2023-11-19T13:46:52.600+0000] {processor.py:829} INFO - Processing file /home/airflow/.local/lib/python3.8/site-packages/airflow/example_dags/example_task_group.py for tasks to queue
[2023-11-19T13:46:52.602+0000] {logging_mixin.py:154} INFO - [2023-11-19T13:46:52.602+0000] {dagbag.py:536} INFO - Filling up the DagBag from /home/airflow/.local/lib/python3.8/site-packages/airflow/example_dags/example_task_group.py
[2023-11-19T13:46:52.613+0000] {processor.py:839} INFO - DAG(s) dict_keys(['example_task_group']) retrieved from /home/airflow/.local/lib/python3.8/site-packages/airflow/example_dags/example_task_group.py
[2023-11-19T13:46:52.646+0000] {logging_mixin.py:154} INFO - [2023-11-19T13:46:52.646+0000] {dag.py:2941} INFO - Sync 1 DAGs
[2023-11-19T13:46:52.666+0000] {logging_mixin.py:154} INFO - [2023-11-19T13:46:52.666+0000] {dag.py:3722} INFO - Setting next_dagrun for example_task_group to 2023-11-18T13:46:52.666250+00:00, run_after=2023-11-19T13:46:52.666250+00:00
[2023-11-19T13:46:52.687+0000] {processor.py:179} INFO - Processing /home/airflow/.local/lib/python3.8/site-packages/airflow/example_dags/example_task_group.py took 0.093 seconds
[2023-11-19T13:47:22.894+0000] {processor.py:157} INFO - Started process (PID=514) to work on /home/airflow/.local/lib/python3.8/site-packages/airflow/example_dags/example_task_group.py
[2023-11-19T13:47:22.895+0000] {processor.py:829} INFO - Processing file /home/airflow/.local/lib/python3.8/site-packages/airflow/example_dags/example_task_group.py for tasks to queue
[2023-11-19T13:47:22.897+0000] {logging_mixin.py:154} INFO - [2023-11-19T13:47:22.897+0000] {dagbag.py:536} INFO - Filling up the DagBag from /home/airflow/.local/lib/python3.8/site-packages/airflow/example_dags/example_task_group.py
[2023-11-19T13:47:22.903+0000] {processor.py:839} INFO - DAG(s) dict_keys(['example_task_group']) retrieved from /home/airflow/.local/lib/python3.8/site-packages/airflow/example_dags/example_task_group.py
[2023-11-19T13:47:22.921+0000] {logging_mixin.py:154} INFO - [2023-11-19T13:47:22.921+0000] {dag.py:2941} INFO - Sync 1 DAGs
[2023-11-19T13:47:22.940+0000] {logging_mixin.py:154} INFO - [2023-11-19T13:47:22.940+0000] {dag.py:3722} INFO - Setting next_dagrun for example_task_group to 2023-11-18T13:47:22.940551+00:00, run_after=2023-11-19T13:47:22.940551+00:00
[2023-11-19T13:47:22.978+0000] {processor.py:179} INFO - Processing /home/airflow/.local/lib/python3.8/site-packages/airflow/example_dags/example_task_group.py took 0.086 seconds
[2023-11-19T13:47:53.270+0000] {processor.py:157} INFO - Started process (PID=568) to work on /home/airflow/.local/lib/python3.8/site-packages/airflow/example_dags/example_task_group.py
[2023-11-19T13:47:53.274+0000] {processor.py:829} INFO - Processing file /home/airflow/.local/lib/python3.8/site-packages/airflow/example_dags/example_task_group.py for tasks to queue
[2023-11-19T13:47:53.278+0000] {logging_mixin.py:154} INFO - [2023-11-19T13:47:53.277+0000] {dagbag.py:536} INFO - Filling up the DagBag from /home/airflow/.local/lib/python3.8/site-packages/airflow/example_dags/example_task_group.py
[2023-11-19T13:47:53.287+0000] {processor.py:839} INFO - DAG(s) dict_keys(['example_task_group']) retrieved from /home/airflow/.local/lib/python3.8/site-packages/airflow/example_dags/example_task_group.py
[2023-11-19T13:47:53.308+0000] {logging_mixin.py:154} INFO - [2023-11-19T13:47:53.308+0000] {dag.py:2941} INFO - Sync 1 DAGs
[2023-11-19T13:47:53.330+0000] {logging_mixin.py:154} INFO - [2023-11-19T13:47:53.330+0000] {dag.py:3722} INFO - Setting next_dagrun for example_task_group to 2023-11-18T13:47:53.330427+00:00, run_after=2023-11-19T13:47:53.330427+00:00
[2023-11-19T13:47:53.361+0000] {processor.py:179} INFO - Processing /home/airflow/.local/lib/python3.8/site-packages/airflow/example_dags/example_task_group.py took 0.096 seconds
[2023-11-19T13:48:23.736+0000] {processor.py:157} INFO - Started process (PID=622) to work on /home/airflow/.local/lib/python3.8/site-packages/airflow/example_dags/example_task_group.py
[2023-11-19T13:48:23.737+0000] {processor.py:829} INFO - Processing file /home/airflow/.local/lib/python3.8/site-packages/airflow/example_dags/example_task_group.py for tasks to queue
[2023-11-19T13:48:23.740+0000] {logging_mixin.py:154} INFO - [2023-11-19T13:48:23.740+0000] {dagbag.py:536} INFO - Filling up the DagBag from /home/airflow/.local/lib/python3.8/site-packages/airflow/example_dags/example_task_group.py
[2023-11-19T13:48:23.746+0000] {processor.py:839} INFO - DAG(s) dict_keys(['example_task_group']) retrieved from /home/airflow/.local/lib/python3.8/site-packages/airflow/example_dags/example_task_group.py
[2023-11-19T13:48:23.767+0000] {logging_mixin.py:154} INFO - [2023-11-19T13:48:23.767+0000] {dag.py:2941} INFO - Sync 1 DAGs
[2023-11-19T13:48:23.787+0000] {logging_mixin.py:154} INFO - [2023-11-19T13:48:23.787+0000] {dag.py:3722} INFO - Setting next_dagrun for example_task_group to 2023-11-18T13:48:23.787136+00:00, run_after=2023-11-19T13:48:23.787136+00:00
[2023-11-19T13:48:23.807+0000] {processor.py:179} INFO - Processing /home/airflow/.local/lib/python3.8/site-packages/airflow/example_dags/example_task_group.py took 0.074 seconds
[2023-11-19T13:48:54.733+0000] {processor.py:157} INFO - Started process (PID=676) to work on /home/airflow/.local/lib/python3.8/site-packages/airflow/example_dags/example_task_group.py
[2023-11-19T13:48:54.735+0000] {processor.py:829} INFO - Processing file /home/airflow/.local/lib/python3.8/site-packages/airflow/example_dags/example_task_group.py for tasks to queue
[2023-11-19T13:48:54.739+0000] {logging_mixin.py:154} INFO - [2023-11-19T13:48:54.739+0000] {dagbag.py:536} INFO - Filling up the DagBag from /home/airflow/.local/lib/python3.8/site-packages/airflow/example_dags/example_task_group.py
[2023-11-19T13:48:54.751+0000] {processor.py:839} INFO - DAG(s) dict_keys(['example_task_group']) retrieved from /home/airflow/.local/lib/python3.8/site-packages/airflow/example_dags/example_task_group.py
[2023-11-19T13:48:54.777+0000] {logging_mixin.py:154} INFO - [2023-11-19T13:48:54.776+0000] {dag.py:2941} INFO - Sync 1 DAGs
[2023-11-19T13:48:54.800+0000] {logging_mixin.py:154} INFO - [2023-11-19T13:48:54.800+0000] {dag.py:3722} INFO - Setting next_dagrun for example_task_group to 2023-11-18T13:48:54.800052+00:00, run_after=2023-11-19T13:48:54.800052+00:00
[2023-11-19T13:48:54.825+0000] {processor.py:179} INFO - Processing /home/airflow/.local/lib/python3.8/site-packages/airflow/example_dags/example_task_group.py took 0.097 seconds
[2023-11-19T13:49:25.321+0000] {processor.py:157} INFO - Started process (PID=730) to work on /home/airflow/.local/lib/python3.8/site-packages/airflow/example_dags/example_task_group.py
[2023-11-19T13:49:25.323+0000] {processor.py:829} INFO - Processing file /home/airflow/.local/lib/python3.8/site-packages/airflow/example_dags/example_task_group.py for tasks to queue
[2023-11-19T13:49:25.326+0000] {logging_mixin.py:154} INFO - [2023-11-19T13:49:25.326+0000] {dagbag.py:536} INFO - Filling up the DagBag from /home/airflow/.local/lib/python3.8/site-packages/airflow/example_dags/example_task_group.py
[2023-11-19T13:49:25.333+0000] {processor.py:839} INFO - DAG(s) dict_keys(['example_task_group']) retrieved from /home/airflow/.local/lib/python3.8/site-packages/airflow/example_dags/example_task_group.py
[2023-11-19T13:49:25.356+0000] {logging_mixin.py:154} INFO - [2023-11-19T13:49:25.355+0000] {dag.py:2941} INFO - Sync 1 DAGs
[2023-11-19T13:49:25.377+0000] {logging_mixin.py:154} INFO - [2023-11-19T13:49:25.377+0000] {dag.py:3722} INFO - Setting next_dagrun for example_task_group to 2023-11-18T13:49:25.377262+00:00, run_after=2023-11-19T13:49:25.377262+00:00
[2023-11-19T13:49:25.406+0000] {processor.py:179} INFO - Processing /home/airflow/.local/lib/python3.8/site-packages/airflow/example_dags/example_task_group.py took 0.088 seconds
