[2023-11-19T13:43:18.017+0000] {processor.py:157} INFO - Started process (PID=77) to work on /home/airflow/.local/lib/python3.8/site-packages/airflow/example_dags/example_short_circuit_operator.py
[2023-11-19T13:43:18.017+0000] {processor.py:829} INFO - Processing file /home/airflow/.local/lib/python3.8/site-packages/airflow/example_dags/example_short_circuit_operator.py for tasks to queue
[2023-11-19T13:43:18.019+0000] {logging_mixin.py:154} INFO - [2023-11-19T13:43:18.019+0000] {dagbag.py:536} INFO - Filling up the DagBag from /home/airflow/.local/lib/python3.8/site-packages/airflow/example_dags/example_short_circuit_operator.py
[2023-11-19T13:43:18.030+0000] {processor.py:839} INFO - DAG(s) dict_keys(['example_short_circuit_operator']) retrieved from /home/airflow/.local/lib/python3.8/site-packages/airflow/example_dags/example_short_circuit_operator.py
[2023-11-19T13:43:18.104+0000] {logging_mixin.py:154} INFO - [2023-11-19T13:43:18.103+0000] {dag.py:2941} INFO - Sync 1 DAGs
[2023-11-19T13:43:18.127+0000] {logging_mixin.py:154} INFO - [2023-11-19T13:43:18.127+0000] {dag.py:3722} INFO - Setting next_dagrun for example_short_circuit_operator to 2023-11-18T13:43:18.126811+00:00, run_after=2023-11-19T13:43:18.126811+00:00
[2023-11-19T13:43:18.327+0000] {processor.py:179} INFO - Processing /home/airflow/.local/lib/python3.8/site-packages/airflow/example_dags/example_short_circuit_operator.py took 0.314 seconds
[2023-11-19T13:43:48.415+0000] {processor.py:157} INFO - Started process (PID=131) to work on /home/airflow/.local/lib/python3.8/site-packages/airflow/example_dags/example_short_circuit_operator.py
[2023-11-19T13:43:48.417+0000] {processor.py:829} INFO - Processing file /home/airflow/.local/lib/python3.8/site-packages/airflow/example_dags/example_short_circuit_operator.py for tasks to queue
[2023-11-19T13:43:48.420+0000] {logging_mixin.py:154} INFO - [2023-11-19T13:43:48.420+0000] {dagbag.py:536} INFO - Filling up the DagBag from /home/airflow/.local/lib/python3.8/site-packages/airflow/example_dags/example_short_circuit_operator.py
[2023-11-19T13:43:48.435+0000] {processor.py:839} INFO - DAG(s) dict_keys(['example_short_circuit_operator']) retrieved from /home/airflow/.local/lib/python3.8/site-packages/airflow/example_dags/example_short_circuit_operator.py
[2023-11-19T13:43:48.458+0000] {logging_mixin.py:154} INFO - [2023-11-19T13:43:48.457+0000] {dag.py:2941} INFO - Sync 1 DAGs
[2023-11-19T13:43:48.476+0000] {logging_mixin.py:154} INFO - [2023-11-19T13:43:48.476+0000] {dag.py:3722} INFO - Setting next_dagrun for example_short_circuit_operator to 2023-11-18T13:43:48.476153+00:00, run_after=2023-11-19T13:43:48.476153+00:00
[2023-11-19T13:43:48.496+0000] {processor.py:179} INFO - Processing /home/airflow/.local/lib/python3.8/site-packages/airflow/example_dags/example_short_circuit_operator.py took 0.086 seconds
[2023-11-19T13:44:19.016+0000] {processor.py:157} INFO - Started process (PID=185) to work on /home/airflow/.local/lib/python3.8/site-packages/airflow/example_dags/example_short_circuit_operator.py
[2023-11-19T13:44:19.020+0000] {processor.py:829} INFO - Processing file /home/airflow/.local/lib/python3.8/site-packages/airflow/example_dags/example_short_circuit_operator.py for tasks to queue
[2023-11-19T13:44:19.024+0000] {logging_mixin.py:154} INFO - [2023-11-19T13:44:19.023+0000] {dagbag.py:536} INFO - Filling up the DagBag from /home/airflow/.local/lib/python3.8/site-packages/airflow/example_dags/example_short_circuit_operator.py
[2023-11-19T13:44:19.036+0000] {processor.py:839} INFO - DAG(s) dict_keys(['example_short_circuit_operator']) retrieved from /home/airflow/.local/lib/python3.8/site-packages/airflow/example_dags/example_short_circuit_operator.py
[2023-11-19T13:44:19.060+0000] {logging_mixin.py:154} INFO - [2023-11-19T13:44:19.060+0000] {dag.py:2941} INFO - Sync 1 DAGs
[2023-11-19T13:44:19.080+0000] {logging_mixin.py:154} INFO - [2023-11-19T13:44:19.079+0000] {dag.py:3722} INFO - Setting next_dagrun for example_short_circuit_operator to 2023-11-18T13:44:19.079773+00:00, run_after=2023-11-19T13:44:19.079773+00:00
[2023-11-19T13:44:19.099+0000] {processor.py:179} INFO - Processing /home/airflow/.local/lib/python3.8/site-packages/airflow/example_dags/example_short_circuit_operator.py took 0.087 seconds
[2023-11-19T13:44:49.723+0000] {processor.py:157} INFO - Started process (PID=239) to work on /home/airflow/.local/lib/python3.8/site-packages/airflow/example_dags/example_short_circuit_operator.py
[2023-11-19T13:44:49.725+0000] {processor.py:829} INFO - Processing file /home/airflow/.local/lib/python3.8/site-packages/airflow/example_dags/example_short_circuit_operator.py for tasks to queue
[2023-11-19T13:44:49.728+0000] {logging_mixin.py:154} INFO - [2023-11-19T13:44:49.727+0000] {dagbag.py:536} INFO - Filling up the DagBag from /home/airflow/.local/lib/python3.8/site-packages/airflow/example_dags/example_short_circuit_operator.py
[2023-11-19T13:44:49.740+0000] {processor.py:839} INFO - DAG(s) dict_keys(['example_short_circuit_operator']) retrieved from /home/airflow/.local/lib/python3.8/site-packages/airflow/example_dags/example_short_circuit_operator.py
[2023-11-19T13:44:49.766+0000] {logging_mixin.py:154} INFO - [2023-11-19T13:44:49.766+0000] {dag.py:2941} INFO - Sync 1 DAGs
[2023-11-19T13:44:49.786+0000] {logging_mixin.py:154} INFO - [2023-11-19T13:44:49.786+0000] {dag.py:3722} INFO - Setting next_dagrun for example_short_circuit_operator to 2023-11-18T13:44:49.786513+00:00, run_after=2023-11-19T13:44:49.786513+00:00
[2023-11-19T13:44:49.809+0000] {processor.py:179} INFO - Processing /home/airflow/.local/lib/python3.8/site-packages/airflow/example_dags/example_short_circuit_operator.py took 0.091 seconds
[2023-11-19T13:45:20.102+0000] {processor.py:157} INFO - Started process (PID=293) to work on /home/airflow/.local/lib/python3.8/site-packages/airflow/example_dags/example_short_circuit_operator.py
[2023-11-19T13:45:20.107+0000] {processor.py:829} INFO - Processing file /home/airflow/.local/lib/python3.8/site-packages/airflow/example_dags/example_short_circuit_operator.py for tasks to queue
[2023-11-19T13:45:20.109+0000] {logging_mixin.py:154} INFO - [2023-11-19T13:45:20.109+0000] {dagbag.py:536} INFO - Filling up the DagBag from /home/airflow/.local/lib/python3.8/site-packages/airflow/example_dags/example_short_circuit_operator.py
[2023-11-19T13:45:20.121+0000] {processor.py:839} INFO - DAG(s) dict_keys(['example_short_circuit_operator']) retrieved from /home/airflow/.local/lib/python3.8/site-packages/airflow/example_dags/example_short_circuit_operator.py
[2023-11-19T13:45:20.145+0000] {logging_mixin.py:154} INFO - [2023-11-19T13:45:20.144+0000] {dag.py:2941} INFO - Sync 1 DAGs
[2023-11-19T13:45:20.165+0000] {logging_mixin.py:154} INFO - [2023-11-19T13:45:20.165+0000] {dag.py:3722} INFO - Setting next_dagrun for example_short_circuit_operator to 2023-11-18T13:45:20.164916+00:00, run_after=2023-11-19T13:45:20.164916+00:00
[2023-11-19T13:45:20.185+0000] {processor.py:179} INFO - Processing /home/airflow/.local/lib/python3.8/site-packages/airflow/example_dags/example_short_circuit_operator.py took 0.088 seconds
[2023-11-19T13:45:50.244+0000] {processor.py:157} INFO - Started process (PID=348) to work on /home/airflow/.local/lib/python3.8/site-packages/airflow/example_dags/example_short_circuit_operator.py
[2023-11-19T13:45:50.245+0000] {processor.py:829} INFO - Processing file /home/airflow/.local/lib/python3.8/site-packages/airflow/example_dags/example_short_circuit_operator.py for tasks to queue
[2023-11-19T13:45:50.247+0000] {logging_mixin.py:154} INFO - [2023-11-19T13:45:50.246+0000] {dagbag.py:536} INFO - Filling up the DagBag from /home/airflow/.local/lib/python3.8/site-packages/airflow/example_dags/example_short_circuit_operator.py
[2023-11-19T13:45:50.253+0000] {processor.py:839} INFO - DAG(s) dict_keys(['example_short_circuit_operator']) retrieved from /home/airflow/.local/lib/python3.8/site-packages/airflow/example_dags/example_short_circuit_operator.py
[2023-11-19T13:45:50.275+0000] {logging_mixin.py:154} INFO - [2023-11-19T13:45:50.275+0000] {dag.py:2941} INFO - Sync 1 DAGs
[2023-11-19T13:45:50.292+0000] {logging_mixin.py:154} INFO - [2023-11-19T13:45:50.292+0000] {dag.py:3722} INFO - Setting next_dagrun for example_short_circuit_operator to 2023-11-18T13:45:50.292531+00:00, run_after=2023-11-19T13:45:50.292531+00:00
[2023-11-19T13:45:50.312+0000] {processor.py:179} INFO - Processing /home/airflow/.local/lib/python3.8/site-packages/airflow/example_dags/example_short_circuit_operator.py took 0.072 seconds
[2023-11-19T13:46:20.841+0000] {processor.py:157} INFO - Started process (PID=402) to work on /home/airflow/.local/lib/python3.8/site-packages/airflow/example_dags/example_short_circuit_operator.py
[2023-11-19T13:46:20.842+0000] {processor.py:829} INFO - Processing file /home/airflow/.local/lib/python3.8/site-packages/airflow/example_dags/example_short_circuit_operator.py for tasks to queue
[2023-11-19T13:46:20.844+0000] {logging_mixin.py:154} INFO - [2023-11-19T13:46:20.844+0000] {dagbag.py:536} INFO - Filling up the DagBag from /home/airflow/.local/lib/python3.8/site-packages/airflow/example_dags/example_short_circuit_operator.py
[2023-11-19T13:46:20.853+0000] {processor.py:839} INFO - DAG(s) dict_keys(['example_short_circuit_operator']) retrieved from /home/airflow/.local/lib/python3.8/site-packages/airflow/example_dags/example_short_circuit_operator.py
[2023-11-19T13:46:20.883+0000] {logging_mixin.py:154} INFO - [2023-11-19T13:46:20.882+0000] {dag.py:2941} INFO - Sync 1 DAGs
[2023-11-19T13:46:20.907+0000] {logging_mixin.py:154} INFO - [2023-11-19T13:46:20.907+0000] {dag.py:3722} INFO - Setting next_dagrun for example_short_circuit_operator to 2023-11-18T13:46:20.906854+00:00, run_after=2023-11-19T13:46:20.906854+00:00
[2023-11-19T13:46:20.933+0000] {processor.py:179} INFO - Processing /home/airflow/.local/lib/python3.8/site-packages/airflow/example_dags/example_short_circuit_operator.py took 0.096 seconds
[2023-11-19T13:46:51.355+0000] {processor.py:157} INFO - Started process (PID=456) to work on /home/airflow/.local/lib/python3.8/site-packages/airflow/example_dags/example_short_circuit_operator.py
[2023-11-19T13:46:51.355+0000] {processor.py:829} INFO - Processing file /home/airflow/.local/lib/python3.8/site-packages/airflow/example_dags/example_short_circuit_operator.py for tasks to queue
[2023-11-19T13:46:51.357+0000] {logging_mixin.py:154} INFO - [2023-11-19T13:46:51.357+0000] {dagbag.py:536} INFO - Filling up the DagBag from /home/airflow/.local/lib/python3.8/site-packages/airflow/example_dags/example_short_circuit_operator.py
[2023-11-19T13:46:51.364+0000] {processor.py:839} INFO - DAG(s) dict_keys(['example_short_circuit_operator']) retrieved from /home/airflow/.local/lib/python3.8/site-packages/airflow/example_dags/example_short_circuit_operator.py
[2023-11-19T13:46:51.384+0000] {logging_mixin.py:154} INFO - [2023-11-19T13:46:51.384+0000] {dag.py:2941} INFO - Sync 1 DAGs
[2023-11-19T13:46:51.404+0000] {logging_mixin.py:154} INFO - [2023-11-19T13:46:51.404+0000] {dag.py:3722} INFO - Setting next_dagrun for example_short_circuit_operator to 2023-11-18T13:46:51.404144+00:00, run_after=2023-11-19T13:46:51.404144+00:00
[2023-11-19T13:46:51.424+0000] {processor.py:179} INFO - Processing /home/airflow/.local/lib/python3.8/site-packages/airflow/example_dags/example_short_circuit_operator.py took 0.072 seconds
[2023-11-19T13:47:21.617+0000] {processor.py:157} INFO - Started process (PID=510) to work on /home/airflow/.local/lib/python3.8/site-packages/airflow/example_dags/example_short_circuit_operator.py
[2023-11-19T13:47:21.618+0000] {processor.py:829} INFO - Processing file /home/airflow/.local/lib/python3.8/site-packages/airflow/example_dags/example_short_circuit_operator.py for tasks to queue
[2023-11-19T13:47:21.620+0000] {logging_mixin.py:154} INFO - [2023-11-19T13:47:21.619+0000] {dagbag.py:536} INFO - Filling up the DagBag from /home/airflow/.local/lib/python3.8/site-packages/airflow/example_dags/example_short_circuit_operator.py
[2023-11-19T13:47:21.626+0000] {processor.py:839} INFO - DAG(s) dict_keys(['example_short_circuit_operator']) retrieved from /home/airflow/.local/lib/python3.8/site-packages/airflow/example_dags/example_short_circuit_operator.py
[2023-11-19T13:47:21.649+0000] {logging_mixin.py:154} INFO - [2023-11-19T13:47:21.649+0000] {dag.py:2941} INFO - Sync 1 DAGs
[2023-11-19T13:47:21.669+0000] {logging_mixin.py:154} INFO - [2023-11-19T13:47:21.669+0000] {dag.py:3722} INFO - Setting next_dagrun for example_short_circuit_operator to 2023-11-18T13:47:21.669194+00:00, run_after=2023-11-19T13:47:21.669194+00:00
[2023-11-19T13:47:21.689+0000] {processor.py:179} INFO - Processing /home/airflow/.local/lib/python3.8/site-packages/airflow/example_dags/example_short_circuit_operator.py took 0.076 seconds
[2023-11-19T13:47:52.024+0000] {processor.py:157} INFO - Started process (PID=564) to work on /home/airflow/.local/lib/python3.8/site-packages/airflow/example_dags/example_short_circuit_operator.py
[2023-11-19T13:47:52.026+0000] {processor.py:829} INFO - Processing file /home/airflow/.local/lib/python3.8/site-packages/airflow/example_dags/example_short_circuit_operator.py for tasks to queue
[2023-11-19T13:47:52.028+0000] {logging_mixin.py:154} INFO - [2023-11-19T13:47:52.028+0000] {dagbag.py:536} INFO - Filling up the DagBag from /home/airflow/.local/lib/python3.8/site-packages/airflow/example_dags/example_short_circuit_operator.py
[2023-11-19T13:47:52.040+0000] {processor.py:839} INFO - DAG(s) dict_keys(['example_short_circuit_operator']) retrieved from /home/airflow/.local/lib/python3.8/site-packages/airflow/example_dags/example_short_circuit_operator.py
[2023-11-19T13:47:52.063+0000] {logging_mixin.py:154} INFO - [2023-11-19T13:47:52.063+0000] {dag.py:2941} INFO - Sync 1 DAGs
[2023-11-19T13:47:52.083+0000] {logging_mixin.py:154} INFO - [2023-11-19T13:47:52.083+0000] {dag.py:3722} INFO - Setting next_dagrun for example_short_circuit_operator to 2023-11-18T13:47:52.083310+00:00, run_after=2023-11-19T13:47:52.083310+00:00
[2023-11-19T13:47:52.105+0000] {processor.py:179} INFO - Processing /home/airflow/.local/lib/python3.8/site-packages/airflow/example_dags/example_short_circuit_operator.py took 0.086 seconds
[2023-11-19T13:48:22.478+0000] {processor.py:157} INFO - Started process (PID=618) to work on /home/airflow/.local/lib/python3.8/site-packages/airflow/example_dags/example_short_circuit_operator.py
[2023-11-19T13:48:22.479+0000] {processor.py:829} INFO - Processing file /home/airflow/.local/lib/python3.8/site-packages/airflow/example_dags/example_short_circuit_operator.py for tasks to queue
[2023-11-19T13:48:22.480+0000] {logging_mixin.py:154} INFO - [2023-11-19T13:48:22.480+0000] {dagbag.py:536} INFO - Filling up the DagBag from /home/airflow/.local/lib/python3.8/site-packages/airflow/example_dags/example_short_circuit_operator.py
[2023-11-19T13:48:22.487+0000] {processor.py:839} INFO - DAG(s) dict_keys(['example_short_circuit_operator']) retrieved from /home/airflow/.local/lib/python3.8/site-packages/airflow/example_dags/example_short_circuit_operator.py
[2023-11-19T13:48:22.519+0000] {logging_mixin.py:154} INFO - [2023-11-19T13:48:22.519+0000] {dag.py:2941} INFO - Sync 1 DAGs
[2023-11-19T13:48:22.542+0000] {logging_mixin.py:154} INFO - [2023-11-19T13:48:22.542+0000] {dag.py:3722} INFO - Setting next_dagrun for example_short_circuit_operator to 2023-11-18T13:48:22.542300+00:00, run_after=2023-11-19T13:48:22.542300+00:00
[2023-11-19T13:48:22.563+0000] {processor.py:179} INFO - Processing /home/airflow/.local/lib/python3.8/site-packages/airflow/example_dags/example_short_circuit_operator.py took 0.087 seconds
[2023-11-19T13:48:53.496+0000] {processor.py:157} INFO - Started process (PID=672) to work on /home/airflow/.local/lib/python3.8/site-packages/airflow/example_dags/example_short_circuit_operator.py
[2023-11-19T13:48:53.500+0000] {processor.py:829} INFO - Processing file /home/airflow/.local/lib/python3.8/site-packages/airflow/example_dags/example_short_circuit_operator.py for tasks to queue
[2023-11-19T13:48:53.502+0000] {logging_mixin.py:154} INFO - [2023-11-19T13:48:53.502+0000] {dagbag.py:536} INFO - Filling up the DagBag from /home/airflow/.local/lib/python3.8/site-packages/airflow/example_dags/example_short_circuit_operator.py
[2023-11-19T13:48:53.509+0000] {processor.py:839} INFO - DAG(s) dict_keys(['example_short_circuit_operator']) retrieved from /home/airflow/.local/lib/python3.8/site-packages/airflow/example_dags/example_short_circuit_operator.py
[2023-11-19T13:48:53.531+0000] {logging_mixin.py:154} INFO - [2023-11-19T13:48:53.531+0000] {dag.py:2941} INFO - Sync 1 DAGs
[2023-11-19T13:48:53.552+0000] {logging_mixin.py:154} INFO - [2023-11-19T13:48:53.552+0000] {dag.py:3722} INFO - Setting next_dagrun for example_short_circuit_operator to 2023-11-18T13:48:53.552547+00:00, run_after=2023-11-19T13:48:53.552547+00:00
[2023-11-19T13:48:53.577+0000] {processor.py:179} INFO - Processing /home/airflow/.local/lib/python3.8/site-packages/airflow/example_dags/example_short_circuit_operator.py took 0.083 seconds
[2023-11-19T13:49:23.988+0000] {processor.py:157} INFO - Started process (PID=726) to work on /home/airflow/.local/lib/python3.8/site-packages/airflow/example_dags/example_short_circuit_operator.py
[2023-11-19T13:49:23.994+0000] {processor.py:829} INFO - Processing file /home/airflow/.local/lib/python3.8/site-packages/airflow/example_dags/example_short_circuit_operator.py for tasks to queue
[2023-11-19T13:49:23.997+0000] {logging_mixin.py:154} INFO - [2023-11-19T13:49:23.997+0000] {dagbag.py:536} INFO - Filling up the DagBag from /home/airflow/.local/lib/python3.8/site-packages/airflow/example_dags/example_short_circuit_operator.py
[2023-11-19T13:49:24.011+0000] {processor.py:839} INFO - DAG(s) dict_keys(['example_short_circuit_operator']) retrieved from /home/airflow/.local/lib/python3.8/site-packages/airflow/example_dags/example_short_circuit_operator.py
[2023-11-19T13:49:24.052+0000] {logging_mixin.py:154} INFO - [2023-11-19T13:49:24.051+0000] {dag.py:2941} INFO - Sync 1 DAGs
[2023-11-19T13:49:24.082+0000] {logging_mixin.py:154} INFO - [2023-11-19T13:49:24.081+0000] {dag.py:3722} INFO - Setting next_dagrun for example_short_circuit_operator to 2023-11-18T13:49:24.081571+00:00, run_after=2023-11-19T13:49:24.081571+00:00
[2023-11-19T13:49:24.121+0000] {processor.py:179} INFO - Processing /home/airflow/.local/lib/python3.8/site-packages/airflow/example_dags/example_short_circuit_operator.py took 0.137 seconds
