[2023-11-19T13:43:17.818+0000] {processor.py:157} INFO - Started process (PID=75) to work on /home/airflow/.local/lib/python3.8/site-packages/airflow/example_dags/example_setup_teardown_taskflow.py
[2023-11-19T13:43:17.818+0000] {processor.py:829} INFO - Processing file /home/airflow/.local/lib/python3.8/site-packages/airflow/example_dags/example_setup_teardown_taskflow.py for tasks to queue
[2023-11-19T13:43:17.820+0000] {logging_mixin.py:154} INFO - [2023-11-19T13:43:17.820+0000] {dagbag.py:536} INFO - Filling up the DagBag from /home/airflow/.local/lib/python3.8/site-packages/airflow/example_dags/example_setup_teardown_taskflow.py
[2023-11-19T13:43:17.832+0000] {processor.py:839} INFO - DAG(s) dict_keys(['example_setup_teardown_taskflow']) retrieved from /home/airflow/.local/lib/python3.8/site-packages/airflow/example_dags/example_setup_teardown_taskflow.py
[2023-11-19T13:43:17.864+0000] {logging_mixin.py:154} INFO - [2023-11-19T13:43:17.864+0000] {dag.py:2941} INFO - Sync 1 DAGs
[2023-11-19T13:43:17.891+0000] {logging_mixin.py:154} INFO - [2023-11-19T13:43:17.891+0000] {dag.py:3722} INFO - Setting next_dagrun for example_setup_teardown_taskflow to 2023-11-18T13:43:17.891366+00:00, run_after=2023-11-19T13:43:17.891366+00:00
[2023-11-19T13:43:17.988+0000] {processor.py:179} INFO - Processing /home/airflow/.local/lib/python3.8/site-packages/airflow/example_dags/example_setup_teardown_taskflow.py took 0.173 seconds
[2023-11-19T13:43:48.279+0000] {processor.py:157} INFO - Started process (PID=129) to work on /home/airflow/.local/lib/python3.8/site-packages/airflow/example_dags/example_setup_teardown_taskflow.py
[2023-11-19T13:43:48.280+0000] {processor.py:829} INFO - Processing file /home/airflow/.local/lib/python3.8/site-packages/airflow/example_dags/example_setup_teardown_taskflow.py for tasks to queue
[2023-11-19T13:43:48.283+0000] {logging_mixin.py:154} INFO - [2023-11-19T13:43:48.283+0000] {dagbag.py:536} INFO - Filling up the DagBag from /home/airflow/.local/lib/python3.8/site-packages/airflow/example_dags/example_setup_teardown_taskflow.py
[2023-11-19T13:43:48.296+0000] {processor.py:839} INFO - DAG(s) dict_keys(['example_setup_teardown_taskflow']) retrieved from /home/airflow/.local/lib/python3.8/site-packages/airflow/example_dags/example_setup_teardown_taskflow.py
[2023-11-19T13:43:48.329+0000] {logging_mixin.py:154} INFO - [2023-11-19T13:43:48.329+0000] {dag.py:2941} INFO - Sync 1 DAGs
[2023-11-19T13:43:48.354+0000] {logging_mixin.py:154} INFO - [2023-11-19T13:43:48.354+0000] {dag.py:3722} INFO - Setting next_dagrun for example_setup_teardown_taskflow to 2023-11-18T13:43:48.354141+00:00, run_after=2023-11-19T13:43:48.354141+00:00
[2023-11-19T13:43:48.378+0000] {processor.py:179} INFO - Processing /home/airflow/.local/lib/python3.8/site-packages/airflow/example_dags/example_setup_teardown_taskflow.py took 0.104 seconds
[2023-11-19T13:44:18.903+0000] {processor.py:157} INFO - Started process (PID=183) to work on /home/airflow/.local/lib/python3.8/site-packages/airflow/example_dags/example_setup_teardown_taskflow.py
[2023-11-19T13:44:18.907+0000] {processor.py:829} INFO - Processing file /home/airflow/.local/lib/python3.8/site-packages/airflow/example_dags/example_setup_teardown_taskflow.py for tasks to queue
[2023-11-19T13:44:18.910+0000] {logging_mixin.py:154} INFO - [2023-11-19T13:44:18.910+0000] {dagbag.py:536} INFO - Filling up the DagBag from /home/airflow/.local/lib/python3.8/site-packages/airflow/example_dags/example_setup_teardown_taskflow.py
[2023-11-19T13:44:18.924+0000] {processor.py:839} INFO - DAG(s) dict_keys(['example_setup_teardown_taskflow']) retrieved from /home/airflow/.local/lib/python3.8/site-packages/airflow/example_dags/example_setup_teardown_taskflow.py
[2023-11-19T13:44:18.945+0000] {logging_mixin.py:154} INFO - [2023-11-19T13:44:18.945+0000] {dag.py:2941} INFO - Sync 1 DAGs
[2023-11-19T13:44:18.966+0000] {logging_mixin.py:154} INFO - [2023-11-19T13:44:18.966+0000] {dag.py:3722} INFO - Setting next_dagrun for example_setup_teardown_taskflow to 2023-11-18T13:44:18.966449+00:00, run_after=2023-11-19T13:44:18.966449+00:00
[2023-11-19T13:44:18.987+0000] {processor.py:179} INFO - Processing /home/airflow/.local/lib/python3.8/site-packages/airflow/example_dags/example_setup_teardown_taskflow.py took 0.089 seconds
[2023-11-19T13:44:49.597+0000] {processor.py:157} INFO - Started process (PID=237) to work on /home/airflow/.local/lib/python3.8/site-packages/airflow/example_dags/example_setup_teardown_taskflow.py
[2023-11-19T13:44:49.598+0000] {processor.py:829} INFO - Processing file /home/airflow/.local/lib/python3.8/site-packages/airflow/example_dags/example_setup_teardown_taskflow.py for tasks to queue
[2023-11-19T13:44:49.600+0000] {logging_mixin.py:154} INFO - [2023-11-19T13:44:49.599+0000] {dagbag.py:536} INFO - Filling up the DagBag from /home/airflow/.local/lib/python3.8/site-packages/airflow/example_dags/example_setup_teardown_taskflow.py
[2023-11-19T13:44:49.608+0000] {processor.py:839} INFO - DAG(s) dict_keys(['example_setup_teardown_taskflow']) retrieved from /home/airflow/.local/lib/python3.8/site-packages/airflow/example_dags/example_setup_teardown_taskflow.py
[2023-11-19T13:44:49.642+0000] {logging_mixin.py:154} INFO - [2023-11-19T13:44:49.642+0000] {dag.py:2941} INFO - Sync 1 DAGs
[2023-11-19T13:44:49.670+0000] {logging_mixin.py:154} INFO - [2023-11-19T13:44:49.669+0000] {dag.py:3722} INFO - Setting next_dagrun for example_setup_teardown_taskflow to 2023-11-18T13:44:49.669677+00:00, run_after=2023-11-19T13:44:49.669677+00:00
[2023-11-19T13:44:49.692+0000] {processor.py:179} INFO - Processing /home/airflow/.local/lib/python3.8/site-packages/airflow/example_dags/example_setup_teardown_taskflow.py took 0.098 seconds
[2023-11-19T13:45:19.871+0000] {processor.py:157} INFO - Started process (PID=291) to work on /home/airflow/.local/lib/python3.8/site-packages/airflow/example_dags/example_setup_teardown_taskflow.py
[2023-11-19T13:45:19.874+0000] {processor.py:829} INFO - Processing file /home/airflow/.local/lib/python3.8/site-packages/airflow/example_dags/example_setup_teardown_taskflow.py for tasks to queue
[2023-11-19T13:45:19.877+0000] {logging_mixin.py:154} INFO - [2023-11-19T13:45:19.877+0000] {dagbag.py:536} INFO - Filling up the DagBag from /home/airflow/.local/lib/python3.8/site-packages/airflow/example_dags/example_setup_teardown_taskflow.py
[2023-11-19T13:45:19.892+0000] {processor.py:839} INFO - DAG(s) dict_keys(['example_setup_teardown_taskflow']) retrieved from /home/airflow/.local/lib/python3.8/site-packages/airflow/example_dags/example_setup_teardown_taskflow.py
[2023-11-19T13:45:19.916+0000] {logging_mixin.py:154} INFO - [2023-11-19T13:45:19.915+0000] {dag.py:2941} INFO - Sync 1 DAGs
[2023-11-19T13:45:19.939+0000] {logging_mixin.py:154} INFO - [2023-11-19T13:45:19.938+0000] {dag.py:3722} INFO - Setting next_dagrun for example_setup_teardown_taskflow to 2023-11-18T13:45:19.938698+00:00, run_after=2023-11-19T13:45:19.938698+00:00
[2023-11-19T13:45:19.958+0000] {processor.py:179} INFO - Processing /home/airflow/.local/lib/python3.8/site-packages/airflow/example_dags/example_setup_teardown_taskflow.py took 0.090 seconds
[2023-11-19T13:45:50.139+0000] {processor.py:157} INFO - Started process (PID=346) to work on /home/airflow/.local/lib/python3.8/site-packages/airflow/example_dags/example_setup_teardown_taskflow.py
[2023-11-19T13:45:50.140+0000] {processor.py:829} INFO - Processing file /home/airflow/.local/lib/python3.8/site-packages/airflow/example_dags/example_setup_teardown_taskflow.py for tasks to queue
[2023-11-19T13:45:50.143+0000] {logging_mixin.py:154} INFO - [2023-11-19T13:45:50.143+0000] {dagbag.py:536} INFO - Filling up the DagBag from /home/airflow/.local/lib/python3.8/site-packages/airflow/example_dags/example_setup_teardown_taskflow.py
[2023-11-19T13:45:50.158+0000] {processor.py:839} INFO - DAG(s) dict_keys(['example_setup_teardown_taskflow']) retrieved from /home/airflow/.local/lib/python3.8/site-packages/airflow/example_dags/example_setup_teardown_taskflow.py
[2023-11-19T13:45:50.179+0000] {logging_mixin.py:154} INFO - [2023-11-19T13:45:50.178+0000] {dag.py:2941} INFO - Sync 1 DAGs
[2023-11-19T13:45:50.197+0000] {logging_mixin.py:154} INFO - [2023-11-19T13:45:50.197+0000] {dag.py:3722} INFO - Setting next_dagrun for example_setup_teardown_taskflow to 2023-11-18T13:45:50.197009+00:00, run_after=2023-11-19T13:45:50.197009+00:00
[2023-11-19T13:45:50.217+0000] {processor.py:179} INFO - Processing /home/airflow/.local/lib/python3.8/site-packages/airflow/example_dags/example_setup_teardown_taskflow.py took 0.083 seconds
[2023-11-19T13:46:20.707+0000] {processor.py:157} INFO - Started process (PID=400) to work on /home/airflow/.local/lib/python3.8/site-packages/airflow/example_dags/example_setup_teardown_taskflow.py
[2023-11-19T13:46:20.708+0000] {processor.py:829} INFO - Processing file /home/airflow/.local/lib/python3.8/site-packages/airflow/example_dags/example_setup_teardown_taskflow.py for tasks to queue
[2023-11-19T13:46:20.710+0000] {logging_mixin.py:154} INFO - [2023-11-19T13:46:20.709+0000] {dagbag.py:536} INFO - Filling up the DagBag from /home/airflow/.local/lib/python3.8/site-packages/airflow/example_dags/example_setup_teardown_taskflow.py
[2023-11-19T13:46:20.717+0000] {processor.py:839} INFO - DAG(s) dict_keys(['example_setup_teardown_taskflow']) retrieved from /home/airflow/.local/lib/python3.8/site-packages/airflow/example_dags/example_setup_teardown_taskflow.py
[2023-11-19T13:46:20.749+0000] {logging_mixin.py:154} INFO - [2023-11-19T13:46:20.748+0000] {dag.py:2941} INFO - Sync 1 DAGs
[2023-11-19T13:46:20.776+0000] {logging_mixin.py:154} INFO - [2023-11-19T13:46:20.775+0000] {dag.py:3722} INFO - Setting next_dagrun for example_setup_teardown_taskflow to 2023-11-18T13:46:20.775690+00:00, run_after=2023-11-19T13:46:20.775690+00:00
[2023-11-19T13:46:20.799+0000] {processor.py:179} INFO - Processing /home/airflow/.local/lib/python3.8/site-packages/airflow/example_dags/example_setup_teardown_taskflow.py took 0.095 seconds
[2023-11-19T13:46:51.251+0000] {processor.py:157} INFO - Started process (PID=454) to work on /home/airflow/.local/lib/python3.8/site-packages/airflow/example_dags/example_setup_teardown_taskflow.py
[2023-11-19T13:46:51.252+0000] {processor.py:829} INFO - Processing file /home/airflow/.local/lib/python3.8/site-packages/airflow/example_dags/example_setup_teardown_taskflow.py for tasks to queue
[2023-11-19T13:46:51.254+0000] {logging_mixin.py:154} INFO - [2023-11-19T13:46:51.254+0000] {dagbag.py:536} INFO - Filling up the DagBag from /home/airflow/.local/lib/python3.8/site-packages/airflow/example_dags/example_setup_teardown_taskflow.py
[2023-11-19T13:46:51.263+0000] {processor.py:839} INFO - DAG(s) dict_keys(['example_setup_teardown_taskflow']) retrieved from /home/airflow/.local/lib/python3.8/site-packages/airflow/example_dags/example_setup_teardown_taskflow.py
[2023-11-19T13:46:51.283+0000] {logging_mixin.py:154} INFO - [2023-11-19T13:46:51.282+0000] {dag.py:2941} INFO - Sync 1 DAGs
[2023-11-19T13:46:51.301+0000] {logging_mixin.py:154} INFO - [2023-11-19T13:46:51.301+0000] {dag.py:3722} INFO - Setting next_dagrun for example_setup_teardown_taskflow to 2023-11-18T13:46:51.301501+00:00, run_after=2023-11-19T13:46:51.301501+00:00
[2023-11-19T13:46:51.321+0000] {processor.py:179} INFO - Processing /home/airflow/.local/lib/python3.8/site-packages/airflow/example_dags/example_setup_teardown_taskflow.py took 0.073 seconds
[2023-11-19T13:47:21.511+0000] {processor.py:157} INFO - Started process (PID=508) to work on /home/airflow/.local/lib/python3.8/site-packages/airflow/example_dags/example_setup_teardown_taskflow.py
[2023-11-19T13:47:21.512+0000] {processor.py:829} INFO - Processing file /home/airflow/.local/lib/python3.8/site-packages/airflow/example_dags/example_setup_teardown_taskflow.py for tasks to queue
[2023-11-19T13:47:21.514+0000] {logging_mixin.py:154} INFO - [2023-11-19T13:47:21.514+0000] {dagbag.py:536} INFO - Filling up the DagBag from /home/airflow/.local/lib/python3.8/site-packages/airflow/example_dags/example_setup_teardown_taskflow.py
[2023-11-19T13:47:21.523+0000] {processor.py:839} INFO - DAG(s) dict_keys(['example_setup_teardown_taskflow']) retrieved from /home/airflow/.local/lib/python3.8/site-packages/airflow/example_dags/example_setup_teardown_taskflow.py
[2023-11-19T13:47:21.545+0000] {logging_mixin.py:154} INFO - [2023-11-19T13:47:21.544+0000] {dag.py:2941} INFO - Sync 1 DAGs
[2023-11-19T13:47:21.563+0000] {logging_mixin.py:154} INFO - [2023-11-19T13:47:21.563+0000] {dag.py:3722} INFO - Setting next_dagrun for example_setup_teardown_taskflow to 2023-11-18T13:47:21.563212+00:00, run_after=2023-11-19T13:47:21.563212+00:00
[2023-11-19T13:47:21.585+0000] {processor.py:179} INFO - Processing /home/airflow/.local/lib/python3.8/site-packages/airflow/example_dags/example_setup_teardown_taskflow.py took 0.077 seconds
[2023-11-19T13:47:51.916+0000] {processor.py:157} INFO - Started process (PID=562) to work on /home/airflow/.local/lib/python3.8/site-packages/airflow/example_dags/example_setup_teardown_taskflow.py
[2023-11-19T13:47:51.918+0000] {processor.py:829} INFO - Processing file /home/airflow/.local/lib/python3.8/site-packages/airflow/example_dags/example_setup_teardown_taskflow.py for tasks to queue
[2023-11-19T13:47:51.920+0000] {logging_mixin.py:154} INFO - [2023-11-19T13:47:51.920+0000] {dagbag.py:536} INFO - Filling up the DagBag from /home/airflow/.local/lib/python3.8/site-packages/airflow/example_dags/example_setup_teardown_taskflow.py
[2023-11-19T13:47:51.928+0000] {processor.py:839} INFO - DAG(s) dict_keys(['example_setup_teardown_taskflow']) retrieved from /home/airflow/.local/lib/python3.8/site-packages/airflow/example_dags/example_setup_teardown_taskflow.py
[2023-11-19T13:47:51.949+0000] {logging_mixin.py:154} INFO - [2023-11-19T13:47:51.949+0000] {dag.py:2941} INFO - Sync 1 DAGs
[2023-11-19T13:47:51.968+0000] {logging_mixin.py:154} INFO - [2023-11-19T13:47:51.968+0000] {dag.py:3722} INFO - Setting next_dagrun for example_setup_teardown_taskflow to 2023-11-18T13:47:51.968493+00:00, run_after=2023-11-19T13:47:51.968493+00:00
[2023-11-19T13:47:51.990+0000] {processor.py:179} INFO - Processing /home/airflow/.local/lib/python3.8/site-packages/airflow/example_dags/example_setup_teardown_taskflow.py took 0.076 seconds
[2023-11-19T13:48:22.366+0000] {processor.py:157} INFO - Started process (PID=616) to work on /home/airflow/.local/lib/python3.8/site-packages/airflow/example_dags/example_setup_teardown_taskflow.py
[2023-11-19T13:48:22.367+0000] {processor.py:829} INFO - Processing file /home/airflow/.local/lib/python3.8/site-packages/airflow/example_dags/example_setup_teardown_taskflow.py for tasks to queue
[2023-11-19T13:48:22.370+0000] {logging_mixin.py:154} INFO - [2023-11-19T13:48:22.370+0000] {dagbag.py:536} INFO - Filling up the DagBag from /home/airflow/.local/lib/python3.8/site-packages/airflow/example_dags/example_setup_teardown_taskflow.py
[2023-11-19T13:48:22.384+0000] {processor.py:839} INFO - DAG(s) dict_keys(['example_setup_teardown_taskflow']) retrieved from /home/airflow/.local/lib/python3.8/site-packages/airflow/example_dags/example_setup_teardown_taskflow.py
[2023-11-19T13:48:22.416+0000] {logging_mixin.py:154} INFO - [2023-11-19T13:48:22.415+0000] {dag.py:2941} INFO - Sync 1 DAGs
[2023-11-19T13:48:22.435+0000] {logging_mixin.py:154} INFO - [2023-11-19T13:48:22.434+0000] {dag.py:3722} INFO - Setting next_dagrun for example_setup_teardown_taskflow to 2023-11-18T13:48:22.434694+00:00, run_after=2023-11-19T13:48:22.434694+00:00
[2023-11-19T13:48:22.453+0000] {processor.py:179} INFO - Processing /home/airflow/.local/lib/python3.8/site-packages/airflow/example_dags/example_setup_teardown_taskflow.py took 0.092 seconds
[2023-11-19T13:48:53.366+0000] {processor.py:157} INFO - Started process (PID=670) to work on /home/airflow/.local/lib/python3.8/site-packages/airflow/example_dags/example_setup_teardown_taskflow.py
[2023-11-19T13:48:53.368+0000] {processor.py:829} INFO - Processing file /home/airflow/.local/lib/python3.8/site-packages/airflow/example_dags/example_setup_teardown_taskflow.py for tasks to queue
[2023-11-19T13:48:53.371+0000] {logging_mixin.py:154} INFO - [2023-11-19T13:48:53.370+0000] {dagbag.py:536} INFO - Filling up the DagBag from /home/airflow/.local/lib/python3.8/site-packages/airflow/example_dags/example_setup_teardown_taskflow.py
[2023-11-19T13:48:53.387+0000] {processor.py:839} INFO - DAG(s) dict_keys(['example_setup_teardown_taskflow']) retrieved from /home/airflow/.local/lib/python3.8/site-packages/airflow/example_dags/example_setup_teardown_taskflow.py
[2023-11-19T13:48:53.412+0000] {logging_mixin.py:154} INFO - [2023-11-19T13:48:53.412+0000] {dag.py:2941} INFO - Sync 1 DAGs
[2023-11-19T13:48:53.434+0000] {logging_mixin.py:154} INFO - [2023-11-19T13:48:53.434+0000] {dag.py:3722} INFO - Setting next_dagrun for example_setup_teardown_taskflow to 2023-11-18T13:48:53.433822+00:00, run_after=2023-11-19T13:48:53.433822+00:00
[2023-11-19T13:48:53.462+0000] {processor.py:179} INFO - Processing /home/airflow/.local/lib/python3.8/site-packages/airflow/example_dags/example_setup_teardown_taskflow.py took 0.101 seconds
[2023-11-19T13:49:23.852+0000] {processor.py:157} INFO - Started process (PID=724) to work on /home/airflow/.local/lib/python3.8/site-packages/airflow/example_dags/example_setup_teardown_taskflow.py
[2023-11-19T13:49:23.855+0000] {processor.py:829} INFO - Processing file /home/airflow/.local/lib/python3.8/site-packages/airflow/example_dags/example_setup_teardown_taskflow.py for tasks to queue
[2023-11-19T13:49:23.857+0000] {logging_mixin.py:154} INFO - [2023-11-19T13:49:23.857+0000] {dagbag.py:536} INFO - Filling up the DagBag from /home/airflow/.local/lib/python3.8/site-packages/airflow/example_dags/example_setup_teardown_taskflow.py
[2023-11-19T13:49:23.870+0000] {processor.py:839} INFO - DAG(s) dict_keys(['example_setup_teardown_taskflow']) retrieved from /home/airflow/.local/lib/python3.8/site-packages/airflow/example_dags/example_setup_teardown_taskflow.py
[2023-11-19T13:49:23.894+0000] {logging_mixin.py:154} INFO - [2023-11-19T13:49:23.893+0000] {dag.py:2941} INFO - Sync 1 DAGs
[2023-11-19T13:49:23.919+0000] {logging_mixin.py:154} INFO - [2023-11-19T13:49:23.918+0000] {dag.py:3722} INFO - Setting next_dagrun for example_setup_teardown_taskflow to 2023-11-18T13:49:23.918484+00:00, run_after=2023-11-19T13:49:23.918484+00:00
[2023-11-19T13:49:23.948+0000] {processor.py:179} INFO - Processing /home/airflow/.local/lib/python3.8/site-packages/airflow/example_dags/example_setup_teardown_taskflow.py took 0.099 seconds
