[2023-11-19T13:43:12.562+0000] {processor.py:157} INFO - Started process (PID=46) to work on /home/airflow/.local/lib/python3.8/site-packages/airflow/example_dags/example_branch_labels.py
[2023-11-19T13:43:12.563+0000] {processor.py:829} INFO - Processing file /home/airflow/.local/lib/python3.8/site-packages/airflow/example_dags/example_branch_labels.py for tasks to queue
[2023-11-19T13:43:12.567+0000] {logging_mixin.py:154} INFO - [2023-11-19T13:43:12.567+0000] {dagbag.py:536} INFO - Filling up the DagBag from /home/airflow/.local/lib/python3.8/site-packages/airflow/example_dags/example_branch_labels.py
[2023-11-19T13:43:12.581+0000] {processor.py:839} INFO - DAG(s) dict_keys(['example_branch_labels']) retrieved from /home/airflow/.local/lib/python3.8/site-packages/airflow/example_dags/example_branch_labels.py
[2023-11-19T13:43:12.630+0000] {logging_mixin.py:154} INFO - [2023-11-19T13:43:12.629+0000] {dag.py:2941} INFO - Sync 1 DAGs
[2023-11-19T13:43:12.660+0000] {logging_mixin.py:154} INFO - [2023-11-19T13:43:12.660+0000] {dag.py:3722} INFO - Setting next_dagrun for example_branch_labels to 2023-11-18T00:00:00+00:00, run_after=2023-11-19T00:00:00+00:00
[2023-11-19T13:43:12.690+0000] {processor.py:179} INFO - Processing /home/airflow/.local/lib/python3.8/site-packages/airflow/example_dags/example_branch_labels.py took 0.132 seconds
[2023-11-19T13:43:42.911+0000] {processor.py:157} INFO - Started process (PID=100) to work on /home/airflow/.local/lib/python3.8/site-packages/airflow/example_dags/example_branch_labels.py
[2023-11-19T13:43:42.912+0000] {processor.py:829} INFO - Processing file /home/airflow/.local/lib/python3.8/site-packages/airflow/example_dags/example_branch_labels.py for tasks to queue
[2023-11-19T13:43:42.913+0000] {logging_mixin.py:154} INFO - [2023-11-19T13:43:42.913+0000] {dagbag.py:536} INFO - Filling up the DagBag from /home/airflow/.local/lib/python3.8/site-packages/airflow/example_dags/example_branch_labels.py
[2023-11-19T13:43:42.920+0000] {processor.py:839} INFO - DAG(s) dict_keys(['example_branch_labels']) retrieved from /home/airflow/.local/lib/python3.8/site-packages/airflow/example_dags/example_branch_labels.py
[2023-11-19T13:43:42.939+0000] {logging_mixin.py:154} INFO - [2023-11-19T13:43:42.938+0000] {dag.py:2941} INFO - Sync 1 DAGs
[2023-11-19T13:43:42.959+0000] {logging_mixin.py:154} INFO - [2023-11-19T13:43:42.959+0000] {dag.py:3722} INFO - Setting next_dagrun for example_branch_labels to 2023-11-18T00:00:00+00:00, run_after=2023-11-19T00:00:00+00:00
[2023-11-19T13:43:42.999+0000] {processor.py:179} INFO - Processing /home/airflow/.local/lib/python3.8/site-packages/airflow/example_dags/example_branch_labels.py took 0.091 seconds
[2023-11-19T13:44:13.208+0000] {processor.py:157} INFO - Started process (PID=154) to work on /home/airflow/.local/lib/python3.8/site-packages/airflow/example_dags/example_branch_labels.py
[2023-11-19T13:44:13.211+0000] {processor.py:829} INFO - Processing file /home/airflow/.local/lib/python3.8/site-packages/airflow/example_dags/example_branch_labels.py for tasks to queue
[2023-11-19T13:44:13.213+0000] {logging_mixin.py:154} INFO - [2023-11-19T13:44:13.213+0000] {dagbag.py:536} INFO - Filling up the DagBag from /home/airflow/.local/lib/python3.8/site-packages/airflow/example_dags/example_branch_labels.py
[2023-11-19T13:44:13.222+0000] {processor.py:839} INFO - DAG(s) dict_keys(['example_branch_labels']) retrieved from /home/airflow/.local/lib/python3.8/site-packages/airflow/example_dags/example_branch_labels.py
[2023-11-19T13:44:13.244+0000] {logging_mixin.py:154} INFO - [2023-11-19T13:44:13.244+0000] {dag.py:2941} INFO - Sync 1 DAGs
[2023-11-19T13:44:13.269+0000] {logging_mixin.py:154} INFO - [2023-11-19T13:44:13.268+0000] {dag.py:3722} INFO - Setting next_dagrun for example_branch_labels to 2023-11-18T00:00:00+00:00, run_after=2023-11-19T00:00:00+00:00
[2023-11-19T13:44:13.337+0000] {processor.py:179} INFO - Processing /home/airflow/.local/lib/python3.8/site-packages/airflow/example_dags/example_branch_labels.py took 0.133 seconds
[2023-11-19T13:44:43.805+0000] {processor.py:157} INFO - Started process (PID=208) to work on /home/airflow/.local/lib/python3.8/site-packages/airflow/example_dags/example_branch_labels.py
[2023-11-19T13:44:43.809+0000] {processor.py:829} INFO - Processing file /home/airflow/.local/lib/python3.8/site-packages/airflow/example_dags/example_branch_labels.py for tasks to queue
[2023-11-19T13:44:43.812+0000] {logging_mixin.py:154} INFO - [2023-11-19T13:44:43.812+0000] {dagbag.py:536} INFO - Filling up the DagBag from /home/airflow/.local/lib/python3.8/site-packages/airflow/example_dags/example_branch_labels.py
[2023-11-19T13:44:43.819+0000] {processor.py:839} INFO - DAG(s) dict_keys(['example_branch_labels']) retrieved from /home/airflow/.local/lib/python3.8/site-packages/airflow/example_dags/example_branch_labels.py
[2023-11-19T13:44:43.844+0000] {logging_mixin.py:154} INFO - [2023-11-19T13:44:43.844+0000] {dag.py:2941} INFO - Sync 1 DAGs
[2023-11-19T13:44:43.866+0000] {logging_mixin.py:154} INFO - [2023-11-19T13:44:43.866+0000] {dag.py:3722} INFO - Setting next_dagrun for example_branch_labels to 2023-11-18T00:00:00+00:00, run_after=2023-11-19T00:00:00+00:00
[2023-11-19T13:44:43.887+0000] {processor.py:179} INFO - Processing /home/airflow/.local/lib/python3.8/site-packages/airflow/example_dags/example_branch_labels.py took 0.087 seconds
[2023-11-19T13:45:14.049+0000] {processor.py:157} INFO - Started process (PID=262) to work on /home/airflow/.local/lib/python3.8/site-packages/airflow/example_dags/example_branch_labels.py
[2023-11-19T13:45:14.051+0000] {processor.py:829} INFO - Processing file /home/airflow/.local/lib/python3.8/site-packages/airflow/example_dags/example_branch_labels.py for tasks to queue
[2023-11-19T13:45:14.055+0000] {logging_mixin.py:154} INFO - [2023-11-19T13:45:14.054+0000] {dagbag.py:536} INFO - Filling up the DagBag from /home/airflow/.local/lib/python3.8/site-packages/airflow/example_dags/example_branch_labels.py
[2023-11-19T13:45:14.067+0000] {processor.py:839} INFO - DAG(s) dict_keys(['example_branch_labels']) retrieved from /home/airflow/.local/lib/python3.8/site-packages/airflow/example_dags/example_branch_labels.py
[2023-11-19T13:45:14.100+0000] {logging_mixin.py:154} INFO - [2023-11-19T13:45:14.100+0000] {dag.py:2941} INFO - Sync 1 DAGs
[2023-11-19T13:45:14.126+0000] {logging_mixin.py:154} INFO - [2023-11-19T13:45:14.126+0000] {dag.py:3722} INFO - Setting next_dagrun for example_branch_labels to 2023-11-18T00:00:00+00:00, run_after=2023-11-19T00:00:00+00:00
[2023-11-19T13:45:14.151+0000] {processor.py:179} INFO - Processing /home/airflow/.local/lib/python3.8/site-packages/airflow/example_dags/example_branch_labels.py took 0.107 seconds
[2023-11-19T13:45:44.422+0000] {processor.py:157} INFO - Started process (PID=316) to work on /home/airflow/.local/lib/python3.8/site-packages/airflow/example_dags/example_branch_labels.py
[2023-11-19T13:45:44.426+0000] {processor.py:829} INFO - Processing file /home/airflow/.local/lib/python3.8/site-packages/airflow/example_dags/example_branch_labels.py for tasks to queue
[2023-11-19T13:45:44.430+0000] {logging_mixin.py:154} INFO - [2023-11-19T13:45:44.429+0000] {dagbag.py:536} INFO - Filling up the DagBag from /home/airflow/.local/lib/python3.8/site-packages/airflow/example_dags/example_branch_labels.py
[2023-11-19T13:45:44.442+0000] {processor.py:839} INFO - DAG(s) dict_keys(['example_branch_labels']) retrieved from /home/airflow/.local/lib/python3.8/site-packages/airflow/example_dags/example_branch_labels.py
[2023-11-19T13:45:44.466+0000] {logging_mixin.py:154} INFO - [2023-11-19T13:45:44.466+0000] {dag.py:2941} INFO - Sync 1 DAGs
[2023-11-19T13:45:44.487+0000] {logging_mixin.py:154} INFO - [2023-11-19T13:45:44.487+0000] {dag.py:3722} INFO - Setting next_dagrun for example_branch_labels to 2023-11-18T00:00:00+00:00, run_after=2023-11-19T00:00:00+00:00
[2023-11-19T13:45:44.508+0000] {processor.py:179} INFO - Processing /home/airflow/.local/lib/python3.8/site-packages/airflow/example_dags/example_branch_labels.py took 0.091 seconds
[2023-11-19T13:46:14.859+0000] {processor.py:157} INFO - Started process (PID=371) to work on /home/airflow/.local/lib/python3.8/site-packages/airflow/example_dags/example_branch_labels.py
[2023-11-19T13:46:14.862+0000] {processor.py:829} INFO - Processing file /home/airflow/.local/lib/python3.8/site-packages/airflow/example_dags/example_branch_labels.py for tasks to queue
[2023-11-19T13:46:14.867+0000] {logging_mixin.py:154} INFO - [2023-11-19T13:46:14.867+0000] {dagbag.py:536} INFO - Filling up the DagBag from /home/airflow/.local/lib/python3.8/site-packages/airflow/example_dags/example_branch_labels.py
[2023-11-19T13:46:14.881+0000] {processor.py:839} INFO - DAG(s) dict_keys(['example_branch_labels']) retrieved from /home/airflow/.local/lib/python3.8/site-packages/airflow/example_dags/example_branch_labels.py
[2023-11-19T13:46:14.915+0000] {logging_mixin.py:154} INFO - [2023-11-19T13:46:14.915+0000] {dag.py:2941} INFO - Sync 1 DAGs
[2023-11-19T13:46:14.940+0000] {logging_mixin.py:154} INFO - [2023-11-19T13:46:14.940+0000] {dag.py:3722} INFO - Setting next_dagrun for example_branch_labels to 2023-11-18T00:00:00+00:00, run_after=2023-11-19T00:00:00+00:00
[2023-11-19T13:46:14.962+0000] {processor.py:179} INFO - Processing /home/airflow/.local/lib/python3.8/site-packages/airflow/example_dags/example_branch_labels.py took 0.109 seconds
[2023-11-19T13:46:45.269+0000] {processor.py:157} INFO - Started process (PID=425) to work on /home/airflow/.local/lib/python3.8/site-packages/airflow/example_dags/example_branch_labels.py
[2023-11-19T13:46:45.270+0000] {processor.py:829} INFO - Processing file /home/airflow/.local/lib/python3.8/site-packages/airflow/example_dags/example_branch_labels.py for tasks to queue
[2023-11-19T13:46:45.273+0000] {logging_mixin.py:154} INFO - [2023-11-19T13:46:45.273+0000] {dagbag.py:536} INFO - Filling up the DagBag from /home/airflow/.local/lib/python3.8/site-packages/airflow/example_dags/example_branch_labels.py
[2023-11-19T13:46:45.286+0000] {processor.py:839} INFO - DAG(s) dict_keys(['example_branch_labels']) retrieved from /home/airflow/.local/lib/python3.8/site-packages/airflow/example_dags/example_branch_labels.py
[2023-11-19T13:46:45.310+0000] {logging_mixin.py:154} INFO - [2023-11-19T13:46:45.309+0000] {dag.py:2941} INFO - Sync 1 DAGs
[2023-11-19T13:46:45.332+0000] {logging_mixin.py:154} INFO - [2023-11-19T13:46:45.332+0000] {dag.py:3722} INFO - Setting next_dagrun for example_branch_labels to 2023-11-18T00:00:00+00:00, run_after=2023-11-19T00:00:00+00:00
[2023-11-19T13:46:45.357+0000] {processor.py:179} INFO - Processing /home/airflow/.local/lib/python3.8/site-packages/airflow/example_dags/example_branch_labels.py took 0.093 seconds
[2023-11-19T13:47:15.693+0000] {processor.py:157} INFO - Started process (PID=485) to work on /home/airflow/.local/lib/python3.8/site-packages/airflow/example_dags/example_branch_labels.py
[2023-11-19T13:47:15.694+0000] {processor.py:829} INFO - Processing file /home/airflow/.local/lib/python3.8/site-packages/airflow/example_dags/example_branch_labels.py for tasks to queue
[2023-11-19T13:47:15.696+0000] {logging_mixin.py:154} INFO - [2023-11-19T13:47:15.696+0000] {dagbag.py:536} INFO - Filling up the DagBag from /home/airflow/.local/lib/python3.8/site-packages/airflow/example_dags/example_branch_labels.py
[2023-11-19T13:47:15.704+0000] {processor.py:839} INFO - DAG(s) dict_keys(['example_branch_labels']) retrieved from /home/airflow/.local/lib/python3.8/site-packages/airflow/example_dags/example_branch_labels.py
[2023-11-19T13:47:15.752+0000] {logging_mixin.py:154} INFO - [2023-11-19T13:47:15.751+0000] {dag.py:2941} INFO - Sync 1 DAGs
[2023-11-19T13:47:15.774+0000] {logging_mixin.py:154} INFO - [2023-11-19T13:47:15.774+0000] {dag.py:3722} INFO - Setting next_dagrun for example_branch_labels to 2023-11-18T00:00:00+00:00, run_after=2023-11-19T00:00:00+00:00
[2023-11-19T13:47:15.799+0000] {processor.py:179} INFO - Processing /home/airflow/.local/lib/python3.8/site-packages/airflow/example_dags/example_branch_labels.py took 0.109 seconds
[2023-11-19T13:47:46.186+0000] {processor.py:157} INFO - Started process (PID=540) to work on /home/airflow/.local/lib/python3.8/site-packages/airflow/example_dags/example_branch_labels.py
[2023-11-19T13:47:46.195+0000] {processor.py:829} INFO - Processing file /home/airflow/.local/lib/python3.8/site-packages/airflow/example_dags/example_branch_labels.py for tasks to queue
[2023-11-19T13:47:46.199+0000] {logging_mixin.py:154} INFO - [2023-11-19T13:47:46.198+0000] {dagbag.py:536} INFO - Filling up the DagBag from /home/airflow/.local/lib/python3.8/site-packages/airflow/example_dags/example_branch_labels.py
[2023-11-19T13:47:46.211+0000] {processor.py:839} INFO - DAG(s) dict_keys(['example_branch_labels']) retrieved from /home/airflow/.local/lib/python3.8/site-packages/airflow/example_dags/example_branch_labels.py
[2023-11-19T13:47:46.247+0000] {logging_mixin.py:154} INFO - [2023-11-19T13:47:46.247+0000] {dag.py:2941} INFO - Sync 1 DAGs
[2023-11-19T13:47:46.277+0000] {logging_mixin.py:154} INFO - [2023-11-19T13:47:46.277+0000] {dag.py:3722} INFO - Setting next_dagrun for example_branch_labels to 2023-11-18T00:00:00+00:00, run_after=2023-11-19T00:00:00+00:00
[2023-11-19T13:47:46.360+0000] {processor.py:179} INFO - Processing /home/airflow/.local/lib/python3.8/site-packages/airflow/example_dags/example_branch_labels.py took 0.178 seconds
[2023-11-19T13:48:16.462+0000] {processor.py:157} INFO - Started process (PID=594) to work on /home/airflow/.local/lib/python3.8/site-packages/airflow/example_dags/example_branch_labels.py
[2023-11-19T13:48:16.464+0000] {processor.py:829} INFO - Processing file /home/airflow/.local/lib/python3.8/site-packages/airflow/example_dags/example_branch_labels.py for tasks to queue
[2023-11-19T13:48:16.467+0000] {logging_mixin.py:154} INFO - [2023-11-19T13:48:16.467+0000] {dagbag.py:536} INFO - Filling up the DagBag from /home/airflow/.local/lib/python3.8/site-packages/airflow/example_dags/example_branch_labels.py
[2023-11-19T13:48:16.482+0000] {processor.py:839} INFO - DAG(s) dict_keys(['example_branch_labels']) retrieved from /home/airflow/.local/lib/python3.8/site-packages/airflow/example_dags/example_branch_labels.py
[2023-11-19T13:48:16.507+0000] {logging_mixin.py:154} INFO - [2023-11-19T13:48:16.507+0000] {dag.py:2941} INFO - Sync 1 DAGs
[2023-11-19T13:48:16.531+0000] {logging_mixin.py:154} INFO - [2023-11-19T13:48:16.531+0000] {dag.py:3722} INFO - Setting next_dagrun for example_branch_labels to 2023-11-18T00:00:00+00:00, run_after=2023-11-19T00:00:00+00:00
[2023-11-19T13:48:16.568+0000] {processor.py:179} INFO - Processing /home/airflow/.local/lib/python3.8/site-packages/airflow/example_dags/example_branch_labels.py took 0.109 seconds
[2023-11-19T13:48:46.719+0000] {processor.py:157} INFO - Started process (PID=648) to work on /home/airflow/.local/lib/python3.8/site-packages/airflow/example_dags/example_branch_labels.py
[2023-11-19T13:48:46.720+0000] {processor.py:829} INFO - Processing file /home/airflow/.local/lib/python3.8/site-packages/airflow/example_dags/example_branch_labels.py for tasks to queue
[2023-11-19T13:48:46.721+0000] {logging_mixin.py:154} INFO - [2023-11-19T13:48:46.721+0000] {dagbag.py:536} INFO - Filling up the DagBag from /home/airflow/.local/lib/python3.8/site-packages/airflow/example_dags/example_branch_labels.py
[2023-11-19T13:48:46.729+0000] {processor.py:839} INFO - DAG(s) dict_keys(['example_branch_labels']) retrieved from /home/airflow/.local/lib/python3.8/site-packages/airflow/example_dags/example_branch_labels.py
[2023-11-19T13:48:46.750+0000] {logging_mixin.py:154} INFO - [2023-11-19T13:48:46.749+0000] {dag.py:2941} INFO - Sync 1 DAGs
[2023-11-19T13:48:46.771+0000] {logging_mixin.py:154} INFO - [2023-11-19T13:48:46.771+0000] {dag.py:3722} INFO - Setting next_dagrun for example_branch_labels to 2023-11-18T00:00:00+00:00, run_after=2023-11-19T00:00:00+00:00
[2023-11-19T13:48:46.792+0000] {processor.py:179} INFO - Processing /home/airflow/.local/lib/python3.8/site-packages/airflow/example_dags/example_branch_labels.py took 0.076 seconds
[2023-11-19T13:49:17.249+0000] {processor.py:157} INFO - Started process (PID=702) to work on /home/airflow/.local/lib/python3.8/site-packages/airflow/example_dags/example_branch_labels.py
[2023-11-19T13:49:17.251+0000] {processor.py:829} INFO - Processing file /home/airflow/.local/lib/python3.8/site-packages/airflow/example_dags/example_branch_labels.py for tasks to queue
[2023-11-19T13:49:17.254+0000] {logging_mixin.py:154} INFO - [2023-11-19T13:49:17.253+0000] {dagbag.py:536} INFO - Filling up the DagBag from /home/airflow/.local/lib/python3.8/site-packages/airflow/example_dags/example_branch_labels.py
[2023-11-19T13:49:17.265+0000] {processor.py:839} INFO - DAG(s) dict_keys(['example_branch_labels']) retrieved from /home/airflow/.local/lib/python3.8/site-packages/airflow/example_dags/example_branch_labels.py
[2023-11-19T13:49:17.290+0000] {logging_mixin.py:154} INFO - [2023-11-19T13:49:17.290+0000] {dag.py:2941} INFO - Sync 1 DAGs
[2023-11-19T13:49:17.314+0000] {logging_mixin.py:154} INFO - [2023-11-19T13:49:17.314+0000] {dag.py:3722} INFO - Setting next_dagrun for example_branch_labels to 2023-11-18T00:00:00+00:00, run_after=2023-11-19T00:00:00+00:00
[2023-11-19T13:49:17.338+0000] {processor.py:179} INFO - Processing /home/airflow/.local/lib/python3.8/site-packages/airflow/example_dags/example_branch_labels.py took 0.093 seconds
[2023-11-19T13:49:47.514+0000] {processor.py:157} INFO - Started process (PID=756) to work on /home/airflow/.local/lib/python3.8/site-packages/airflow/example_dags/example_branch_labels.py
[2023-11-19T13:49:47.516+0000] {processor.py:829} INFO - Processing file /home/airflow/.local/lib/python3.8/site-packages/airflow/example_dags/example_branch_labels.py for tasks to queue
[2023-11-19T13:49:47.518+0000] {logging_mixin.py:154} INFO - [2023-11-19T13:49:47.518+0000] {dagbag.py:536} INFO - Filling up the DagBag from /home/airflow/.local/lib/python3.8/site-packages/airflow/example_dags/example_branch_labels.py
[2023-11-19T13:49:47.525+0000] {processor.py:839} INFO - DAG(s) dict_keys(['example_branch_labels']) retrieved from /home/airflow/.local/lib/python3.8/site-packages/airflow/example_dags/example_branch_labels.py
[2023-11-19T13:49:47.544+0000] {logging_mixin.py:154} INFO - [2023-11-19T13:49:47.544+0000] {dag.py:2941} INFO - Sync 1 DAGs
[2023-11-19T13:49:47.564+0000] {logging_mixin.py:154} INFO - [2023-11-19T13:49:47.564+0000] {dag.py:3722} INFO - Setting next_dagrun for example_branch_labels to 2023-11-18T00:00:00+00:00, run_after=2023-11-19T00:00:00+00:00
[2023-11-19T13:49:47.583+0000] {processor.py:179} INFO - Processing /home/airflow/.local/lib/python3.8/site-packages/airflow/example_dags/example_branch_labels.py took 0.072 seconds
