[2023-11-19T13:43:09.188+0000] {processor.py:157} INFO - Started process (PID=43) to work on /home/airflow/.local/lib/python3.8/site-packages/airflow/example_dags/example_bash_operator.py
[2023-11-19T13:43:09.189+0000] {processor.py:829} INFO - Processing file /home/airflow/.local/lib/python3.8/site-packages/airflow/example_dags/example_bash_operator.py for tasks to queue
[2023-11-19T13:43:09.191+0000] {logging_mixin.py:154} INFO - [2023-11-19T13:43:09.190+0000] {dagbag.py:536} INFO - Filling up the DagBag from /home/airflow/.local/lib/python3.8/site-packages/airflow/example_dags/example_bash_operator.py
[2023-11-19T13:43:09.260+0000] {processor.py:839} INFO - DAG(s) dict_keys(['example_bash_operator']) retrieved from /home/airflow/.local/lib/python3.8/site-packages/airflow/example_dags/example_bash_operator.py
[2023-11-19T13:43:09.334+0000] {logging_mixin.py:154} INFO - [2023-11-19T13:43:09.334+0000] {dag.py:2941} INFO - Sync 1 DAGs
[2023-11-19T13:43:09.355+0000] {logging_mixin.py:154} INFO - [2023-11-19T13:43:09.355+0000] {dag.py:3722} INFO - Setting next_dagrun for example_bash_operator to 2023-11-18T00:00:00+00:00, run_after=2023-11-19T00:00:00+00:00
[2023-11-19T13:43:12.336+0000] {processor.py:179} INFO - Processing /home/airflow/.local/lib/python3.8/site-packages/airflow/example_dags/example_bash_operator.py took 3.151 seconds
[2023-11-19T13:43:42.421+0000] {processor.py:157} INFO - Started process (PID=97) to work on /home/airflow/.local/lib/python3.8/site-packages/airflow/example_dags/example_bash_operator.py
[2023-11-19T13:43:42.422+0000] {processor.py:829} INFO - Processing file /home/airflow/.local/lib/python3.8/site-packages/airflow/example_dags/example_bash_operator.py for tasks to queue
[2023-11-19T13:43:42.424+0000] {logging_mixin.py:154} INFO - [2023-11-19T13:43:42.424+0000] {dagbag.py:536} INFO - Filling up the DagBag from /home/airflow/.local/lib/python3.8/site-packages/airflow/example_dags/example_bash_operator.py
[2023-11-19T13:43:42.446+0000] {processor.py:839} INFO - DAG(s) dict_keys(['example_bash_operator']) retrieved from /home/airflow/.local/lib/python3.8/site-packages/airflow/example_dags/example_bash_operator.py
[2023-11-19T13:43:42.489+0000] {logging_mixin.py:154} INFO - [2023-11-19T13:43:42.489+0000] {dag.py:2941} INFO - Sync 1 DAGs
[2023-11-19T13:43:42.700+0000] {logging_mixin.py:154} INFO - [2023-11-19T13:43:42.700+0000] {dag.py:3722} INFO - Setting next_dagrun for example_bash_operator to 2023-11-18T00:00:00+00:00, run_after=2023-11-19T00:00:00+00:00
[2023-11-19T13:43:42.747+0000] {processor.py:179} INFO - Processing /home/airflow/.local/lib/python3.8/site-packages/airflow/example_dags/example_bash_operator.py took 0.329 seconds
[2023-11-19T13:44:12.972+0000] {processor.py:157} INFO - Started process (PID=151) to work on /home/airflow/.local/lib/python3.8/site-packages/airflow/example_dags/example_bash_operator.py
[2023-11-19T13:44:12.974+0000] {processor.py:829} INFO - Processing file /home/airflow/.local/lib/python3.8/site-packages/airflow/example_dags/example_bash_operator.py for tasks to queue
[2023-11-19T13:44:12.977+0000] {logging_mixin.py:154} INFO - [2023-11-19T13:44:12.977+0000] {dagbag.py:536} INFO - Filling up the DagBag from /home/airflow/.local/lib/python3.8/site-packages/airflow/example_dags/example_bash_operator.py
[2023-11-19T13:44:12.990+0000] {processor.py:839} INFO - DAG(s) dict_keys(['example_bash_operator']) retrieved from /home/airflow/.local/lib/python3.8/site-packages/airflow/example_dags/example_bash_operator.py
[2023-11-19T13:44:13.034+0000] {logging_mixin.py:154} INFO - [2023-11-19T13:44:13.033+0000] {dag.py:2941} INFO - Sync 1 DAGs
[2023-11-19T13:44:13.056+0000] {logging_mixin.py:154} INFO - [2023-11-19T13:44:13.056+0000] {dag.py:3722} INFO - Setting next_dagrun for example_bash_operator to 2023-11-18T00:00:00+00:00, run_after=2023-11-19T00:00:00+00:00
[2023-11-19T13:44:13.090+0000] {processor.py:179} INFO - Processing /home/airflow/.local/lib/python3.8/site-packages/airflow/example_dags/example_bash_operator.py took 0.122 seconds
[2023-11-19T13:44:43.539+0000] {processor.py:157} INFO - Started process (PID=205) to work on /home/airflow/.local/lib/python3.8/site-packages/airflow/example_dags/example_bash_operator.py
[2023-11-19T13:44:43.542+0000] {processor.py:829} INFO - Processing file /home/airflow/.local/lib/python3.8/site-packages/airflow/example_dags/example_bash_operator.py for tasks to queue
[2023-11-19T13:44:43.545+0000] {logging_mixin.py:154} INFO - [2023-11-19T13:44:43.545+0000] {dagbag.py:536} INFO - Filling up the DagBag from /home/airflow/.local/lib/python3.8/site-packages/airflow/example_dags/example_bash_operator.py
[2023-11-19T13:44:43.562+0000] {processor.py:839} INFO - DAG(s) dict_keys(['example_bash_operator']) retrieved from /home/airflow/.local/lib/python3.8/site-packages/airflow/example_dags/example_bash_operator.py
[2023-11-19T13:44:43.602+0000] {logging_mixin.py:154} INFO - [2023-11-19T13:44:43.602+0000] {dag.py:2941} INFO - Sync 1 DAGs
[2023-11-19T13:44:43.624+0000] {logging_mixin.py:154} INFO - [2023-11-19T13:44:43.624+0000] {dag.py:3722} INFO - Setting next_dagrun for example_bash_operator to 2023-11-18T00:00:00+00:00, run_after=2023-11-19T00:00:00+00:00
[2023-11-19T13:44:43.649+0000] {processor.py:179} INFO - Processing /home/airflow/.local/lib/python3.8/site-packages/airflow/example_dags/example_bash_operator.py took 0.115 seconds
[2023-11-19T13:45:13.885+0000] {processor.py:157} INFO - Started process (PID=259) to work on /home/airflow/.local/lib/python3.8/site-packages/airflow/example_dags/example_bash_operator.py
[2023-11-19T13:45:13.887+0000] {processor.py:829} INFO - Processing file /home/airflow/.local/lib/python3.8/site-packages/airflow/example_dags/example_bash_operator.py for tasks to queue
[2023-11-19T13:45:13.889+0000] {logging_mixin.py:154} INFO - [2023-11-19T13:45:13.889+0000] {dagbag.py:536} INFO - Filling up the DagBag from /home/airflow/.local/lib/python3.8/site-packages/airflow/example_dags/example_bash_operator.py
[2023-11-19T13:45:13.906+0000] {processor.py:839} INFO - DAG(s) dict_keys(['example_bash_operator']) retrieved from /home/airflow/.local/lib/python3.8/site-packages/airflow/example_dags/example_bash_operator.py
[2023-11-19T13:45:13.946+0000] {logging_mixin.py:154} INFO - [2023-11-19T13:45:13.946+0000] {dag.py:2941} INFO - Sync 1 DAGs
[2023-11-19T13:45:13.966+0000] {logging_mixin.py:154} INFO - [2023-11-19T13:45:13.966+0000] {dag.py:3722} INFO - Setting next_dagrun for example_bash_operator to 2023-11-18T00:00:00+00:00, run_after=2023-11-19T00:00:00+00:00
[2023-11-19T13:45:13.986+0000] {processor.py:179} INFO - Processing /home/airflow/.local/lib/python3.8/site-packages/airflow/example_dags/example_bash_operator.py took 0.105 seconds
[2023-11-19T13:45:44.180+0000] {processor.py:157} INFO - Started process (PID=313) to work on /home/airflow/.local/lib/python3.8/site-packages/airflow/example_dags/example_bash_operator.py
[2023-11-19T13:45:44.181+0000] {processor.py:829} INFO - Processing file /home/airflow/.local/lib/python3.8/site-packages/airflow/example_dags/example_bash_operator.py for tasks to queue
[2023-11-19T13:45:44.184+0000] {logging_mixin.py:154} INFO - [2023-11-19T13:45:44.184+0000] {dagbag.py:536} INFO - Filling up the DagBag from /home/airflow/.local/lib/python3.8/site-packages/airflow/example_dags/example_bash_operator.py
[2023-11-19T13:45:44.201+0000] {processor.py:839} INFO - DAG(s) dict_keys(['example_bash_operator']) retrieved from /home/airflow/.local/lib/python3.8/site-packages/airflow/example_dags/example_bash_operator.py
[2023-11-19T13:45:44.242+0000] {logging_mixin.py:154} INFO - [2023-11-19T13:45:44.242+0000] {dag.py:2941} INFO - Sync 1 DAGs
[2023-11-19T13:45:44.263+0000] {logging_mixin.py:154} INFO - [2023-11-19T13:45:44.263+0000] {dag.py:3722} INFO - Setting next_dagrun for example_bash_operator to 2023-11-18T00:00:00+00:00, run_after=2023-11-19T00:00:00+00:00
[2023-11-19T13:45:44.283+0000] {processor.py:179} INFO - Processing /home/airflow/.local/lib/python3.8/site-packages/airflow/example_dags/example_bash_operator.py took 0.108 seconds
[2023-11-19T13:46:14.600+0000] {processor.py:157} INFO - Started process (PID=368) to work on /home/airflow/.local/lib/python3.8/site-packages/airflow/example_dags/example_bash_operator.py
[2023-11-19T13:46:14.604+0000] {processor.py:829} INFO - Processing file /home/airflow/.local/lib/python3.8/site-packages/airflow/example_dags/example_bash_operator.py for tasks to queue
[2023-11-19T13:46:14.606+0000] {logging_mixin.py:154} INFO - [2023-11-19T13:46:14.605+0000] {dagbag.py:536} INFO - Filling up the DagBag from /home/airflow/.local/lib/python3.8/site-packages/airflow/example_dags/example_bash_operator.py
[2023-11-19T13:46:14.620+0000] {processor.py:839} INFO - DAG(s) dict_keys(['example_bash_operator']) retrieved from /home/airflow/.local/lib/python3.8/site-packages/airflow/example_dags/example_bash_operator.py
[2023-11-19T13:46:14.663+0000] {logging_mixin.py:154} INFO - [2023-11-19T13:46:14.663+0000] {dag.py:2941} INFO - Sync 1 DAGs
[2023-11-19T13:46:14.684+0000] {logging_mixin.py:154} INFO - [2023-11-19T13:46:14.684+0000] {dag.py:3722} INFO - Setting next_dagrun for example_bash_operator to 2023-11-18T00:00:00+00:00, run_after=2023-11-19T00:00:00+00:00
[2023-11-19T13:46:14.708+0000] {processor.py:179} INFO - Processing /home/airflow/.local/lib/python3.8/site-packages/airflow/example_dags/example_bash_operator.py took 0.111 seconds
[2023-11-19T13:46:45.097+0000] {processor.py:157} INFO - Started process (PID=422) to work on /home/airflow/.local/lib/python3.8/site-packages/airflow/example_dags/example_bash_operator.py
[2023-11-19T13:46:45.098+0000] {processor.py:829} INFO - Processing file /home/airflow/.local/lib/python3.8/site-packages/airflow/example_dags/example_bash_operator.py for tasks to queue
[2023-11-19T13:46:45.101+0000] {logging_mixin.py:154} INFO - [2023-11-19T13:46:45.101+0000] {dagbag.py:536} INFO - Filling up the DagBag from /home/airflow/.local/lib/python3.8/site-packages/airflow/example_dags/example_bash_operator.py
[2023-11-19T13:46:45.118+0000] {processor.py:839} INFO - DAG(s) dict_keys(['example_bash_operator']) retrieved from /home/airflow/.local/lib/python3.8/site-packages/airflow/example_dags/example_bash_operator.py
[2023-11-19T13:46:45.162+0000] {logging_mixin.py:154} INFO - [2023-11-19T13:46:45.162+0000] {dag.py:2941} INFO - Sync 1 DAGs
[2023-11-19T13:46:45.182+0000] {logging_mixin.py:154} INFO - [2023-11-19T13:46:45.182+0000] {dag.py:3722} INFO - Setting next_dagrun for example_bash_operator to 2023-11-18T00:00:00+00:00, run_after=2023-11-19T00:00:00+00:00
[2023-11-19T13:46:45.202+0000] {processor.py:179} INFO - Processing /home/airflow/.local/lib/python3.8/site-packages/airflow/example_dags/example_bash_operator.py took 0.109 seconds
[2023-11-19T13:47:15.522+0000] {processor.py:157} INFO - Started process (PID=476) to work on /home/airflow/.local/lib/python3.8/site-packages/airflow/example_dags/example_bash_operator.py
[2023-11-19T13:47:15.525+0000] {processor.py:829} INFO - Processing file /home/airflow/.local/lib/python3.8/site-packages/airflow/example_dags/example_bash_operator.py for tasks to queue
[2023-11-19T13:47:15.527+0000] {logging_mixin.py:154} INFO - [2023-11-19T13:47:15.527+0000] {dagbag.py:536} INFO - Filling up the DagBag from /home/airflow/.local/lib/python3.8/site-packages/airflow/example_dags/example_bash_operator.py
[2023-11-19T13:47:15.538+0000] {processor.py:839} INFO - DAG(s) dict_keys(['example_bash_operator']) retrieved from /home/airflow/.local/lib/python3.8/site-packages/airflow/example_dags/example_bash_operator.py
[2023-11-19T13:47:15.582+0000] {logging_mixin.py:154} INFO - [2023-11-19T13:47:15.581+0000] {dag.py:2941} INFO - Sync 1 DAGs
[2023-11-19T13:47:15.602+0000] {logging_mixin.py:154} INFO - [2023-11-19T13:47:15.602+0000] {dag.py:3722} INFO - Setting next_dagrun for example_bash_operator to 2023-11-18T00:00:00+00:00, run_after=2023-11-19T00:00:00+00:00
[2023-11-19T13:47:15.622+0000] {processor.py:179} INFO - Processing /home/airflow/.local/lib/python3.8/site-packages/airflow/example_dags/example_bash_operator.py took 0.103 seconds
[2023-11-19T13:47:45.800+0000] {processor.py:157} INFO - Started process (PID=530) to work on /home/airflow/.local/lib/python3.8/site-packages/airflow/example_dags/example_bash_operator.py
[2023-11-19T13:47:45.803+0000] {processor.py:829} INFO - Processing file /home/airflow/.local/lib/python3.8/site-packages/airflow/example_dags/example_bash_operator.py for tasks to queue
[2023-11-19T13:47:45.806+0000] {logging_mixin.py:154} INFO - [2023-11-19T13:47:45.806+0000] {dagbag.py:536} INFO - Filling up the DagBag from /home/airflow/.local/lib/python3.8/site-packages/airflow/example_dags/example_bash_operator.py
[2023-11-19T13:47:45.825+0000] {processor.py:839} INFO - DAG(s) dict_keys(['example_bash_operator']) retrieved from /home/airflow/.local/lib/python3.8/site-packages/airflow/example_dags/example_bash_operator.py
[2023-11-19T13:47:45.866+0000] {logging_mixin.py:154} INFO - [2023-11-19T13:47:45.866+0000] {dag.py:2941} INFO - Sync 1 DAGs
[2023-11-19T13:47:45.891+0000] {logging_mixin.py:154} INFO - [2023-11-19T13:47:45.891+0000] {dag.py:3722} INFO - Setting next_dagrun for example_bash_operator to 2023-11-18T00:00:00+00:00, run_after=2023-11-19T00:00:00+00:00
[2023-11-19T13:47:45.935+0000] {processor.py:179} INFO - Processing /home/airflow/.local/lib/python3.8/site-packages/airflow/example_dags/example_bash_operator.py took 0.140 seconds
[2023-11-19T13:48:16.186+0000] {processor.py:157} INFO - Started process (PID=590) to work on /home/airflow/.local/lib/python3.8/site-packages/airflow/example_dags/example_bash_operator.py
[2023-11-19T13:48:16.187+0000] {processor.py:829} INFO - Processing file /home/airflow/.local/lib/python3.8/site-packages/airflow/example_dags/example_bash_operator.py for tasks to queue
[2023-11-19T13:48:16.191+0000] {logging_mixin.py:154} INFO - [2023-11-19T13:48:16.191+0000] {dagbag.py:536} INFO - Filling up the DagBag from /home/airflow/.local/lib/python3.8/site-packages/airflow/example_dags/example_bash_operator.py
[2023-11-19T13:48:16.210+0000] {processor.py:839} INFO - DAG(s) dict_keys(['example_bash_operator']) retrieved from /home/airflow/.local/lib/python3.8/site-packages/airflow/example_dags/example_bash_operator.py
[2023-11-19T13:48:16.257+0000] {logging_mixin.py:154} INFO - [2023-11-19T13:48:16.256+0000] {dag.py:2941} INFO - Sync 1 DAGs
[2023-11-19T13:48:16.281+0000] {logging_mixin.py:154} INFO - [2023-11-19T13:48:16.280+0000] {dag.py:3722} INFO - Setting next_dagrun for example_bash_operator to 2023-11-18T00:00:00+00:00, run_after=2023-11-19T00:00:00+00:00
[2023-11-19T13:48:16.306+0000] {processor.py:179} INFO - Processing /home/airflow/.local/lib/python3.8/site-packages/airflow/example_dags/example_bash_operator.py took 0.126 seconds
[2023-11-19T13:48:46.579+0000] {processor.py:157} INFO - Started process (PID=645) to work on /home/airflow/.local/lib/python3.8/site-packages/airflow/example_dags/example_bash_operator.py
[2023-11-19T13:48:46.582+0000] {processor.py:829} INFO - Processing file /home/airflow/.local/lib/python3.8/site-packages/airflow/example_dags/example_bash_operator.py for tasks to queue
[2023-11-19T13:48:46.584+0000] {logging_mixin.py:154} INFO - [2023-11-19T13:48:46.584+0000] {dagbag.py:536} INFO - Filling up the DagBag from /home/airflow/.local/lib/python3.8/site-packages/airflow/example_dags/example_bash_operator.py
[2023-11-19T13:48:46.595+0000] {processor.py:839} INFO - DAG(s) dict_keys(['example_bash_operator']) retrieved from /home/airflow/.local/lib/python3.8/site-packages/airflow/example_dags/example_bash_operator.py
[2023-11-19T13:48:46.628+0000] {logging_mixin.py:154} INFO - [2023-11-19T13:48:46.627+0000] {dag.py:2941} INFO - Sync 1 DAGs
[2023-11-19T13:48:46.651+0000] {logging_mixin.py:154} INFO - [2023-11-19T13:48:46.651+0000] {dag.py:3722} INFO - Setting next_dagrun for example_bash_operator to 2023-11-18T00:00:00+00:00, run_after=2023-11-19T00:00:00+00:00
[2023-11-19T13:48:46.671+0000] {processor.py:179} INFO - Processing /home/airflow/.local/lib/python3.8/site-packages/airflow/example_dags/example_bash_operator.py took 0.095 seconds
[2023-11-19T13:49:17.085+0000] {processor.py:157} INFO - Started process (PID=699) to work on /home/airflow/.local/lib/python3.8/site-packages/airflow/example_dags/example_bash_operator.py
[2023-11-19T13:49:17.086+0000] {processor.py:829} INFO - Processing file /home/airflow/.local/lib/python3.8/site-packages/airflow/example_dags/example_bash_operator.py for tasks to queue
[2023-11-19T13:49:17.090+0000] {logging_mixin.py:154} INFO - [2023-11-19T13:49:17.089+0000] {dagbag.py:536} INFO - Filling up the DagBag from /home/airflow/.local/lib/python3.8/site-packages/airflow/example_dags/example_bash_operator.py
[2023-11-19T13:49:17.108+0000] {processor.py:839} INFO - DAG(s) dict_keys(['example_bash_operator']) retrieved from /home/airflow/.local/lib/python3.8/site-packages/airflow/example_dags/example_bash_operator.py
[2023-11-19T13:49:17.149+0000] {logging_mixin.py:154} INFO - [2023-11-19T13:49:17.149+0000] {dag.py:2941} INFO - Sync 1 DAGs
[2023-11-19T13:49:17.171+0000] {logging_mixin.py:154} INFO - [2023-11-19T13:49:17.171+0000] {dag.py:3722} INFO - Setting next_dagrun for example_bash_operator to 2023-11-18T00:00:00+00:00, run_after=2023-11-19T00:00:00+00:00
[2023-11-19T13:49:17.191+0000] {processor.py:179} INFO - Processing /home/airflow/.local/lib/python3.8/site-packages/airflow/example_dags/example_bash_operator.py took 0.111 seconds
[2023-11-19T13:49:47.254+0000] {processor.py:157} INFO - Started process (PID=753) to work on /home/airflow/.local/lib/python3.8/site-packages/airflow/example_dags/example_bash_operator.py
[2023-11-19T13:49:47.258+0000] {processor.py:829} INFO - Processing file /home/airflow/.local/lib/python3.8/site-packages/airflow/example_dags/example_bash_operator.py for tasks to queue
[2023-11-19T13:49:47.262+0000] {logging_mixin.py:154} INFO - [2023-11-19T13:49:47.261+0000] {dagbag.py:536} INFO - Filling up the DagBag from /home/airflow/.local/lib/python3.8/site-packages/airflow/example_dags/example_bash_operator.py
[2023-11-19T13:49:47.285+0000] {processor.py:839} INFO - DAG(s) dict_keys(['example_bash_operator']) retrieved from /home/airflow/.local/lib/python3.8/site-packages/airflow/example_dags/example_bash_operator.py
[2023-11-19T13:49:47.325+0000] {logging_mixin.py:154} INFO - [2023-11-19T13:49:47.325+0000] {dag.py:2941} INFO - Sync 1 DAGs
[2023-11-19T13:49:47.349+0000] {logging_mixin.py:154} INFO - [2023-11-19T13:49:47.348+0000] {dag.py:3722} INFO - Setting next_dagrun for example_bash_operator to 2023-11-18T00:00:00+00:00, run_after=2023-11-19T00:00:00+00:00
[2023-11-19T13:49:47.374+0000] {processor.py:179} INFO - Processing /home/airflow/.local/lib/python3.8/site-packages/airflow/example_dags/example_bash_operator.py took 0.124 seconds
