[2023-11-19T13:43:18.821+0000] {processor.py:157} INFO - Started process (PID=82) to work on /home/airflow/.local/lib/python3.8/site-packages/airflow/example_dags/example_task_group_decorator.py
[2023-11-19T13:43:18.822+0000] {processor.py:829} INFO - Processing file /home/airflow/.local/lib/python3.8/site-packages/airflow/example_dags/example_task_group_decorator.py for tasks to queue
[2023-11-19T13:43:18.824+0000] {logging_mixin.py:154} INFO - [2023-11-19T13:43:18.823+0000] {dagbag.py:536} INFO - Filling up the DagBag from /home/airflow/.local/lib/python3.8/site-packages/airflow/example_dags/example_task_group_decorator.py
[2023-11-19T13:43:18.841+0000] {processor.py:839} INFO - DAG(s) dict_keys(['example_task_group_decorator']) retrieved from /home/airflow/.local/lib/python3.8/site-packages/airflow/example_dags/example_task_group_decorator.py
[2023-11-19T13:43:18.876+0000] {logging_mixin.py:154} INFO - [2023-11-19T13:43:18.876+0000] {dag.py:2941} INFO - Sync 1 DAGs
[2023-11-19T13:43:18.897+0000] {logging_mixin.py:154} INFO - [2023-11-19T13:43:18.897+0000] {dag.py:3722} INFO - Setting next_dagrun for example_task_group_decorator to 2023-11-18T13:43:18.896778+00:00, run_after=2023-11-19T13:43:18.896778+00:00
[2023-11-19T13:43:18.980+0000] {processor.py:179} INFO - Processing /home/airflow/.local/lib/python3.8/site-packages/airflow/example_dags/example_task_group_decorator.py took 0.163 seconds
[2023-11-19T13:43:49.692+0000] {processor.py:157} INFO - Started process (PID=136) to work on /home/airflow/.local/lib/python3.8/site-packages/airflow/example_dags/example_task_group_decorator.py
[2023-11-19T13:43:49.692+0000] {processor.py:829} INFO - Processing file /home/airflow/.local/lib/python3.8/site-packages/airflow/example_dags/example_task_group_decorator.py for tasks to queue
[2023-11-19T13:43:49.695+0000] {logging_mixin.py:154} INFO - [2023-11-19T13:43:49.694+0000] {dagbag.py:536} INFO - Filling up the DagBag from /home/airflow/.local/lib/python3.8/site-packages/airflow/example_dags/example_task_group_decorator.py
[2023-11-19T13:43:49.708+0000] {processor.py:839} INFO - DAG(s) dict_keys(['example_task_group_decorator']) retrieved from /home/airflow/.local/lib/python3.8/site-packages/airflow/example_dags/example_task_group_decorator.py
[2023-11-19T13:43:49.744+0000] {logging_mixin.py:154} INFO - [2023-11-19T13:43:49.744+0000] {dag.py:2941} INFO - Sync 1 DAGs
[2023-11-19T13:43:49.763+0000] {logging_mixin.py:154} INFO - [2023-11-19T13:43:49.763+0000] {dag.py:3722} INFO - Setting next_dagrun for example_task_group_decorator to 2023-11-18T13:43:49.763484+00:00, run_after=2023-11-19T13:43:49.763484+00:00
[2023-11-19T13:43:49.803+0000] {processor.py:179} INFO - Processing /home/airflow/.local/lib/python3.8/site-packages/airflow/example_dags/example_task_group_decorator.py took 0.115 seconds
[2023-11-19T13:44:20.221+0000] {processor.py:157} INFO - Started process (PID=190) to work on /home/airflow/.local/lib/python3.8/site-packages/airflow/example_dags/example_task_group_decorator.py
[2023-11-19T13:44:20.222+0000] {processor.py:829} INFO - Processing file /home/airflow/.local/lib/python3.8/site-packages/airflow/example_dags/example_task_group_decorator.py for tasks to queue
[2023-11-19T13:44:20.226+0000] {logging_mixin.py:154} INFO - [2023-11-19T13:44:20.226+0000] {dagbag.py:536} INFO - Filling up the DagBag from /home/airflow/.local/lib/python3.8/site-packages/airflow/example_dags/example_task_group_decorator.py
[2023-11-19T13:44:20.254+0000] {processor.py:839} INFO - DAG(s) dict_keys(['example_task_group_decorator']) retrieved from /home/airflow/.local/lib/python3.8/site-packages/airflow/example_dags/example_task_group_decorator.py
[2023-11-19T13:44:20.281+0000] {logging_mixin.py:154} INFO - [2023-11-19T13:44:20.281+0000] {dag.py:2941} INFO - Sync 1 DAGs
[2023-11-19T13:44:20.304+0000] {logging_mixin.py:154} INFO - [2023-11-19T13:44:20.304+0000] {dag.py:3722} INFO - Setting next_dagrun for example_task_group_decorator to 2023-11-18T13:44:20.303999+00:00, run_after=2023-11-19T13:44:20.303999+00:00
[2023-11-19T13:44:20.334+0000] {processor.py:179} INFO - Processing /home/airflow/.local/lib/python3.8/site-packages/airflow/example_dags/example_task_group_decorator.py took 0.119 seconds
[2023-11-19T13:44:51.017+0000] {processor.py:157} INFO - Started process (PID=244) to work on /home/airflow/.local/lib/python3.8/site-packages/airflow/example_dags/example_task_group_decorator.py
[2023-11-19T13:44:51.018+0000] {processor.py:829} INFO - Processing file /home/airflow/.local/lib/python3.8/site-packages/airflow/example_dags/example_task_group_decorator.py for tasks to queue
[2023-11-19T13:44:51.022+0000] {logging_mixin.py:154} INFO - [2023-11-19T13:44:51.021+0000] {dagbag.py:536} INFO - Filling up the DagBag from /home/airflow/.local/lib/python3.8/site-packages/airflow/example_dags/example_task_group_decorator.py
[2023-11-19T13:44:51.043+0000] {processor.py:839} INFO - DAG(s) dict_keys(['example_task_group_decorator']) retrieved from /home/airflow/.local/lib/python3.8/site-packages/airflow/example_dags/example_task_group_decorator.py
[2023-11-19T13:44:51.082+0000] {logging_mixin.py:154} INFO - [2023-11-19T13:44:51.082+0000] {dag.py:2941} INFO - Sync 1 DAGs
[2023-11-19T13:44:51.103+0000] {logging_mixin.py:154} INFO - [2023-11-19T13:44:51.103+0000] {dag.py:3722} INFO - Setting next_dagrun for example_task_group_decorator to 2023-11-18T13:44:51.102783+00:00, run_after=2023-11-19T13:44:51.102783+00:00
[2023-11-19T13:44:51.126+0000] {processor.py:179} INFO - Processing /home/airflow/.local/lib/python3.8/site-packages/airflow/example_dags/example_task_group_decorator.py took 0.114 seconds
[2023-11-19T13:45:21.396+0000] {processor.py:157} INFO - Started process (PID=298) to work on /home/airflow/.local/lib/python3.8/site-packages/airflow/example_dags/example_task_group_decorator.py
[2023-11-19T13:45:21.397+0000] {processor.py:829} INFO - Processing file /home/airflow/.local/lib/python3.8/site-packages/airflow/example_dags/example_task_group_decorator.py for tasks to queue
[2023-11-19T13:45:21.399+0000] {logging_mixin.py:154} INFO - [2023-11-19T13:45:21.399+0000] {dagbag.py:536} INFO - Filling up the DagBag from /home/airflow/.local/lib/python3.8/site-packages/airflow/example_dags/example_task_group_decorator.py
[2023-11-19T13:45:21.411+0000] {processor.py:839} INFO - DAG(s) dict_keys(['example_task_group_decorator']) retrieved from /home/airflow/.local/lib/python3.8/site-packages/airflow/example_dags/example_task_group_decorator.py
[2023-11-19T13:45:21.433+0000] {logging_mixin.py:154} INFO - [2023-11-19T13:45:21.433+0000] {dag.py:2941} INFO - Sync 1 DAGs
[2023-11-19T13:45:21.453+0000] {logging_mixin.py:154} INFO - [2023-11-19T13:45:21.452+0000] {dag.py:3722} INFO - Setting next_dagrun for example_task_group_decorator to 2023-11-18T13:45:21.452668+00:00, run_after=2023-11-19T13:45:21.452668+00:00
[2023-11-19T13:45:21.477+0000] {processor.py:179} INFO - Processing /home/airflow/.local/lib/python3.8/site-packages/airflow/example_dags/example_task_group_decorator.py took 0.084 seconds
[2023-11-19T13:45:51.602+0000] {processor.py:157} INFO - Started process (PID=353) to work on /home/airflow/.local/lib/python3.8/site-packages/airflow/example_dags/example_task_group_decorator.py
[2023-11-19T13:45:51.603+0000] {processor.py:829} INFO - Processing file /home/airflow/.local/lib/python3.8/site-packages/airflow/example_dags/example_task_group_decorator.py for tasks to queue
[2023-11-19T13:45:51.606+0000] {logging_mixin.py:154} INFO - [2023-11-19T13:45:51.606+0000] {dagbag.py:536} INFO - Filling up the DagBag from /home/airflow/.local/lib/python3.8/site-packages/airflow/example_dags/example_task_group_decorator.py
[2023-11-19T13:45:51.618+0000] {processor.py:839} INFO - DAG(s) dict_keys(['example_task_group_decorator']) retrieved from /home/airflow/.local/lib/python3.8/site-packages/airflow/example_dags/example_task_group_decorator.py
[2023-11-19T13:45:51.640+0000] {logging_mixin.py:154} INFO - [2023-11-19T13:45:51.639+0000] {dag.py:2941} INFO - Sync 1 DAGs
[2023-11-19T13:45:51.657+0000] {logging_mixin.py:154} INFO - [2023-11-19T13:45:51.657+0000] {dag.py:3722} INFO - Setting next_dagrun for example_task_group_decorator to 2023-11-18T13:45:51.657556+00:00, run_after=2023-11-19T13:45:51.657556+00:00
[2023-11-19T13:45:51.678+0000] {processor.py:179} INFO - Processing /home/airflow/.local/lib/python3.8/site-packages/airflow/example_dags/example_task_group_decorator.py took 0.079 seconds
[2023-11-19T13:46:22.132+0000] {processor.py:157} INFO - Started process (PID=407) to work on /home/airflow/.local/lib/python3.8/site-packages/airflow/example_dags/example_task_group_decorator.py
[2023-11-19T13:46:22.133+0000] {processor.py:829} INFO - Processing file /home/airflow/.local/lib/python3.8/site-packages/airflow/example_dags/example_task_group_decorator.py for tasks to queue
[2023-11-19T13:46:22.136+0000] {logging_mixin.py:154} INFO - [2023-11-19T13:46:22.136+0000] {dagbag.py:536} INFO - Filling up the DagBag from /home/airflow/.local/lib/python3.8/site-packages/airflow/example_dags/example_task_group_decorator.py
[2023-11-19T13:46:22.159+0000] {processor.py:839} INFO - DAG(s) dict_keys(['example_task_group_decorator']) retrieved from /home/airflow/.local/lib/python3.8/site-packages/airflow/example_dags/example_task_group_decorator.py
[2023-11-19T13:46:22.196+0000] {logging_mixin.py:154} INFO - [2023-11-19T13:46:22.196+0000] {dag.py:2941} INFO - Sync 1 DAGs
[2023-11-19T13:46:22.219+0000] {logging_mixin.py:154} INFO - [2023-11-19T13:46:22.219+0000] {dag.py:3722} INFO - Setting next_dagrun for example_task_group_decorator to 2023-11-18T13:46:22.218755+00:00, run_after=2023-11-19T13:46:22.218755+00:00
[2023-11-19T13:46:22.240+0000] {processor.py:179} INFO - Processing /home/airflow/.local/lib/python3.8/site-packages/airflow/example_dags/example_task_group_decorator.py took 0.114 seconds
[2023-11-19T13:46:52.610+0000] {processor.py:157} INFO - Started process (PID=461) to work on /home/airflow/.local/lib/python3.8/site-packages/airflow/example_dags/example_task_group_decorator.py
[2023-11-19T13:46:52.614+0000] {processor.py:829} INFO - Processing file /home/airflow/.local/lib/python3.8/site-packages/airflow/example_dags/example_task_group_decorator.py for tasks to queue
[2023-11-19T13:46:52.617+0000] {logging_mixin.py:154} INFO - [2023-11-19T13:46:52.617+0000] {dagbag.py:536} INFO - Filling up the DagBag from /home/airflow/.local/lib/python3.8/site-packages/airflow/example_dags/example_task_group_decorator.py
[2023-11-19T13:46:52.634+0000] {processor.py:839} INFO - DAG(s) dict_keys(['example_task_group_decorator']) retrieved from /home/airflow/.local/lib/python3.8/site-packages/airflow/example_dags/example_task_group_decorator.py
[2023-11-19T13:46:52.664+0000] {logging_mixin.py:154} INFO - [2023-11-19T13:46:52.664+0000] {dag.py:2941} INFO - Sync 1 DAGs
[2023-11-19T13:46:52.686+0000] {logging_mixin.py:154} INFO - [2023-11-19T13:46:52.685+0000] {dag.py:3722} INFO - Setting next_dagrun for example_task_group_decorator to 2023-11-18T13:46:52.685751+00:00, run_after=2023-11-19T13:46:52.685751+00:00
[2023-11-19T13:46:52.707+0000] {processor.py:179} INFO - Processing /home/airflow/.local/lib/python3.8/site-packages/airflow/example_dags/example_task_group_decorator.py took 0.100 seconds
[2023-11-19T13:47:23.008+0000] {processor.py:157} INFO - Started process (PID=515) to work on /home/airflow/.local/lib/python3.8/site-packages/airflow/example_dags/example_task_group_decorator.py
[2023-11-19T13:47:23.012+0000] {processor.py:829} INFO - Processing file /home/airflow/.local/lib/python3.8/site-packages/airflow/example_dags/example_task_group_decorator.py for tasks to queue
[2023-11-19T13:47:23.014+0000] {logging_mixin.py:154} INFO - [2023-11-19T13:47:23.014+0000] {dagbag.py:536} INFO - Filling up the DagBag from /home/airflow/.local/lib/python3.8/site-packages/airflow/example_dags/example_task_group_decorator.py
[2023-11-19T13:47:23.026+0000] {processor.py:839} INFO - DAG(s) dict_keys(['example_task_group_decorator']) retrieved from /home/airflow/.local/lib/python3.8/site-packages/airflow/example_dags/example_task_group_decorator.py
[2023-11-19T13:47:23.051+0000] {logging_mixin.py:154} INFO - [2023-11-19T13:47:23.051+0000] {dag.py:2941} INFO - Sync 1 DAGs
[2023-11-19T13:47:23.074+0000] {logging_mixin.py:154} INFO - [2023-11-19T13:47:23.074+0000] {dag.py:3722} INFO - Setting next_dagrun for example_task_group_decorator to 2023-11-18T13:47:23.074463+00:00, run_after=2023-11-19T13:47:23.074463+00:00
[2023-11-19T13:47:23.095+0000] {processor.py:179} INFO - Processing /home/airflow/.local/lib/python3.8/site-packages/airflow/example_dags/example_task_group_decorator.py took 0.090 seconds
[2023-11-19T13:47:53.296+0000] {processor.py:157} INFO - Started process (PID=569) to work on /home/airflow/.local/lib/python3.8/site-packages/airflow/example_dags/example_task_group_decorator.py
[2023-11-19T13:47:53.297+0000] {processor.py:829} INFO - Processing file /home/airflow/.local/lib/python3.8/site-packages/airflow/example_dags/example_task_group_decorator.py for tasks to queue
[2023-11-19T13:47:53.300+0000] {logging_mixin.py:154} INFO - [2023-11-19T13:47:53.300+0000] {dagbag.py:536} INFO - Filling up the DagBag from /home/airflow/.local/lib/python3.8/site-packages/airflow/example_dags/example_task_group_decorator.py
[2023-11-19T13:47:53.314+0000] {processor.py:839} INFO - DAG(s) dict_keys(['example_task_group_decorator']) retrieved from /home/airflow/.local/lib/python3.8/site-packages/airflow/example_dags/example_task_group_decorator.py
[2023-11-19T13:47:53.340+0000] {logging_mixin.py:154} INFO - [2023-11-19T13:47:53.339+0000] {dag.py:2941} INFO - Sync 1 DAGs
[2023-11-19T13:47:53.368+0000] {logging_mixin.py:154} INFO - [2023-11-19T13:47:53.368+0000] {dag.py:3722} INFO - Setting next_dagrun for example_task_group_decorator to 2023-11-18T13:47:53.368306+00:00, run_after=2023-11-19T13:47:53.368306+00:00
[2023-11-19T13:47:53.399+0000] {processor.py:179} INFO - Processing /home/airflow/.local/lib/python3.8/site-packages/airflow/example_dags/example_task_group_decorator.py took 0.108 seconds
[2023-11-19T13:48:23.764+0000] {processor.py:157} INFO - Started process (PID=623) to work on /home/airflow/.local/lib/python3.8/site-packages/airflow/example_dags/example_task_group_decorator.py
[2023-11-19T13:48:23.766+0000] {processor.py:829} INFO - Processing file /home/airflow/.local/lib/python3.8/site-packages/airflow/example_dags/example_task_group_decorator.py for tasks to queue
[2023-11-19T13:48:23.768+0000] {logging_mixin.py:154} INFO - [2023-11-19T13:48:23.768+0000] {dagbag.py:536} INFO - Filling up the DagBag from /home/airflow/.local/lib/python3.8/site-packages/airflow/example_dags/example_task_group_decorator.py
[2023-11-19T13:48:23.782+0000] {processor.py:839} INFO - DAG(s) dict_keys(['example_task_group_decorator']) retrieved from /home/airflow/.local/lib/python3.8/site-packages/airflow/example_dags/example_task_group_decorator.py
[2023-11-19T13:48:23.808+0000] {logging_mixin.py:154} INFO - [2023-11-19T13:48:23.807+0000] {dag.py:2941} INFO - Sync 1 DAGs
[2023-11-19T13:48:23.829+0000] {logging_mixin.py:154} INFO - [2023-11-19T13:48:23.829+0000] {dag.py:3722} INFO - Setting next_dagrun for example_task_group_decorator to 2023-11-18T13:48:23.829453+00:00, run_after=2023-11-19T13:48:23.829453+00:00
[2023-11-19T13:48:23.854+0000] {processor.py:179} INFO - Processing /home/airflow/.local/lib/python3.8/site-packages/airflow/example_dags/example_task_group_decorator.py took 0.096 seconds
[2023-11-19T13:48:54.783+0000] {processor.py:157} INFO - Started process (PID=677) to work on /home/airflow/.local/lib/python3.8/site-packages/airflow/example_dags/example_task_group_decorator.py
[2023-11-19T13:48:54.784+0000] {processor.py:829} INFO - Processing file /home/airflow/.local/lib/python3.8/site-packages/airflow/example_dags/example_task_group_decorator.py for tasks to queue
[2023-11-19T13:48:54.787+0000] {logging_mixin.py:154} INFO - [2023-11-19T13:48:54.787+0000] {dagbag.py:536} INFO - Filling up the DagBag from /home/airflow/.local/lib/python3.8/site-packages/airflow/example_dags/example_task_group_decorator.py
[2023-11-19T13:48:54.809+0000] {processor.py:839} INFO - DAG(s) dict_keys(['example_task_group_decorator']) retrieved from /home/airflow/.local/lib/python3.8/site-packages/airflow/example_dags/example_task_group_decorator.py
[2023-11-19T13:48:54.839+0000] {logging_mixin.py:154} INFO - [2023-11-19T13:48:54.838+0000] {dag.py:2941} INFO - Sync 1 DAGs
[2023-11-19T13:48:54.861+0000] {logging_mixin.py:154} INFO - [2023-11-19T13:48:54.861+0000] {dag.py:3722} INFO - Setting next_dagrun for example_task_group_decorator to 2023-11-18T13:48:54.860977+00:00, run_after=2023-11-19T13:48:54.860977+00:00
[2023-11-19T13:48:54.894+0000] {processor.py:179} INFO - Processing /home/airflow/.local/lib/python3.8/site-packages/airflow/example_dags/example_task_group_decorator.py took 0.116 seconds
[2023-11-19T13:49:25.370+0000] {processor.py:157} INFO - Started process (PID=731) to work on /home/airflow/.local/lib/python3.8/site-packages/airflow/example_dags/example_task_group_decorator.py
[2023-11-19T13:49:25.371+0000] {processor.py:829} INFO - Processing file /home/airflow/.local/lib/python3.8/site-packages/airflow/example_dags/example_task_group_decorator.py for tasks to queue
[2023-11-19T13:49:25.375+0000] {logging_mixin.py:154} INFO - [2023-11-19T13:49:25.375+0000] {dagbag.py:536} INFO - Filling up the DagBag from /home/airflow/.local/lib/python3.8/site-packages/airflow/example_dags/example_task_group_decorator.py
[2023-11-19T13:49:25.398+0000] {processor.py:839} INFO - DAG(s) dict_keys(['example_task_group_decorator']) retrieved from /home/airflow/.local/lib/python3.8/site-packages/airflow/example_dags/example_task_group_decorator.py
[2023-11-19T13:49:25.440+0000] {logging_mixin.py:154} INFO - [2023-11-19T13:49:25.440+0000] {dag.py:2941} INFO - Sync 1 DAGs
[2023-11-19T13:49:25.463+0000] {logging_mixin.py:154} INFO - [2023-11-19T13:49:25.463+0000] {dag.py:3722} INFO - Setting next_dagrun for example_task_group_decorator to 2023-11-18T13:49:25.462746+00:00, run_after=2023-11-19T13:49:25.462746+00:00
[2023-11-19T13:49:25.488+0000] {processor.py:179} INFO - Processing /home/airflow/.local/lib/python3.8/site-packages/airflow/example_dags/example_task_group_decorator.py took 0.123 seconds
