[2023-11-19T13:43:17.632+0000] {processor.py:157} INFO - Started process (PID=74) to work on /home/airflow/.local/lib/python3.8/site-packages/airflow/example_dags/example_setup_teardown.py
[2023-11-19T13:43:17.633+0000] {processor.py:829} INFO - Processing file /home/airflow/.local/lib/python3.8/site-packages/airflow/example_dags/example_setup_teardown.py for tasks to queue
[2023-11-19T13:43:17.637+0000] {logging_mixin.py:154} INFO - [2023-11-19T13:43:17.636+0000] {dagbag.py:536} INFO - Filling up the DagBag from /home/airflow/.local/lib/python3.8/site-packages/airflow/example_dags/example_setup_teardown.py
[2023-11-19T13:43:17.655+0000] {processor.py:839} INFO - DAG(s) dict_keys(['example_setup_teardown']) retrieved from /home/airflow/.local/lib/python3.8/site-packages/airflow/example_dags/example_setup_teardown.py
[2023-11-19T13:43:17.680+0000] {logging_mixin.py:154} INFO - [2023-11-19T13:43:17.680+0000] {dag.py:2941} INFO - Sync 1 DAGs
[2023-11-19T13:43:17.702+0000] {logging_mixin.py:154} INFO - [2023-11-19T13:43:17.702+0000] {dag.py:3722} INFO - Setting next_dagrun for example_setup_teardown to 2023-11-18T13:43:17.702418+00:00, run_after=2023-11-19T13:43:17.702418+00:00
[2023-11-19T13:43:17.822+0000] {processor.py:179} INFO - Processing /home/airflow/.local/lib/python3.8/site-packages/airflow/example_dags/example_setup_teardown.py took 0.195 seconds
[2023-11-19T13:43:48.171+0000] {processor.py:157} INFO - Started process (PID=128) to work on /home/airflow/.local/lib/python3.8/site-packages/airflow/example_dags/example_setup_teardown.py
[2023-11-19T13:43:48.173+0000] {processor.py:829} INFO - Processing file /home/airflow/.local/lib/python3.8/site-packages/airflow/example_dags/example_setup_teardown.py for tasks to queue
[2023-11-19T13:43:48.175+0000] {logging_mixin.py:154} INFO - [2023-11-19T13:43:48.175+0000] {dagbag.py:536} INFO - Filling up the DagBag from /home/airflow/.local/lib/python3.8/site-packages/airflow/example_dags/example_setup_teardown.py
[2023-11-19T13:43:48.185+0000] {processor.py:839} INFO - DAG(s) dict_keys(['example_setup_teardown']) retrieved from /home/airflow/.local/lib/python3.8/site-packages/airflow/example_dags/example_setup_teardown.py
[2023-11-19T13:43:48.207+0000] {logging_mixin.py:154} INFO - [2023-11-19T13:43:48.207+0000] {dag.py:2941} INFO - Sync 1 DAGs
[2023-11-19T13:43:48.228+0000] {logging_mixin.py:154} INFO - [2023-11-19T13:43:48.228+0000] {dag.py:3722} INFO - Setting next_dagrun for example_setup_teardown to 2023-11-18T13:43:48.228437+00:00, run_after=2023-11-19T13:43:48.228437+00:00
[2023-11-19T13:43:48.261+0000] {processor.py:179} INFO - Processing /home/airflow/.local/lib/python3.8/site-packages/airflow/example_dags/example_setup_teardown.py took 0.095 seconds
[2023-11-19T13:44:18.793+0000] {processor.py:157} INFO - Started process (PID=182) to work on /home/airflow/.local/lib/python3.8/site-packages/airflow/example_dags/example_setup_teardown.py
[2023-11-19T13:44:18.797+0000] {processor.py:829} INFO - Processing file /home/airflow/.local/lib/python3.8/site-packages/airflow/example_dags/example_setup_teardown.py for tasks to queue
[2023-11-19T13:44:18.800+0000] {logging_mixin.py:154} INFO - [2023-11-19T13:44:18.800+0000] {dagbag.py:536} INFO - Filling up the DagBag from /home/airflow/.local/lib/python3.8/site-packages/airflow/example_dags/example_setup_teardown.py
[2023-11-19T13:44:18.810+0000] {processor.py:839} INFO - DAG(s) dict_keys(['example_setup_teardown']) retrieved from /home/airflow/.local/lib/python3.8/site-packages/airflow/example_dags/example_setup_teardown.py
[2023-11-19T13:44:18.831+0000] {logging_mixin.py:154} INFO - [2023-11-19T13:44:18.831+0000] {dag.py:2941} INFO - Sync 1 DAGs
[2023-11-19T13:44:18.850+0000] {logging_mixin.py:154} INFO - [2023-11-19T13:44:18.850+0000] {dag.py:3722} INFO - Setting next_dagrun for example_setup_teardown to 2023-11-18T13:44:18.849914+00:00, run_after=2023-11-19T13:44:18.849914+00:00
[2023-11-19T13:44:18.870+0000] {processor.py:179} INFO - Processing /home/airflow/.local/lib/python3.8/site-packages/airflow/example_dags/example_setup_teardown.py took 0.082 seconds
[2023-11-19T13:44:49.569+0000] {processor.py:157} INFO - Started process (PID=236) to work on /home/airflow/.local/lib/python3.8/site-packages/airflow/example_dags/example_setup_teardown.py
[2023-11-19T13:44:49.573+0000] {processor.py:829} INFO - Processing file /home/airflow/.local/lib/python3.8/site-packages/airflow/example_dags/example_setup_teardown.py for tasks to queue
[2023-11-19T13:44:49.576+0000] {logging_mixin.py:154} INFO - [2023-11-19T13:44:49.576+0000] {dagbag.py:536} INFO - Filling up the DagBag from /home/airflow/.local/lib/python3.8/site-packages/airflow/example_dags/example_setup_teardown.py
[2023-11-19T13:44:49.588+0000] {processor.py:839} INFO - DAG(s) dict_keys(['example_setup_teardown']) retrieved from /home/airflow/.local/lib/python3.8/site-packages/airflow/example_dags/example_setup_teardown.py
[2023-11-19T13:44:49.609+0000] {logging_mixin.py:154} INFO - [2023-11-19T13:44:49.609+0000] {dag.py:2941} INFO - Sync 1 DAGs
[2023-11-19T13:44:49.629+0000] {logging_mixin.py:154} INFO - [2023-11-19T13:44:49.628+0000] {dag.py:3722} INFO - Setting next_dagrun for example_setup_teardown to 2023-11-18T13:44:49.628744+00:00, run_after=2023-11-19T13:44:49.628744+00:00
[2023-11-19T13:44:49.650+0000] {processor.py:179} INFO - Processing /home/airflow/.local/lib/python3.8/site-packages/airflow/example_dags/example_setup_teardown.py took 0.084 seconds
[2023-11-19T13:45:19.861+0000] {processor.py:157} INFO - Started process (PID=290) to work on /home/airflow/.local/lib/python3.8/site-packages/airflow/example_dags/example_setup_teardown.py
[2023-11-19T13:45:19.863+0000] {processor.py:829} INFO - Processing file /home/airflow/.local/lib/python3.8/site-packages/airflow/example_dags/example_setup_teardown.py for tasks to queue
[2023-11-19T13:45:19.866+0000] {logging_mixin.py:154} INFO - [2023-11-19T13:45:19.865+0000] {dagbag.py:536} INFO - Filling up the DagBag from /home/airflow/.local/lib/python3.8/site-packages/airflow/example_dags/example_setup_teardown.py
[2023-11-19T13:45:19.876+0000] {processor.py:839} INFO - DAG(s) dict_keys(['example_setup_teardown']) retrieved from /home/airflow/.local/lib/python3.8/site-packages/airflow/example_dags/example_setup_teardown.py
[2023-11-19T13:45:19.901+0000] {logging_mixin.py:154} INFO - [2023-11-19T13:45:19.900+0000] {dag.py:2941} INFO - Sync 1 DAGs
[2023-11-19T13:45:19.920+0000] {logging_mixin.py:154} INFO - [2023-11-19T13:45:19.919+0000] {dag.py:3722} INFO - Setting next_dagrun for example_setup_teardown to 2023-11-18T13:45:19.919714+00:00, run_after=2023-11-19T13:45:19.919714+00:00
[2023-11-19T13:45:19.939+0000] {processor.py:179} INFO - Processing /home/airflow/.local/lib/python3.8/site-packages/airflow/example_dags/example_setup_teardown.py took 0.082 seconds
[2023-11-19T13:45:50.100+0000] {processor.py:157} INFO - Started process (PID=345) to work on /home/airflow/.local/lib/python3.8/site-packages/airflow/example_dags/example_setup_teardown.py
[2023-11-19T13:45:50.101+0000] {processor.py:829} INFO - Processing file /home/airflow/.local/lib/python3.8/site-packages/airflow/example_dags/example_setup_teardown.py for tasks to queue
[2023-11-19T13:45:50.103+0000] {logging_mixin.py:154} INFO - [2023-11-19T13:45:50.103+0000] {dagbag.py:536} INFO - Filling up the DagBag from /home/airflow/.local/lib/python3.8/site-packages/airflow/example_dags/example_setup_teardown.py
[2023-11-19T13:45:50.110+0000] {processor.py:839} INFO - DAG(s) dict_keys(['example_setup_teardown']) retrieved from /home/airflow/.local/lib/python3.8/site-packages/airflow/example_dags/example_setup_teardown.py
[2023-11-19T13:45:50.131+0000] {logging_mixin.py:154} INFO - [2023-11-19T13:45:50.131+0000] {dag.py:2941} INFO - Sync 1 DAGs
[2023-11-19T13:45:50.150+0000] {logging_mixin.py:154} INFO - [2023-11-19T13:45:50.150+0000] {dag.py:3722} INFO - Setting next_dagrun for example_setup_teardown to 2023-11-18T13:45:50.149966+00:00, run_after=2023-11-19T13:45:50.149966+00:00
[2023-11-19T13:45:50.171+0000] {processor.py:179} INFO - Processing /home/airflow/.local/lib/python3.8/site-packages/airflow/example_dags/example_setup_teardown.py took 0.075 seconds
[2023-11-19T13:46:20.598+0000] {processor.py:157} INFO - Started process (PID=399) to work on /home/airflow/.local/lib/python3.8/site-packages/airflow/example_dags/example_setup_teardown.py
[2023-11-19T13:46:20.600+0000] {processor.py:829} INFO - Processing file /home/airflow/.local/lib/python3.8/site-packages/airflow/example_dags/example_setup_teardown.py for tasks to queue
[2023-11-19T13:46:20.603+0000] {logging_mixin.py:154} INFO - [2023-11-19T13:46:20.603+0000] {dagbag.py:536} INFO - Filling up the DagBag from /home/airflow/.local/lib/python3.8/site-packages/airflow/example_dags/example_setup_teardown.py
[2023-11-19T13:46:20.613+0000] {processor.py:839} INFO - DAG(s) dict_keys(['example_setup_teardown']) retrieved from /home/airflow/.local/lib/python3.8/site-packages/airflow/example_dags/example_setup_teardown.py
[2023-11-19T13:46:20.644+0000] {logging_mixin.py:154} INFO - [2023-11-19T13:46:20.643+0000] {dag.py:2941} INFO - Sync 1 DAGs
[2023-11-19T13:46:20.669+0000] {logging_mixin.py:154} INFO - [2023-11-19T13:46:20.668+0000] {dag.py:3722} INFO - Setting next_dagrun for example_setup_teardown to 2023-11-18T13:46:20.668649+00:00, run_after=2023-11-19T13:46:20.668649+00:00
[2023-11-19T13:46:20.689+0000] {processor.py:179} INFO - Processing /home/airflow/.local/lib/python3.8/site-packages/airflow/example_dags/example_setup_teardown.py took 0.095 seconds
[2023-11-19T13:46:51.138+0000] {processor.py:157} INFO - Started process (PID=453) to work on /home/airflow/.local/lib/python3.8/site-packages/airflow/example_dags/example_setup_teardown.py
[2023-11-19T13:46:51.139+0000] {processor.py:829} INFO - Processing file /home/airflow/.local/lib/python3.8/site-packages/airflow/example_dags/example_setup_teardown.py for tasks to queue
[2023-11-19T13:46:51.141+0000] {logging_mixin.py:154} INFO - [2023-11-19T13:46:51.141+0000] {dagbag.py:536} INFO - Filling up the DagBag from /home/airflow/.local/lib/python3.8/site-packages/airflow/example_dags/example_setup_teardown.py
[2023-11-19T13:46:51.149+0000] {processor.py:839} INFO - DAG(s) dict_keys(['example_setup_teardown']) retrieved from /home/airflow/.local/lib/python3.8/site-packages/airflow/example_dags/example_setup_teardown.py
[2023-11-19T13:46:51.176+0000] {logging_mixin.py:154} INFO - [2023-11-19T13:46:51.175+0000] {dag.py:2941} INFO - Sync 1 DAGs
[2023-11-19T13:46:51.203+0000] {logging_mixin.py:154} INFO - [2023-11-19T13:46:51.203+0000] {dag.py:3722} INFO - Setting next_dagrun for example_setup_teardown to 2023-11-18T13:46:51.203376+00:00, run_after=2023-11-19T13:46:51.203376+00:00
[2023-11-19T13:46:51.227+0000] {processor.py:179} INFO - Processing /home/airflow/.local/lib/python3.8/site-packages/airflow/example_dags/example_setup_teardown.py took 0.094 seconds
[2023-11-19T13:47:21.421+0000] {processor.py:157} INFO - Started process (PID=507) to work on /home/airflow/.local/lib/python3.8/site-packages/airflow/example_dags/example_setup_teardown.py
[2023-11-19T13:47:21.425+0000] {processor.py:829} INFO - Processing file /home/airflow/.local/lib/python3.8/site-packages/airflow/example_dags/example_setup_teardown.py for tasks to queue
[2023-11-19T13:47:21.428+0000] {logging_mixin.py:154} INFO - [2023-11-19T13:47:21.428+0000] {dagbag.py:536} INFO - Filling up the DagBag from /home/airflow/.local/lib/python3.8/site-packages/airflow/example_dags/example_setup_teardown.py
[2023-11-19T13:47:21.439+0000] {processor.py:839} INFO - DAG(s) dict_keys(['example_setup_teardown']) retrieved from /home/airflow/.local/lib/python3.8/site-packages/airflow/example_dags/example_setup_teardown.py
[2023-11-19T13:47:21.470+0000] {logging_mixin.py:154} INFO - [2023-11-19T13:47:21.469+0000] {dag.py:2941} INFO - Sync 1 DAGs
[2023-11-19T13:47:21.499+0000] {logging_mixin.py:154} INFO - [2023-11-19T13:47:21.499+0000] {dag.py:3722} INFO - Setting next_dagrun for example_setup_teardown to 2023-11-18T13:47:21.498736+00:00, run_after=2023-11-19T13:47:21.498736+00:00
[2023-11-19T13:47:21.522+0000] {processor.py:179} INFO - Processing /home/airflow/.local/lib/python3.8/site-packages/airflow/example_dags/example_setup_teardown.py took 0.104 seconds
[2023-11-19T13:47:51.878+0000] {processor.py:157} INFO - Started process (PID=561) to work on /home/airflow/.local/lib/python3.8/site-packages/airflow/example_dags/example_setup_teardown.py
[2023-11-19T13:47:51.880+0000] {processor.py:829} INFO - Processing file /home/airflow/.local/lib/python3.8/site-packages/airflow/example_dags/example_setup_teardown.py for tasks to queue
[2023-11-19T13:47:51.883+0000] {logging_mixin.py:154} INFO - [2023-11-19T13:47:51.882+0000] {dagbag.py:536} INFO - Filling up the DagBag from /home/airflow/.local/lib/python3.8/site-packages/airflow/example_dags/example_setup_teardown.py
[2023-11-19T13:47:51.890+0000] {processor.py:839} INFO - DAG(s) dict_keys(['example_setup_teardown']) retrieved from /home/airflow/.local/lib/python3.8/site-packages/airflow/example_dags/example_setup_teardown.py
[2023-11-19T13:47:51.913+0000] {logging_mixin.py:154} INFO - [2023-11-19T13:47:51.913+0000] {dag.py:2941} INFO - Sync 1 DAGs
[2023-11-19T13:47:51.939+0000] {logging_mixin.py:154} INFO - [2023-11-19T13:47:51.939+0000] {dag.py:3722} INFO - Setting next_dagrun for example_setup_teardown to 2023-11-18T13:47:51.939391+00:00, run_after=2023-11-19T13:47:51.939391+00:00
[2023-11-19T13:47:51.961+0000] {processor.py:179} INFO - Processing /home/airflow/.local/lib/python3.8/site-packages/airflow/example_dags/example_setup_teardown.py took 0.086 seconds
[2023-11-19T13:48:22.319+0000] {processor.py:157} INFO - Started process (PID=615) to work on /home/airflow/.local/lib/python3.8/site-packages/airflow/example_dags/example_setup_teardown.py
[2023-11-19T13:48:22.320+0000] {processor.py:829} INFO - Processing file /home/airflow/.local/lib/python3.8/site-packages/airflow/example_dags/example_setup_teardown.py for tasks to queue
[2023-11-19T13:48:22.323+0000] {logging_mixin.py:154} INFO - [2023-11-19T13:48:22.323+0000] {dagbag.py:536} INFO - Filling up the DagBag from /home/airflow/.local/lib/python3.8/site-packages/airflow/example_dags/example_setup_teardown.py
[2023-11-19T13:48:22.334+0000] {processor.py:839} INFO - DAG(s) dict_keys(['example_setup_teardown']) retrieved from /home/airflow/.local/lib/python3.8/site-packages/airflow/example_dags/example_setup_teardown.py
[2023-11-19T13:48:22.365+0000] {logging_mixin.py:154} INFO - [2023-11-19T13:48:22.364+0000] {dag.py:2941} INFO - Sync 1 DAGs
[2023-11-19T13:48:22.391+0000] {logging_mixin.py:154} INFO - [2023-11-19T13:48:22.391+0000] {dag.py:3722} INFO - Setting next_dagrun for example_setup_teardown to 2023-11-18T13:48:22.391406+00:00, run_after=2023-11-19T13:48:22.391406+00:00
[2023-11-19T13:48:22.413+0000] {processor.py:179} INFO - Processing /home/airflow/.local/lib/python3.8/site-packages/airflow/example_dags/example_setup_teardown.py took 0.098 seconds
[2023-11-19T13:48:53.283+0000] {processor.py:157} INFO - Started process (PID=669) to work on /home/airflow/.local/lib/python3.8/site-packages/airflow/example_dags/example_setup_teardown.py
[2023-11-19T13:48:53.284+0000] {processor.py:829} INFO - Processing file /home/airflow/.local/lib/python3.8/site-packages/airflow/example_dags/example_setup_teardown.py for tasks to queue
[2023-11-19T13:48:53.287+0000] {logging_mixin.py:154} INFO - [2023-11-19T13:48:53.287+0000] {dagbag.py:536} INFO - Filling up the DagBag from /home/airflow/.local/lib/python3.8/site-packages/airflow/example_dags/example_setup_teardown.py
[2023-11-19T13:48:53.297+0000] {processor.py:839} INFO - DAG(s) dict_keys(['example_setup_teardown']) retrieved from /home/airflow/.local/lib/python3.8/site-packages/airflow/example_dags/example_setup_teardown.py
[2023-11-19T13:48:53.318+0000] {logging_mixin.py:154} INFO - [2023-11-19T13:48:53.318+0000] {dag.py:2941} INFO - Sync 1 DAGs
[2023-11-19T13:48:53.337+0000] {logging_mixin.py:154} INFO - [2023-11-19T13:48:53.337+0000] {dag.py:3722} INFO - Setting next_dagrun for example_setup_teardown to 2023-11-18T13:48:53.336912+00:00, run_after=2023-11-19T13:48:53.336912+00:00
[2023-11-19T13:48:53.362+0000] {processor.py:179} INFO - Processing /home/airflow/.local/lib/python3.8/site-packages/airflow/example_dags/example_setup_teardown.py took 0.084 seconds
[2023-11-19T13:49:23.769+0000] {processor.py:157} INFO - Started process (PID=723) to work on /home/airflow/.local/lib/python3.8/site-packages/airflow/example_dags/example_setup_teardown.py
[2023-11-19T13:49:23.796+0000] {processor.py:829} INFO - Processing file /home/airflow/.local/lib/python3.8/site-packages/airflow/example_dags/example_setup_teardown.py for tasks to queue
[2023-11-19T13:49:23.798+0000] {logging_mixin.py:154} INFO - [2023-11-19T13:49:23.798+0000] {dagbag.py:536} INFO - Filling up the DagBag from /home/airflow/.local/lib/python3.8/site-packages/airflow/example_dags/example_setup_teardown.py
[2023-11-19T13:49:23.806+0000] {processor.py:839} INFO - DAG(s) dict_keys(['example_setup_teardown']) retrieved from /home/airflow/.local/lib/python3.8/site-packages/airflow/example_dags/example_setup_teardown.py
[2023-11-19T13:49:23.830+0000] {logging_mixin.py:154} INFO - [2023-11-19T13:49:23.830+0000] {dag.py:2941} INFO - Sync 1 DAGs
[2023-11-19T13:49:23.854+0000] {logging_mixin.py:154} INFO - [2023-11-19T13:49:23.854+0000] {dag.py:3722} INFO - Setting next_dagrun for example_setup_teardown to 2023-11-18T13:49:23.853985+00:00, run_after=2023-11-19T13:49:23.853985+00:00
[2023-11-19T13:49:23.885+0000] {processor.py:179} INFO - Processing /home/airflow/.local/lib/python3.8/site-packages/airflow/example_dags/example_setup_teardown.py took 0.121 seconds
