[2023-11-19T13:43:18.113+0000] {processor.py:157} INFO - Started process (PID=78) to work on /home/airflow/.local/lib/python3.8/site-packages/airflow/example_dags/example_skip_dag.py
[2023-11-19T13:43:18.114+0000] {processor.py:829} INFO - Processing file /home/airflow/.local/lib/python3.8/site-packages/airflow/example_dags/example_skip_dag.py for tasks to queue
[2023-11-19T13:43:18.116+0000] {logging_mixin.py:154} INFO - [2023-11-19T13:43:18.116+0000] {dagbag.py:536} INFO - Filling up the DagBag from /home/airflow/.local/lib/python3.8/site-packages/airflow/example_dags/example_skip_dag.py
[2023-11-19T13:43:18.126+0000] {processor.py:839} INFO - DAG(s) dict_keys(['example_skip_dag']) retrieved from /home/airflow/.local/lib/python3.8/site-packages/airflow/example_dags/example_skip_dag.py
[2023-11-19T13:43:18.148+0000] {logging_mixin.py:154} INFO - [2023-11-19T13:43:18.148+0000] {dag.py:2941} INFO - Sync 1 DAGs
[2023-11-19T13:43:18.170+0000] {logging_mixin.py:154} INFO - [2023-11-19T13:43:18.170+0000] {dag.py:3722} INFO - Setting next_dagrun for example_skip_dag to 2023-11-18T13:43:18.169869+00:00, run_after=2023-11-19T13:43:18.169869+00:00
[2023-11-19T13:43:18.326+0000] {processor.py:179} INFO - Processing /home/airflow/.local/lib/python3.8/site-packages/airflow/example_dags/example_skip_dag.py took 0.216 seconds
[2023-11-19T13:43:48.442+0000] {processor.py:157} INFO - Started process (PID=132) to work on /home/airflow/.local/lib/python3.8/site-packages/airflow/example_dags/example_skip_dag.py
[2023-11-19T13:43:48.444+0000] {processor.py:829} INFO - Processing file /home/airflow/.local/lib/python3.8/site-packages/airflow/example_dags/example_skip_dag.py for tasks to queue
[2023-11-19T13:43:48.447+0000] {logging_mixin.py:154} INFO - [2023-11-19T13:43:48.447+0000] {dagbag.py:536} INFO - Filling up the DagBag from /home/airflow/.local/lib/python3.8/site-packages/airflow/example_dags/example_skip_dag.py
[2023-11-19T13:43:48.458+0000] {processor.py:839} INFO - DAG(s) dict_keys(['example_skip_dag']) retrieved from /home/airflow/.local/lib/python3.8/site-packages/airflow/example_dags/example_skip_dag.py
[2023-11-19T13:43:48.491+0000] {logging_mixin.py:154} INFO - [2023-11-19T13:43:48.490+0000] {dag.py:2941} INFO - Sync 1 DAGs
[2023-11-19T13:43:48.518+0000] {logging_mixin.py:154} INFO - [2023-11-19T13:43:48.517+0000] {dag.py:3722} INFO - Setting next_dagrun for example_skip_dag to 2023-11-18T13:43:48.517696+00:00, run_after=2023-11-19T13:43:48.517696+00:00
[2023-11-19T13:43:48.544+0000] {processor.py:179} INFO - Processing /home/airflow/.local/lib/python3.8/site-packages/airflow/example_dags/example_skip_dag.py took 0.108 seconds
[2023-11-19T13:44:19.028+0000] {processor.py:157} INFO - Started process (PID=186) to work on /home/airflow/.local/lib/python3.8/site-packages/airflow/example_dags/example_skip_dag.py
[2023-11-19T13:44:19.030+0000] {processor.py:829} INFO - Processing file /home/airflow/.local/lib/python3.8/site-packages/airflow/example_dags/example_skip_dag.py for tasks to queue
[2023-11-19T13:44:19.032+0000] {logging_mixin.py:154} INFO - [2023-11-19T13:44:19.032+0000] {dagbag.py:536} INFO - Filling up the DagBag from /home/airflow/.local/lib/python3.8/site-packages/airflow/example_dags/example_skip_dag.py
[2023-11-19T13:44:19.039+0000] {processor.py:839} INFO - DAG(s) dict_keys(['example_skip_dag']) retrieved from /home/airflow/.local/lib/python3.8/site-packages/airflow/example_dags/example_skip_dag.py
[2023-11-19T13:44:19.060+0000] {logging_mixin.py:154} INFO - [2023-11-19T13:44:19.060+0000] {dag.py:2941} INFO - Sync 1 DAGs
[2023-11-19T13:44:19.080+0000] {logging_mixin.py:154} INFO - [2023-11-19T13:44:19.079+0000] {dag.py:3722} INFO - Setting next_dagrun for example_skip_dag to 2023-11-18T13:44:19.079773+00:00, run_after=2023-11-19T13:44:19.079773+00:00
[2023-11-19T13:44:19.106+0000] {processor.py:179} INFO - Processing /home/airflow/.local/lib/python3.8/site-packages/airflow/example_dags/example_skip_dag.py took 0.081 seconds
[2023-11-19T13:44:49.819+0000] {processor.py:157} INFO - Started process (PID=240) to work on /home/airflow/.local/lib/python3.8/site-packages/airflow/example_dags/example_skip_dag.py
[2023-11-19T13:44:49.821+0000] {processor.py:829} INFO - Processing file /home/airflow/.local/lib/python3.8/site-packages/airflow/example_dags/example_skip_dag.py for tasks to queue
[2023-11-19T13:44:49.824+0000] {logging_mixin.py:154} INFO - [2023-11-19T13:44:49.823+0000] {dagbag.py:536} INFO - Filling up the DagBag from /home/airflow/.local/lib/python3.8/site-packages/airflow/example_dags/example_skip_dag.py
[2023-11-19T13:44:49.834+0000] {processor.py:839} INFO - DAG(s) dict_keys(['example_skip_dag']) retrieved from /home/airflow/.local/lib/python3.8/site-packages/airflow/example_dags/example_skip_dag.py
[2023-11-19T13:44:49.857+0000] {logging_mixin.py:154} INFO - [2023-11-19T13:44:49.857+0000] {dag.py:2941} INFO - Sync 1 DAGs
[2023-11-19T13:44:49.875+0000] {logging_mixin.py:154} INFO - [2023-11-19T13:44:49.875+0000] {dag.py:3722} INFO - Setting next_dagrun for example_skip_dag to 2023-11-18T13:44:49.874921+00:00, run_after=2023-11-19T13:44:49.874921+00:00
[2023-11-19T13:44:49.899+0000] {processor.py:179} INFO - Processing /home/airflow/.local/lib/python3.8/site-packages/airflow/example_dags/example_skip_dag.py took 0.085 seconds
[2023-11-19T13:45:20.220+0000] {processor.py:157} INFO - Started process (PID=294) to work on /home/airflow/.local/lib/python3.8/site-packages/airflow/example_dags/example_skip_dag.py
[2023-11-19T13:45:20.224+0000] {processor.py:829} INFO - Processing file /home/airflow/.local/lib/python3.8/site-packages/airflow/example_dags/example_skip_dag.py for tasks to queue
[2023-11-19T13:45:20.227+0000] {logging_mixin.py:154} INFO - [2023-11-19T13:45:20.227+0000] {dagbag.py:536} INFO - Filling up the DagBag from /home/airflow/.local/lib/python3.8/site-packages/airflow/example_dags/example_skip_dag.py
[2023-11-19T13:45:20.237+0000] {processor.py:839} INFO - DAG(s) dict_keys(['example_skip_dag']) retrieved from /home/airflow/.local/lib/python3.8/site-packages/airflow/example_dags/example_skip_dag.py
[2023-11-19T13:45:20.269+0000] {logging_mixin.py:154} INFO - [2023-11-19T13:45:20.269+0000] {dag.py:2941} INFO - Sync 1 DAGs
[2023-11-19T13:45:20.293+0000] {logging_mixin.py:154} INFO - [2023-11-19T13:45:20.292+0000] {dag.py:3722} INFO - Setting next_dagrun for example_skip_dag to 2023-11-18T13:45:20.292682+00:00, run_after=2023-11-19T13:45:20.292682+00:00
[2023-11-19T13:45:20.311+0000] {processor.py:179} INFO - Processing /home/airflow/.local/lib/python3.8/site-packages/airflow/example_dags/example_skip_dag.py took 0.096 seconds
[2023-11-19T13:45:50.344+0000] {processor.py:157} INFO - Started process (PID=349) to work on /home/airflow/.local/lib/python3.8/site-packages/airflow/example_dags/example_skip_dag.py
[2023-11-19T13:45:50.345+0000] {processor.py:829} INFO - Processing file /home/airflow/.local/lib/python3.8/site-packages/airflow/example_dags/example_skip_dag.py for tasks to queue
[2023-11-19T13:45:50.347+0000] {logging_mixin.py:154} INFO - [2023-11-19T13:45:50.347+0000] {dagbag.py:536} INFO - Filling up the DagBag from /home/airflow/.local/lib/python3.8/site-packages/airflow/example_dags/example_skip_dag.py
[2023-11-19T13:45:50.354+0000] {processor.py:839} INFO - DAG(s) dict_keys(['example_skip_dag']) retrieved from /home/airflow/.local/lib/python3.8/site-packages/airflow/example_dags/example_skip_dag.py
[2023-11-19T13:45:50.375+0000] {logging_mixin.py:154} INFO - [2023-11-19T13:45:50.375+0000] {dag.py:2941} INFO - Sync 1 DAGs
[2023-11-19T13:45:50.395+0000] {logging_mixin.py:154} INFO - [2023-11-19T13:45:50.395+0000] {dag.py:3722} INFO - Setting next_dagrun for example_skip_dag to 2023-11-18T13:45:50.394983+00:00, run_after=2023-11-19T13:45:50.394983+00:00
[2023-11-19T13:45:50.416+0000] {processor.py:179} INFO - Processing /home/airflow/.local/lib/python3.8/site-packages/airflow/example_dags/example_skip_dag.py took 0.075 seconds
[2023-11-19T13:46:20.943+0000] {processor.py:157} INFO - Started process (PID=403) to work on /home/airflow/.local/lib/python3.8/site-packages/airflow/example_dags/example_skip_dag.py
[2023-11-19T13:46:20.947+0000] {processor.py:829} INFO - Processing file /home/airflow/.local/lib/python3.8/site-packages/airflow/example_dags/example_skip_dag.py for tasks to queue
[2023-11-19T13:46:20.950+0000] {logging_mixin.py:154} INFO - [2023-11-19T13:46:20.949+0000] {dagbag.py:536} INFO - Filling up the DagBag from /home/airflow/.local/lib/python3.8/site-packages/airflow/example_dags/example_skip_dag.py
[2023-11-19T13:46:20.957+0000] {processor.py:839} INFO - DAG(s) dict_keys(['example_skip_dag']) retrieved from /home/airflow/.local/lib/python3.8/site-packages/airflow/example_dags/example_skip_dag.py
[2023-11-19T13:46:20.977+0000] {logging_mixin.py:154} INFO - [2023-11-19T13:46:20.977+0000] {dag.py:2941} INFO - Sync 1 DAGs
[2023-11-19T13:46:20.996+0000] {logging_mixin.py:154} INFO - [2023-11-19T13:46:20.996+0000] {dag.py:3722} INFO - Setting next_dagrun for example_skip_dag to 2023-11-18T13:46:20.996493+00:00, run_after=2023-11-19T13:46:20.996493+00:00
[2023-11-19T13:46:21.023+0000] {processor.py:179} INFO - Processing /home/airflow/.local/lib/python3.8/site-packages/airflow/example_dags/example_skip_dag.py took 0.084 seconds
[2023-11-19T13:46:51.453+0000] {processor.py:157} INFO - Started process (PID=457) to work on /home/airflow/.local/lib/python3.8/site-packages/airflow/example_dags/example_skip_dag.py
[2023-11-19T13:46:51.454+0000] {processor.py:829} INFO - Processing file /home/airflow/.local/lib/python3.8/site-packages/airflow/example_dags/example_skip_dag.py for tasks to queue
[2023-11-19T13:46:51.457+0000] {logging_mixin.py:154} INFO - [2023-11-19T13:46:51.456+0000] {dagbag.py:536} INFO - Filling up the DagBag from /home/airflow/.local/lib/python3.8/site-packages/airflow/example_dags/example_skip_dag.py
[2023-11-19T13:46:51.468+0000] {processor.py:839} INFO - DAG(s) dict_keys(['example_skip_dag']) retrieved from /home/airflow/.local/lib/python3.8/site-packages/airflow/example_dags/example_skip_dag.py
[2023-11-19T13:46:51.491+0000] {logging_mixin.py:154} INFO - [2023-11-19T13:46:51.491+0000] {dag.py:2941} INFO - Sync 1 DAGs
[2023-11-19T13:46:51.513+0000] {logging_mixin.py:154} INFO - [2023-11-19T13:46:51.513+0000] {dag.py:3722} INFO - Setting next_dagrun for example_skip_dag to 2023-11-18T13:46:51.512807+00:00, run_after=2023-11-19T13:46:51.512807+00:00
[2023-11-19T13:46:51.534+0000] {processor.py:179} INFO - Processing /home/airflow/.local/lib/python3.8/site-packages/airflow/example_dags/example_skip_dag.py took 0.086 seconds
[2023-11-19T13:47:21.697+0000] {processor.py:157} INFO - Started process (PID=511) to work on /home/airflow/.local/lib/python3.8/site-packages/airflow/example_dags/example_skip_dag.py
[2023-11-19T13:47:21.699+0000] {processor.py:829} INFO - Processing file /home/airflow/.local/lib/python3.8/site-packages/airflow/example_dags/example_skip_dag.py for tasks to queue
[2023-11-19T13:47:21.702+0000] {logging_mixin.py:154} INFO - [2023-11-19T13:47:21.701+0000] {dagbag.py:536} INFO - Filling up the DagBag from /home/airflow/.local/lib/python3.8/site-packages/airflow/example_dags/example_skip_dag.py
[2023-11-19T13:47:21.711+0000] {processor.py:839} INFO - DAG(s) dict_keys(['example_skip_dag']) retrieved from /home/airflow/.local/lib/python3.8/site-packages/airflow/example_dags/example_skip_dag.py
[2023-11-19T13:47:21.741+0000] {logging_mixin.py:154} INFO - [2023-11-19T13:47:21.741+0000] {dag.py:2941} INFO - Sync 1 DAGs
[2023-11-19T13:47:21.770+0000] {logging_mixin.py:154} INFO - [2023-11-19T13:47:21.770+0000] {dag.py:3722} INFO - Setting next_dagrun for example_skip_dag to 2023-11-18T13:47:21.770084+00:00, run_after=2023-11-19T13:47:21.770084+00:00
[2023-11-19T13:47:21.792+0000] {processor.py:179} INFO - Processing /home/airflow/.local/lib/python3.8/site-packages/airflow/example_dags/example_skip_dag.py took 0.098 seconds
[2023-11-19T13:47:52.099+0000] {processor.py:157} INFO - Started process (PID=565) to work on /home/airflow/.local/lib/python3.8/site-packages/airflow/example_dags/example_skip_dag.py
[2023-11-19T13:47:52.100+0000] {processor.py:829} INFO - Processing file /home/airflow/.local/lib/python3.8/site-packages/airflow/example_dags/example_skip_dag.py for tasks to queue
[2023-11-19T13:47:52.102+0000] {logging_mixin.py:154} INFO - [2023-11-19T13:47:52.102+0000] {dagbag.py:536} INFO - Filling up the DagBag from /home/airflow/.local/lib/python3.8/site-packages/airflow/example_dags/example_skip_dag.py
[2023-11-19T13:47:52.107+0000] {processor.py:839} INFO - DAG(s) dict_keys(['example_skip_dag']) retrieved from /home/airflow/.local/lib/python3.8/site-packages/airflow/example_dags/example_skip_dag.py
[2023-11-19T13:47:52.126+0000] {logging_mixin.py:154} INFO - [2023-11-19T13:47:52.126+0000] {dag.py:2941} INFO - Sync 1 DAGs
[2023-11-19T13:47:52.143+0000] {logging_mixin.py:154} INFO - [2023-11-19T13:47:52.143+0000] {dag.py:3722} INFO - Setting next_dagrun for example_skip_dag to 2023-11-18T13:47:52.143285+00:00, run_after=2023-11-19T13:47:52.143285+00:00
[2023-11-19T13:47:52.162+0000] {processor.py:179} INFO - Processing /home/airflow/.local/lib/python3.8/site-packages/airflow/example_dags/example_skip_dag.py took 0.066 seconds
[2023-11-19T13:48:22.539+0000] {processor.py:157} INFO - Started process (PID=619) to work on /home/airflow/.local/lib/python3.8/site-packages/airflow/example_dags/example_skip_dag.py
[2023-11-19T13:48:22.540+0000] {processor.py:829} INFO - Processing file /home/airflow/.local/lib/python3.8/site-packages/airflow/example_dags/example_skip_dag.py for tasks to queue
[2023-11-19T13:48:22.542+0000] {logging_mixin.py:154} INFO - [2023-11-19T13:48:22.541+0000] {dagbag.py:536} INFO - Filling up the DagBag from /home/airflow/.local/lib/python3.8/site-packages/airflow/example_dags/example_skip_dag.py
[2023-11-19T13:48:22.547+0000] {processor.py:839} INFO - DAG(s) dict_keys(['example_skip_dag']) retrieved from /home/airflow/.local/lib/python3.8/site-packages/airflow/example_dags/example_skip_dag.py
[2023-11-19T13:48:22.565+0000] {logging_mixin.py:154} INFO - [2023-11-19T13:48:22.565+0000] {dag.py:2941} INFO - Sync 1 DAGs
[2023-11-19T13:48:22.585+0000] {logging_mixin.py:154} INFO - [2023-11-19T13:48:22.585+0000] {dag.py:3722} INFO - Setting next_dagrun for example_skip_dag to 2023-11-18T13:48:22.584911+00:00, run_after=2023-11-19T13:48:22.584911+00:00
[2023-11-19T13:48:22.603+0000] {processor.py:179} INFO - Processing /home/airflow/.local/lib/python3.8/site-packages/airflow/example_dags/example_skip_dag.py took 0.067 seconds
[2023-11-19T13:48:53.538+0000] {processor.py:157} INFO - Started process (PID=673) to work on /home/airflow/.local/lib/python3.8/site-packages/airflow/example_dags/example_skip_dag.py
[2023-11-19T13:48:53.538+0000] {processor.py:829} INFO - Processing file /home/airflow/.local/lib/python3.8/site-packages/airflow/example_dags/example_skip_dag.py for tasks to queue
[2023-11-19T13:48:53.540+0000] {logging_mixin.py:154} INFO - [2023-11-19T13:48:53.540+0000] {dagbag.py:536} INFO - Filling up the DagBag from /home/airflow/.local/lib/python3.8/site-packages/airflow/example_dags/example_skip_dag.py
[2023-11-19T13:48:53.546+0000] {processor.py:839} INFO - DAG(s) dict_keys(['example_skip_dag']) retrieved from /home/airflow/.local/lib/python3.8/site-packages/airflow/example_dags/example_skip_dag.py
[2023-11-19T13:48:53.567+0000] {logging_mixin.py:154} INFO - [2023-11-19T13:48:53.567+0000] {dag.py:2941} INFO - Sync 1 DAGs
[2023-11-19T13:48:53.594+0000] {logging_mixin.py:154} INFO - [2023-11-19T13:48:53.594+0000] {dag.py:3722} INFO - Setting next_dagrun for example_skip_dag to 2023-11-18T13:48:53.593985+00:00, run_after=2023-11-19T13:48:53.593985+00:00
[2023-11-19T13:48:53.635+0000] {processor.py:179} INFO - Processing /home/airflow/.local/lib/python3.8/site-packages/airflow/example_dags/example_skip_dag.py took 0.101 seconds
[2023-11-19T13:49:24.123+0000] {processor.py:157} INFO - Started process (PID=727) to work on /home/airflow/.local/lib/python3.8/site-packages/airflow/example_dags/example_skip_dag.py
[2023-11-19T13:49:24.126+0000] {processor.py:829} INFO - Processing file /home/airflow/.local/lib/python3.8/site-packages/airflow/example_dags/example_skip_dag.py for tasks to queue
[2023-11-19T13:49:24.128+0000] {logging_mixin.py:154} INFO - [2023-11-19T13:49:24.128+0000] {dagbag.py:536} INFO - Filling up the DagBag from /home/airflow/.local/lib/python3.8/site-packages/airflow/example_dags/example_skip_dag.py
[2023-11-19T13:49:24.135+0000] {processor.py:839} INFO - DAG(s) dict_keys(['example_skip_dag']) retrieved from /home/airflow/.local/lib/python3.8/site-packages/airflow/example_dags/example_skip_dag.py
[2023-11-19T13:49:24.156+0000] {logging_mixin.py:154} INFO - [2023-11-19T13:49:24.156+0000] {dag.py:2941} INFO - Sync 1 DAGs
[2023-11-19T13:49:24.177+0000] {logging_mixin.py:154} INFO - [2023-11-19T13:49:24.177+0000] {dag.py:3722} INFO - Setting next_dagrun for example_skip_dag to 2023-11-18T13:49:24.177527+00:00, run_after=2023-11-19T13:49:24.177527+00:00
[2023-11-19T13:49:24.206+0000] {processor.py:179} INFO - Processing /home/airflow/.local/lib/python3.8/site-packages/airflow/example_dags/example_skip_dag.py took 0.086 seconds
