[2023-11-19T13:43:17.861+0000] {processor.py:157} INFO - Started process (PID=76) to work on /home/airflow/.local/lib/python3.8/site-packages/airflow/example_dags/example_short_circuit_decorator.py
[2023-11-19T13:43:17.862+0000] {processor.py:829} INFO - Processing file /home/airflow/.local/lib/python3.8/site-packages/airflow/example_dags/example_short_circuit_decorator.py for tasks to queue
[2023-11-19T13:43:17.864+0000] {logging_mixin.py:154} INFO - [2023-11-19T13:43:17.864+0000] {dagbag.py:536} INFO - Filling up the DagBag from /home/airflow/.local/lib/python3.8/site-packages/airflow/example_dags/example_short_circuit_decorator.py
[2023-11-19T13:43:17.884+0000] {processor.py:839} INFO - DAG(s) dict_keys(['example_short_circuit_decorator']) retrieved from /home/airflow/.local/lib/python3.8/site-packages/airflow/example_dags/example_short_circuit_decorator.py
[2023-11-19T13:43:17.914+0000] {logging_mixin.py:154} INFO - [2023-11-19T13:43:17.914+0000] {dag.py:2941} INFO - Sync 1 DAGs
[2023-11-19T13:43:17.932+0000] {logging_mixin.py:154} INFO - [2023-11-19T13:43:17.932+0000] {dag.py:3722} INFO - Setting next_dagrun for example_short_circuit_decorator to 2023-11-18T13:43:17.932460+00:00, run_after=2023-11-19T13:43:17.932460+00:00
[2023-11-19T13:43:18.049+0000] {processor.py:179} INFO - Processing /home/airflow/.local/lib/python3.8/site-packages/airflow/example_dags/example_short_circuit_decorator.py took 0.193 seconds
[2023-11-19T13:43:48.297+0000] {processor.py:157} INFO - Started process (PID=130) to work on /home/airflow/.local/lib/python3.8/site-packages/airflow/example_dags/example_short_circuit_decorator.py
[2023-11-19T13:43:48.298+0000] {processor.py:829} INFO - Processing file /home/airflow/.local/lib/python3.8/site-packages/airflow/example_dags/example_short_circuit_decorator.py for tasks to queue
[2023-11-19T13:43:48.300+0000] {logging_mixin.py:154} INFO - [2023-11-19T13:43:48.300+0000] {dagbag.py:536} INFO - Filling up the DagBag from /home/airflow/.local/lib/python3.8/site-packages/airflow/example_dags/example_short_circuit_decorator.py
[2023-11-19T13:43:48.314+0000] {processor.py:839} INFO - DAG(s) dict_keys(['example_short_circuit_decorator']) retrieved from /home/airflow/.local/lib/python3.8/site-packages/airflow/example_dags/example_short_circuit_decorator.py
[2023-11-19T13:43:48.350+0000] {logging_mixin.py:154} INFO - [2023-11-19T13:43:48.350+0000] {dag.py:2941} INFO - Sync 1 DAGs
[2023-11-19T13:43:48.375+0000] {logging_mixin.py:154} INFO - [2023-11-19T13:43:48.374+0000] {dag.py:3722} INFO - Setting next_dagrun for example_short_circuit_decorator to 2023-11-18T13:43:48.374693+00:00, run_after=2023-11-19T13:43:48.374693+00:00
[2023-11-19T13:43:48.402+0000] {processor.py:179} INFO - Processing /home/airflow/.local/lib/python3.8/site-packages/airflow/example_dags/example_short_circuit_decorator.py took 0.111 seconds
[2023-11-19T13:44:18.916+0000] {processor.py:157} INFO - Started process (PID=184) to work on /home/airflow/.local/lib/python3.8/site-packages/airflow/example_dags/example_short_circuit_decorator.py
[2023-11-19T13:44:18.918+0000] {processor.py:829} INFO - Processing file /home/airflow/.local/lib/python3.8/site-packages/airflow/example_dags/example_short_circuit_decorator.py for tasks to queue
[2023-11-19T13:44:18.921+0000] {logging_mixin.py:154} INFO - [2023-11-19T13:44:18.920+0000] {dagbag.py:536} INFO - Filling up the DagBag from /home/airflow/.local/lib/python3.8/site-packages/airflow/example_dags/example_short_circuit_decorator.py
[2023-11-19T13:44:18.935+0000] {processor.py:839} INFO - DAG(s) dict_keys(['example_short_circuit_decorator']) retrieved from /home/airflow/.local/lib/python3.8/site-packages/airflow/example_dags/example_short_circuit_decorator.py
[2023-11-19T13:44:18.959+0000] {logging_mixin.py:154} INFO - [2023-11-19T13:44:18.959+0000] {dag.py:2941} INFO - Sync 1 DAGs
[2023-11-19T13:44:18.979+0000] {logging_mixin.py:154} INFO - [2023-11-19T13:44:18.979+0000] {dag.py:3722} INFO - Setting next_dagrun for example_short_circuit_decorator to 2023-11-18T13:44:18.979004+00:00, run_after=2023-11-19T13:44:18.979004+00:00
[2023-11-19T13:44:19.000+0000] {processor.py:179} INFO - Processing /home/airflow/.local/lib/python3.8/site-packages/airflow/example_dags/example_short_circuit_decorator.py took 0.089 seconds
[2023-11-19T13:44:49.680+0000] {processor.py:157} INFO - Started process (PID=238) to work on /home/airflow/.local/lib/python3.8/site-packages/airflow/example_dags/example_short_circuit_decorator.py
[2023-11-19T13:44:49.683+0000] {processor.py:829} INFO - Processing file /home/airflow/.local/lib/python3.8/site-packages/airflow/example_dags/example_short_circuit_decorator.py for tasks to queue
[2023-11-19T13:44:49.686+0000] {logging_mixin.py:154} INFO - [2023-11-19T13:44:49.685+0000] {dagbag.py:536} INFO - Filling up the DagBag from /home/airflow/.local/lib/python3.8/site-packages/airflow/example_dags/example_short_circuit_decorator.py
[2023-11-19T13:44:49.701+0000] {processor.py:839} INFO - DAG(s) dict_keys(['example_short_circuit_decorator']) retrieved from /home/airflow/.local/lib/python3.8/site-packages/airflow/example_dags/example_short_circuit_decorator.py
[2023-11-19T13:44:49.736+0000] {logging_mixin.py:154} INFO - [2023-11-19T13:44:49.735+0000] {dag.py:2941} INFO - Sync 1 DAGs
[2023-11-19T13:44:49.760+0000] {logging_mixin.py:154} INFO - [2023-11-19T13:44:49.760+0000] {dag.py:3722} INFO - Setting next_dagrun for example_short_circuit_decorator to 2023-11-18T13:44:49.760191+00:00, run_after=2023-11-19T13:44:49.760191+00:00
[2023-11-19T13:44:49.784+0000] {processor.py:179} INFO - Processing /home/airflow/.local/lib/python3.8/site-packages/airflow/example_dags/example_short_circuit_decorator.py took 0.109 seconds
[2023-11-19T13:45:19.997+0000] {processor.py:157} INFO - Started process (PID=292) to work on /home/airflow/.local/lib/python3.8/site-packages/airflow/example_dags/example_short_circuit_decorator.py
[2023-11-19T13:45:19.998+0000] {processor.py:829} INFO - Processing file /home/airflow/.local/lib/python3.8/site-packages/airflow/example_dags/example_short_circuit_decorator.py for tasks to queue
[2023-11-19T13:45:20.000+0000] {logging_mixin.py:154} INFO - [2023-11-19T13:45:19.999+0000] {dagbag.py:536} INFO - Filling up the DagBag from /home/airflow/.local/lib/python3.8/site-packages/airflow/example_dags/example_short_circuit_decorator.py
[2023-11-19T13:45:20.008+0000] {processor.py:839} INFO - DAG(s) dict_keys(['example_short_circuit_decorator']) retrieved from /home/airflow/.local/lib/python3.8/site-packages/airflow/example_dags/example_short_circuit_decorator.py
[2023-11-19T13:45:20.030+0000] {logging_mixin.py:154} INFO - [2023-11-19T13:45:20.030+0000] {dag.py:2941} INFO - Sync 1 DAGs
[2023-11-19T13:45:20.048+0000] {logging_mixin.py:154} INFO - [2023-11-19T13:45:20.048+0000] {dag.py:3722} INFO - Setting next_dagrun for example_short_circuit_decorator to 2023-11-18T13:45:20.048567+00:00, run_after=2023-11-19T13:45:20.048567+00:00
[2023-11-19T13:45:20.068+0000] {processor.py:179} INFO - Processing /home/airflow/.local/lib/python3.8/site-packages/airflow/example_dags/example_short_circuit_decorator.py took 0.074 seconds
[2023-11-19T13:45:50.204+0000] {processor.py:157} INFO - Started process (PID=347) to work on /home/airflow/.local/lib/python3.8/site-packages/airflow/example_dags/example_short_circuit_decorator.py
[2023-11-19T13:45:50.208+0000] {processor.py:829} INFO - Processing file /home/airflow/.local/lib/python3.8/site-packages/airflow/example_dags/example_short_circuit_decorator.py for tasks to queue
[2023-11-19T13:45:50.210+0000] {logging_mixin.py:154} INFO - [2023-11-19T13:45:50.209+0000] {dagbag.py:536} INFO - Filling up the DagBag from /home/airflow/.local/lib/python3.8/site-packages/airflow/example_dags/example_short_circuit_decorator.py
[2023-11-19T13:45:50.217+0000] {processor.py:839} INFO - DAG(s) dict_keys(['example_short_circuit_decorator']) retrieved from /home/airflow/.local/lib/python3.8/site-packages/airflow/example_dags/example_short_circuit_decorator.py
[2023-11-19T13:45:50.249+0000] {logging_mixin.py:154} INFO - [2023-11-19T13:45:50.248+0000] {dag.py:2941} INFO - Sync 1 DAGs
[2023-11-19T13:45:50.274+0000] {logging_mixin.py:154} INFO - [2023-11-19T13:45:50.273+0000] {dag.py:3722} INFO - Setting next_dagrun for example_short_circuit_decorator to 2023-11-18T13:45:50.273725+00:00, run_after=2023-11-19T13:45:50.273725+00:00
[2023-11-19T13:45:50.294+0000] {processor.py:179} INFO - Processing /home/airflow/.local/lib/python3.8/site-packages/airflow/example_dags/example_short_circuit_decorator.py took 0.096 seconds
[2023-11-19T13:46:20.828+0000] {processor.py:157} INFO - Started process (PID=401) to work on /home/airflow/.local/lib/python3.8/site-packages/airflow/example_dags/example_short_circuit_decorator.py
[2023-11-19T13:46:20.829+0000] {processor.py:829} INFO - Processing file /home/airflow/.local/lib/python3.8/site-packages/airflow/example_dags/example_short_circuit_decorator.py for tasks to queue
[2023-11-19T13:46:20.831+0000] {logging_mixin.py:154} INFO - [2023-11-19T13:46:20.831+0000] {dagbag.py:536} INFO - Filling up the DagBag from /home/airflow/.local/lib/python3.8/site-packages/airflow/example_dags/example_short_circuit_decorator.py
[2023-11-19T13:46:20.839+0000] {processor.py:839} INFO - DAG(s) dict_keys(['example_short_circuit_decorator']) retrieved from /home/airflow/.local/lib/python3.8/site-packages/airflow/example_dags/example_short_circuit_decorator.py
[2023-11-19T13:46:20.872+0000] {logging_mixin.py:154} INFO - [2023-11-19T13:46:20.872+0000] {dag.py:2941} INFO - Sync 1 DAGs
[2023-11-19T13:46:20.892+0000] {logging_mixin.py:154} INFO - [2023-11-19T13:46:20.892+0000] {dag.py:3722} INFO - Setting next_dagrun for example_short_circuit_decorator to 2023-11-18T13:46:20.891849+00:00, run_after=2023-11-19T13:46:20.891849+00:00
[2023-11-19T13:46:20.914+0000] {processor.py:179} INFO - Processing /home/airflow/.local/lib/python3.8/site-packages/airflow/example_dags/example_short_circuit_decorator.py took 0.088 seconds
[2023-11-19T13:46:51.350+0000] {processor.py:157} INFO - Started process (PID=455) to work on /home/airflow/.local/lib/python3.8/site-packages/airflow/example_dags/example_short_circuit_decorator.py
[2023-11-19T13:46:51.351+0000] {processor.py:829} INFO - Processing file /home/airflow/.local/lib/python3.8/site-packages/airflow/example_dags/example_short_circuit_decorator.py for tasks to queue
[2023-11-19T13:46:51.354+0000] {logging_mixin.py:154} INFO - [2023-11-19T13:46:51.354+0000] {dagbag.py:536} INFO - Filling up the DagBag from /home/airflow/.local/lib/python3.8/site-packages/airflow/example_dags/example_short_circuit_decorator.py
[2023-11-19T13:46:51.369+0000] {processor.py:839} INFO - DAG(s) dict_keys(['example_short_circuit_decorator']) retrieved from /home/airflow/.local/lib/python3.8/site-packages/airflow/example_dags/example_short_circuit_decorator.py
[2023-11-19T13:46:51.393+0000] {logging_mixin.py:154} INFO - [2023-11-19T13:46:51.393+0000] {dag.py:2941} INFO - Sync 1 DAGs
[2023-11-19T13:46:51.413+0000] {logging_mixin.py:154} INFO - [2023-11-19T13:46:51.412+0000] {dag.py:3722} INFO - Setting next_dagrun for example_short_circuit_decorator to 2023-11-18T13:46:51.412770+00:00, run_after=2023-11-19T13:46:51.412770+00:00
[2023-11-19T13:46:51.434+0000] {processor.py:179} INFO - Processing /home/airflow/.local/lib/python3.8/site-packages/airflow/example_dags/example_short_circuit_decorator.py took 0.089 seconds
[2023-11-19T13:47:21.584+0000] {processor.py:157} INFO - Started process (PID=509) to work on /home/airflow/.local/lib/python3.8/site-packages/airflow/example_dags/example_short_circuit_decorator.py
[2023-11-19T13:47:21.585+0000] {processor.py:829} INFO - Processing file /home/airflow/.local/lib/python3.8/site-packages/airflow/example_dags/example_short_circuit_decorator.py for tasks to queue
[2023-11-19T13:47:21.587+0000] {logging_mixin.py:154} INFO - [2023-11-19T13:47:21.587+0000] {dagbag.py:536} INFO - Filling up the DagBag from /home/airflow/.local/lib/python3.8/site-packages/airflow/example_dags/example_short_circuit_decorator.py
[2023-11-19T13:47:21.595+0000] {processor.py:839} INFO - DAG(s) dict_keys(['example_short_circuit_decorator']) retrieved from /home/airflow/.local/lib/python3.8/site-packages/airflow/example_dags/example_short_circuit_decorator.py
[2023-11-19T13:47:21.620+0000] {logging_mixin.py:154} INFO - [2023-11-19T13:47:21.619+0000] {dag.py:2941} INFO - Sync 1 DAGs
[2023-11-19T13:47:21.640+0000] {logging_mixin.py:154} INFO - [2023-11-19T13:47:21.640+0000] {dag.py:3722} INFO - Setting next_dagrun for example_short_circuit_decorator to 2023-11-18T13:47:21.639907+00:00, run_after=2023-11-19T13:47:21.639907+00:00
[2023-11-19T13:47:21.660+0000] {processor.py:179} INFO - Processing /home/airflow/.local/lib/python3.8/site-packages/airflow/example_dags/example_short_circuit_decorator.py took 0.079 seconds
[2023-11-19T13:47:51.986+0000] {processor.py:157} INFO - Started process (PID=563) to work on /home/airflow/.local/lib/python3.8/site-packages/airflow/example_dags/example_short_circuit_decorator.py
[2023-11-19T13:47:51.987+0000] {processor.py:829} INFO - Processing file /home/airflow/.local/lib/python3.8/site-packages/airflow/example_dags/example_short_circuit_decorator.py for tasks to queue
[2023-11-19T13:47:51.989+0000] {logging_mixin.py:154} INFO - [2023-11-19T13:47:51.989+0000] {dagbag.py:536} INFO - Filling up the DagBag from /home/airflow/.local/lib/python3.8/site-packages/airflow/example_dags/example_short_circuit_decorator.py
[2023-11-19T13:47:51.999+0000] {processor.py:839} INFO - DAG(s) dict_keys(['example_short_circuit_decorator']) retrieved from /home/airflow/.local/lib/python3.8/site-packages/airflow/example_dags/example_short_circuit_decorator.py
[2023-11-19T13:47:52.026+0000] {logging_mixin.py:154} INFO - [2023-11-19T13:47:52.026+0000] {dag.py:2941} INFO - Sync 1 DAGs
[2023-11-19T13:47:52.049+0000] {logging_mixin.py:154} INFO - [2023-11-19T13:47:52.049+0000] {dag.py:3722} INFO - Setting next_dagrun for example_short_circuit_decorator to 2023-11-18T13:47:52.049265+00:00, run_after=2023-11-19T13:47:52.049265+00:00
[2023-11-19T13:47:52.068+0000] {processor.py:179} INFO - Processing /home/airflow/.local/lib/python3.8/site-packages/airflow/example_dags/example_short_circuit_decorator.py took 0.085 seconds
[2023-11-19T13:48:22.438+0000] {processor.py:157} INFO - Started process (PID=617) to work on /home/airflow/.local/lib/python3.8/site-packages/airflow/example_dags/example_short_circuit_decorator.py
[2023-11-19T13:48:22.441+0000] {processor.py:829} INFO - Processing file /home/airflow/.local/lib/python3.8/site-packages/airflow/example_dags/example_short_circuit_decorator.py for tasks to queue
[2023-11-19T13:48:22.443+0000] {logging_mixin.py:154} INFO - [2023-11-19T13:48:22.442+0000] {dagbag.py:536} INFO - Filling up the DagBag from /home/airflow/.local/lib/python3.8/site-packages/airflow/example_dags/example_short_circuit_decorator.py
[2023-11-19T13:48:22.450+0000] {processor.py:839} INFO - DAG(s) dict_keys(['example_short_circuit_decorator']) retrieved from /home/airflow/.local/lib/python3.8/site-packages/airflow/example_dags/example_short_circuit_decorator.py
[2023-11-19T13:48:22.473+0000] {logging_mixin.py:154} INFO - [2023-11-19T13:48:22.473+0000] {dag.py:2941} INFO - Sync 1 DAGs
[2023-11-19T13:48:22.493+0000] {logging_mixin.py:154} INFO - [2023-11-19T13:48:22.493+0000] {dag.py:3722} INFO - Setting next_dagrun for example_short_circuit_decorator to 2023-11-18T13:48:22.493169+00:00, run_after=2023-11-19T13:48:22.493169+00:00
[2023-11-19T13:48:22.514+0000] {processor.py:179} INFO - Processing /home/airflow/.local/lib/python3.8/site-packages/airflow/example_dags/example_short_circuit_decorator.py took 0.078 seconds
[2023-11-19T13:48:53.403+0000] {processor.py:157} INFO - Started process (PID=671) to work on /home/airflow/.local/lib/python3.8/site-packages/airflow/example_dags/example_short_circuit_decorator.py
[2023-11-19T13:48:53.405+0000] {processor.py:829} INFO - Processing file /home/airflow/.local/lib/python3.8/site-packages/airflow/example_dags/example_short_circuit_decorator.py for tasks to queue
[2023-11-19T13:48:53.407+0000] {logging_mixin.py:154} INFO - [2023-11-19T13:48:53.407+0000] {dagbag.py:536} INFO - Filling up the DagBag from /home/airflow/.local/lib/python3.8/site-packages/airflow/example_dags/example_short_circuit_decorator.py
[2023-11-19T13:48:53.421+0000] {processor.py:839} INFO - DAG(s) dict_keys(['example_short_circuit_decorator']) retrieved from /home/airflow/.local/lib/python3.8/site-packages/airflow/example_dags/example_short_circuit_decorator.py
[2023-11-19T13:48:53.458+0000] {logging_mixin.py:154} INFO - [2023-11-19T13:48:53.457+0000] {dag.py:2941} INFO - Sync 1 DAGs
[2023-11-19T13:48:53.485+0000] {logging_mixin.py:154} INFO - [2023-11-19T13:48:53.485+0000] {dag.py:3722} INFO - Setting next_dagrun for example_short_circuit_decorator to 2023-11-18T13:48:53.485222+00:00, run_after=2023-11-19T13:48:53.485222+00:00
[2023-11-19T13:48:53.510+0000] {processor.py:179} INFO - Processing /home/airflow/.local/lib/python3.8/site-packages/airflow/example_dags/example_short_circuit_decorator.py took 0.111 seconds
[2023-11-19T13:49:23.921+0000] {processor.py:157} INFO - Started process (PID=725) to work on /home/airflow/.local/lib/python3.8/site-packages/airflow/example_dags/example_short_circuit_decorator.py
[2023-11-19T13:49:23.922+0000] {processor.py:829} INFO - Processing file /home/airflow/.local/lib/python3.8/site-packages/airflow/example_dags/example_short_circuit_decorator.py for tasks to queue
[2023-11-19T13:49:23.925+0000] {logging_mixin.py:154} INFO - [2023-11-19T13:49:23.924+0000] {dagbag.py:536} INFO - Filling up the DagBag from /home/airflow/.local/lib/python3.8/site-packages/airflow/example_dags/example_short_circuit_decorator.py
[2023-11-19T13:49:23.936+0000] {processor.py:839} INFO - DAG(s) dict_keys(['example_short_circuit_decorator']) retrieved from /home/airflow/.local/lib/python3.8/site-packages/airflow/example_dags/example_short_circuit_decorator.py
[2023-11-19T13:49:23.964+0000] {logging_mixin.py:154} INFO - [2023-11-19T13:49:23.964+0000] {dag.py:2941} INFO - Sync 1 DAGs
[2023-11-19T13:49:23.996+0000] {logging_mixin.py:154} INFO - [2023-11-19T13:49:23.995+0000] {dag.py:3722} INFO - Setting next_dagrun for example_short_circuit_decorator to 2023-11-18T13:49:23.995115+00:00, run_after=2023-11-19T13:49:23.995115+00:00
[2023-11-19T13:49:24.058+0000] {processor.py:179} INFO - Processing /home/airflow/.local/lib/python3.8/site-packages/airflow/example_dags/example_short_circuit_decorator.py took 0.141 seconds
