[2023-11-19T13:43:19.886+0000] {processor.py:157} INFO - Started process (PID=89) to work on /home/airflow/.local/lib/python3.8/site-packages/airflow/example_dags/tutorial_dag.py
[2023-11-19T13:43:19.887+0000] {processor.py:829} INFO - Processing file /home/airflow/.local/lib/python3.8/site-packages/airflow/example_dags/tutorial_dag.py for tasks to queue
[2023-11-19T13:43:19.890+0000] {logging_mixin.py:154} INFO - [2023-11-19T13:43:19.890+0000] {dagbag.py:536} INFO - Filling up the DagBag from /home/airflow/.local/lib/python3.8/site-packages/airflow/example_dags/tutorial_dag.py
[2023-11-19T13:43:19.899+0000] {processor.py:839} INFO - DAG(s) dict_keys(['tutorial_dag']) retrieved from /home/airflow/.local/lib/python3.8/site-packages/airflow/example_dags/tutorial_dag.py
[2023-11-19T13:43:19.928+0000] {logging_mixin.py:154} INFO - [2023-11-19T13:43:19.928+0000] {dag.py:2941} INFO - Sync 1 DAGs
[2023-11-19T13:43:19.945+0000] {logging_mixin.py:154} INFO - [2023-11-19T13:43:19.945+0000] {dag.py:3722} INFO - Setting next_dagrun for tutorial_dag to None, run_after=None
[2023-11-19T13:43:20.003+0000] {processor.py:179} INFO - Processing /home/airflow/.local/lib/python3.8/site-packages/airflow/example_dags/tutorial_dag.py took 0.122 seconds
[2023-11-19T13:43:50.116+0000] {processor.py:157} INFO - Started process (PID=143) to work on /home/airflow/.local/lib/python3.8/site-packages/airflow/example_dags/tutorial_dag.py
[2023-11-19T13:43:50.117+0000] {processor.py:829} INFO - Processing file /home/airflow/.local/lib/python3.8/site-packages/airflow/example_dags/tutorial_dag.py for tasks to queue
[2023-11-19T13:43:50.120+0000] {logging_mixin.py:154} INFO - [2023-11-19T13:43:50.120+0000] {dagbag.py:536} INFO - Filling up the DagBag from /home/airflow/.local/lib/python3.8/site-packages/airflow/example_dags/tutorial_dag.py
[2023-11-19T13:43:50.129+0000] {processor.py:839} INFO - DAG(s) dict_keys(['tutorial_dag']) retrieved from /home/airflow/.local/lib/python3.8/site-packages/airflow/example_dags/tutorial_dag.py
[2023-11-19T13:43:50.152+0000] {logging_mixin.py:154} INFO - [2023-11-19T13:43:50.152+0000] {dag.py:2941} INFO - Sync 1 DAGs
[2023-11-19T13:43:50.165+0000] {logging_mixin.py:154} INFO - [2023-11-19T13:43:50.165+0000] {dag.py:3722} INFO - Setting next_dagrun for tutorial_dag to None, run_after=None
[2023-11-19T13:43:50.189+0000] {processor.py:179} INFO - Processing /home/airflow/.local/lib/python3.8/site-packages/airflow/example_dags/tutorial_dag.py took 0.078 seconds
[2023-11-19T13:44:20.689+0000] {processor.py:157} INFO - Started process (PID=197) to work on /home/airflow/.local/lib/python3.8/site-packages/airflow/example_dags/tutorial_dag.py
[2023-11-19T13:44:20.690+0000] {processor.py:829} INFO - Processing file /home/airflow/.local/lib/python3.8/site-packages/airflow/example_dags/tutorial_dag.py for tasks to queue
[2023-11-19T13:44:20.692+0000] {logging_mixin.py:154} INFO - [2023-11-19T13:44:20.692+0000] {dagbag.py:536} INFO - Filling up the DagBag from /home/airflow/.local/lib/python3.8/site-packages/airflow/example_dags/tutorial_dag.py
[2023-11-19T13:44:20.696+0000] {processor.py:839} INFO - DAG(s) dict_keys(['tutorial_dag']) retrieved from /home/airflow/.local/lib/python3.8/site-packages/airflow/example_dags/tutorial_dag.py
[2023-11-19T13:44:20.722+0000] {logging_mixin.py:154} INFO - [2023-11-19T13:44:20.721+0000] {dag.py:2941} INFO - Sync 1 DAGs
[2023-11-19T13:44:20.736+0000] {logging_mixin.py:154} INFO - [2023-11-19T13:44:20.735+0000] {dag.py:3722} INFO - Setting next_dagrun for tutorial_dag to None, run_after=None
[2023-11-19T13:44:20.763+0000] {processor.py:179} INFO - Processing /home/airflow/.local/lib/python3.8/site-packages/airflow/example_dags/tutorial_dag.py took 0.076 seconds
[2023-11-19T13:44:51.432+0000] {processor.py:157} INFO - Started process (PID=251) to work on /home/airflow/.local/lib/python3.8/site-packages/airflow/example_dags/tutorial_dag.py
[2023-11-19T13:44:51.437+0000] {processor.py:829} INFO - Processing file /home/airflow/.local/lib/python3.8/site-packages/airflow/example_dags/tutorial_dag.py for tasks to queue
[2023-11-19T13:44:51.439+0000] {logging_mixin.py:154} INFO - [2023-11-19T13:44:51.439+0000] {dagbag.py:536} INFO - Filling up the DagBag from /home/airflow/.local/lib/python3.8/site-packages/airflow/example_dags/tutorial_dag.py
[2023-11-19T13:44:51.447+0000] {processor.py:839} INFO - DAG(s) dict_keys(['tutorial_dag']) retrieved from /home/airflow/.local/lib/python3.8/site-packages/airflow/example_dags/tutorial_dag.py
[2023-11-19T13:44:51.474+0000] {logging_mixin.py:154} INFO - [2023-11-19T13:44:51.474+0000] {dag.py:2941} INFO - Sync 1 DAGs
[2023-11-19T13:44:51.489+0000] {logging_mixin.py:154} INFO - [2023-11-19T13:44:51.489+0000] {dag.py:3722} INFO - Setting next_dagrun for tutorial_dag to None, run_after=None
[2023-11-19T13:44:51.512+0000] {processor.py:179} INFO - Processing /home/airflow/.local/lib/python3.8/site-packages/airflow/example_dags/tutorial_dag.py took 0.085 seconds
[2023-11-19T13:45:21.823+0000] {processor.py:157} INFO - Started process (PID=305) to work on /home/airflow/.local/lib/python3.8/site-packages/airflow/example_dags/tutorial_dag.py
[2023-11-19T13:45:21.824+0000] {processor.py:829} INFO - Processing file /home/airflow/.local/lib/python3.8/site-packages/airflow/example_dags/tutorial_dag.py for tasks to queue
[2023-11-19T13:45:21.826+0000] {logging_mixin.py:154} INFO - [2023-11-19T13:45:21.825+0000] {dagbag.py:536} INFO - Filling up the DagBag from /home/airflow/.local/lib/python3.8/site-packages/airflow/example_dags/tutorial_dag.py
[2023-11-19T13:45:21.830+0000] {processor.py:839} INFO - DAG(s) dict_keys(['tutorial_dag']) retrieved from /home/airflow/.local/lib/python3.8/site-packages/airflow/example_dags/tutorial_dag.py
[2023-11-19T13:45:21.850+0000] {logging_mixin.py:154} INFO - [2023-11-19T13:45:21.849+0000] {dag.py:2941} INFO - Sync 1 DAGs
[2023-11-19T13:45:21.861+0000] {logging_mixin.py:154} INFO - [2023-11-19T13:45:21.861+0000] {dag.py:3722} INFO - Setting next_dagrun for tutorial_dag to None, run_after=None
[2023-11-19T13:45:21.881+0000] {processor.py:179} INFO - Processing /home/airflow/.local/lib/python3.8/site-packages/airflow/example_dags/tutorial_dag.py took 0.061 seconds
[2023-11-19T13:45:52.137+0000] {processor.py:157} INFO - Started process (PID=360) to work on /home/airflow/.local/lib/python3.8/site-packages/airflow/example_dags/tutorial_dag.py
[2023-11-19T13:45:52.138+0000] {processor.py:829} INFO - Processing file /home/airflow/.local/lib/python3.8/site-packages/airflow/example_dags/tutorial_dag.py for tasks to queue
[2023-11-19T13:45:52.141+0000] {logging_mixin.py:154} INFO - [2023-11-19T13:45:52.141+0000] {dagbag.py:536} INFO - Filling up the DagBag from /home/airflow/.local/lib/python3.8/site-packages/airflow/example_dags/tutorial_dag.py
[2023-11-19T13:45:52.148+0000] {processor.py:839} INFO - DAG(s) dict_keys(['tutorial_dag']) retrieved from /home/airflow/.local/lib/python3.8/site-packages/airflow/example_dags/tutorial_dag.py
[2023-11-19T13:45:52.176+0000] {logging_mixin.py:154} INFO - [2023-11-19T13:45:52.176+0000] {dag.py:2941} INFO - Sync 1 DAGs
[2023-11-19T13:45:52.193+0000] {logging_mixin.py:154} INFO - [2023-11-19T13:45:52.193+0000] {dag.py:3722} INFO - Setting next_dagrun for tutorial_dag to None, run_after=None
[2023-11-19T13:45:52.213+0000] {processor.py:179} INFO - Processing /home/airflow/.local/lib/python3.8/site-packages/airflow/example_dags/tutorial_dag.py took 0.081 seconds
[2023-11-19T13:46:22.631+0000] {processor.py:157} INFO - Started process (PID=414) to work on /home/airflow/.local/lib/python3.8/site-packages/airflow/example_dags/tutorial_dag.py
[2023-11-19T13:46:22.633+0000] {processor.py:829} INFO - Processing file /home/airflow/.local/lib/python3.8/site-packages/airflow/example_dags/tutorial_dag.py for tasks to queue
[2023-11-19T13:46:22.636+0000] {logging_mixin.py:154} INFO - [2023-11-19T13:46:22.635+0000] {dagbag.py:536} INFO - Filling up the DagBag from /home/airflow/.local/lib/python3.8/site-packages/airflow/example_dags/tutorial_dag.py
[2023-11-19T13:46:22.643+0000] {processor.py:839} INFO - DAG(s) dict_keys(['tutorial_dag']) retrieved from /home/airflow/.local/lib/python3.8/site-packages/airflow/example_dags/tutorial_dag.py
[2023-11-19T13:46:22.673+0000] {logging_mixin.py:154} INFO - [2023-11-19T13:46:22.672+0000] {dag.py:2941} INFO - Sync 1 DAGs
[2023-11-19T13:46:22.691+0000] {logging_mixin.py:154} INFO - [2023-11-19T13:46:22.691+0000] {dag.py:3722} INFO - Setting next_dagrun for tutorial_dag to None, run_after=None
[2023-11-19T13:46:22.722+0000] {processor.py:179} INFO - Processing /home/airflow/.local/lib/python3.8/site-packages/airflow/example_dags/tutorial_dag.py took 0.096 seconds
[2023-11-19T13:46:53.072+0000] {processor.py:157} INFO - Started process (PID=468) to work on /home/airflow/.local/lib/python3.8/site-packages/airflow/example_dags/tutorial_dag.py
[2023-11-19T13:46:53.073+0000] {processor.py:829} INFO - Processing file /home/airflow/.local/lib/python3.8/site-packages/airflow/example_dags/tutorial_dag.py for tasks to queue
[2023-11-19T13:46:53.075+0000] {logging_mixin.py:154} INFO - [2023-11-19T13:46:53.074+0000] {dagbag.py:536} INFO - Filling up the DagBag from /home/airflow/.local/lib/python3.8/site-packages/airflow/example_dags/tutorial_dag.py
[2023-11-19T13:46:53.080+0000] {processor.py:839} INFO - DAG(s) dict_keys(['tutorial_dag']) retrieved from /home/airflow/.local/lib/python3.8/site-packages/airflow/example_dags/tutorial_dag.py
[2023-11-19T13:46:53.102+0000] {logging_mixin.py:154} INFO - [2023-11-19T13:46:53.102+0000] {dag.py:2941} INFO - Sync 1 DAGs
[2023-11-19T13:46:53.116+0000] {logging_mixin.py:154} INFO - [2023-11-19T13:46:53.115+0000] {dag.py:3722} INFO - Setting next_dagrun for tutorial_dag to None, run_after=None
[2023-11-19T13:46:53.139+0000] {processor.py:179} INFO - Processing /home/airflow/.local/lib/python3.8/site-packages/airflow/example_dags/tutorial_dag.py took 0.070 seconds
[2023-11-19T13:47:23.384+0000] {processor.py:157} INFO - Started process (PID=522) to work on /home/airflow/.local/lib/python3.8/site-packages/airflow/example_dags/tutorial_dag.py
[2023-11-19T13:47:23.385+0000] {processor.py:829} INFO - Processing file /home/airflow/.local/lib/python3.8/site-packages/airflow/example_dags/tutorial_dag.py for tasks to queue
[2023-11-19T13:47:23.389+0000] {logging_mixin.py:154} INFO - [2023-11-19T13:47:23.388+0000] {dagbag.py:536} INFO - Filling up the DagBag from /home/airflow/.local/lib/python3.8/site-packages/airflow/example_dags/tutorial_dag.py
[2023-11-19T13:47:23.398+0000] {processor.py:839} INFO - DAG(s) dict_keys(['tutorial_dag']) retrieved from /home/airflow/.local/lib/python3.8/site-packages/airflow/example_dags/tutorial_dag.py
[2023-11-19T13:47:23.419+0000] {logging_mixin.py:154} INFO - [2023-11-19T13:47:23.418+0000] {dag.py:2941} INFO - Sync 1 DAGs
[2023-11-19T13:47:23.430+0000] {logging_mixin.py:154} INFO - [2023-11-19T13:47:23.430+0000] {dag.py:3722} INFO - Setting next_dagrun for tutorial_dag to None, run_after=None
[2023-11-19T13:47:23.453+0000] {processor.py:179} INFO - Processing /home/airflow/.local/lib/python3.8/site-packages/airflow/example_dags/tutorial_dag.py took 0.075 seconds
[2023-11-19T13:47:53.751+0000] {processor.py:157} INFO - Started process (PID=576) to work on /home/airflow/.local/lib/python3.8/site-packages/airflow/example_dags/tutorial_dag.py
[2023-11-19T13:47:53.754+0000] {processor.py:829} INFO - Processing file /home/airflow/.local/lib/python3.8/site-packages/airflow/example_dags/tutorial_dag.py for tasks to queue
[2023-11-19T13:47:53.756+0000] {logging_mixin.py:154} INFO - [2023-11-19T13:47:53.756+0000] {dagbag.py:536} INFO - Filling up the DagBag from /home/airflow/.local/lib/python3.8/site-packages/airflow/example_dags/tutorial_dag.py
[2023-11-19T13:47:53.760+0000] {processor.py:839} INFO - DAG(s) dict_keys(['tutorial_dag']) retrieved from /home/airflow/.local/lib/python3.8/site-packages/airflow/example_dags/tutorial_dag.py
[2023-11-19T13:47:53.787+0000] {logging_mixin.py:154} INFO - [2023-11-19T13:47:53.787+0000] {dag.py:2941} INFO - Sync 1 DAGs
[2023-11-19T13:47:53.800+0000] {logging_mixin.py:154} INFO - [2023-11-19T13:47:53.800+0000] {dag.py:3722} INFO - Setting next_dagrun for tutorial_dag to None, run_after=None
[2023-11-19T13:47:53.823+0000] {processor.py:179} INFO - Processing /home/airflow/.local/lib/python3.8/site-packages/airflow/example_dags/tutorial_dag.py took 0.075 seconds
[2023-11-19T13:48:24.189+0000] {processor.py:157} INFO - Started process (PID=630) to work on /home/airflow/.local/lib/python3.8/site-packages/airflow/example_dags/tutorial_dag.py
[2023-11-19T13:48:24.191+0000] {processor.py:829} INFO - Processing file /home/airflow/.local/lib/python3.8/site-packages/airflow/example_dags/tutorial_dag.py for tasks to queue
[2023-11-19T13:48:24.194+0000] {logging_mixin.py:154} INFO - [2023-11-19T13:48:24.193+0000] {dagbag.py:536} INFO - Filling up the DagBag from /home/airflow/.local/lib/python3.8/site-packages/airflow/example_dags/tutorial_dag.py
[2023-11-19T13:48:24.201+0000] {processor.py:839} INFO - DAG(s) dict_keys(['tutorial_dag']) retrieved from /home/airflow/.local/lib/python3.8/site-packages/airflow/example_dags/tutorial_dag.py
[2023-11-19T13:48:24.219+0000] {logging_mixin.py:154} INFO - [2023-11-19T13:48:24.219+0000] {dag.py:2941} INFO - Sync 1 DAGs
[2023-11-19T13:48:24.231+0000] {logging_mixin.py:154} INFO - [2023-11-19T13:48:24.230+0000] {dag.py:3722} INFO - Setting next_dagrun for tutorial_dag to None, run_after=None
[2023-11-19T13:48:24.254+0000] {processor.py:179} INFO - Processing /home/airflow/.local/lib/python3.8/site-packages/airflow/example_dags/tutorial_dag.py took 0.069 seconds
[2023-11-19T13:48:55.288+0000] {processor.py:157} INFO - Started process (PID=684) to work on /home/airflow/.local/lib/python3.8/site-packages/airflow/example_dags/tutorial_dag.py
[2023-11-19T13:48:55.290+0000] {processor.py:829} INFO - Processing file /home/airflow/.local/lib/python3.8/site-packages/airflow/example_dags/tutorial_dag.py for tasks to queue
[2023-11-19T13:48:55.292+0000] {logging_mixin.py:154} INFO - [2023-11-19T13:48:55.292+0000] {dagbag.py:536} INFO - Filling up the DagBag from /home/airflow/.local/lib/python3.8/site-packages/airflow/example_dags/tutorial_dag.py
[2023-11-19T13:48:55.298+0000] {processor.py:839} INFO - DAG(s) dict_keys(['tutorial_dag']) retrieved from /home/airflow/.local/lib/python3.8/site-packages/airflow/example_dags/tutorial_dag.py
[2023-11-19T13:48:55.324+0000] {logging_mixin.py:154} INFO - [2023-11-19T13:48:55.324+0000] {dag.py:2941} INFO - Sync 1 DAGs
[2023-11-19T13:48:55.344+0000] {logging_mixin.py:154} INFO - [2023-11-19T13:48:55.344+0000] {dag.py:3722} INFO - Setting next_dagrun for tutorial_dag to None, run_after=None
[2023-11-19T13:48:55.366+0000] {processor.py:179} INFO - Processing /home/airflow/.local/lib/python3.8/site-packages/airflow/example_dags/tutorial_dag.py took 0.082 seconds
[2023-11-19T13:49:25.826+0000] {processor.py:157} INFO - Started process (PID=738) to work on /home/airflow/.local/lib/python3.8/site-packages/airflow/example_dags/tutorial_dag.py
[2023-11-19T13:49:25.830+0000] {processor.py:829} INFO - Processing file /home/airflow/.local/lib/python3.8/site-packages/airflow/example_dags/tutorial_dag.py for tasks to queue
[2023-11-19T13:49:25.833+0000] {logging_mixin.py:154} INFO - [2023-11-19T13:49:25.832+0000] {dagbag.py:536} INFO - Filling up the DagBag from /home/airflow/.local/lib/python3.8/site-packages/airflow/example_dags/tutorial_dag.py
[2023-11-19T13:49:25.841+0000] {processor.py:839} INFO - DAG(s) dict_keys(['tutorial_dag']) retrieved from /home/airflow/.local/lib/python3.8/site-packages/airflow/example_dags/tutorial_dag.py
[2023-11-19T13:49:25.870+0000] {logging_mixin.py:154} INFO - [2023-11-19T13:49:25.869+0000] {dag.py:2941} INFO - Sync 1 DAGs
[2023-11-19T13:49:25.888+0000] {logging_mixin.py:154} INFO - [2023-11-19T13:49:25.888+0000] {dag.py:3722} INFO - Setting next_dagrun for tutorial_dag to None, run_after=None
[2023-11-19T13:49:25.921+0000] {processor.py:179} INFO - Processing /home/airflow/.local/lib/python3.8/site-packages/airflow/example_dags/tutorial_dag.py took 0.100 seconds
