[2023-11-19T13:43:19.568+0000] {processor.py:157} INFO - Started process (PID=88) to work on /home/airflow/.local/lib/python3.8/site-packages/airflow/example_dags/tutorial.py
[2023-11-19T13:43:19.569+0000] {processor.py:829} INFO - Processing file /home/airflow/.local/lib/python3.8/site-packages/airflow/example_dags/tutorial.py for tasks to queue
[2023-11-19T13:43:19.572+0000] {logging_mixin.py:154} INFO - [2023-11-19T13:43:19.572+0000] {dagbag.py:536} INFO - Filling up the DagBag from /home/airflow/.local/lib/python3.8/site-packages/airflow/example_dags/tutorial.py
[2023-11-19T13:43:19.581+0000] {processor.py:839} INFO - DAG(s) dict_keys(['tutorial']) retrieved from /home/airflow/.local/lib/python3.8/site-packages/airflow/example_dags/tutorial.py
[2023-11-19T13:43:19.609+0000] {logging_mixin.py:154} INFO - [2023-11-19T13:43:19.609+0000] {dag.py:2941} INFO - Sync 1 DAGs
[2023-11-19T13:43:19.634+0000] {logging_mixin.py:154} INFO - [2023-11-19T13:43:19.634+0000] {dag.py:3722} INFO - Setting next_dagrun for tutorial to 2023-11-18T13:43:19.634447+00:00, run_after=2023-11-19T13:43:19.634447+00:00
[2023-11-19T13:43:19.848+0000] {processor.py:179} INFO - Processing /home/airflow/.local/lib/python3.8/site-packages/airflow/example_dags/tutorial.py took 0.284 seconds
[2023-11-19T13:43:50.072+0000] {processor.py:157} INFO - Started process (PID=142) to work on /home/airflow/.local/lib/python3.8/site-packages/airflow/example_dags/tutorial.py
[2023-11-19T13:43:50.073+0000] {processor.py:829} INFO - Processing file /home/airflow/.local/lib/python3.8/site-packages/airflow/example_dags/tutorial.py for tasks to queue
[2023-11-19T13:43:50.075+0000] {logging_mixin.py:154} INFO - [2023-11-19T13:43:50.075+0000] {dagbag.py:536} INFO - Filling up the DagBag from /home/airflow/.local/lib/python3.8/site-packages/airflow/example_dags/tutorial.py
[2023-11-19T13:43:50.080+0000] {processor.py:839} INFO - DAG(s) dict_keys(['tutorial']) retrieved from /home/airflow/.local/lib/python3.8/site-packages/airflow/example_dags/tutorial.py
[2023-11-19T13:43:50.101+0000] {logging_mixin.py:154} INFO - [2023-11-19T13:43:50.101+0000] {dag.py:2941} INFO - Sync 1 DAGs
[2023-11-19T13:43:50.121+0000] {logging_mixin.py:154} INFO - [2023-11-19T13:43:50.121+0000] {dag.py:3722} INFO - Setting next_dagrun for tutorial to 2023-11-18T13:43:50.121306+00:00, run_after=2023-11-19T13:43:50.121306+00:00
[2023-11-19T13:43:50.150+0000] {processor.py:179} INFO - Processing /home/airflow/.local/lib/python3.8/site-packages/airflow/example_dags/tutorial.py took 0.080 seconds
[2023-11-19T13:44:20.604+0000] {processor.py:157} INFO - Started process (PID=196) to work on /home/airflow/.local/lib/python3.8/site-packages/airflow/example_dags/tutorial.py
[2023-11-19T13:44:20.607+0000] {processor.py:829} INFO - Processing file /home/airflow/.local/lib/python3.8/site-packages/airflow/example_dags/tutorial.py for tasks to queue
[2023-11-19T13:44:20.609+0000] {logging_mixin.py:154} INFO - [2023-11-19T13:44:20.608+0000] {dagbag.py:536} INFO - Filling up the DagBag from /home/airflow/.local/lib/python3.8/site-packages/airflow/example_dags/tutorial.py
[2023-11-19T13:44:20.614+0000] {processor.py:839} INFO - DAG(s) dict_keys(['tutorial']) retrieved from /home/airflow/.local/lib/python3.8/site-packages/airflow/example_dags/tutorial.py
[2023-11-19T13:44:20.637+0000] {logging_mixin.py:154} INFO - [2023-11-19T13:44:20.636+0000] {dag.py:2941} INFO - Sync 1 DAGs
[2023-11-19T13:44:20.657+0000] {logging_mixin.py:154} INFO - [2023-11-19T13:44:20.657+0000] {dag.py:3722} INFO - Setting next_dagrun for tutorial to 2023-11-18T13:44:20.656849+00:00, run_after=2023-11-19T13:44:20.656849+00:00
[2023-11-19T13:44:20.678+0000] {processor.py:179} INFO - Processing /home/airflow/.local/lib/python3.8/site-packages/airflow/example_dags/tutorial.py took 0.077 seconds
[2023-11-19T13:44:51.406+0000] {processor.py:157} INFO - Started process (PID=250) to work on /home/airflow/.local/lib/python3.8/site-packages/airflow/example_dags/tutorial.py
[2023-11-19T13:44:51.408+0000] {processor.py:829} INFO - Processing file /home/airflow/.local/lib/python3.8/site-packages/airflow/example_dags/tutorial.py for tasks to queue
[2023-11-19T13:44:51.411+0000] {logging_mixin.py:154} INFO - [2023-11-19T13:44:51.411+0000] {dagbag.py:536} INFO - Filling up the DagBag from /home/airflow/.local/lib/python3.8/site-packages/airflow/example_dags/tutorial.py
[2023-11-19T13:44:51.420+0000] {processor.py:839} INFO - DAG(s) dict_keys(['tutorial']) retrieved from /home/airflow/.local/lib/python3.8/site-packages/airflow/example_dags/tutorial.py
[2023-11-19T13:44:51.446+0000] {logging_mixin.py:154} INFO - [2023-11-19T13:44:51.445+0000] {dag.py:2941} INFO - Sync 1 DAGs
[2023-11-19T13:44:51.472+0000] {logging_mixin.py:154} INFO - [2023-11-19T13:44:51.472+0000] {dag.py:3722} INFO - Setting next_dagrun for tutorial to 2023-11-18T13:44:51.471924+00:00, run_after=2023-11-19T13:44:51.471924+00:00
[2023-11-19T13:44:51.499+0000] {processor.py:179} INFO - Processing /home/airflow/.local/lib/python3.8/site-packages/airflow/example_dags/tutorial.py took 0.098 seconds
[2023-11-19T13:45:21.740+0000] {processor.py:157} INFO - Started process (PID=304) to work on /home/airflow/.local/lib/python3.8/site-packages/airflow/example_dags/tutorial.py
[2023-11-19T13:45:21.741+0000] {processor.py:829} INFO - Processing file /home/airflow/.local/lib/python3.8/site-packages/airflow/example_dags/tutorial.py for tasks to queue
[2023-11-19T13:45:21.742+0000] {logging_mixin.py:154} INFO - [2023-11-19T13:45:21.742+0000] {dagbag.py:536} INFO - Filling up the DagBag from /home/airflow/.local/lib/python3.8/site-packages/airflow/example_dags/tutorial.py
[2023-11-19T13:45:21.747+0000] {processor.py:839} INFO - DAG(s) dict_keys(['tutorial']) retrieved from /home/airflow/.local/lib/python3.8/site-packages/airflow/example_dags/tutorial.py
[2023-11-19T13:45:21.765+0000] {logging_mixin.py:154} INFO - [2023-11-19T13:45:21.765+0000] {dag.py:2941} INFO - Sync 1 DAGs
[2023-11-19T13:45:21.783+0000] {logging_mixin.py:154} INFO - [2023-11-19T13:45:21.783+0000] {dag.py:3722} INFO - Setting next_dagrun for tutorial to 2023-11-18T13:45:21.783193+00:00, run_after=2023-11-19T13:45:21.783193+00:00
[2023-11-19T13:45:21.810+0000] {processor.py:179} INFO - Processing /home/airflow/.local/lib/python3.8/site-packages/airflow/example_dags/tutorial.py took 0.073 seconds
[2023-11-19T13:45:52.021+0000] {processor.py:157} INFO - Started process (PID=359) to work on /home/airflow/.local/lib/python3.8/site-packages/airflow/example_dags/tutorial.py
[2023-11-19T13:45:52.022+0000] {processor.py:829} INFO - Processing file /home/airflow/.local/lib/python3.8/site-packages/airflow/example_dags/tutorial.py for tasks to queue
[2023-11-19T13:45:52.024+0000] {logging_mixin.py:154} INFO - [2023-11-19T13:45:52.023+0000] {dagbag.py:536} INFO - Filling up the DagBag from /home/airflow/.local/lib/python3.8/site-packages/airflow/example_dags/tutorial.py
[2023-11-19T13:45:52.029+0000] {processor.py:839} INFO - DAG(s) dict_keys(['tutorial']) retrieved from /home/airflow/.local/lib/python3.8/site-packages/airflow/example_dags/tutorial.py
[2023-11-19T13:45:52.055+0000] {logging_mixin.py:154} INFO - [2023-11-19T13:45:52.054+0000] {dag.py:2941} INFO - Sync 1 DAGs
[2023-11-19T13:45:52.084+0000] {logging_mixin.py:154} INFO - [2023-11-19T13:45:52.083+0000] {dag.py:3722} INFO - Setting next_dagrun for tutorial to 2023-11-18T13:45:52.083747+00:00, run_after=2023-11-19T13:45:52.083747+00:00
[2023-11-19T13:45:52.104+0000] {processor.py:179} INFO - Processing /home/airflow/.local/lib/python3.8/site-packages/airflow/example_dags/tutorial.py took 0.086 seconds
[2023-11-19T13:46:22.533+0000] {processor.py:157} INFO - Started process (PID=413) to work on /home/airflow/.local/lib/python3.8/site-packages/airflow/example_dags/tutorial.py
[2023-11-19T13:46:22.535+0000] {processor.py:829} INFO - Processing file /home/airflow/.local/lib/python3.8/site-packages/airflow/example_dags/tutorial.py for tasks to queue
[2023-11-19T13:46:22.539+0000] {logging_mixin.py:154} INFO - [2023-11-19T13:46:22.538+0000] {dagbag.py:536} INFO - Filling up the DagBag from /home/airflow/.local/lib/python3.8/site-packages/airflow/example_dags/tutorial.py
[2023-11-19T13:46:22.546+0000] {processor.py:839} INFO - DAG(s) dict_keys(['tutorial']) retrieved from /home/airflow/.local/lib/python3.8/site-packages/airflow/example_dags/tutorial.py
[2023-11-19T13:46:22.566+0000] {logging_mixin.py:154} INFO - [2023-11-19T13:46:22.566+0000] {dag.py:2941} INFO - Sync 1 DAGs
[2023-11-19T13:46:22.584+0000] {logging_mixin.py:154} INFO - [2023-11-19T13:46:22.584+0000] {dag.py:3722} INFO - Setting next_dagrun for tutorial to 2023-11-18T13:46:22.583963+00:00, run_after=2023-11-19T13:46:22.583963+00:00
[2023-11-19T13:46:22.602+0000] {processor.py:179} INFO - Processing /home/airflow/.local/lib/python3.8/site-packages/airflow/example_dags/tutorial.py took 0.074 seconds
[2023-11-19T13:46:52.975+0000] {processor.py:157} INFO - Started process (PID=467) to work on /home/airflow/.local/lib/python3.8/site-packages/airflow/example_dags/tutorial.py
[2023-11-19T13:46:52.976+0000] {processor.py:829} INFO - Processing file /home/airflow/.local/lib/python3.8/site-packages/airflow/example_dags/tutorial.py for tasks to queue
[2023-11-19T13:46:52.977+0000] {logging_mixin.py:154} INFO - [2023-11-19T13:46:52.977+0000] {dagbag.py:536} INFO - Filling up the DagBag from /home/airflow/.local/lib/python3.8/site-packages/airflow/example_dags/tutorial.py
[2023-11-19T13:46:52.982+0000] {processor.py:839} INFO - DAG(s) dict_keys(['tutorial']) retrieved from /home/airflow/.local/lib/python3.8/site-packages/airflow/example_dags/tutorial.py
[2023-11-19T13:46:53.002+0000] {logging_mixin.py:154} INFO - [2023-11-19T13:46:53.001+0000] {dag.py:2941} INFO - Sync 1 DAGs
[2023-11-19T13:46:53.022+0000] {logging_mixin.py:154} INFO - [2023-11-19T13:46:53.022+0000] {dag.py:3722} INFO - Setting next_dagrun for tutorial to 2023-11-18T13:46:53.022071+00:00, run_after=2023-11-19T13:46:53.022071+00:00
[2023-11-19T13:46:53.046+0000] {processor.py:179} INFO - Processing /home/airflow/.local/lib/python3.8/site-packages/airflow/example_dags/tutorial.py took 0.074 seconds
[2023-11-19T13:47:23.348+0000] {processor.py:157} INFO - Started process (PID=521) to work on /home/airflow/.local/lib/python3.8/site-packages/airflow/example_dags/tutorial.py
[2023-11-19T13:47:23.350+0000] {processor.py:829} INFO - Processing file /home/airflow/.local/lib/python3.8/site-packages/airflow/example_dags/tutorial.py for tasks to queue
[2023-11-19T13:47:23.352+0000] {logging_mixin.py:154} INFO - [2023-11-19T13:47:23.352+0000] {dagbag.py:536} INFO - Filling up the DagBag from /home/airflow/.local/lib/python3.8/site-packages/airflow/example_dags/tutorial.py
[2023-11-19T13:47:23.359+0000] {processor.py:839} INFO - DAG(s) dict_keys(['tutorial']) retrieved from /home/airflow/.local/lib/python3.8/site-packages/airflow/example_dags/tutorial.py
[2023-11-19T13:47:23.377+0000] {logging_mixin.py:154} INFO - [2023-11-19T13:47:23.377+0000] {dag.py:2941} INFO - Sync 1 DAGs
[2023-11-19T13:47:23.397+0000] {logging_mixin.py:154} INFO - [2023-11-19T13:47:23.397+0000] {dag.py:3722} INFO - Setting next_dagrun for tutorial to 2023-11-18T13:47:23.396781+00:00, run_after=2023-11-19T13:47:23.396781+00:00
[2023-11-19T13:47:23.422+0000] {processor.py:179} INFO - Processing /home/airflow/.local/lib/python3.8/site-packages/airflow/example_dags/tutorial.py took 0.078 seconds
[2023-11-19T13:47:53.688+0000] {processor.py:157} INFO - Started process (PID=575) to work on /home/airflow/.local/lib/python3.8/site-packages/airflow/example_dags/tutorial.py
[2023-11-19T13:47:53.690+0000] {processor.py:829} INFO - Processing file /home/airflow/.local/lib/python3.8/site-packages/airflow/example_dags/tutorial.py for tasks to queue
[2023-11-19T13:47:53.692+0000] {logging_mixin.py:154} INFO - [2023-11-19T13:47:53.692+0000] {dagbag.py:536} INFO - Filling up the DagBag from /home/airflow/.local/lib/python3.8/site-packages/airflow/example_dags/tutorial.py
[2023-11-19T13:47:53.698+0000] {processor.py:839} INFO - DAG(s) dict_keys(['tutorial']) retrieved from /home/airflow/.local/lib/python3.8/site-packages/airflow/example_dags/tutorial.py
[2023-11-19T13:47:53.718+0000] {logging_mixin.py:154} INFO - [2023-11-19T13:47:53.718+0000] {dag.py:2941} INFO - Sync 1 DAGs
[2023-11-19T13:47:53.738+0000] {logging_mixin.py:154} INFO - [2023-11-19T13:47:53.738+0000] {dag.py:3722} INFO - Setting next_dagrun for tutorial to 2023-11-18T13:47:53.738325+00:00, run_after=2023-11-19T13:47:53.738325+00:00
[2023-11-19T13:47:53.763+0000] {processor.py:179} INFO - Processing /home/airflow/.local/lib/python3.8/site-packages/airflow/example_dags/tutorial.py took 0.080 seconds
[2023-11-19T13:48:24.108+0000] {processor.py:157} INFO - Started process (PID=629) to work on /home/airflow/.local/lib/python3.8/site-packages/airflow/example_dags/tutorial.py
[2023-11-19T13:48:24.110+0000] {processor.py:829} INFO - Processing file /home/airflow/.local/lib/python3.8/site-packages/airflow/example_dags/tutorial.py for tasks to queue
[2023-11-19T13:48:24.112+0000] {logging_mixin.py:154} INFO - [2023-11-19T13:48:24.112+0000] {dagbag.py:536} INFO - Filling up the DagBag from /home/airflow/.local/lib/python3.8/site-packages/airflow/example_dags/tutorial.py
[2023-11-19T13:48:24.118+0000] {processor.py:839} INFO - DAG(s) dict_keys(['tutorial']) retrieved from /home/airflow/.local/lib/python3.8/site-packages/airflow/example_dags/tutorial.py
[2023-11-19T13:48:24.141+0000] {logging_mixin.py:154} INFO - [2023-11-19T13:48:24.140+0000] {dag.py:2941} INFO - Sync 1 DAGs
[2023-11-19T13:48:24.162+0000] {logging_mixin.py:154} INFO - [2023-11-19T13:48:24.162+0000] {dag.py:3722} INFO - Setting next_dagrun for tutorial to 2023-11-18T13:48:24.162460+00:00, run_after=2023-11-19T13:48:24.162460+00:00
[2023-11-19T13:48:24.184+0000] {processor.py:179} INFO - Processing /home/airflow/.local/lib/python3.8/site-packages/airflow/example_dags/tutorial.py took 0.079 seconds
[2023-11-19T13:48:55.183+0000] {processor.py:157} INFO - Started process (PID=683) to work on /home/airflow/.local/lib/python3.8/site-packages/airflow/example_dags/tutorial.py
[2023-11-19T13:48:55.184+0000] {processor.py:829} INFO - Processing file /home/airflow/.local/lib/python3.8/site-packages/airflow/example_dags/tutorial.py for tasks to queue
[2023-11-19T13:48:55.187+0000] {logging_mixin.py:154} INFO - [2023-11-19T13:48:55.187+0000] {dagbag.py:536} INFO - Filling up the DagBag from /home/airflow/.local/lib/python3.8/site-packages/airflow/example_dags/tutorial.py
[2023-11-19T13:48:55.196+0000] {processor.py:839} INFO - DAG(s) dict_keys(['tutorial']) retrieved from /home/airflow/.local/lib/python3.8/site-packages/airflow/example_dags/tutorial.py
[2023-11-19T13:48:55.218+0000] {logging_mixin.py:154} INFO - [2023-11-19T13:48:55.218+0000] {dag.py:2941} INFO - Sync 1 DAGs
[2023-11-19T13:48:55.237+0000] {logging_mixin.py:154} INFO - [2023-11-19T13:48:55.237+0000] {dag.py:3722} INFO - Setting next_dagrun for tutorial to 2023-11-18T13:48:55.237124+00:00, run_after=2023-11-19T13:48:55.237124+00:00
[2023-11-19T13:48:55.260+0000] {processor.py:179} INFO - Processing /home/airflow/.local/lib/python3.8/site-packages/airflow/example_dags/tutorial.py took 0.083 seconds
[2023-11-19T13:49:25.785+0000] {processor.py:157} INFO - Started process (PID=737) to work on /home/airflow/.local/lib/python3.8/site-packages/airflow/example_dags/tutorial.py
[2023-11-19T13:49:25.786+0000] {processor.py:829} INFO - Processing file /home/airflow/.local/lib/python3.8/site-packages/airflow/example_dags/tutorial.py for tasks to queue
[2023-11-19T13:49:25.789+0000] {logging_mixin.py:154} INFO - [2023-11-19T13:49:25.788+0000] {dagbag.py:536} INFO - Filling up the DagBag from /home/airflow/.local/lib/python3.8/site-packages/airflow/example_dags/tutorial.py
[2023-11-19T13:49:25.797+0000] {processor.py:839} INFO - DAG(s) dict_keys(['tutorial']) retrieved from /home/airflow/.local/lib/python3.8/site-packages/airflow/example_dags/tutorial.py
[2023-11-19T13:49:25.820+0000] {logging_mixin.py:154} INFO - [2023-11-19T13:49:25.820+0000] {dag.py:2941} INFO - Sync 1 DAGs
[2023-11-19T13:49:25.841+0000] {logging_mixin.py:154} INFO - [2023-11-19T13:49:25.841+0000] {dag.py:3722} INFO - Setting next_dagrun for tutorial to 2023-11-18T13:49:25.841155+00:00, run_after=2023-11-19T13:49:25.841155+00:00
[2023-11-19T13:49:25.864+0000] {processor.py:179} INFO - Processing /home/airflow/.local/lib/python3.8/site-packages/airflow/example_dags/tutorial.py took 0.084 seconds
