[2023-11-19T14:12:06.441+0000] {processor.py:157} INFO - Started process (PID=322) to work on /opt/airflow/dags/first.py
[2023-11-19T14:12:06.442+0000] {processor.py:829} INFO - Processing file /opt/airflow/dags/first.py for tasks to queue
[2023-11-19T14:12:06.451+0000] {logging_mixin.py:154} INFO - [2023-11-19T14:12:06.447+0000] {dagbag.py:536} INFO - Filling up the DagBag from /opt/airflow/dags/first.py
[2023-11-19T14:12:06.482+0000] {processor.py:839} INFO - DAG(s) dict_keys(['example_python_operator']) retrieved from /opt/airflow/dags/first.py
[2023-11-19T14:12:06.711+0000] {logging_mixin.py:154} INFO - [2023-11-19T14:12:06.711+0000] {dag.py:2941} INFO - Sync 1 DAGs
[2023-11-19T14:12:06.731+0000] {logging_mixin.py:154} INFO - [2023-11-19T14:12:06.731+0000] {dag.py:3722} INFO - Setting next_dagrun for example_python_operator to None, run_after=None
[2023-11-19T14:12:06.757+0000] {processor.py:179} INFO - Processing /opt/airflow/dags/first.py took 0.322 seconds
[2023-11-19T14:12:36.878+0000] {processor.py:157} INFO - Started process (PID=330) to work on /opt/airflow/dags/first.py
[2023-11-19T14:12:36.880+0000] {processor.py:829} INFO - Processing file /opt/airflow/dags/first.py for tasks to queue
[2023-11-19T14:12:36.882+0000] {logging_mixin.py:154} INFO - [2023-11-19T14:12:36.882+0000] {dagbag.py:536} INFO - Filling up the DagBag from /opt/airflow/dags/first.py
[2023-11-19T14:12:36.897+0000] {processor.py:839} INFO - DAG(s) dict_keys(['example_python_operator']) retrieved from /opt/airflow/dags/first.py
[2023-11-19T14:12:36.918+0000] {logging_mixin.py:154} INFO - [2023-11-19T14:12:36.918+0000] {dag.py:2941} INFO - Sync 1 DAGs
[2023-11-19T14:12:36.930+0000] {logging_mixin.py:154} INFO - [2023-11-19T14:12:36.929+0000] {dag.py:3722} INFO - Setting next_dagrun for example_python_operator to None, run_after=None
[2023-11-19T14:12:36.950+0000] {processor.py:179} INFO - Processing /opt/airflow/dags/first.py took 0.076 seconds
[2023-11-19T14:13:07.003+0000] {processor.py:157} INFO - Started process (PID=338) to work on /opt/airflow/dags/first.py
[2023-11-19T14:13:07.004+0000] {processor.py:829} INFO - Processing file /opt/airflow/dags/first.py for tasks to queue
[2023-11-19T14:13:07.007+0000] {logging_mixin.py:154} INFO - [2023-11-19T14:13:07.007+0000] {dagbag.py:536} INFO - Filling up the DagBag from /opt/airflow/dags/first.py
[2023-11-19T14:13:07.016+0000] {processor.py:839} INFO - DAG(s) dict_keys(['example_python_operator']) retrieved from /opt/airflow/dags/first.py
[2023-11-19T14:13:07.041+0000] {logging_mixin.py:154} INFO - [2023-11-19T14:13:07.041+0000] {dag.py:2941} INFO - Sync 1 DAGs
[2023-11-19T14:13:07.059+0000] {logging_mixin.py:154} INFO - [2023-11-19T14:13:07.059+0000] {dag.py:3722} INFO - Setting next_dagrun for example_python_operator to None, run_after=None
[2023-11-19T14:13:07.086+0000] {processor.py:179} INFO - Processing /opt/airflow/dags/first.py took 0.087 seconds
[2023-11-19T14:13:37.190+0000] {processor.py:157} INFO - Started process (PID=346) to work on /opt/airflow/dags/first.py
[2023-11-19T14:13:37.192+0000] {processor.py:829} INFO - Processing file /opt/airflow/dags/first.py for tasks to queue
[2023-11-19T14:13:37.194+0000] {logging_mixin.py:154} INFO - [2023-11-19T14:13:37.194+0000] {dagbag.py:536} INFO - Filling up the DagBag from /opt/airflow/dags/first.py
[2023-11-19T14:13:37.200+0000] {processor.py:839} INFO - DAG(s) dict_keys(['example_python_operator']) retrieved from /opt/airflow/dags/first.py
[2023-11-19T14:13:37.217+0000] {logging_mixin.py:154} INFO - [2023-11-19T14:13:37.217+0000] {dag.py:2941} INFO - Sync 1 DAGs
[2023-11-19T14:13:37.229+0000] {logging_mixin.py:154} INFO - [2023-11-19T14:13:37.229+0000] {dag.py:3722} INFO - Setting next_dagrun for example_python_operator to None, run_after=None
[2023-11-19T14:13:37.249+0000] {processor.py:179} INFO - Processing /opt/airflow/dags/first.py took 0.063 seconds
[2023-11-19T14:14:07.328+0000] {processor.py:157} INFO - Started process (PID=354) to work on /opt/airflow/dags/first.py
[2023-11-19T14:14:07.331+0000] {processor.py:829} INFO - Processing file /opt/airflow/dags/first.py for tasks to queue
[2023-11-19T14:14:07.334+0000] {logging_mixin.py:154} INFO - [2023-11-19T14:14:07.334+0000] {dagbag.py:536} INFO - Filling up the DagBag from /opt/airflow/dags/first.py
[2023-11-19T14:14:07.342+0000] {processor.py:839} INFO - DAG(s) dict_keys(['example_python_operator']) retrieved from /opt/airflow/dags/first.py
[2023-11-19T14:14:07.367+0000] {logging_mixin.py:154} INFO - [2023-11-19T14:14:07.367+0000] {dag.py:2941} INFO - Sync 1 DAGs
[2023-11-19T14:14:07.386+0000] {logging_mixin.py:154} INFO - [2023-11-19T14:14:07.386+0000] {dag.py:3722} INFO - Setting next_dagrun for example_python_operator to None, run_after=None
[2023-11-19T14:14:07.413+0000] {processor.py:179} INFO - Processing /opt/airflow/dags/first.py took 0.090 seconds
[2023-11-19T14:14:37.482+0000] {processor.py:157} INFO - Started process (PID=362) to work on /opt/airflow/dags/first.py
[2023-11-19T14:14:37.484+0000] {processor.py:829} INFO - Processing file /opt/airflow/dags/first.py for tasks to queue
[2023-11-19T14:14:37.487+0000] {logging_mixin.py:154} INFO - [2023-11-19T14:14:37.486+0000] {dagbag.py:536} INFO - Filling up the DagBag from /opt/airflow/dags/first.py
[2023-11-19T14:14:37.495+0000] {processor.py:839} INFO - DAG(s) dict_keys(['example_python_operator']) retrieved from /opt/airflow/dags/first.py
[2023-11-19T14:14:37.513+0000] {logging_mixin.py:154} INFO - [2023-11-19T14:14:37.513+0000] {dag.py:2941} INFO - Sync 1 DAGs
[2023-11-19T14:14:37.524+0000] {logging_mixin.py:154} INFO - [2023-11-19T14:14:37.524+0000] {dag.py:3722} INFO - Setting next_dagrun for example_python_operator to None, run_after=None
[2023-11-19T14:14:37.544+0000] {processor.py:179} INFO - Processing /opt/airflow/dags/first.py took 0.066 seconds
[2023-11-19T14:15:07.657+0000] {processor.py:157} INFO - Started process (PID=370) to work on /opt/airflow/dags/first.py
[2023-11-19T14:15:07.658+0000] {processor.py:829} INFO - Processing file /opt/airflow/dags/first.py for tasks to queue
[2023-11-19T14:15:07.661+0000] {logging_mixin.py:154} INFO - [2023-11-19T14:15:07.660+0000] {dagbag.py:536} INFO - Filling up the DagBag from /opt/airflow/dags/first.py
[2023-11-19T14:15:07.669+0000] {processor.py:839} INFO - DAG(s) dict_keys(['example_python_operator']) retrieved from /opt/airflow/dags/first.py
[2023-11-19T14:15:07.690+0000] {logging_mixin.py:154} INFO - [2023-11-19T14:15:07.689+0000] {dag.py:2941} INFO - Sync 1 DAGs
[2023-11-19T14:15:07.701+0000] {logging_mixin.py:154} INFO - [2023-11-19T14:15:07.701+0000] {dag.py:3722} INFO - Setting next_dagrun for example_python_operator to None, run_after=None
[2023-11-19T14:15:07.720+0000] {processor.py:179} INFO - Processing /opt/airflow/dags/first.py took 0.068 seconds
[2023-11-19T14:15:37.786+0000] {processor.py:157} INFO - Started process (PID=378) to work on /opt/airflow/dags/first.py
[2023-11-19T14:15:37.788+0000] {processor.py:829} INFO - Processing file /opt/airflow/dags/first.py for tasks to queue
[2023-11-19T14:15:37.791+0000] {logging_mixin.py:154} INFO - [2023-11-19T14:15:37.791+0000] {dagbag.py:536} INFO - Filling up the DagBag from /opt/airflow/dags/first.py
[2023-11-19T14:15:37.800+0000] {processor.py:839} INFO - DAG(s) dict_keys(['example_python_operator']) retrieved from /opt/airflow/dags/first.py
[2023-11-19T14:15:37.829+0000] {logging_mixin.py:154} INFO - [2023-11-19T14:15:37.828+0000] {dag.py:2941} INFO - Sync 1 DAGs
[2023-11-19T14:15:37.847+0000] {logging_mixin.py:154} INFO - [2023-11-19T14:15:37.847+0000] {dag.py:3722} INFO - Setting next_dagrun for example_python_operator to None, run_after=None
[2023-11-19T14:15:37.867+0000] {processor.py:179} INFO - Processing /opt/airflow/dags/first.py took 0.086 seconds
[2023-11-19T14:15:53.891+0000] {processor.py:157} INFO - Started process (PID=386) to work on /opt/airflow/dags/first.py
[2023-11-19T14:15:53.894+0000] {processor.py:829} INFO - Processing file /opt/airflow/dags/first.py for tasks to queue
[2023-11-19T14:15:53.898+0000] {logging_mixin.py:154} INFO - [2023-11-19T14:15:53.897+0000] {dagbag.py:536} INFO - Filling up the DagBag from /opt/airflow/dags/first.py
[2023-11-19T14:15:53.905+0000] {logging_mixin.py:154} INFO - [2023-11-19T14:15:53.902+0000] {dagbag.py:346} ERROR - Failed to import: /opt/airflow/dags/first.py
Traceback (most recent call last):
  File "/home/airflow/.local/lib/python3.8/site-packages/airflow/models/dagbag.py", line 342, in parse
    loader.exec_module(new_module)
  File "<frozen importlib._bootstrap_external>", line 843, in exec_module
  File "<frozen importlib._bootstrap>", line 219, in _call_with_frames_removed
  File "/opt/airflow/dags/first.py", line 15, in <module>
    @task()
NameError: name 'task' is not defined
[2023-11-19T14:15:53.905+0000] {processor.py:841} WARNING - No viable dags retrieved from /opt/airflow/dags/first.py
[2023-11-19T14:15:53.933+0000] {processor.py:179} INFO - Processing /opt/airflow/dags/first.py took 0.047 seconds
[2023-11-19T14:16:24.070+0000] {processor.py:157} INFO - Started process (PID=394) to work on /opt/airflow/dags/first.py
[2023-11-19T14:16:24.072+0000] {processor.py:829} INFO - Processing file /opt/airflow/dags/first.py for tasks to queue
[2023-11-19T14:16:24.075+0000] {logging_mixin.py:154} INFO - [2023-11-19T14:16:24.074+0000] {dagbag.py:536} INFO - Filling up the DagBag from /opt/airflow/dags/first.py
[2023-11-19T14:16:24.078+0000] {logging_mixin.py:154} INFO - [2023-11-19T14:16:24.077+0000] {dagbag.py:346} ERROR - Failed to import: /opt/airflow/dags/first.py
Traceback (most recent call last):
  File "/home/airflow/.local/lib/python3.8/site-packages/airflow/models/dagbag.py", line 342, in parse
    loader.exec_module(new_module)
  File "<frozen importlib._bootstrap_external>", line 843, in exec_module
  File "<frozen importlib._bootstrap>", line 219, in _call_with_frames_removed
  File "/opt/airflow/dags/first.py", line 15, in <module>
    @task()
NameError: name 'task' is not defined
[2023-11-19T14:16:24.078+0000] {processor.py:841} WARNING - No viable dags retrieved from /opt/airflow/dags/first.py
[2023-11-19T14:16:24.107+0000] {processor.py:179} INFO - Processing /opt/airflow/dags/first.py took 0.040 seconds
[2023-11-19T14:16:46.181+0000] {processor.py:157} INFO - Started process (PID=395) to work on /opt/airflow/dags/first.py
[2023-11-19T14:16:46.183+0000] {processor.py:829} INFO - Processing file /opt/airflow/dags/first.py for tasks to queue
[2023-11-19T14:16:46.185+0000] {logging_mixin.py:154} INFO - [2023-11-19T14:16:46.185+0000] {dagbag.py:536} INFO - Filling up the DagBag from /opt/airflow/dags/first.py
[2023-11-19T14:16:46.195+0000] {processor.py:839} INFO - DAG(s) dict_keys(['example_python_operator']) retrieved from /opt/airflow/dags/first.py
[2023-11-19T14:16:46.308+0000] {logging_mixin.py:154} INFO - [2023-11-19T14:16:46.308+0000] {dag.py:2941} INFO - Sync 1 DAGs
[2023-11-19T14:16:46.319+0000] {logging_mixin.py:154} INFO - [2023-11-19T14:16:46.318+0000] {dag.py:3722} INFO - Setting next_dagrun for example_python_operator to None, run_after=None
[2023-11-19T14:16:46.350+0000] {processor.py:179} INFO - Processing /opt/airflow/dags/first.py took 0.173 seconds
[2023-11-19T14:17:16.500+0000] {processor.py:157} INFO - Started process (PID=403) to work on /opt/airflow/dags/first.py
[2023-11-19T14:17:16.503+0000] {processor.py:829} INFO - Processing file /opt/airflow/dags/first.py for tasks to queue
[2023-11-19T14:17:16.507+0000] {logging_mixin.py:154} INFO - [2023-11-19T14:17:16.506+0000] {dagbag.py:536} INFO - Filling up the DagBag from /opt/airflow/dags/first.py
[2023-11-19T14:17:16.516+0000] {processor.py:839} INFO - DAG(s) dict_keys(['example_python_operator']) retrieved from /opt/airflow/dags/first.py
[2023-11-19T14:17:16.554+0000] {logging_mixin.py:154} INFO - [2023-11-19T14:17:16.554+0000] {dag.py:2941} INFO - Sync 1 DAGs
[2023-11-19T14:17:16.571+0000] {logging_mixin.py:154} INFO - [2023-11-19T14:17:16.571+0000] {dag.py:3722} INFO - Setting next_dagrun for example_python_operator to None, run_after=None
[2023-11-19T14:17:16.590+0000] {processor.py:179} INFO - Processing /opt/airflow/dags/first.py took 0.095 seconds
[2023-11-19T14:17:46.628+0000] {processor.py:157} INFO - Started process (PID=411) to work on /opt/airflow/dags/first.py
[2023-11-19T14:17:46.629+0000] {processor.py:829} INFO - Processing file /opt/airflow/dags/first.py for tasks to queue
[2023-11-19T14:17:46.633+0000] {logging_mixin.py:154} INFO - [2023-11-19T14:17:46.633+0000] {dagbag.py:536} INFO - Filling up the DagBag from /opt/airflow/dags/first.py
[2023-11-19T14:17:46.642+0000] {processor.py:839} INFO - DAG(s) dict_keys(['example_python_operator']) retrieved from /opt/airflow/dags/first.py
[2023-11-19T14:17:46.674+0000] {logging_mixin.py:154} INFO - [2023-11-19T14:17:46.674+0000] {dag.py:2941} INFO - Sync 1 DAGs
[2023-11-19T14:17:46.689+0000] {logging_mixin.py:154} INFO - [2023-11-19T14:17:46.689+0000] {dag.py:3722} INFO - Setting next_dagrun for example_python_operator to None, run_after=None
[2023-11-19T14:17:46.715+0000] {processor.py:179} INFO - Processing /opt/airflow/dags/first.py took 0.092 seconds
[2023-11-19T14:18:16.838+0000] {processor.py:157} INFO - Started process (PID=419) to work on /opt/airflow/dags/first.py
[2023-11-19T14:18:16.840+0000] {processor.py:829} INFO - Processing file /opt/airflow/dags/first.py for tasks to queue
[2023-11-19T14:18:16.845+0000] {logging_mixin.py:154} INFO - [2023-11-19T14:18:16.844+0000] {dagbag.py:536} INFO - Filling up the DagBag from /opt/airflow/dags/first.py
[2023-11-19T14:18:16.853+0000] {processor.py:839} INFO - DAG(s) dict_keys(['example_python_operator']) retrieved from /opt/airflow/dags/first.py
[2023-11-19T14:18:16.877+0000] {logging_mixin.py:154} INFO - [2023-11-19T14:18:16.877+0000] {dag.py:2941} INFO - Sync 1 DAGs
[2023-11-19T14:18:16.888+0000] {logging_mixin.py:154} INFO - [2023-11-19T14:18:16.888+0000] {dag.py:3722} INFO - Setting next_dagrun for example_python_operator to None, run_after=None
[2023-11-19T14:18:16.907+0000] {processor.py:179} INFO - Processing /opt/airflow/dags/first.py took 0.073 seconds
[2023-11-19T14:18:22.880+0000] {processor.py:157} INFO - Started process (PID=427) to work on /opt/airflow/dags/first.py
[2023-11-19T14:18:22.883+0000] {processor.py:829} INFO - Processing file /opt/airflow/dags/first.py for tasks to queue
[2023-11-19T14:18:22.886+0000] {logging_mixin.py:154} INFO - [2023-11-19T14:18:22.885+0000] {dagbag.py:536} INFO - Filling up the DagBag from /opt/airflow/dags/first.py
[2023-11-19T14:18:22.896+0000] {processor.py:839} INFO - DAG(s) dict_keys(['example_python_operator']) retrieved from /opt/airflow/dags/first.py
[2023-11-19T14:18:22.931+0000] {logging_mixin.py:154} INFO - [2023-11-19T14:18:22.931+0000] {dag.py:2941} INFO - Sync 1 DAGs
[2023-11-19T14:18:22.947+0000] {logging_mixin.py:154} INFO - [2023-11-19T14:18:22.947+0000] {dag.py:3722} INFO - Setting next_dagrun for example_python_operator to None, run_after=None
[2023-11-19T14:18:22.968+0000] {processor.py:179} INFO - Processing /opt/airflow/dags/first.py took 0.093 seconds
[2023-11-19T14:18:53.079+0000] {processor.py:157} INFO - Started process (PID=435) to work on /opt/airflow/dags/first.py
[2023-11-19T14:18:53.080+0000] {processor.py:829} INFO - Processing file /opt/airflow/dags/first.py for tasks to queue
[2023-11-19T14:18:53.082+0000] {logging_mixin.py:154} INFO - [2023-11-19T14:18:53.082+0000] {dagbag.py:536} INFO - Filling up the DagBag from /opt/airflow/dags/first.py
[2023-11-19T14:18:53.090+0000] {processor.py:839} INFO - DAG(s) dict_keys(['example_python_operator']) retrieved from /opt/airflow/dags/first.py
[2023-11-19T14:18:53.115+0000] {logging_mixin.py:154} INFO - [2023-11-19T14:18:53.115+0000] {dag.py:2941} INFO - Sync 1 DAGs
[2023-11-19T14:18:53.129+0000] {logging_mixin.py:154} INFO - [2023-11-19T14:18:53.129+0000] {dag.py:3722} INFO - Setting next_dagrun for example_python_operator to None, run_after=None
[2023-11-19T14:18:53.156+0000] {processor.py:179} INFO - Processing /opt/airflow/dags/first.py took 0.081 seconds
[2023-11-19T14:19:23.235+0000] {processor.py:157} INFO - Started process (PID=443) to work on /opt/airflow/dags/first.py
[2023-11-19T14:19:23.237+0000] {processor.py:829} INFO - Processing file /opt/airflow/dags/first.py for tasks to queue
[2023-11-19T14:19:23.240+0000] {logging_mixin.py:154} INFO - [2023-11-19T14:19:23.240+0000] {dagbag.py:536} INFO - Filling up the DagBag from /opt/airflow/dags/first.py
[2023-11-19T14:19:23.249+0000] {processor.py:839} INFO - DAG(s) dict_keys(['example_python_operator']) retrieved from /opt/airflow/dags/first.py
[2023-11-19T14:19:23.281+0000] {logging_mixin.py:154} INFO - [2023-11-19T14:19:23.281+0000] {dag.py:2941} INFO - Sync 1 DAGs
[2023-11-19T14:19:23.299+0000] {logging_mixin.py:154} INFO - [2023-11-19T14:19:23.299+0000] {dag.py:3722} INFO - Setting next_dagrun for example_python_operator to None, run_after=None
[2023-11-19T14:19:23.324+0000] {processor.py:179} INFO - Processing /opt/airflow/dags/first.py took 0.094 seconds
[2023-11-19T14:19:53.403+0000] {processor.py:157} INFO - Started process (PID=451) to work on /opt/airflow/dags/first.py
[2023-11-19T14:19:53.407+0000] {processor.py:829} INFO - Processing file /opt/airflow/dags/first.py for tasks to queue
[2023-11-19T14:19:53.410+0000] {logging_mixin.py:154} INFO - [2023-11-19T14:19:53.409+0000] {dagbag.py:536} INFO - Filling up the DagBag from /opt/airflow/dags/first.py
[2023-11-19T14:19:53.421+0000] {processor.py:839} INFO - DAG(s) dict_keys(['example_python_operator']) retrieved from /opt/airflow/dags/first.py
[2023-11-19T14:19:53.459+0000] {logging_mixin.py:154} INFO - [2023-11-19T14:19:53.458+0000] {dag.py:2941} INFO - Sync 1 DAGs
[2023-11-19T14:19:53.478+0000] {logging_mixin.py:154} INFO - [2023-11-19T14:19:53.478+0000] {dag.py:3722} INFO - Setting next_dagrun for example_python_operator to None, run_after=None
[2023-11-19T14:19:53.501+0000] {processor.py:179} INFO - Processing /opt/airflow/dags/first.py took 0.103 seconds
[2023-11-19T14:20:23.572+0000] {processor.py:157} INFO - Started process (PID=459) to work on /opt/airflow/dags/first.py
[2023-11-19T14:20:23.575+0000] {processor.py:829} INFO - Processing file /opt/airflow/dags/first.py for tasks to queue
[2023-11-19T14:20:23.579+0000] {logging_mixin.py:154} INFO - [2023-11-19T14:20:23.578+0000] {dagbag.py:536} INFO - Filling up the DagBag from /opt/airflow/dags/first.py
[2023-11-19T14:20:23.587+0000] {processor.py:839} INFO - DAG(s) dict_keys(['example_python_operator']) retrieved from /opt/airflow/dags/first.py
[2023-11-19T14:20:23.623+0000] {logging_mixin.py:154} INFO - [2023-11-19T14:20:23.622+0000] {dag.py:2941} INFO - Sync 1 DAGs
[2023-11-19T14:20:23.638+0000] {logging_mixin.py:154} INFO - [2023-11-19T14:20:23.638+0000] {dag.py:3722} INFO - Setting next_dagrun for example_python_operator to None, run_after=None
[2023-11-19T14:20:23.657+0000] {processor.py:179} INFO - Processing /opt/airflow/dags/first.py took 0.090 seconds
[2023-11-19T14:20:53.731+0000] {processor.py:157} INFO - Started process (PID=467) to work on /opt/airflow/dags/first.py
[2023-11-19T14:20:53.734+0000] {processor.py:829} INFO - Processing file /opt/airflow/dags/first.py for tasks to queue
[2023-11-19T14:20:53.738+0000] {logging_mixin.py:154} INFO - [2023-11-19T14:20:53.738+0000] {dagbag.py:536} INFO - Filling up the DagBag from /opt/airflow/dags/first.py
[2023-11-19T14:20:53.748+0000] {processor.py:839} INFO - DAG(s) dict_keys(['example_python_operator']) retrieved from /opt/airflow/dags/first.py
[2023-11-19T14:20:53.773+0000] {logging_mixin.py:154} INFO - [2023-11-19T14:20:53.773+0000] {dag.py:2941} INFO - Sync 1 DAGs
[2023-11-19T14:20:53.784+0000] {logging_mixin.py:154} INFO - [2023-11-19T14:20:53.784+0000] {dag.py:3722} INFO - Setting next_dagrun for example_python_operator to None, run_after=None
[2023-11-19T14:20:53.804+0000] {processor.py:179} INFO - Processing /opt/airflow/dags/first.py took 0.078 seconds
[2023-11-19T14:21:23.896+0000] {processor.py:157} INFO - Started process (PID=475) to work on /opt/airflow/dags/first.py
[2023-11-19T14:21:23.898+0000] {processor.py:829} INFO - Processing file /opt/airflow/dags/first.py for tasks to queue
[2023-11-19T14:21:23.901+0000] {logging_mixin.py:154} INFO - [2023-11-19T14:21:23.901+0000] {dagbag.py:536} INFO - Filling up the DagBag from /opt/airflow/dags/first.py
[2023-11-19T14:21:23.910+0000] {processor.py:839} INFO - DAG(s) dict_keys(['example_python_operator']) retrieved from /opt/airflow/dags/first.py
[2023-11-19T14:21:23.944+0000] {logging_mixin.py:154} INFO - [2023-11-19T14:21:23.944+0000] {dag.py:2941} INFO - Sync 1 DAGs
[2023-11-19T14:21:23.958+0000] {logging_mixin.py:154} INFO - [2023-11-19T14:21:23.958+0000] {dag.py:3722} INFO - Setting next_dagrun for example_python_operator to None, run_after=None
[2023-11-19T14:21:23.978+0000] {processor.py:179} INFO - Processing /opt/airflow/dags/first.py took 0.086 seconds
[2023-11-19T14:21:54.028+0000] {processor.py:157} INFO - Started process (PID=483) to work on /opt/airflow/dags/first.py
[2023-11-19T14:21:54.030+0000] {processor.py:829} INFO - Processing file /opt/airflow/dags/first.py for tasks to queue
[2023-11-19T14:21:54.033+0000] {logging_mixin.py:154} INFO - [2023-11-19T14:21:54.033+0000] {dagbag.py:536} INFO - Filling up the DagBag from /opt/airflow/dags/first.py
[2023-11-19T14:21:54.043+0000] {processor.py:839} INFO - DAG(s) dict_keys(['example_python_operator']) retrieved from /opt/airflow/dags/first.py
[2023-11-19T14:21:54.077+0000] {logging_mixin.py:154} INFO - [2023-11-19T14:21:54.077+0000] {dag.py:2941} INFO - Sync 1 DAGs
[2023-11-19T14:21:54.089+0000] {logging_mixin.py:154} INFO - [2023-11-19T14:21:54.089+0000] {dag.py:3722} INFO - Setting next_dagrun for example_python_operator to None, run_after=None
[2023-11-19T14:21:54.110+0000] {processor.py:179} INFO - Processing /opt/airflow/dags/first.py took 0.087 seconds
[2023-11-19T14:22:24.234+0000] {processor.py:157} INFO - Started process (PID=491) to work on /opt/airflow/dags/first.py
[2023-11-19T14:22:24.235+0000] {processor.py:829} INFO - Processing file /opt/airflow/dags/first.py for tasks to queue
[2023-11-19T14:22:24.238+0000] {logging_mixin.py:154} INFO - [2023-11-19T14:22:24.238+0000] {dagbag.py:536} INFO - Filling up the DagBag from /opt/airflow/dags/first.py
[2023-11-19T14:22:24.247+0000] {processor.py:839} INFO - DAG(s) dict_keys(['example_python_operator']) retrieved from /opt/airflow/dags/first.py
[2023-11-19T14:22:24.273+0000] {logging_mixin.py:154} INFO - [2023-11-19T14:22:24.273+0000] {dag.py:2941} INFO - Sync 1 DAGs
[2023-11-19T14:22:24.284+0000] {logging_mixin.py:154} INFO - [2023-11-19T14:22:24.284+0000] {dag.py:3722} INFO - Setting next_dagrun for example_python_operator to None, run_after=None
[2023-11-19T14:22:24.302+0000] {processor.py:179} INFO - Processing /opt/airflow/dags/first.py took 0.073 seconds
[2023-11-19T14:22:54.367+0000] {processor.py:157} INFO - Started process (PID=499) to work on /opt/airflow/dags/first.py
[2023-11-19T14:22:54.368+0000] {processor.py:829} INFO - Processing file /opt/airflow/dags/first.py for tasks to queue
[2023-11-19T14:22:54.371+0000] {logging_mixin.py:154} INFO - [2023-11-19T14:22:54.371+0000] {dagbag.py:536} INFO - Filling up the DagBag from /opt/airflow/dags/first.py
[2023-11-19T14:22:54.381+0000] {processor.py:839} INFO - DAG(s) dict_keys(['example_python_operator']) retrieved from /opt/airflow/dags/first.py
[2023-11-19T14:22:54.416+0000] {logging_mixin.py:154} INFO - [2023-11-19T14:22:54.416+0000] {dag.py:2941} INFO - Sync 1 DAGs
[2023-11-19T14:22:54.431+0000] {logging_mixin.py:154} INFO - [2023-11-19T14:22:54.431+0000] {dag.py:3722} INFO - Setting next_dagrun for example_python_operator to None, run_after=None
[2023-11-19T14:22:54.450+0000] {processor.py:179} INFO - Processing /opt/airflow/dags/first.py took 0.088 seconds
[2023-11-19T14:23:24.540+0000] {processor.py:157} INFO - Started process (PID=507) to work on /opt/airflow/dags/first.py
[2023-11-19T14:23:24.543+0000] {processor.py:829} INFO - Processing file /opt/airflow/dags/first.py for tasks to queue
[2023-11-19T14:23:24.546+0000] {logging_mixin.py:154} INFO - [2023-11-19T14:23:24.546+0000] {dagbag.py:536} INFO - Filling up the DagBag from /opt/airflow/dags/first.py
[2023-11-19T14:23:24.557+0000] {processor.py:839} INFO - DAG(s) dict_keys(['example_python_operator']) retrieved from /opt/airflow/dags/first.py
[2023-11-19T14:23:24.583+0000] {logging_mixin.py:154} INFO - [2023-11-19T14:23:24.583+0000] {dag.py:2941} INFO - Sync 1 DAGs
[2023-11-19T14:23:24.595+0000] {logging_mixin.py:154} INFO - [2023-11-19T14:23:24.594+0000] {dag.py:3722} INFO - Setting next_dagrun for example_python_operator to None, run_after=None
[2023-11-19T14:23:24.615+0000] {processor.py:179} INFO - Processing /opt/airflow/dags/first.py took 0.080 seconds
[2023-11-19T14:23:33.609+0000] {processor.py:157} INFO - Started process (PID=508) to work on /opt/airflow/dags/first.py
[2023-11-19T14:23:33.613+0000] {processor.py:829} INFO - Processing file /opt/airflow/dags/first.py for tasks to queue
[2023-11-19T14:23:33.616+0000] {logging_mixin.py:154} INFO - [2023-11-19T14:23:33.616+0000] {dagbag.py:536} INFO - Filling up the DagBag from /opt/airflow/dags/first.py
[2023-11-19T14:23:33.627+0000] {processor.py:839} INFO - DAG(s) dict_keys(['example_python_operator']) retrieved from /opt/airflow/dags/first.py
[2023-11-19T14:23:33.665+0000] {logging_mixin.py:154} INFO - [2023-11-19T14:23:33.665+0000] {dag.py:2941} INFO - Sync 1 DAGs
[2023-11-19T14:23:33.677+0000] {logging_mixin.py:154} INFO - [2023-11-19T14:23:33.677+0000] {dag.py:3722} INFO - Setting next_dagrun for example_python_operator to None, run_after=None
[2023-11-19T14:23:33.701+0000] {processor.py:179} INFO - Processing /opt/airflow/dags/first.py took 0.098 seconds
[2023-11-19T14:24:03.793+0000] {processor.py:157} INFO - Started process (PID=516) to work on /opt/airflow/dags/first.py
[2023-11-19T14:24:03.794+0000] {processor.py:829} INFO - Processing file /opt/airflow/dags/first.py for tasks to queue
[2023-11-19T14:24:03.797+0000] {logging_mixin.py:154} INFO - [2023-11-19T14:24:03.797+0000] {dagbag.py:536} INFO - Filling up the DagBag from /opt/airflow/dags/first.py
[2023-11-19T14:24:03.807+0000] {processor.py:839} INFO - DAG(s) dict_keys(['example_python_operator']) retrieved from /opt/airflow/dags/first.py
[2023-11-19T14:24:03.831+0000] {logging_mixin.py:154} INFO - [2023-11-19T14:24:03.831+0000] {dag.py:2941} INFO - Sync 1 DAGs
[2023-11-19T14:24:03.843+0000] {logging_mixin.py:154} INFO - [2023-11-19T14:24:03.843+0000] {dag.py:3722} INFO - Setting next_dagrun for example_python_operator to None, run_after=None
[2023-11-19T14:24:03.863+0000] {processor.py:179} INFO - Processing /opt/airflow/dags/first.py took 0.075 seconds
[2023-11-19T14:24:33.951+0000] {processor.py:157} INFO - Started process (PID=524) to work on /opt/airflow/dags/first.py
[2023-11-19T14:24:33.952+0000] {processor.py:829} INFO - Processing file /opt/airflow/dags/first.py for tasks to queue
[2023-11-19T14:24:33.955+0000] {logging_mixin.py:154} INFO - [2023-11-19T14:24:33.955+0000] {dagbag.py:536} INFO - Filling up the DagBag from /opt/airflow/dags/first.py
[2023-11-19T14:24:33.965+0000] {processor.py:839} INFO - DAG(s) dict_keys(['example_python_operator']) retrieved from /opt/airflow/dags/first.py
[2023-11-19T14:24:34.000+0000] {logging_mixin.py:154} INFO - [2023-11-19T14:24:33.999+0000] {dag.py:2941} INFO - Sync 1 DAGs
[2023-11-19T14:24:34.015+0000] {logging_mixin.py:154} INFO - [2023-11-19T14:24:34.014+0000] {dag.py:3722} INFO - Setting next_dagrun for example_python_operator to None, run_after=None
[2023-11-19T14:24:34.034+0000] {processor.py:179} INFO - Processing /opt/airflow/dags/first.py took 0.088 seconds
[2023-11-19T14:24:49.039+0000] {processor.py:157} INFO - Started process (PID=525) to work on /opt/airflow/dags/first.py
[2023-11-19T14:24:49.041+0000] {processor.py:829} INFO - Processing file /opt/airflow/dags/first.py for tasks to queue
[2023-11-19T14:24:49.044+0000] {logging_mixin.py:154} INFO - [2023-11-19T14:24:49.044+0000] {dagbag.py:536} INFO - Filling up the DagBag from /opt/airflow/dags/first.py
[2023-11-19T14:24:49.502+0000] {processor.py:839} INFO - DAG(s) dict_keys(['example_python_operator']) retrieved from /opt/airflow/dags/first.py
[2023-11-19T14:24:49.536+0000] {logging_mixin.py:154} INFO - [2023-11-19T14:24:49.536+0000] {dag.py:2941} INFO - Sync 1 DAGs
[2023-11-19T14:24:49.553+0000] {logging_mixin.py:154} INFO - [2023-11-19T14:24:49.553+0000] {dag.py:3722} INFO - Setting next_dagrun for example_python_operator to None, run_after=None
[2023-11-19T14:24:49.576+0000] {processor.py:179} INFO - Processing /opt/airflow/dags/first.py took 0.541 seconds
[2023-11-19T14:25:19.720+0000] {processor.py:157} INFO - Started process (PID=533) to work on /opt/airflow/dags/first.py
[2023-11-19T14:25:19.724+0000] {processor.py:829} INFO - Processing file /opt/airflow/dags/first.py for tasks to queue
[2023-11-19T14:25:19.727+0000] {logging_mixin.py:154} INFO - [2023-11-19T14:25:19.726+0000] {dagbag.py:536} INFO - Filling up the DagBag from /opt/airflow/dags/first.py
[2023-11-19T14:25:19.814+0000] {processor.py:839} INFO - DAG(s) dict_keys(['example_python_operator']) retrieved from /opt/airflow/dags/first.py
[2023-11-19T14:25:19.841+0000] {logging_mixin.py:154} INFO - [2023-11-19T14:25:19.841+0000] {dag.py:2941} INFO - Sync 1 DAGs
[2023-11-19T14:25:19.852+0000] {logging_mixin.py:154} INFO - [2023-11-19T14:25:19.852+0000] {dag.py:3722} INFO - Setting next_dagrun for example_python_operator to None, run_after=None
[2023-11-19T14:25:19.871+0000] {processor.py:179} INFO - Processing /opt/airflow/dags/first.py took 0.155 seconds
[2023-11-19T14:25:49.993+0000] {processor.py:157} INFO - Started process (PID=541) to work on /opt/airflow/dags/first.py
[2023-11-19T14:25:49.996+0000] {processor.py:829} INFO - Processing file /opt/airflow/dags/first.py for tasks to queue
[2023-11-19T14:25:49.999+0000] {logging_mixin.py:154} INFO - [2023-11-19T14:25:49.998+0000] {dagbag.py:536} INFO - Filling up the DagBag from /opt/airflow/dags/first.py
[2023-11-19T14:25:50.086+0000] {processor.py:839} INFO - DAG(s) dict_keys(['example_python_operator']) retrieved from /opt/airflow/dags/first.py
[2023-11-19T14:25:50.108+0000] {logging_mixin.py:154} INFO - [2023-11-19T14:25:50.108+0000] {dag.py:2941} INFO - Sync 1 DAGs
[2023-11-19T14:25:50.119+0000] {logging_mixin.py:154} INFO - [2023-11-19T14:25:50.119+0000] {dag.py:3722} INFO - Setting next_dagrun for example_python_operator to None, run_after=None
[2023-11-19T14:25:50.138+0000] {processor.py:179} INFO - Processing /opt/airflow/dags/first.py took 0.150 seconds
[2023-11-19T14:25:52.011+0000] {processor.py:157} INFO - Started process (PID=542) to work on /opt/airflow/dags/first.py
[2023-11-19T14:25:52.014+0000] {processor.py:829} INFO - Processing file /opt/airflow/dags/first.py for tasks to queue
[2023-11-19T14:25:52.017+0000] {logging_mixin.py:154} INFO - [2023-11-19T14:25:52.016+0000] {dagbag.py:536} INFO - Filling up the DagBag from /opt/airflow/dags/first.py
[2023-11-19T14:25:52.102+0000] {processor.py:839} INFO - DAG(s) dict_keys(['example_python_operator']) retrieved from /opt/airflow/dags/first.py
[2023-11-19T14:25:52.128+0000] {logging_mixin.py:154} INFO - [2023-11-19T14:25:52.127+0000] {dag.py:2941} INFO - Sync 1 DAGs
[2023-11-19T14:25:52.140+0000] {logging_mixin.py:154} INFO - [2023-11-19T14:25:52.140+0000] {dag.py:3722} INFO - Setting next_dagrun for example_python_operator to None, run_after=None
[2023-11-19T14:25:52.162+0000] {processor.py:179} INFO - Processing /opt/airflow/dags/first.py took 0.156 seconds
[2023-11-19T14:26:22.303+0000] {processor.py:157} INFO - Started process (PID=550) to work on /opt/airflow/dags/first.py
[2023-11-19T14:26:22.304+0000] {processor.py:829} INFO - Processing file /opt/airflow/dags/first.py for tasks to queue
[2023-11-19T14:26:22.308+0000] {logging_mixin.py:154} INFO - [2023-11-19T14:26:22.307+0000] {dagbag.py:536} INFO - Filling up the DagBag from /opt/airflow/dags/first.py
[2023-11-19T14:26:22.394+0000] {processor.py:839} INFO - DAG(s) dict_keys(['example_python_operator']) retrieved from /opt/airflow/dags/first.py
[2023-11-19T14:26:22.415+0000] {logging_mixin.py:154} INFO - [2023-11-19T14:26:22.415+0000] {dag.py:2941} INFO - Sync 1 DAGs
[2023-11-19T14:26:22.427+0000] {logging_mixin.py:154} INFO - [2023-11-19T14:26:22.427+0000] {dag.py:3722} INFO - Setting next_dagrun for example_python_operator to None, run_after=None
[2023-11-19T14:26:22.449+0000] {processor.py:179} INFO - Processing /opt/airflow/dags/first.py took 0.151 seconds
[2023-11-19T14:26:52.592+0000] {processor.py:157} INFO - Started process (PID=558) to work on /opt/airflow/dags/first.py
[2023-11-19T14:26:52.595+0000] {processor.py:829} INFO - Processing file /opt/airflow/dags/first.py for tasks to queue
[2023-11-19T14:26:52.598+0000] {logging_mixin.py:154} INFO - [2023-11-19T14:26:52.597+0000] {dagbag.py:536} INFO - Filling up the DagBag from /opt/airflow/dags/first.py
[2023-11-19T14:26:52.674+0000] {processor.py:839} INFO - DAG(s) dict_keys(['example_python_operator']) retrieved from /opt/airflow/dags/first.py
[2023-11-19T14:26:52.696+0000] {logging_mixin.py:154} INFO - [2023-11-19T14:26:52.696+0000] {dag.py:2941} INFO - Sync 1 DAGs
[2023-11-19T14:26:52.708+0000] {logging_mixin.py:154} INFO - [2023-11-19T14:26:52.708+0000] {dag.py:3722} INFO - Setting next_dagrun for example_python_operator to None, run_after=None
[2023-11-19T14:26:52.728+0000] {processor.py:179} INFO - Processing /opt/airflow/dags/first.py took 0.140 seconds
[2023-11-19T14:27:22.852+0000] {processor.py:157} INFO - Started process (PID=566) to work on /opt/airflow/dags/first.py
[2023-11-19T14:27:22.855+0000] {processor.py:829} INFO - Processing file /opt/airflow/dags/first.py for tasks to queue
[2023-11-19T14:27:22.856+0000] {logging_mixin.py:154} INFO - [2023-11-19T14:27:22.856+0000] {dagbag.py:536} INFO - Filling up the DagBag from /opt/airflow/dags/first.py
[2023-11-19T14:27:22.933+0000] {processor.py:839} INFO - DAG(s) dict_keys(['example_python_operator']) retrieved from /opt/airflow/dags/first.py
[2023-11-19T14:27:22.962+0000] {logging_mixin.py:154} INFO - [2023-11-19T14:27:22.962+0000] {dag.py:2941} INFO - Sync 1 DAGs
[2023-11-19T14:27:22.978+0000] {logging_mixin.py:154} INFO - [2023-11-19T14:27:22.978+0000] {dag.py:3722} INFO - Setting next_dagrun for example_python_operator to None, run_after=None
[2023-11-19T14:27:23.008+0000] {processor.py:179} INFO - Processing /opt/airflow/dags/first.py took 0.159 seconds
[2023-11-19T14:27:53.138+0000] {processor.py:157} INFO - Started process (PID=574) to work on /opt/airflow/dags/first.py
[2023-11-19T14:27:53.141+0000] {processor.py:829} INFO - Processing file /opt/airflow/dags/first.py for tasks to queue
[2023-11-19T14:27:53.143+0000] {logging_mixin.py:154} INFO - [2023-11-19T14:27:53.143+0000] {dagbag.py:536} INFO - Filling up the DagBag from /opt/airflow/dags/first.py
[2023-11-19T14:27:53.222+0000] {processor.py:839} INFO - DAG(s) dict_keys(['example_python_operator']) retrieved from /opt/airflow/dags/first.py
[2023-11-19T14:27:53.246+0000] {logging_mixin.py:154} INFO - [2023-11-19T14:27:53.246+0000] {dag.py:2941} INFO - Sync 1 DAGs
[2023-11-19T14:27:53.258+0000] {logging_mixin.py:154} INFO - [2023-11-19T14:27:53.257+0000] {dag.py:3722} INFO - Setting next_dagrun for example_python_operator to None, run_after=None
[2023-11-19T14:27:53.277+0000] {processor.py:179} INFO - Processing /opt/airflow/dags/first.py took 0.143 seconds
[2023-11-19T14:28:23.416+0000] {processor.py:157} INFO - Started process (PID=582) to work on /opt/airflow/dags/first.py
[2023-11-19T14:28:23.420+0000] {processor.py:829} INFO - Processing file /opt/airflow/dags/first.py for tasks to queue
[2023-11-19T14:28:23.422+0000] {logging_mixin.py:154} INFO - [2023-11-19T14:28:23.422+0000] {dagbag.py:536} INFO - Filling up the DagBag from /opt/airflow/dags/first.py
[2023-11-19T14:28:23.509+0000] {processor.py:839} INFO - DAG(s) dict_keys(['example_python_operator']) retrieved from /opt/airflow/dags/first.py
[2023-11-19T14:28:23.534+0000] {logging_mixin.py:154} INFO - [2023-11-19T14:28:23.533+0000] {dag.py:2941} INFO - Sync 1 DAGs
[2023-11-19T14:28:23.545+0000] {logging_mixin.py:154} INFO - [2023-11-19T14:28:23.545+0000] {dag.py:3722} INFO - Setting next_dagrun for example_python_operator to None, run_after=None
[2023-11-19T14:28:23.576+0000] {processor.py:179} INFO - Processing /opt/airflow/dags/first.py took 0.164 seconds
[2023-11-19T14:28:53.701+0000] {processor.py:157} INFO - Started process (PID=590) to work on /opt/airflow/dags/first.py
[2023-11-19T14:28:53.703+0000] {processor.py:829} INFO - Processing file /opt/airflow/dags/first.py for tasks to queue
[2023-11-19T14:28:53.706+0000] {logging_mixin.py:154} INFO - [2023-11-19T14:28:53.705+0000] {dagbag.py:536} INFO - Filling up the DagBag from /opt/airflow/dags/first.py
[2023-11-19T14:28:53.791+0000] {processor.py:839} INFO - DAG(s) dict_keys(['example_python_operator']) retrieved from /opt/airflow/dags/first.py
[2023-11-19T14:28:53.814+0000] {logging_mixin.py:154} INFO - [2023-11-19T14:28:53.814+0000] {dag.py:2941} INFO - Sync 1 DAGs
[2023-11-19T14:28:53.826+0000] {logging_mixin.py:154} INFO - [2023-11-19T14:28:53.825+0000] {dag.py:3722} INFO - Setting next_dagrun for example_python_operator to None, run_after=None
[2023-11-19T14:28:53.844+0000] {processor.py:179} INFO - Processing /opt/airflow/dags/first.py took 0.148 seconds
[2023-11-19T14:29:23.965+0000] {processor.py:157} INFO - Started process (PID=598) to work on /opt/airflow/dags/first.py
[2023-11-19T14:29:23.966+0000] {processor.py:829} INFO - Processing file /opt/airflow/dags/first.py for tasks to queue
[2023-11-19T14:29:23.968+0000] {logging_mixin.py:154} INFO - [2023-11-19T14:29:23.968+0000] {dagbag.py:536} INFO - Filling up the DagBag from /opt/airflow/dags/first.py
[2023-11-19T14:29:24.039+0000] {processor.py:839} INFO - DAG(s) dict_keys(['example_python_operator']) retrieved from /opt/airflow/dags/first.py
[2023-11-19T14:29:24.062+0000] {logging_mixin.py:154} INFO - [2023-11-19T14:29:24.062+0000] {dag.py:2941} INFO - Sync 1 DAGs
[2023-11-19T14:29:24.073+0000] {logging_mixin.py:154} INFO - [2023-11-19T14:29:24.073+0000] {dag.py:3722} INFO - Setting next_dagrun for example_python_operator to None, run_after=None
[2023-11-19T14:29:24.102+0000] {processor.py:179} INFO - Processing /opt/airflow/dags/first.py took 0.141 seconds
[2023-11-19T14:29:54.221+0000] {processor.py:157} INFO - Started process (PID=606) to work on /opt/airflow/dags/first.py
[2023-11-19T14:29:54.223+0000] {processor.py:829} INFO - Processing file /opt/airflow/dags/first.py for tasks to queue
[2023-11-19T14:29:54.226+0000] {logging_mixin.py:154} INFO - [2023-11-19T14:29:54.225+0000] {dagbag.py:536} INFO - Filling up the DagBag from /opt/airflow/dags/first.py
[2023-11-19T14:29:54.312+0000] {processor.py:839} INFO - DAG(s) dict_keys(['example_python_operator']) retrieved from /opt/airflow/dags/first.py
[2023-11-19T14:29:54.332+0000] {logging_mixin.py:154} INFO - [2023-11-19T14:29:54.332+0000] {dag.py:2941} INFO - Sync 1 DAGs
[2023-11-19T14:29:54.343+0000] {logging_mixin.py:154} INFO - [2023-11-19T14:29:54.343+0000] {dag.py:3722} INFO - Setting next_dagrun for example_python_operator to None, run_after=None
[2023-11-19T14:29:54.362+0000] {processor.py:179} INFO - Processing /opt/airflow/dags/first.py took 0.143 seconds
[2023-11-19T14:30:24.478+0000] {processor.py:157} INFO - Started process (PID=614) to work on /opt/airflow/dags/first.py
[2023-11-19T14:30:24.479+0000] {processor.py:829} INFO - Processing file /opt/airflow/dags/first.py for tasks to queue
[2023-11-19T14:30:24.482+0000] {logging_mixin.py:154} INFO - [2023-11-19T14:30:24.482+0000] {dagbag.py:536} INFO - Filling up the DagBag from /opt/airflow/dags/first.py
[2023-11-19T14:30:24.571+0000] {processor.py:839} INFO - DAG(s) dict_keys(['example_python_operator']) retrieved from /opt/airflow/dags/first.py
[2023-11-19T14:30:24.596+0000] {logging_mixin.py:154} INFO - [2023-11-19T14:30:24.596+0000] {dag.py:2941} INFO - Sync 1 DAGs
[2023-11-19T14:30:24.607+0000] {logging_mixin.py:154} INFO - [2023-11-19T14:30:24.607+0000] {dag.py:3722} INFO - Setting next_dagrun for example_python_operator to None, run_after=None
[2023-11-19T14:30:24.626+0000] {processor.py:179} INFO - Processing /opt/airflow/dags/first.py took 0.154 seconds
[2023-11-19T14:30:54.744+0000] {processor.py:157} INFO - Started process (PID=622) to work on /opt/airflow/dags/first.py
[2023-11-19T14:30:54.745+0000] {processor.py:829} INFO - Processing file /opt/airflow/dags/first.py for tasks to queue
[2023-11-19T14:30:54.747+0000] {logging_mixin.py:154} INFO - [2023-11-19T14:30:54.747+0000] {dagbag.py:536} INFO - Filling up the DagBag from /opt/airflow/dags/first.py
[2023-11-19T14:30:54.818+0000] {processor.py:839} INFO - DAG(s) dict_keys(['example_python_operator']) retrieved from /opt/airflow/dags/first.py
[2023-11-19T14:30:54.840+0000] {logging_mixin.py:154} INFO - [2023-11-19T14:30:54.839+0000] {dag.py:2941} INFO - Sync 1 DAGs
[2023-11-19T14:30:54.850+0000] {logging_mixin.py:154} INFO - [2023-11-19T14:30:54.849+0000] {dag.py:3722} INFO - Setting next_dagrun for example_python_operator to None, run_after=None
[2023-11-19T14:30:54.867+0000] {processor.py:179} INFO - Processing /opt/airflow/dags/first.py took 0.126 seconds
[2023-11-19T14:31:24.984+0000] {processor.py:157} INFO - Started process (PID=630) to work on /opt/airflow/dags/first.py
[2023-11-19T14:31:24.986+0000] {processor.py:829} INFO - Processing file /opt/airflow/dags/first.py for tasks to queue
[2023-11-19T14:31:24.989+0000] {logging_mixin.py:154} INFO - [2023-11-19T14:31:24.989+0000] {dagbag.py:536} INFO - Filling up the DagBag from /opt/airflow/dags/first.py
[2023-11-19T14:31:25.074+0000] {processor.py:839} INFO - DAG(s) dict_keys(['example_python_operator']) retrieved from /opt/airflow/dags/first.py
[2023-11-19T14:31:25.095+0000] {logging_mixin.py:154} INFO - [2023-11-19T14:31:25.095+0000] {dag.py:2941} INFO - Sync 1 DAGs
[2023-11-19T14:31:25.106+0000] {logging_mixin.py:154} INFO - [2023-11-19T14:31:25.106+0000] {dag.py:3722} INFO - Setting next_dagrun for example_python_operator to None, run_after=None
[2023-11-19T14:31:25.125+0000] {processor.py:179} INFO - Processing /opt/airflow/dags/first.py took 0.146 seconds
[2023-11-19T14:31:55.241+0000] {processor.py:157} INFO - Started process (PID=638) to work on /opt/airflow/dags/first.py
[2023-11-19T14:31:55.244+0000] {processor.py:829} INFO - Processing file /opt/airflow/dags/first.py for tasks to queue
[2023-11-19T14:31:55.247+0000] {logging_mixin.py:154} INFO - [2023-11-19T14:31:55.247+0000] {dagbag.py:536} INFO - Filling up the DagBag from /opt/airflow/dags/first.py
[2023-11-19T14:31:55.318+0000] {processor.py:839} INFO - DAG(s) dict_keys(['example_python_operator']) retrieved from /opt/airflow/dags/first.py
[2023-11-19T14:31:55.339+0000] {logging_mixin.py:154} INFO - [2023-11-19T14:31:55.338+0000] {dag.py:2941} INFO - Sync 1 DAGs
[2023-11-19T14:31:55.349+0000] {logging_mixin.py:154} INFO - [2023-11-19T14:31:55.349+0000] {dag.py:3722} INFO - Setting next_dagrun for example_python_operator to None, run_after=None
[2023-11-19T14:31:55.368+0000] {processor.py:179} INFO - Processing /opt/airflow/dags/first.py took 0.130 seconds
[2023-11-19T14:32:25.494+0000] {processor.py:157} INFO - Started process (PID=646) to work on /opt/airflow/dags/first.py
[2023-11-19T14:32:25.495+0000] {processor.py:829} INFO - Processing file /opt/airflow/dags/first.py for tasks to queue
[2023-11-19T14:32:25.497+0000] {logging_mixin.py:154} INFO - [2023-11-19T14:32:25.497+0000] {dagbag.py:536} INFO - Filling up the DagBag from /opt/airflow/dags/first.py
[2023-11-19T14:32:25.599+0000] {processor.py:839} INFO - DAG(s) dict_keys(['example_python_operator']) retrieved from /opt/airflow/dags/first.py
[2023-11-19T14:32:25.626+0000] {logging_mixin.py:154} INFO - [2023-11-19T14:32:25.626+0000] {dag.py:2941} INFO - Sync 1 DAGs
[2023-11-19T14:32:25.641+0000] {logging_mixin.py:154} INFO - [2023-11-19T14:32:25.640+0000] {dag.py:3722} INFO - Setting next_dagrun for example_python_operator to None, run_after=None
[2023-11-19T14:32:25.663+0000] {processor.py:179} INFO - Processing /opt/airflow/dags/first.py took 0.172 seconds
[2023-11-19T14:32:55.788+0000] {processor.py:157} INFO - Started process (PID=654) to work on /opt/airflow/dags/first.py
[2023-11-19T14:32:55.791+0000] {processor.py:829} INFO - Processing file /opt/airflow/dags/first.py for tasks to queue
[2023-11-19T14:32:55.795+0000] {logging_mixin.py:154} INFO - [2023-11-19T14:32:55.794+0000] {dagbag.py:536} INFO - Filling up the DagBag from /opt/airflow/dags/first.py
[2023-11-19T14:32:56.166+0000] {processor.py:839} INFO - DAG(s) dict_keys(['example_python_operator']) retrieved from /opt/airflow/dags/first.py
[2023-11-19T14:32:56.201+0000] {logging_mixin.py:154} INFO - [2023-11-19T14:32:56.201+0000] {dag.py:2941} INFO - Sync 1 DAGs
[2023-11-19T14:32:56.226+0000] {logging_mixin.py:154} INFO - [2023-11-19T14:32:56.226+0000] {dag.py:3722} INFO - Setting next_dagrun for example_python_operator to None, run_after=None
[2023-11-19T14:32:56.260+0000] {processor.py:179} INFO - Processing /opt/airflow/dags/first.py took 0.476 seconds
[2023-11-19T14:33:26.413+0000] {processor.py:157} INFO - Started process (PID=662) to work on /opt/airflow/dags/first.py
[2023-11-19T14:33:26.417+0000] {processor.py:829} INFO - Processing file /opt/airflow/dags/first.py for tasks to queue
[2023-11-19T14:33:26.422+0000] {logging_mixin.py:154} INFO - [2023-11-19T14:33:26.421+0000] {dagbag.py:536} INFO - Filling up the DagBag from /opt/airflow/dags/first.py
[2023-11-19T14:33:26.518+0000] {processor.py:839} INFO - DAG(s) dict_keys(['example_python_operator']) retrieved from /opt/airflow/dags/first.py
[2023-11-19T14:33:26.547+0000] {logging_mixin.py:154} INFO - [2023-11-19T14:33:26.547+0000] {dag.py:2941} INFO - Sync 1 DAGs
[2023-11-19T14:33:26.562+0000] {logging_mixin.py:154} INFO - [2023-11-19T14:33:26.561+0000] {dag.py:3722} INFO - Setting next_dagrun for example_python_operator to None, run_after=None
[2023-11-19T14:33:26.588+0000] {processor.py:179} INFO - Processing /opt/airflow/dags/first.py took 0.180 seconds
[2023-11-19T14:33:56.712+0000] {processor.py:157} INFO - Started process (PID=670) to work on /opt/airflow/dags/first.py
[2023-11-19T14:33:56.713+0000] {processor.py:829} INFO - Processing file /opt/airflow/dags/first.py for tasks to queue
[2023-11-19T14:33:56.717+0000] {logging_mixin.py:154} INFO - [2023-11-19T14:33:56.716+0000] {dagbag.py:536} INFO - Filling up the DagBag from /opt/airflow/dags/first.py
[2023-11-19T14:33:56.791+0000] {processor.py:839} INFO - DAG(s) dict_keys(['example_python_operator']) retrieved from /opt/airflow/dags/first.py
[2023-11-19T14:33:56.813+0000] {logging_mixin.py:154} INFO - [2023-11-19T14:33:56.813+0000] {dag.py:2941} INFO - Sync 1 DAGs
[2023-11-19T14:33:56.825+0000] {logging_mixin.py:154} INFO - [2023-11-19T14:33:56.824+0000] {dag.py:3722} INFO - Setting next_dagrun for example_python_operator to None, run_after=None
[2023-11-19T14:33:56.843+0000] {processor.py:179} INFO - Processing /opt/airflow/dags/first.py took 0.134 seconds
[2023-11-19T14:35:55.693+0000] {processor.py:157} INFO - Started process (PID=48) to work on /opt/airflow/dags/first.py
[2023-11-19T14:35:55.704+0000] {processor.py:829} INFO - Processing file /opt/airflow/dags/first.py for tasks to queue
[2023-11-19T14:35:55.707+0000] {logging_mixin.py:154} INFO - [2023-11-19T14:35:55.707+0000] {dagbag.py:536} INFO - Filling up the DagBag from /opt/airflow/dags/first.py
[2023-11-19T14:35:55.812+0000] {logging_mixin.py:154} INFO - [2023-11-19T14:35:55.811+0000] {dagbag.py:346} ERROR - Failed to import: /opt/airflow/dags/first.py
Traceback (most recent call last):
  File "/home/airflow/.local/lib/python3.8/site-packages/airflow/models/dagbag.py", line 342, in parse
    loader.exec_module(new_module)
  File "<frozen importlib._bootstrap_external>", line 843, in exec_module
  File "<frozen importlib._bootstrap>", line 219, in _call_with_frames_removed
  File "/opt/airflow/dags/first.py", line 23, in <module>
    @task.docker(image="python:3.9-slim-bookworm", multiple_outputs=True)
  File "/home/airflow/.local/lib/python3.8/site-packages/airflow/decorators/__init__.py", line 70, in __getattr__
    return decorators[name]
  File "/home/airflow/.local/lib/python3.8/site-packages/airflow/providers_manager.py", line 112, in __getitem__
    value = value()
  File "/home/airflow/.local/lib/python3.8/site-packages/airflow/utils/module_loading.py", line 39, in import_string
    module = import_module(module_path)
  File "/usr/local/lib/python3.8/importlib/__init__.py", line 127, in import_module
    return _bootstrap._gcd_import(name[level:], package, level)
  File "<frozen importlib._bootstrap>", line 1014, in _gcd_import
  File "<frozen importlib._bootstrap>", line 991, in _find_and_load
  File "<frozen importlib._bootstrap>", line 975, in _find_and_load_unlocked
  File "<frozen importlib._bootstrap>", line 671, in _load_unlocked
  File "<frozen importlib._bootstrap_external>", line 843, in exec_module
  File "<frozen importlib._bootstrap>", line 219, in _call_with_frames_removed
  File "/home/airflow/.local/lib/python3.8/site-packages/airflow/providers/docker/decorators/docker.py", line 30, in <module>
    from airflow.providers.docker.operators.docker import DockerOperator
  File "/home/airflow/.local/lib/python3.8/site-packages/airflow/providers/docker/operators/docker.py", line 43, in <module>
    from airflow.providers.docker.hooks.docker import DockerHook
  File "/home/airflow/.local/lib/python3.8/site-packages/airflow/providers/docker/hooks/docker.py", line 24, in <module>
    from docker import APIClient, TLSConfig
ImportError: cannot import name 'TLSConfig' from 'docker' (/home/airflow/.local/lib/python3.8/site-packages/docker/__init__.py)
[2023-11-19T14:35:55.813+0000] {processor.py:841} WARNING - No viable dags retrieved from /opt/airflow/dags/first.py
[2023-11-19T14:35:55.860+0000] {processor.py:179} INFO - Processing /opt/airflow/dags/first.py took 0.171 seconds
[2023-11-19T14:37:45.602+0000] {processor.py:157} INFO - Started process (PID=46) to work on /opt/airflow/dags/first.py
[2023-11-19T14:37:45.605+0000] {processor.py:829} INFO - Processing file /opt/airflow/dags/first.py for tasks to queue
[2023-11-19T14:37:45.608+0000] {logging_mixin.py:154} INFO - [2023-11-19T14:37:45.608+0000] {dagbag.py:536} INFO - Filling up the DagBag from /opt/airflow/dags/first.py
[2023-11-19T14:37:45.634+0000] {processor.py:839} INFO - DAG(s) dict_keys(['example_python_operator']) retrieved from /opt/airflow/dags/first.py
[2023-11-19T14:37:45.891+0000] {logging_mixin.py:154} INFO - [2023-11-19T14:37:45.890+0000] {dag.py:2941} INFO - Sync 1 DAGs
[2023-11-19T14:37:45.900+0000] {logging_mixin.py:154} INFO - [2023-11-19T14:37:45.900+0000] {dag.py:3722} INFO - Setting next_dagrun for example_python_operator to None, run_after=None
[2023-11-19T14:37:46.543+0000] {processor.py:179} INFO - Processing /opt/airflow/dags/first.py took 0.943 seconds
[2023-11-19T14:38:14.683+0000] {processor.py:157} INFO - Started process (PID=55) to work on /opt/airflow/dags/first.py
[2023-11-19T14:38:14.684+0000] {processor.py:829} INFO - Processing file /opt/airflow/dags/first.py for tasks to queue
[2023-11-19T14:38:14.687+0000] {logging_mixin.py:154} INFO - [2023-11-19T14:38:14.687+0000] {dagbag.py:536} INFO - Filling up the DagBag from /opt/airflow/dags/first.py
[2023-11-19T14:38:14.695+0000] {processor.py:839} INFO - DAG(s) dict_keys(['example_python_operator']) retrieved from /opt/airflow/dags/first.py
[2023-11-19T14:38:14.713+0000] {logging_mixin.py:154} INFO - [2023-11-19T14:38:14.713+0000] {dag.py:2941} INFO - Sync 1 DAGs
[2023-11-19T14:38:14.782+0000] {logging_mixin.py:154} INFO - [2023-11-19T14:38:14.782+0000] {dag.py:3722} INFO - Setting next_dagrun for example_python_operator to None, run_after=None
[2023-11-19T14:38:14.826+0000] {processor.py:179} INFO - Processing /opt/airflow/dags/first.py took 0.147 seconds
[2023-11-19T14:38:43.849+0000] {processor.py:157} INFO - Started process (PID=63) to work on /opt/airflow/dags/first.py
[2023-11-19T14:38:43.853+0000] {processor.py:829} INFO - Processing file /opt/airflow/dags/first.py for tasks to queue
[2023-11-19T14:38:43.856+0000] {logging_mixin.py:154} INFO - [2023-11-19T14:38:43.856+0000] {dagbag.py:536} INFO - Filling up the DagBag from /opt/airflow/dags/first.py
[2023-11-19T14:38:44.353+0000] {processor.py:839} INFO - DAG(s) dict_keys(['example_python_operator']) retrieved from /opt/airflow/dags/first.py
[2023-11-19T14:38:44.387+0000] {logging_mixin.py:154} INFO - [2023-11-19T14:38:44.386+0000] {dag.py:2941} INFO - Sync 1 DAGs
[2023-11-19T14:38:44.409+0000] {logging_mixin.py:154} INFO - [2023-11-19T14:38:44.409+0000] {dag.py:3722} INFO - Setting next_dagrun for example_python_operator to None, run_after=None
[2023-11-19T14:38:44.441+0000] {processor.py:179} INFO - Processing /opt/airflow/dags/first.py took 0.596 seconds
[2023-11-19T14:39:14.582+0000] {processor.py:157} INFO - Started process (PID=71) to work on /opt/airflow/dags/first.py
[2023-11-19T14:39:14.583+0000] {processor.py:829} INFO - Processing file /opt/airflow/dags/first.py for tasks to queue
[2023-11-19T14:39:14.587+0000] {logging_mixin.py:154} INFO - [2023-11-19T14:39:14.586+0000] {dagbag.py:536} INFO - Filling up the DagBag from /opt/airflow/dags/first.py
[2023-11-19T14:39:14.679+0000] {processor.py:839} INFO - DAG(s) dict_keys(['example_python_operator']) retrieved from /opt/airflow/dags/first.py
[2023-11-19T14:39:14.702+0000] {logging_mixin.py:154} INFO - [2023-11-19T14:39:14.702+0000] {dag.py:2941} INFO - Sync 1 DAGs
[2023-11-19T14:39:14.713+0000] {logging_mixin.py:154} INFO - [2023-11-19T14:39:14.713+0000] {dag.py:3722} INFO - Setting next_dagrun for example_python_operator to None, run_after=None
[2023-11-19T14:39:14.732+0000] {processor.py:179} INFO - Processing /opt/airflow/dags/first.py took 0.156 seconds
[2023-11-19T14:39:44.852+0000] {processor.py:157} INFO - Started process (PID=79) to work on /opt/airflow/dags/first.py
[2023-11-19T14:39:44.854+0000] {processor.py:829} INFO - Processing file /opt/airflow/dags/first.py for tasks to queue
[2023-11-19T14:39:44.857+0000] {logging_mixin.py:154} INFO - [2023-11-19T14:39:44.857+0000] {dagbag.py:536} INFO - Filling up the DagBag from /opt/airflow/dags/first.py
[2023-11-19T14:39:44.943+0000] {processor.py:839} INFO - DAG(s) dict_keys(['example_python_operator']) retrieved from /opt/airflow/dags/first.py
[2023-11-19T14:39:44.966+0000] {logging_mixin.py:154} INFO - [2023-11-19T14:39:44.966+0000] {dag.py:2941} INFO - Sync 1 DAGs
[2023-11-19T14:39:44.977+0000] {logging_mixin.py:154} INFO - [2023-11-19T14:39:44.977+0000] {dag.py:3722} INFO - Setting next_dagrun for example_python_operator to None, run_after=None
[2023-11-19T14:39:44.999+0000] {processor.py:179} INFO - Processing /opt/airflow/dags/first.py took 0.151 seconds
[2023-11-19T14:40:15.120+0000] {processor.py:157} INFO - Started process (PID=87) to work on /opt/airflow/dags/first.py
[2023-11-19T14:40:15.125+0000] {processor.py:829} INFO - Processing file /opt/airflow/dags/first.py for tasks to queue
[2023-11-19T14:40:15.127+0000] {logging_mixin.py:154} INFO - [2023-11-19T14:40:15.127+0000] {dagbag.py:536} INFO - Filling up the DagBag from /opt/airflow/dags/first.py
[2023-11-19T14:40:15.202+0000] {processor.py:839} INFO - DAG(s) dict_keys(['example_python_operator']) retrieved from /opt/airflow/dags/first.py
[2023-11-19T14:40:15.223+0000] {logging_mixin.py:154} INFO - [2023-11-19T14:40:15.223+0000] {dag.py:2941} INFO - Sync 1 DAGs
[2023-11-19T14:40:15.234+0000] {logging_mixin.py:154} INFO - [2023-11-19T14:40:15.234+0000] {dag.py:3722} INFO - Setting next_dagrun for example_python_operator to None, run_after=None
[2023-11-19T14:40:15.257+0000] {processor.py:179} INFO - Processing /opt/airflow/dags/first.py took 0.140 seconds
[2023-11-19T14:40:45.376+0000] {processor.py:157} INFO - Started process (PID=95) to work on /opt/airflow/dags/first.py
[2023-11-19T14:40:45.378+0000] {processor.py:829} INFO - Processing file /opt/airflow/dags/first.py for tasks to queue
[2023-11-19T14:40:45.380+0000] {logging_mixin.py:154} INFO - [2023-11-19T14:40:45.380+0000] {dagbag.py:536} INFO - Filling up the DagBag from /opt/airflow/dags/first.py
[2023-11-19T14:40:45.470+0000] {processor.py:839} INFO - DAG(s) dict_keys(['example_python_operator']) retrieved from /opt/airflow/dags/first.py
[2023-11-19T14:40:45.494+0000] {logging_mixin.py:154} INFO - [2023-11-19T14:40:45.493+0000] {dag.py:2941} INFO - Sync 1 DAGs
[2023-11-19T14:40:45.506+0000] {logging_mixin.py:154} INFO - [2023-11-19T14:40:45.506+0000] {dag.py:3722} INFO - Setting next_dagrun for example_python_operator to None, run_after=None
[2023-11-19T14:40:45.529+0000] {processor.py:179} INFO - Processing /opt/airflow/dags/first.py took 0.158 seconds
[2023-11-19T14:41:15.651+0000] {processor.py:157} INFO - Started process (PID=103) to work on /opt/airflow/dags/first.py
[2023-11-19T14:41:15.653+0000] {processor.py:829} INFO - Processing file /opt/airflow/dags/first.py for tasks to queue
[2023-11-19T14:41:15.656+0000] {logging_mixin.py:154} INFO - [2023-11-19T14:41:15.655+0000] {dagbag.py:536} INFO - Filling up the DagBag from /opt/airflow/dags/first.py
[2023-11-19T14:41:15.760+0000] {processor.py:839} INFO - DAG(s) dict_keys(['example_python_operator']) retrieved from /opt/airflow/dags/first.py
[2023-11-19T14:41:15.789+0000] {logging_mixin.py:154} INFO - [2023-11-19T14:41:15.788+0000] {dag.py:2941} INFO - Sync 1 DAGs
[2023-11-19T14:41:15.803+0000] {logging_mixin.py:154} INFO - [2023-11-19T14:41:15.802+0000] {dag.py:3722} INFO - Setting next_dagrun for example_python_operator to None, run_after=None
[2023-11-19T14:41:15.826+0000] {processor.py:179} INFO - Processing /opt/airflow/dags/first.py took 0.179 seconds
[2023-11-19T14:41:21.689+0000] {processor.py:157} INFO - Started process (PID=111) to work on /opt/airflow/dags/first.py
[2023-11-19T14:41:21.690+0000] {processor.py:829} INFO - Processing file /opt/airflow/dags/first.py for tasks to queue
[2023-11-19T14:41:21.693+0000] {logging_mixin.py:154} INFO - [2023-11-19T14:41:21.693+0000] {dagbag.py:536} INFO - Filling up the DagBag from /opt/airflow/dags/first.py
[2023-11-19T14:41:21.782+0000] {processor.py:839} INFO - DAG(s) dict_keys(['example_python_operator']) retrieved from /opt/airflow/dags/first.py
[2023-11-19T14:41:21.934+0000] {logging_mixin.py:154} INFO - [2023-11-19T14:41:21.934+0000] {dag.py:2941} INFO - Sync 1 DAGs
[2023-11-19T14:41:21.944+0000] {logging_mixin.py:154} INFO - [2023-11-19T14:41:21.944+0000] {dag.py:3722} INFO - Setting next_dagrun for example_python_operator to None, run_after=None
[2023-11-19T14:41:21.974+0000] {processor.py:179} INFO - Processing /opt/airflow/dags/first.py took 0.290 seconds
[2023-11-19T14:41:52.031+0000] {processor.py:157} INFO - Started process (PID=119) to work on /opt/airflow/dags/first.py
[2023-11-19T14:41:52.033+0000] {processor.py:829} INFO - Processing file /opt/airflow/dags/first.py for tasks to queue
[2023-11-19T14:41:52.037+0000] {logging_mixin.py:154} INFO - [2023-11-19T14:41:52.036+0000] {dagbag.py:536} INFO - Filling up the DagBag from /opt/airflow/dags/first.py
[2023-11-19T14:41:52.122+0000] {processor.py:839} INFO - DAG(s) dict_keys(['example_python_operator']) retrieved from /opt/airflow/dags/first.py
[2023-11-19T14:41:52.143+0000] {logging_mixin.py:154} INFO - [2023-11-19T14:41:52.143+0000] {dag.py:2941} INFO - Sync 1 DAGs
[2023-11-19T14:41:52.155+0000] {logging_mixin.py:154} INFO - [2023-11-19T14:41:52.154+0000] {dag.py:3722} INFO - Setting next_dagrun for example_python_operator to None, run_after=None
[2023-11-19T14:41:52.177+0000] {processor.py:179} INFO - Processing /opt/airflow/dags/first.py took 0.151 seconds
[2023-11-19T14:42:22.218+0000] {processor.py:157} INFO - Started process (PID=127) to work on /opt/airflow/dags/first.py
[2023-11-19T14:42:22.220+0000] {processor.py:829} INFO - Processing file /opt/airflow/dags/first.py for tasks to queue
[2023-11-19T14:42:22.224+0000] {logging_mixin.py:154} INFO - [2023-11-19T14:42:22.223+0000] {dagbag.py:536} INFO - Filling up the DagBag from /opt/airflow/dags/first.py
[2023-11-19T14:42:22.313+0000] {processor.py:839} INFO - DAG(s) dict_keys(['example_python_operator']) retrieved from /opt/airflow/dags/first.py
[2023-11-19T14:42:22.336+0000] {logging_mixin.py:154} INFO - [2023-11-19T14:42:22.335+0000] {dag.py:2941} INFO - Sync 1 DAGs
[2023-11-19T14:42:22.347+0000] {logging_mixin.py:154} INFO - [2023-11-19T14:42:22.347+0000] {dag.py:3722} INFO - Setting next_dagrun for example_python_operator to None, run_after=None
[2023-11-19T14:42:22.366+0000] {processor.py:179} INFO - Processing /opt/airflow/dags/first.py took 0.153 seconds
[2023-11-19T14:42:52.445+0000] {processor.py:157} INFO - Started process (PID=139) to work on /opt/airflow/dags/first.py
[2023-11-19T14:42:52.447+0000] {processor.py:829} INFO - Processing file /opt/airflow/dags/first.py for tasks to queue
[2023-11-19T14:42:52.450+0000] {logging_mixin.py:154} INFO - [2023-11-19T14:42:52.450+0000] {dagbag.py:536} INFO - Filling up the DagBag from /opt/airflow/dags/first.py
[2023-11-19T14:42:52.537+0000] {processor.py:839} INFO - DAG(s) dict_keys(['example_python_operator']) retrieved from /opt/airflow/dags/first.py
[2023-11-19T14:42:52.556+0000] {logging_mixin.py:154} INFO - [2023-11-19T14:42:52.556+0000] {dag.py:2941} INFO - Sync 1 DAGs
[2023-11-19T14:42:52.566+0000] {logging_mixin.py:154} INFO - [2023-11-19T14:42:52.566+0000] {dag.py:3722} INFO - Setting next_dagrun for example_python_operator to None, run_after=None
[2023-11-19T14:42:52.587+0000] {processor.py:179} INFO - Processing /opt/airflow/dags/first.py took 0.146 seconds
[2023-11-19T14:43:22.696+0000] {processor.py:157} INFO - Started process (PID=147) to work on /opt/airflow/dags/first.py
[2023-11-19T14:43:22.697+0000] {processor.py:829} INFO - Processing file /opt/airflow/dags/first.py for tasks to queue
[2023-11-19T14:43:22.701+0000] {logging_mixin.py:154} INFO - [2023-11-19T14:43:22.701+0000] {dagbag.py:536} INFO - Filling up the DagBag from /opt/airflow/dags/first.py
[2023-11-19T14:43:22.788+0000] {processor.py:839} INFO - DAG(s) dict_keys(['example_python_operator']) retrieved from /opt/airflow/dags/first.py
[2023-11-19T14:43:22.810+0000] {logging_mixin.py:154} INFO - [2023-11-19T14:43:22.810+0000] {dag.py:2941} INFO - Sync 1 DAGs
[2023-11-19T14:43:22.822+0000] {logging_mixin.py:154} INFO - [2023-11-19T14:43:22.822+0000] {dag.py:3722} INFO - Setting next_dagrun for example_python_operator to None, run_after=None
[2023-11-19T14:43:22.841+0000] {processor.py:179} INFO - Processing /opt/airflow/dags/first.py took 0.147 seconds
[2023-11-19T14:43:52.971+0000] {processor.py:157} INFO - Started process (PID=155) to work on /opt/airflow/dags/first.py
[2023-11-19T14:43:52.974+0000] {processor.py:829} INFO - Processing file /opt/airflow/dags/first.py for tasks to queue
[2023-11-19T14:43:52.978+0000] {logging_mixin.py:154} INFO - [2023-11-19T14:43:52.977+0000] {dagbag.py:536} INFO - Filling up the DagBag from /opt/airflow/dags/first.py
[2023-11-19T14:43:53.088+0000] {processor.py:839} INFO - DAG(s) dict_keys(['example_python_operator']) retrieved from /opt/airflow/dags/first.py
[2023-11-19T14:43:53.111+0000] {logging_mixin.py:154} INFO - [2023-11-19T14:43:53.111+0000] {dag.py:2941} INFO - Sync 1 DAGs
[2023-11-19T14:43:53.125+0000] {logging_mixin.py:154} INFO - [2023-11-19T14:43:53.125+0000] {dag.py:3722} INFO - Setting next_dagrun for example_python_operator to None, run_after=None
[2023-11-19T14:43:53.148+0000] {processor.py:179} INFO - Processing /opt/airflow/dags/first.py took 0.182 seconds
[2023-11-19T14:44:23.273+0000] {processor.py:157} INFO - Started process (PID=163) to work on /opt/airflow/dags/first.py
[2023-11-19T14:44:23.342+0000] {processor.py:829} INFO - Processing file /opt/airflow/dags/first.py for tasks to queue
[2023-11-19T14:44:23.346+0000] {logging_mixin.py:154} INFO - [2023-11-19T14:44:23.345+0000] {dagbag.py:536} INFO - Filling up the DagBag from /opt/airflow/dags/first.py
[2023-11-19T14:44:23.453+0000] {processor.py:839} INFO - DAG(s) dict_keys(['example_python_operator']) retrieved from /opt/airflow/dags/first.py
[2023-11-19T14:44:23.479+0000] {logging_mixin.py:154} INFO - [2023-11-19T14:44:23.479+0000] {dag.py:2941} INFO - Sync 1 DAGs
[2023-11-19T14:44:23.493+0000] {logging_mixin.py:154} INFO - [2023-11-19T14:44:23.493+0000] {dag.py:3722} INFO - Setting next_dagrun for example_python_operator to None, run_after=None
[2023-11-19T14:44:23.903+0000] {processor.py:179} INFO - Processing /opt/airflow/dags/first.py took 0.635 seconds
[2023-11-19T14:46:20.557+0000] {processor.py:157} INFO - Started process (PID=47) to work on /opt/airflow/dags/first.py
[2023-11-19T14:46:20.565+0000] {processor.py:829} INFO - Processing file /opt/airflow/dags/first.py for tasks to queue
[2023-11-19T14:46:20.567+0000] {logging_mixin.py:154} INFO - [2023-11-19T14:46:20.567+0000] {dagbag.py:536} INFO - Filling up the DagBag from /opt/airflow/dags/first.py
[2023-11-19T14:46:21.012+0000] {processor.py:839} INFO - DAG(s) dict_keys(['example_python_operator']) retrieved from /opt/airflow/dags/first.py
[2023-11-19T14:46:21.246+0000] {logging_mixin.py:154} INFO - [2023-11-19T14:46:21.245+0000] {dag.py:2941} INFO - Sync 1 DAGs
[2023-11-19T14:46:21.408+0000] {logging_mixin.py:154} INFO - [2023-11-19T14:46:21.408+0000] {dag.py:3722} INFO - Setting next_dagrun for example_python_operator to None, run_after=None
[2023-11-19T14:46:21.431+0000] {processor.py:179} INFO - Processing /opt/airflow/dags/first.py took 0.879 seconds
[2023-11-19T14:46:51.625+0000] {processor.py:157} INFO - Started process (PID=55) to work on /opt/airflow/dags/first.py
[2023-11-19T14:46:52.068+0000] {processor.py:829} INFO - Processing file /opt/airflow/dags/first.py for tasks to queue
[2023-11-19T14:46:52.072+0000] {logging_mixin.py:154} INFO - [2023-11-19T14:46:52.072+0000] {dagbag.py:536} INFO - Filling up the DagBag from /opt/airflow/dags/first.py
[2023-11-19T14:46:54.137+0000] {processor.py:839} INFO - DAG(s) dict_keys(['example_python_operator']) retrieved from /opt/airflow/dags/first.py
[2023-11-19T14:46:54.391+0000] {logging_mixin.py:154} INFO - [2023-11-19T14:46:54.391+0000] {dag.py:2941} INFO - Sync 1 DAGs
[2023-11-19T14:46:55.347+0000] {logging_mixin.py:154} INFO - [2023-11-19T14:46:55.347+0000] {dag.py:3722} INFO - Setting next_dagrun for example_python_operator to None, run_after=None
[2023-11-19T14:47:09.460+0000] {processor.py:179} INFO - Processing /opt/airflow/dags/first.py took 17.841 seconds
[2023-11-19T14:47:39.641+0000] {processor.py:157} INFO - Started process (PID=73) to work on /opt/airflow/dags/first.py
[2023-11-19T14:47:39.672+0000] {processor.py:829} INFO - Processing file /opt/airflow/dags/first.py for tasks to queue
[2023-11-19T14:47:39.674+0000] {logging_mixin.py:154} INFO - [2023-11-19T14:47:39.674+0000] {dagbag.py:536} INFO - Filling up the DagBag from /opt/airflow/dags/first.py
[2023-11-19T14:47:39.769+0000] {processor.py:839} INFO - DAG(s) dict_keys(['example_python_operator']) retrieved from /opt/airflow/dags/first.py
[2023-11-19T14:47:39.800+0000] {logging_mixin.py:154} INFO - [2023-11-19T14:47:39.800+0000] {dag.py:2941} INFO - Sync 1 DAGs
[2023-11-19T14:47:39.814+0000] {logging_mixin.py:154} INFO - [2023-11-19T14:47:39.814+0000] {dag.py:3722} INFO - Setting next_dagrun for example_python_operator to None, run_after=None
[2023-11-19T14:47:40.051+0000] {processor.py:179} INFO - Processing /opt/airflow/dags/first.py took 0.413 seconds
[2023-11-19T14:48:10.174+0000] {processor.py:157} INFO - Started process (PID=81) to work on /opt/airflow/dags/first.py
[2023-11-19T14:48:10.175+0000] {processor.py:829} INFO - Processing file /opt/airflow/dags/first.py for tasks to queue
[2023-11-19T14:48:10.178+0000] {logging_mixin.py:154} INFO - [2023-11-19T14:48:10.177+0000] {dagbag.py:536} INFO - Filling up the DagBag from /opt/airflow/dags/first.py
[2023-11-19T14:48:10.249+0000] {processor.py:839} INFO - DAG(s) dict_keys(['example_python_operator']) retrieved from /opt/airflow/dags/first.py
[2023-11-19T14:48:10.273+0000] {logging_mixin.py:154} INFO - [2023-11-19T14:48:10.273+0000] {dag.py:2941} INFO - Sync 1 DAGs
[2023-11-19T14:48:10.285+0000] {logging_mixin.py:154} INFO - [2023-11-19T14:48:10.285+0000] {dag.py:3722} INFO - Setting next_dagrun for example_python_operator to None, run_after=None
[2023-11-19T14:48:10.305+0000] {processor.py:179} INFO - Processing /opt/airflow/dags/first.py took 0.135 seconds
[2023-11-19T14:48:40.424+0000] {processor.py:157} INFO - Started process (PID=90) to work on /opt/airflow/dags/first.py
[2023-11-19T14:48:40.427+0000] {processor.py:829} INFO - Processing file /opt/airflow/dags/first.py for tasks to queue
[2023-11-19T14:48:40.430+0000] {logging_mixin.py:154} INFO - [2023-11-19T14:48:40.430+0000] {dagbag.py:536} INFO - Filling up the DagBag from /opt/airflow/dags/first.py
[2023-11-19T14:48:40.513+0000] {processor.py:839} INFO - DAG(s) dict_keys(['example_python_operator']) retrieved from /opt/airflow/dags/first.py
[2023-11-19T14:48:40.534+0000] {logging_mixin.py:154} INFO - [2023-11-19T14:48:40.534+0000] {dag.py:2941} INFO - Sync 1 DAGs
[2023-11-19T14:48:40.544+0000] {logging_mixin.py:154} INFO - [2023-11-19T14:48:40.544+0000] {dag.py:3722} INFO - Setting next_dagrun for example_python_operator to None, run_after=None
[2023-11-19T14:48:40.562+0000] {processor.py:179} INFO - Processing /opt/airflow/dags/first.py took 0.143 seconds
[2023-11-19T14:49:10.681+0000] {processor.py:157} INFO - Started process (PID=98) to work on /opt/airflow/dags/first.py
[2023-11-19T14:49:10.681+0000] {processor.py:829} INFO - Processing file /opt/airflow/dags/first.py for tasks to queue
[2023-11-19T14:49:10.683+0000] {logging_mixin.py:154} INFO - [2023-11-19T14:49:10.683+0000] {dagbag.py:536} INFO - Filling up the DagBag from /opt/airflow/dags/first.py
[2023-11-19T14:49:10.756+0000] {processor.py:839} INFO - DAG(s) dict_keys(['example_python_operator']) retrieved from /opt/airflow/dags/first.py
[2023-11-19T14:49:10.779+0000] {logging_mixin.py:154} INFO - [2023-11-19T14:49:10.779+0000] {dag.py:2941} INFO - Sync 1 DAGs
[2023-11-19T14:49:10.791+0000] {logging_mixin.py:154} INFO - [2023-11-19T14:49:10.791+0000] {dag.py:3722} INFO - Setting next_dagrun for example_python_operator to None, run_after=None
[2023-11-19T14:49:10.864+0000] {processor.py:179} INFO - Processing /opt/airflow/dags/first.py took 0.187 seconds
[2023-11-19T14:49:41.000+0000] {processor.py:157} INFO - Started process (PID=106) to work on /opt/airflow/dags/first.py
[2023-11-19T14:49:41.003+0000] {processor.py:829} INFO - Processing file /opt/airflow/dags/first.py for tasks to queue
[2023-11-19T14:49:41.007+0000] {logging_mixin.py:154} INFO - [2023-11-19T14:49:41.006+0000] {dagbag.py:536} INFO - Filling up the DagBag from /opt/airflow/dags/first.py
[2023-11-19T14:49:41.096+0000] {processor.py:839} INFO - DAG(s) dict_keys(['example_python_operator']) retrieved from /opt/airflow/dags/first.py
[2023-11-19T14:49:41.119+0000] {logging_mixin.py:154} INFO - [2023-11-19T14:49:41.119+0000] {dag.py:2941} INFO - Sync 1 DAGs
[2023-11-19T14:49:41.131+0000] {logging_mixin.py:154} INFO - [2023-11-19T14:49:41.131+0000] {dag.py:3722} INFO - Setting next_dagrun for example_python_operator to None, run_after=None
[2023-11-19T14:49:41.153+0000] {processor.py:179} INFO - Processing /opt/airflow/dags/first.py took 0.158 seconds
[2023-11-19T14:51:44.468+0000] {processor.py:157} INFO - Started process (PID=54) to work on /opt/airflow/dags/first.py
[2023-11-19T14:51:44.469+0000] {processor.py:829} INFO - Processing file /opt/airflow/dags/first.py for tasks to queue
[2023-11-19T14:51:44.472+0000] {logging_mixin.py:154} INFO - [2023-11-19T14:51:44.471+0000] {dagbag.py:536} INFO - Filling up the DagBag from /opt/airflow/dags/first.py
[2023-11-19T14:51:44.791+0000] {processor.py:839} INFO - DAG(s) dict_keys(['example_python_operator']) retrieved from /opt/airflow/dags/first.py
[2023-11-19T14:51:44.993+0000] {logging_mixin.py:154} INFO - [2023-11-19T14:51:44.993+0000] {dag.py:2941} INFO - Sync 1 DAGs
[2023-11-19T14:51:45.159+0000] {logging_mixin.py:154} INFO - [2023-11-19T14:51:45.159+0000] {dag.py:3722} INFO - Setting next_dagrun for example_python_operator to None, run_after=None
[2023-11-19T14:51:45.183+0000] {processor.py:179} INFO - Processing /opt/airflow/dags/first.py took 0.718 seconds
[2023-11-19T14:52:31.891+0000] {processor.py:157} INFO - Started process (PID=46) to work on /opt/airflow/dags/first.py
[2023-11-19T14:52:31.893+0000] {processor.py:829} INFO - Processing file /opt/airflow/dags/first.py for tasks to queue
[2023-11-19T14:52:31.896+0000] {logging_mixin.py:154} INFO - [2023-11-19T14:52:31.895+0000] {dagbag.py:536} INFO - Filling up the DagBag from /opt/airflow/dags/first.py
[2023-11-19T14:52:32.042+0000] {processor.py:839} INFO - DAG(s) dict_keys(['example_python_operator']) retrieved from /opt/airflow/dags/first.py
[2023-11-19T14:52:32.080+0000] {logging_mixin.py:154} INFO - [2023-11-19T14:52:32.080+0000] {dag.py:2941} INFO - Sync 1 DAGs
[2023-11-19T14:52:32.092+0000] {logging_mixin.py:154} INFO - [2023-11-19T14:52:32.092+0000] {dag.py:3722} INFO - Setting next_dagrun for example_python_operator to None, run_after=None
[2023-11-19T14:52:32.110+0000] {processor.py:179} INFO - Processing /opt/airflow/dags/first.py took 0.224 seconds
